#
# A fatal error has been detected by the Java Runtime Environment:
#
#  EXCEPTION_ACCESS_VIOLATION (0xc0000005) at pc=0x00000000201f26e0, pid=12956, tid=0x00000000000009e4
#
# JRE version: Java(TM) SE Runtime Environment (8.0_181-b13) (build 1.8.0_181-b13)
# Java VM: Java HotSpot(TM) 64-Bit Server VM (25.181-b13 mixed mode windows-amd64 compressed oops)
# Problematic frame:
# C  0x00000000201f26e0
#
# Failed to write core dump. Minidumps are not enabled by default on client versions of Windows
#
# If you would like to submit a bug report, please visit:
#   http://bugreport.java.com/bugreport/crash.jsp
# The crash happened outside the Java Virtual Machine in native code.
# See problematic frame for where to report the bug.
#

---------------  T H R E A D  ---------------

Current thread (0x000000001f7c9000):  JavaThread "LWJGL Application" [_thread_in_native, id=2532, stack(0x0000000020480000,0x0000000020580000)]

siginfo: ExceptionCode=0xc0000005, ExceptionInformation=0x0000000000000008 0x00000000201f26e0

Registers:
RAX=0x00000000201fa790, RBX=0x00000000201ef0d0, RCX=0x00000000201d6b10, RDX=0x00000000201bcee0
RSP=0x000000002057ebc8, RBP=0x00000000201bcee0, RSI=0x000000002057ec90, RDI=0x00000000201bcee0
R8 =0x00000000201ebae0, R9 =0x000000002057ec90, R10=0x0000000002be8c3b, R11=0x000000007478c6a0
R12=0x0000000000000000, R13=0x000000002e673ea8, R14=0x000000002057ee08, R15=0x000000001f7c9000
RIP=0x00000000201f26e0, EFLAGS=0x0000000000010202

Top of Stack: (sp=0x000000002057ebc8)
0x000000002057ebc8:   0000000066be047c 000000000000000e
0x000000002057ebd8:   00000000000000b6 0000000074b48f18
0x000000002057ebe8:   00000000201ebae0 0000000020200021
0x000000002057ebf8:   00000000201ebae0 00000000201ef0d0
0x000000002057ec08:   00000000201bcee0 000000002057ec90
0x000000002057ec18:   0000000066bdf2d9 000000000000002b
0x000000002057ec28:   0000000000000022 000000001f7c9000
0x000000002057ec38:   000000007465d5b4 00000000000000b6
0x000000002057ec48:   000000002e673ea8 0000000020200021
0x000000002057ec58:   0000000002bd835d 000000002057ed90
0x000000002057ec68:   0000000066be64bd 000000000000000e
0x000000002057ec78:   000000002e6a1d28 0000000000000000
0x000000002057ec88:   0000000000000000 00000000201d6b10
0x000000002057ec98:   0000000000000000 000000003e4ccccd
0x000000002057eca8:   0002000000000000 000000000000000c
0x000000002057ecb8:   000000002057edb0 000000002e6a06a8 

Instructions: (pc=0x00000000201f26e0)
0x00000000201f26c0:   70 c3 c1 66 00 00 00 00 00 00 00 00 8f c2 f5 3d
0x00000000201f26d0:   00 00 00 00 00 00 00 00 00 00 00 00 00 00 00 00
0x00000000201f26e0:   f6 28 ec 40 ec 51 78 40 0a d7 f3 40 0a d7 83 40
0x00000000201f26f0:   b0 e6 1e 20 00 00 00 00 00 00 00 00 00 00 00 00 


Register to memory mapping:

RAX=0x00000000201fa790 is an unknown value
RBX=0x00000000201ef0d0 is an unknown value
RCX=0x00000000201d6b10 is an unknown value
RDX=0x00000000201bcee0 is an unknown value
RSP=0x000000002057ebc8 is pointing into the stack for thread: 0x000000001f7c9000
RBP=0x00000000201bcee0 is an unknown value
RSI=0x000000002057ec90 is pointing into the stack for thread: 0x000000001f7c9000
RDI=0x00000000201bcee0 is an unknown value
R8 =0x00000000201ebae0 is an unknown value
R9 =0x000000002057ec90 is pointing into the stack for thread: 0x000000001f7c9000
R10=0x0000000002be8c3b is at code_begin+891 in an Interpreter codelet
method entry point (kind = native)  [0x0000000002be88c0, 0x0000000002be9280]  2496 bytes
R11=0x000000007478c6a0 is an unknown value
R12=0x0000000000000000 is an unknown value
R13={method} {0x000000002e673eb0} 'jniCreateFixture' '(JJFFFZSSS)J' in 'com/badlogic/gdx/physics/box2d/Body'
R14=0x000000002057ee08 is pointing into the stack for thread: 0x000000001f7c9000
R15=0x000000001f7c9000 is a thread


Stack: [0x0000000020480000,0x0000000020580000],  sp=0x000000002057ebc8,  free space=1018k
Native frames: (J=compiled Java code, j=interpreted, Vv=VM code, C=native code)
C  0x00000000201f26e0

Java frames: (J=compiled Java code, j=interpreted, Vv=VM code)
j  com.badlogic.gdx.physics.box2d.Body.jniCreateFixture(JJFFFZSSS)J+0
j  com.badlogic.gdx.physics.box2d.Body.createFixture(Lcom/badlogic/gdx/physics/box2d/FixtureDef;)Lcom/badlogic/gdx/physics/box2d/Fixture;+49
j  com.bpa.CreateBullet.defineBullet()V+215
j  com.bpa.CreateBullet.<init>(Lcom/badlogic/gdx/physics/box2d/World;)V+33
j  com.bpa.Level1.shootGun()V+23
j  com.bpa.Level1.render(F)V+570
j  com.badlogic.gdx.Game.render()V+19
j  com.bpa.DunGun.render()V+1
j  com.badlogic.gdx.backends.lwjgl.LwjglApplication.mainLoop()V+698
j  com.badlogic.gdx.backends.lwjgl.LwjglApplication$1.run()V+27
v  ~StubRoutines::call_stub

---------------  P R O C E S S  ---------------

Java Threads: ( => current thread )
  0x000000002d6a0800 JavaThread "LWJGL Timer" daemon [_thread_blocked, id=13736, stack(0x000000002e550000,0x000000002e650000)]
  0x000000001f903800 JavaThread "AsynchExecutor-Thread" daemon [_thread_blocked, id=15772, stack(0x000000002e250000,0x000000002e350000)]
  0x0000000002ad3800 JavaThread "DestroyJavaVM" [_thread_blocked, id=404, stack(0x00000000029d0000,0x0000000002ad0000)]
=>0x000000001f7c9000 JavaThread "LWJGL Application" [_thread_in_native, id=2532, stack(0x0000000020480000,0x0000000020580000)]
  0x000000001e620800 JavaThread "Service Thread" daemon [_thread_blocked, id=14572, stack(0x000000001f150000,0x000000001f250000)]
  0x000000001e59d800 JavaThread "C1 CompilerThread3" daemon [_thread_blocked, id=10872, stack(0x000000001f050000,0x000000001f150000)]
  0x000000001e598000 JavaThread "C2 CompilerThread2" daemon [_thread_blocked, id=5848, stack(0x000000001ef50000,0x000000001f050000)]
  0x000000001e590800 JavaThread "C2 CompilerThread1" daemon [_thread_blocked, id=11628, stack(0x000000001ee50000,0x000000001ef50000)]
  0x000000001e58d800 JavaThread "C2 CompilerThread0" daemon [_thread_blocked, id=8068, stack(0x000000001ed50000,0x000000001ee50000)]
  0x000000001e589800 JavaThread "Attach Listener" daemon [_thread_blocked, id=8992, stack(0x000000001ec50000,0x000000001ed50000)]
  0x000000001e588800 JavaThread "Signal Dispatcher" daemon [_thread_blocked, id=14384, stack(0x000000001eb50000,0x000000001ec50000)]
  0x000000001e580800 JavaThread "Finalizer" daemon [_thread_blocked, id=4380, stack(0x000000001e960000,0x000000001ea60000)]
  0x0000000002bc9000 JavaThread "Reference Handler" daemon [_thread_blocked, id=6376, stack(0x000000001e460000,0x000000001e560000)]

Other Threads:
  0x000000001c689000 VMThread [stack: 0x000000001e360000,0x000000001e460000] [id=2128]
  0x000000001e64b000 WatcherThread [stack: 0x000000001f250000,0x000000001f350000] [id=1180]

VM state:not at safepoint (normal execution)

VM Mutex/Monitor currently owned by a thread: None

Heap:
 PSYoungGen      total 76288K, used 43328K [0x000000076ae00000, 0x0000000770300000, 0x00000007c0000000)
  eden space 65536K, 66% used [0x000000076ae00000,0x000000076d850250,0x000000076ee00000)
  from space 10752K, 0% used [0x000000076f880000,0x000000076f880000,0x0000000770300000)
  to   space 10752K, 0% used [0x000000076ee00000,0x000000076ee00000,0x000000076f880000)
 ParOldGen       total 175104K, used 0K [0x00000006c0a00000, 0x00000006cb500000, 0x000000076ae00000)
  object space 175104K, 0% used [0x00000006c0a00000,0x00000006c0a00000,0x00000006cb500000)
 Metaspace       used 9314K, capacity 9481K, committed 9728K, reserved 1058816K
  class space    used 896K, capacity 955K, committed 1024K, reserved 1048576K

Card table byte_map: [0x0000000011f90000,0x0000000012790000] byte_map_base: 0x000000000e98b000

Marking Bits: (ParMarkBitMap*) 0x0000000074d82d00
 Begin Bits: [0x00000000134f0000, 0x00000000174c8000)
 End Bits:   [0x00000000174c8000, 0x000000001b4a0000)

Polling page: 0x00000000007e0000

CodeCache: size=245760Kb used=4940Kb max_used=4940Kb free=240819Kb
 bounds [0x0000000002bd0000, 0x00000000030b0000, 0x0000000011bd0000]
 total_blobs=1736 nmethods=1221 adapters=428
 compilation: enabled

Compilation events (10 events):
Event: 6.351 Thread 0x000000001e59d800 1217       3       com.badlogic.gdx.graphics.glutils.IndexBufferObject::getNumIndices (19 bytes)
Event: 6.352 Thread 0x000000001e59d800 nmethod 1217 0x00000000030a2410 code [0x00000000030a2580, 0x00000000030a27d0]
Event: 6.352 Thread 0x000000001e59d800 1218       3       com.badlogic.gdx.physics.box2d.Body::setTransform (12 bytes)
Event: 6.352 Thread 0x000000001e59d800 nmethod 1218 0x000000000309f410 code [0x000000000309f580, 0x000000000309f708]
Event: 6.367 Thread 0x000000001e59d800 1219       3       com.badlogic.gdx.math.MathUtils::cosDeg (17 bytes)
Event: 6.367 Thread 0x000000001e59d800 nmethod 1219 0x00000000030a5390 code [0x00000000030a5520, 0x00000000030a56b0]
Event: 6.367 Thread 0x000000001e59d800 1220       3       com.badlogic.gdx.math.MathUtils::sinDeg (14 bytes)
Event: 6.367 Thread 0x000000001e59d800 nmethod 1220 0x00000000030a4f90 code [0x00000000030a5120, 0x00000000030a52b0]
Event: 6.513 Thread 0x000000001e59d800 1221       3       java.io.PrintStream::ensureOpen (18 bytes)
Event: 6.514 Thread 0x000000001e59d800 nmethod 1221 0x00000000030a4b10 code [0x00000000030a4c80, 0x00000000030a4ec8]

GC Heap History (0 events):
No events

Deoptimization events (10 events):
Event: 0.816 Thread 0x000000001f7c9000 Uncommon trap: reason=class_check action=maybe_recompile pc=0x0000000002e21eb8 method=com.badlogic.gdx.assets.AssetLoadingTask.handleAsyncLoader()V @ 137
Event: 0.824 Thread 0x000000001f7c9000 Uncommon trap: reason=class_check action=maybe_recompile pc=0x0000000002e1d1cc method=com.badlogic.gdx.assets.AssetLoadingTask.handleAsyncLoader()V @ 137
Event: 0.892 Thread 0x000000001f7c9000 Uncommon trap: reason=bimorphic action=maybe_recompile pc=0x0000000002f570cc method=com.badlogic.gdx.assets.AssetLoadingTask.handleAsyncLoader()V @ 137
Event: 0.919 Thread 0x000000001f7c9000 Uncommon trap: reason=unstable_if action=reinterpret pc=0x0000000002f56cc4 method=com.badlogic.gdx.assets.AssetLoadingTask.handleAsyncLoader()V @ 12
Event: 0.919 Thread 0x000000001f7c9000 Uncommon trap: reason=unstable_if action=reinterpret pc=0x0000000002f55a50 method=com.badlogic.gdx.assets.AssetLoadingTask.handleAsyncLoader()V @ 12
Event: 0.919 Thread 0x000000001f7c9000 Uncommon trap: reason=unstable_if action=reinterpret pc=0x0000000002e14a20 method=com.badlogic.gdx.assets.AssetLoadingTask.handleAsyncLoader()V @ 12
Event: 0.946 Thread 0x000000001f7c9000 Uncommon trap: reason=unstable_if action=reinterpret pc=0x0000000002e4e504 method=com.badlogic.gdx.assets.AssetManager.finishLoading()V @ 13
Event: 1.665 Thread 0x000000001f7c9000 Uncommon trap: reason=unstable_if action=reinterpret pc=0x0000000002f34728 method=javazoom.jl.decoder.LayerIIIDecoder.huffman_decode(II)V @ 684
Event: 1.666 Thread 0x000000001f7c9000 Uncommon trap: reason=unstable_if action=reinterpret pc=0x0000000002f0d5f0 method=javazoom.jl.decoder.LayerIIIDecoder.huffman_decode(II)V @ 684
Event: 4.882 Thread 0x000000001f7c9000 Uncommon trap: reason=unstable_if action=reinterpret pc=0x0000000002f79454 method=java.util.StringTokenizer.skipDelimiters(I)I @ 29

Classes redefined (0 events):
No events

Internal exceptions (10 events):
Event: 0.091 Thread 0x0000000002ad3800 Exception <a 'java/security/PrivilegedActionException'> (0x000000076b184a28) thrown at [C:\re\workspace\8-2-build-windows-amd64-cygwin\jdk8u181\11358\hotspot\src\share\vm\prims\jvm.cpp, line 1435]
Event: 0.091 Thread 0x0000000002ad3800 Exception <a 'java/security/PrivilegedActionException'> (0x000000076b184c38) thrown at [C:\re\workspace\8-2-build-windows-amd64-cygwin\jdk8u181\11358\hotspot\src\share\vm\prims\jvm.cpp, line 1435]
Event: 0.159 Thread 0x0000000002ad3800 Exception <a 'java/security/PrivilegedActionException'> (0x000000076b2ac790) thrown at [C:\re\workspace\8-2-build-windows-amd64-cygwin\jdk8u181\11358\hotspot\src\share\vm\prims\jvm.cpp, line 1435]
Event: 0.159 Thread 0x0000000002ad3800 Exception <a 'java/security/PrivilegedActionException'> (0x000000076b2ae468) thrown at [C:\re\workspace\8-2-build-windows-amd64-cygwin\jdk8u181\11358\hotspot\src\share\vm\prims\jvm.cpp, line 1435]
Event: 0.159 Thread 0x0000000002ad3800 Exception <a 'java/security/PrivilegedActionException'> (0x000000076b2af5d8) thrown at [C:\re\workspace\8-2-build-windows-amd64-cygwin\jdk8u181\11358\hotspot\src\share\vm\prims\jvm.cpp, line 1435]
Event: 0.159 Thread 0x0000000002ad3800 Exception <a 'java/security/PrivilegedActionException'> (0x000000076b2b4740) thrown at [C:\re\workspace\8-2-build-windows-amd64-cygwin\jdk8u181\11358\hotspot\src\share\vm\prims\jvm.cpp, line 1435]
Event: 0.159 Thread 0x0000000002ad3800 Exception <a 'java/security/PrivilegedActionException'> (0x000000076b2b5398) thrown at [C:\re\workspace\8-2-build-windows-amd64-cygwin\jdk8u181\11358\hotspot\src\share\vm\prims\jvm.cpp, line 1435]
Event: 0.159 Thread 0x0000000002ad3800 Exception <a 'java/security/PrivilegedActionException'> (0x000000076b2b5fc0) thrown at [C:\re\workspace\8-2-build-windows-amd64-cygwin\jdk8u181\11358\hotspot\src\share\vm\prims\jvm.cpp, line 1435]
Event: 0.617 Thread 0x000000001f903800 Exception <a 'java/lang/NoSuchFieldError': method resolution failed> (0x000000076bf18010) thrown at [C:\re\workspace\8-2-build-windows-amd64-cygwin\jdk8u181\11358\hotspot\src\share\vm\prims\methodHandles.cpp, line 1167]
Event: 0.618 Thread 0x000000001f903800 Exception <a 'java/lang/NoSuchFieldError': method resolution failed> (0x000000076bf256d0) thrown at [C:\re\workspace\8-2-build-windows-amd64-cygwin\jdk8u181\11358\hotspot\src\share\vm\prims\methodHandles.cpp, line 1167]

Events (10 events):
Event: 4.948 loading class com/badlogic/gdx/graphics/glutils/ShapeRenderer$ShapeType
Event: 4.948 loading class com/badlogic/gdx/graphics/glutils/ShapeRenderer$ShapeType done
Event: 4.948 loading class com/badlogic/gdx/utils/LongMap$Values
Event: 4.948 loading class com/badlogic/gdx/utils/LongMap$Values done
Event: 4.948 loading class com/badlogic/gdx/utils/LongMap$MapIterator
Event: 4.948 loading class com/badlogic/gdx/utils/LongMap$MapIterator done
Event: 4.949 loading class com/badlogic/gdx/physics/box2d/Shape$Type
Event: 4.949 loading class com/badlogic/gdx/physics/box2d/Shape$Type done
Event: 6.550 loading class com/bpa/CreateBullet
Event: 6.550 loading class com/bpa/CreateBullet done


Dynamic libraries:
0x00007ff73e540000 - 0x00007ff73e577000 	C:\Program Files\Java\jre1.8.0_181\bin\javaw.exe
0x00007ffa4eed0000 - 0x00007ffa4f0b1000 	C:\WINDOWS\SYSTEM32\ntdll.dll
0x00007ffa4ce90000 - 0x00007ffa4cf42000 	C:\WINDOWS\System32\KERNEL32.DLL
0x00007ffa4bf90000 - 0x00007ffa4c203000 	C:\WINDOWS\System32\KERNELBASE.dll
0x00007ffa4eb00000 - 0x00007ffa4eba1000 	C:\WINDOWS\System32\ADVAPI32.dll
0x00007ffa4cff0000 - 0x00007ffa4d08e000 	C:\WINDOWS\System32\msvcrt.dll
0x00007ffa4d4e0000 - 0x00007ffa4d53b000 	C:\WINDOWS\System32\sechost.dll
0x00007ffa4c5b0000 - 0x00007ffa4c6d4000 	C:\WINDOWS\System32\RPCRT4.dll
0x00007ffa4ed10000 - 0x00007ffa4eea0000 	C:\WINDOWS\System32\USER32.dll
0x00007ffa4bf10000 - 0x00007ffa4bf30000 	C:\WINDOWS\System32\win32u.dll
0x00007ffa4cf60000 - 0x00007ffa4cf88000 	C:\WINDOWS\System32\GDI32.dll
0x00007ffa4b470000 - 0x00007ffa4b602000 	C:\WINDOWS\System32\gdi32full.dll
0x00007ffa4c2c0000 - 0x00007ffa4c35f000 	C:\WINDOWS\System32\msvcp_win.dll
0x00007ffa4b320000 - 0x00007ffa4b41a000 	C:\WINDOWS\System32\ucrtbase.dll
0x00007ffa42fb0000 - 0x00007ffa43219000 	C:\WINDOWS\WinSxS\amd64_microsoft.windows.common-controls_6595b64144ccf1df_6.0.17134.407_none_fb449d63306391e9\COMCTL32.dll
0x00007ffa4cb50000 - 0x00007ffa4ce72000 	C:\WINDOWS\System32\combase.dll
0x00007ffa4b2a0000 - 0x00007ffa4b31a000 	C:\WINDOWS\System32\bcryptPrimitives.dll
0x00007ffa4c570000 - 0x00007ffa4c59d000 	C:\WINDOWS\System32\IMM32.DLL
0x0000000074380000 - 0x0000000074452000 	C:\Program Files\Java\jre1.8.0_181\bin\msvcr100.dll
0x0000000074560000 - 0x0000000074e02000 	C:\Program Files\Java\jre1.8.0_181\bin\server\jvm.dll
0x00007ffa4cf50000 - 0x00007ffa4cf58000 	C:\WINDOWS\System32\PSAPI.DLL
0x00007ffa49360000 - 0x00007ffa49383000 	C:\WINDOWS\SYSTEM32\WINMM.dll
0x00007ffa399d0000 - 0x00007ffa399d9000 	C:\WINDOWS\SYSTEM32\WSOCK32.dll
0x00007ffa4d090000 - 0x00007ffa4d0fc000 	C:\WINDOWS\System32\WS2_32.dll
0x00007ffa47190000 - 0x00007ffa4719a000 	C:\WINDOWS\SYSTEM32\VERSION.dll
0x00007ffa48f00000 - 0x00007ffa48f2a000 	C:\WINDOWS\SYSTEM32\winmmbase.dll
0x00007ffa4b420000 - 0x00007ffa4b469000 	C:\WINDOWS\System32\cfgmgr32.dll
0x00000000751e0000 - 0x00000000751ef000 	C:\Program Files\Java\jre1.8.0_181\bin\verify.dll
0x00000000751b0000 - 0x00000000751d9000 	C:\Program Files\Java\jre1.8.0_181\bin\java.dll
0x0000000074540000 - 0x0000000074556000 	C:\Program Files\Java\jre1.8.0_181\bin\zip.dll
0x00007ffa4d540000 - 0x00007ffa4e97f000 	C:\WINDOWS\System32\SHELL32.dll
0x00007ffa4e980000 - 0x00007ffa4ea29000 	C:\WINDOWS\System32\shcore.dll
0x00007ffa4b610000 - 0x00007ffa4bd1d000 	C:\WINDOWS\System32\windows.storage.dll
0x00007ffa4cf90000 - 0x00007ffa4cfe1000 	C:\WINDOWS\System32\shlwapi.dll
0x00007ffa4b1f0000 - 0x00007ffa4b201000 	C:\WINDOWS\System32\kernel.appcore.dll
0x00007ffa4b230000 - 0x00007ffa4b24f000 	C:\WINDOWS\System32\profapi.dll
0x00007ffa4b250000 - 0x00007ffa4b29c000 	C:\WINDOWS\System32\powrprof.dll
0x00007ffa4b1e0000 - 0x00007ffa4b1ea000 	C:\WINDOWS\System32\FLTLIB.DLL
0x0000000065580000 - 0x0000000065616000 	C:\Users\RichardH\AppData\Local\Temp\libgdxRichardH\12dfaa03\gdx64.dll
0x00007ffa4ac10000 - 0x00007ffa4ac27000 	C:\WINDOWS\SYSTEM32\CRYPTSP.dll
0x00007ffa4a640000 - 0x00007ffa4a673000 	C:\WINDOWS\system32\rsaenh.dll
0x00007ffa4ad40000 - 0x00007ffa4ad65000 	C:\WINDOWS\SYSTEM32\bcrypt.dll
0x00007ffa4b0e0000 - 0x00007ffa4b108000 	C:\WINDOWS\SYSTEM32\USERENV.dll
0x00007ffa4ac30000 - 0x00007ffa4ac3b000 	C:\WINDOWS\SYSTEM32\CRYPTBASE.dll
0x0000000074520000 - 0x000000007453a000 	C:\Program Files\Java\jre1.8.0_181\bin\net.dll
0x00007ffa4aa60000 - 0x00007ffa4aac6000 	C:\WINDOWS\system32\mswsock.dll
0x00007ffa4a7e0000 - 0x00007ffa4a818000 	C:\WINDOWS\SYSTEM32\IPHLPAPI.DLL
0x00007ffa4ce80000 - 0x00007ffa4ce88000 	C:\WINDOWS\System32\NSI.dll
0x00007ffa46400000 - 0x00007ffa46416000 	C:\WINDOWS\SYSTEM32\dhcpcsvc6.DLL
0x00007ffa466f0000 - 0x00007ffa4670a000 	C:\WINDOWS\SYSTEM32\dhcpcsvc.DLL
0x0000000074500000 - 0x0000000074511000 	C:\Program Files\Java\jre1.8.0_181\bin\nio.dll
0x0000000180000000 - 0x0000000180053000 	C:\Users\RichardH\AppData\Local\Temp\libgdxRichardH\dc0f0009\lwjgl64.dll
0x00007ffa244c0000 - 0x00007ffa245e0000 	C:\WINDOWS\SYSTEM32\OPENGL32.dll
0x00007ffa41a30000 - 0x00007ffa41a5c000 	C:\WINDOWS\SYSTEM32\GLU32.dll
0x000000001fe90000 - 0x000000001fef4000 	C:\Users\RichardH\AppData\Local\Temp\libgdxRichardH\dc0f0009\OpenAL64.dll
0x00007ffa4ebb0000 - 0x00007ffa4ed01000 	C:\WINDOWS\System32\ole32.dll
0x00007ffa497f0000 - 0x00007ffa49888000 	C:\WINDOWS\system32\uxtheme.dll
0x00007ffa4c3e0000 - 0x00007ffa4c480000 	C:\WINDOWS\System32\clbcatq.dll
0x00007ffa47b50000 - 0x00007ffa47d04000 	C:\WINDOWS\System32\PROPSYS.dll
0x00007ffa4ea30000 - 0x00007ffa4eaf2000 	C:\WINDOWS\System32\OLEAUT32.dll
0x00007ffa3dd70000 - 0x00007ffa3ddff000 	C:\WINDOWS\SYSTEM32\dsound.dll
0x00007ffa46190000 - 0x00007ffa46206000 	C:\WINDOWS\System32\MMDevApi.dll
0x00007ffa4aff0000 - 0x00007ffa4b017000 	C:\WINDOWS\System32\DEVOBJ.dll
0x00007ffa23530000 - 0x00007ffa2365c000 	C:\WINDOWS\SYSTEM32\AUDIOSES.DLL
0x00007ffa46de0000 - 0x00007ffa46f2d000 	C:\WINDOWS\SYSTEM32\wintypes.dll
0x00007ffa45b40000 - 0x00007ffa45b4a000 	C:\WINDOWS\SYSTEM32\AVRT.dll
0x00007ffa4d100000 - 0x00007ffa4d273000 	C:\WINDOWS\System32\MSCTF.dll
0x00007ffa49970000 - 0x00007ffa49999000 	C:\WINDOWS\system32\dwmapi.dll
0x00007ffa41800000 - 0x00007ffa41896000 	C:\WINDOWS\System32\TextInputFramework.dll
0x00007ffa45660000 - 0x00007ffa4597e000 	C:\WINDOWS\System32\CoreUIComponents.dll
0x00007ffa49280000 - 0x00007ffa4935a000 	C:\WINDOWS\System32\CoreMessaging.dll
0x00007ffa4a3e0000 - 0x00007ffa4a411000 	C:\WINDOWS\SYSTEM32\ntmarta.dll
0x0000000071cf0000 - 0x0000000074373000 	C:\WINDOWS\System32\DriverStore\FileRepository\nv_dispi.inf_amd64_e59b844303b9907e\nvoglv64.dll
0x00007ffa4c700000 - 0x00007ffa4cb4b000 	C:\WINDOWS\System32\SETUPAPI.dll
0x00007ffa47ed0000 - 0x00007ffa47ee3000 	C:\WINDOWS\SYSTEM32\WTSAPI32.dll
0x00007ffa4bf30000 - 0x00007ffa4bf87000 	C:\WINDOWS\System32\WINTRUST.dll
0x00007ffa4b210000 - 0x00007ffa4b222000 	C:\WINDOWS\System32\MSASN1.dll
0x00007ffa4bd20000 - 0x00007ffa4bf02000 	C:\WINDOWS\System32\CRYPT32.dll
0x00007ffa1bb30000 - 0x00007ffa1bdf6000 	C:\WINDOWS\system32\nvspcap64.dll
0x00007ffa43e10000 - 0x00007ffa43eb8000 	C:\WINDOWS\SYSTEM32\mscms.dll
0x00007ffa49550000 - 0x00007ffa49560000 	C:\WINDOWS\SYSTEM32\ColorAdapterClient.dll
0x00007ffa3eca0000 - 0x00007ffa3ece3000 	C:\WINDOWS\SYSTEM32\icm32.dll
0x00007ffa4a380000 - 0x00007ffa4a3d6000 	C:\WINDOWS\SYSTEM32\WINSTA.dll
0x0000000066bc0000 - 0x0000000066c7b000 	C:\Users\RichardH\AppData\Local\Temp\libgdxRichardH\54593449\gdx-box2d64.dll
0x00007ffa38cd0000 - 0x00007ffa38e99000 	C:\WINDOWS\SYSTEM32\dbghelp.dll

VM Arguments:
jvm_args: -Dfile.encoding=UTF-8 
java_command: com.bpa.desktop.DesktopLauncher
java_class_path (initial): C:\Users\RichardH\git\DUN-GUN\libGDX Workspace\desktop\bin\main;\DUN-GUN-core\bin\default;C:\Users\RichardH\git\DUN-GUN\libGDX Workspace\core\bin\main;C:\Users\RichardH\.gradle\caches\modules-2\files-2.1\com.badlogicgames.gdx\gdx-tools\1.9.8\5c32820fccee957cc77990d353297ceed1a63159\gdx-tools-1.9.8.jar;C:\Users\RichardH\.gradle\caches\modules-2\files-2.1\com.badlogicgames.gdx\gdx-backend-lwjgl\1.9.8\b7c138f14ed67ad830ae7597da3d86ae02b20eee\gdx-backend-lwjgl-1.9.8.jar;C:\Users\RichardH\.gradle\caches\modules-2\files-2.1\com.badlogicgames.gdx\gdx-platform\1.9.8\604a2ef2c7c92a5900114757cbd3fb4dcbb8270c\gdx-platform-1.9.8-natives-desktop.jar;C:\Users\RichardH\.gradle\caches\modules-2\files-2.1\com.badlogicgames.gdx\gdx-box2d-platform\1.9.8\3195b56f82751d7cd7de85edb6824d17bf479781\gdx-box2d-platform-1.9.8-natives-desktop.jar;C:\Users\RichardH\.gradle\caches\modules-2\files-2.1\com.badlogicgames.gdx\gdx-ai\1.8.0\ec30677d8ab1a8b8aa4b853c5f4e4b1361f50bf5\gdx-ai-1.8.0.jar;C:\Users\RichardH\.gradle\caches\modules-2\files-2.1\com.badlogicgames.ashley\ashley\1.7.0\a7c4083c0a42027a3c03ba7ccecef6cbe1c5f0a4\ashley-1.7.0.jar;C:\Users\RichardH\.gradle\caches\modules-2\files-2.1\com.badlogicgames.gdx\gdx-backend-headless\1.9.8\c90fcd61d78d3b3d3ee7e493030b06df984df53b\gdx-backend-headless-1.9.8.jar;C:\Users\RichardH\.gradle\caches\modules-2\files-2.1\com.badlogicgames.gdx\gdx-freetype\1.9.8\d92b5b8beab10e3b3c0dd836d4fc186f95e7ea4b\gdx-freetype-1.9.8.jar;C:\Users\RichardH\.gradle\caches\modules-2\files-2.1\com.badlogicgames.box2dlights\box2dlights\1.4\3d77ad5b4164fb32fc67e2446e35911bb0aaf0bd\box2dlights-1.4.jar;C:\Users\RichardH\.gradle\caches\modules-2\files-2.1\com.badlogicgames.gdx\gdx-box2d\1.9.8\6f0497b7958216464101adfb7bdc3a0f7b88d6d3\gdx-box2d-1.9.8.jar;C:\Users\RichardH\.gradle\caches\modules-2\files-2.1\com.badlogicgames.gdx\gdx\1.9.8\a35a0076fbce873f9c2d5a1a1c8066244231bb3c\gdx-1.9.8.jar;C:\Users\RichardH\.gradle\caches\modules-2\files-2.1\org.lwjg
Launcher Type: SUN_STANDARD

Environment Variables:
PATH=C:/Program Files/Java/jre1.8.0_181/bin/server;C:/Program Files/Java/jre1.8.0_181/bin;C:/Program Files/Java/jre1.8.0_181/lib/amd64;C:\Program Files (x86)\Common Files\Oracle\Java\javapath;C:\ProgramData\Oracle\Java\javapath;C:\WINDOWS\system32;C:\WINDOWS;C:\WINDOWS\System32\Wbem;C:\WINDOWS\System32\WindowsPowerShell\v1.0\;C:\Program Files (x86)\NVIDIA Corporation\PhysX\Common;C:\WINDOWS\system32;C:\WINDOWS;C:\WINDOWS\System32\Wbem;C:\WINDOWS\System32\WindowsPowerShell\v1.0\;C:\WINDOWS\System32\OpenSSH\;C:\Program Files\NVIDIA Corporation\NVIDIA NvDLISR;C:\Users\RichardH\AppData\Local\Programs\Python\Python36-32\Scripts\;C:\Users\RichardH\AppData\Local\Programs\Python\Python36-32\;C:\Users\RichardH\AppData\Local\Microsoft\WindowsApps;C:\Users\RichardH\AppData\Local\GitHubDesktop\bin;C:\Users\RichardH\AppData\Local\Microsoft\WindowsApps;C:\WINDOWS\System32;
USERNAME=RichardH
OS=Windows_NT
PROCESSOR_IDENTIFIER=Intel64 Family 6 Model 158 Stepping 9, GenuineIntel



---------------  S Y S T E M  ---------------

OS: Windows 10.0 , 64 bit Build 17134 (10.0.17134.1)

CPU:total 8 (initial active 8) (4 cores per cpu, 2 threads per core) family 6 model 158 stepping 9, cmov, cx8, fxsr, mmx, sse, sse2, sse3, ssse3, sse4.1, sse4.2, popcnt, avx, avx2, aes, clmul, erms, rtm, 3dnowpref, lzcnt, ht, tsc, tscinvbit, bmi1, bmi2, adx

Memory: 4k page, physical 16729960k(12240564k free), swap 17778536k(10633312k free)

vm_info: Java HotSpot(TM) 64-Bit Server VM (25.181-b13) for windows-amd64 JRE (1.8.0_181-b13), built on Jul  7 2018 04:01:33 by "java_re" with MS VC++ 10.0 (VS2010)

time: Sun Dec 02 20:23:35 2018
elapsed time: 6 seconds (0d 0h 0m 6s)

