#
# A fatal error has been detected by the Java Runtime Environment:
#
#  EXCEPTION_ACCESS_VIOLATION (0xc0000005) at pc=0x0000000066bcbd0d, pid=6528, tid=0x0000000000003f80
#
# JRE version: Java(TM) SE Runtime Environment (8.0_191-b12) (build 1.8.0_191-b12)
# Java VM: Java HotSpot(TM) 64-Bit Server VM (25.191-b12 mixed mode windows-amd64 compressed oops)
# Problematic frame:
# C  [gdx-box2d64.dll+0xbd0d]
#
# Failed to write core dump. Minidumps are not enabled by default on client versions of Windows
#
# If you would like to submit a bug report, please visit:
#   http://bugreport.java.com/bugreport/crash.jsp
# The crash happened outside the Java Virtual Machine in native code.
# See problematic frame for where to report the bug.
#

---------------  T H R E A D  ---------------

Current thread (0x000000001bdbc800):  JavaThread "LWJGL Application" [_thread_in_native, id=16256, stack(0x000000001e910000,0x000000001ea10000)]

siginfo: ExceptionCode=0xc0000005, reading address 0x0000002600000002

Registers:
RAX=0x0000002600000002, RBX=0x000000001e578990, RCX=0x000000001e578960, RDX=0x00000000000000b8
RSP=0x000000001ea0edb0, RBP=0x0000000000000006, RSI=0x000000001e578960, RDI=0x000000001ea0ee70
R8 =0x000000001e578960, R9 =0x0000000000000002, R10=0x0000000000000000, R11=0x0000000000000001
R12=0x0000000000000000, R13=0x000000001a104888, R14=0x000000001ea0f060, R15=0x000000001bdbc800
RIP=0x0000000066bcbd0d, EFLAGS=0x0000000000010202

Top of Stack: (sp=0x000000001ea0edb0)
0x000000001ea0edb0:   000000001a104888 000000001bdbc800
0x000000001ea0edc0:   0000000052ceff08 000000001e003fb0
0x000000001ea0edd0:   0000000000000012 000000001e578960
0x000000001ea0ede0:   0000000019940468 000000001ea0ee70
0x000000001ea0edf0:   000000001ea0efb8 0000000000000000
0x000000001ea0ee00:   000000001a104888 0000000066be2483
0x000000001ea0ee10:   000000001ea0eeb0 000000001ea0eeb0
0x000000001ea0ee20:   c006a2e500000003 000000001a104888
0x000000001ea0ee30:   0000000000000001 0000000019940468
0x000000001ea0ee40:   0000000000078860 0000000066be8616
0x000000001ea0ee50:   0000000000000000 0000000000078860
0x000000001ea0ee60:   000000001ea0efb8 0000000002cd5798
0x000000001ea0ee70:   40eb777900000002 0000000041731153
0x000000001ea0ee80:   0000000000000000 0000000000000000
0x000000001ea0ee90:   0000010100000000 000000001ea0f001
0x000000001ea0eea0:   0000000000000000 000000003f800000 

Instructions: (pc=0x0000000066bcbd0d)
0x0000000066bcbced:   48 8d 05 6c a3 05 00 0f b6 1c 18 80 fb 0d 0f b6
0x0000000066bcbcfd:   eb 77 21 48 8d 1c de 48 8b 43 10 48 85 c0 74 3a
0x0000000066bcbd0d:   48 8b 10 48 89 53 10 48 83 c4 28 5b 5e 5f 5d 41
0x0000000066bcbd1d:   5c 41 5d c3 48 8d 15 18 9e 04 00 48 8d 0d 99 9e 


Register to memory mapping:

RAX=0x0000002600000002 is an unknown value
RBX=0x000000001e578990 is an unknown value
RCX=0x000000001e578960 is an unknown value
RDX=0x00000000000000b8 is an unknown value
RSP=0x000000001ea0edb0 is pointing into the stack for thread: 0x000000001bdbc800
RBP=0x0000000000000006 is an unknown value
RSI=0x000000001e578960 is an unknown value
RDI=0x000000001ea0ee70 is pointing into the stack for thread: 0x000000001bdbc800
R8 =0x000000001e578960 is an unknown value
R9 =0x0000000000000002 is an unknown value
R10=0x0000000000000000 is an unknown value
R11=0x0000000000000001 is an unknown value
R12=0x0000000000000000 is an unknown value
R13={method} {0x000000001a104890} 'jniCreateBody' '(JIFFFFFFFFZZZZZF)J' in 'com/badlogic/gdx/physics/box2d/World'
R14=0x000000001ea0f060 is pointing into the stack for thread: 0x000000001bdbc800
R15=0x000000001bdbc800 is a thread


Stack: [0x000000001e910000,0x000000001ea10000],  sp=0x000000001ea0edb0,  free space=1019k
Native frames: (J=compiled Java code, j=interpreted, Vv=VM code, C=native code)
C  [gdx-box2d64.dll+0xbd0d]
C  [gdx-box2d64.dll+0x22483]
C  [gdx-box2d64.dll+0x28616]
C  0x0000000002ce8c67

Java frames: (J=compiled Java code, j=interpreted, Vv=VM code)
j  com.badlogic.gdx.physics.box2d.World.jniCreateBody(JIFFFFFFFFZZZZZF)J+0
j  com.badlogic.gdx.physics.box2d.World.createBody(Lcom/badlogic/gdx/physics/box2d/BodyDef;)Lcom/badlogic/gdx/physics/box2d/Body;+80
j  com.bpa.CreateBullet.defineBullet()V+36
j  com.bpa.CreateBullet.<init>(Lcom/badlogic/gdx/physics/box2d/World;)V+38
J 1566 C2 com.bpa.Level1.shootGun()V (392 bytes) @ 0x00000000033122f8 [0x0000000003310f60+0x1398]
J 1685 C1 com.bpa.Level1.render(F)V (884 bytes) @ 0x00000000033d218c [0x00000000033cefe0+0x31ac]
J 1699 C2 com.bpa.DunGun.render()V (5 bytes) @ 0x00000000033b6d10 [0x00000000033b6ca0+0x70]
j  com.badlogic.gdx.backends.lwjgl.LwjglApplication.mainLoop()V+698
j  com.badlogic.gdx.backends.lwjgl.LwjglApplication$1.run()V+27
v  ~StubRoutines::call_stub

---------------  P R O C E S S  ---------------

Java Threads: ( => current thread )
  0x000000001e138800 JavaThread "LWJGL Timer" daemon [_thread_blocked, id=10964, stack(0x0000000030760000,0x0000000030860000)]
  0x000000001ded5800 JavaThread "AsynchExecutor-Thread" daemon [_thread_blocked, id=12332, stack(0x000000002fa60000,0x000000002fb60000)]
  0x0000000002ace800 JavaThread "DestroyJavaVM" [_thread_blocked, id=3188, stack(0x0000000002ad0000,0x0000000002bd0000)]
=>0x000000001bdbc800 JavaThread "LWJGL Application" [_thread_in_native, id=16256, stack(0x000000001e910000,0x000000001ea10000)]
  0x000000001bae8000 JavaThread "Service Thread" daemon [_thread_blocked, id=4000, stack(0x000000001d490000,0x000000001d590000)]
  0x000000001ba50800 JavaThread "C1 CompilerThread3" daemon [_thread_blocked, id=12140, stack(0x000000001d390000,0x000000001d490000)]
  0x000000001ba4d800 JavaThread "C2 CompilerThread2" daemon [_thread_blocked, id=13040, stack(0x000000001d290000,0x000000001d390000)]
  0x000000001ba48800 JavaThread "C2 CompilerThread1" daemon [_thread_blocked, id=8672, stack(0x000000001d190000,0x000000001d290000)]
  0x000000001ba42800 JavaThread "C2 CompilerThread0" daemon [_thread_blocked, id=6336, stack(0x000000001d090000,0x000000001d190000)]
  0x000000001ba3e000 JavaThread "Attach Listener" daemon [_thread_blocked, id=10540, stack(0x000000001cf90000,0x000000001d090000)]
  0x000000001ba3d000 JavaThread "Signal Dispatcher" daemon [_thread_blocked, id=12420, stack(0x000000001ce90000,0x000000001cf90000)]
  0x000000001ba33000 JavaThread "Finalizer" daemon [_thread_blocked, id=15012, stack(0x000000001cca0000,0x000000001cda0000)]
  0x0000000002cca000 JavaThread "Reference Handler" daemon [_thread_blocked, id=2500, stack(0x000000001cba0000,0x000000001cca0000)]

Other Threads:
  0x000000001a326800 VMThread [stack: 0x000000001caa0000,0x000000001cba0000] [id=16288]
  0x000000001bafc000 WatcherThread [stack: 0x000000001d590000,0x000000001d690000] [id=16052]

VM state:not at safepoint (normal execution)

VM Mutex/Monitor currently owned by a thread: None

Heap:
 PSYoungGen      total 56832K, used 13654K [0x0000000780d00000, 0x0000000784c00000, 0x00000007c0000000)
  eden space 49152K, 14% used [0x0000000780d00000,0x00000007813cf080,0x0000000783d00000)
  from space 7680K, 87% used [0x0000000783d00000,0x0000000784386a98,0x0000000784480000)
  to   space 7680K, 0% used [0x0000000784480000,0x0000000784480000,0x0000000784c00000)
 ParOldGen       total 130048K, used 48K [0x0000000702600000, 0x000000070a500000, 0x0000000780d00000)
  object space 130048K, 0% used [0x0000000702600000,0x000000070260c010,0x000000070a500000)
 Metaspace       used 9456K, capacity 9605K, committed 9728K, reserved 1058816K
  class space    used 888K, capacity 955K, committed 1024K, reserved 1048576K

Card table byte_map: [0x0000000012090000,0x0000000012680000] byte_map_base: 0x000000000e87d000

Marking Bits: (ParMarkBitMap*) 0x0000000052ed3e30
 Begin Bits: [0x0000000013480000, 0x00000000163e8000)
 End Bits:   [0x00000000163e8000, 0x0000000019350000)

Polling page: 0x0000000000be0000

CodeCache: size=245760Kb used=7165Kb max_used=7177Kb free=238594Kb
 bounds [0x0000000002cd0000, 0x00000000033e0000, 0x0000000011cd0000]
 total_blobs=2214 nmethods=1700 adapters=427
 compilation: enabled

Compilation events (10 events):
Event: 144.989 Thread 0x000000001ba50800 nmethod 1696 0x00000000033ba1d0 code [0x00000000033ba380, 0x00000000033ba8c8]
Event: 145.088 Thread 0x000000001ba50800 1697       3       com.badlogic.gdx.physics.box2d.Contact::getFixtureA (22 bytes)
Event: 145.089 Thread 0x000000001ba50800 nmethod 1697 0x00000000033b9c50 code [0x00000000033b9de0, 0x00000000033ba0b8]
Event: 146.621 Thread 0x000000001ba4d800 1698       4       org.lwjgl.opengl.WindowsDisplay::handleMessage (29 bytes)
Event: 146.621 Thread 0x000000001ba4d800 nmethod 1698 0x00000000033a1090 code [0x00000000033a11e0, 0x00000000033a1288]
Event: 147.887 Thread 0x000000001ba48800 1699       4       com.bpa.DunGun::render (5 bytes)
Event: 147.888 Thread 0x000000001ba48800 nmethod 1699 0x00000000033b6b50 code [0x00000000033b6ca0, 0x00000000033b6da8]
Event: 149.436 Thread 0x000000001ba42800 1700       4       com.badlogic.gdx.maps.tiled.renderers.BatchTiledMapRenderer::renderMapLayer (108 bytes)
Event: 149.442 Thread 0x000000001ba42800 nmethod 1700 0x00000000033b7150 code [0x00000000033b7300, 0x00000000033b78c8]
Event: 149.586 Thread 0x000000001ba50800 1701       3       java.lang.reflect.Array::newInstance (6 bytes)

GC Heap History (2 events):
Event: 4.110 GC heap before
{Heap before GC invocations=1 (full 0):
 PSYoungGen      total 56832K, used 48850K [0x0000000780d00000, 0x0000000784c00000, 0x00000007c0000000)
  eden space 49152K, 99% used [0x0000000780d00000,0x0000000783cb4998,0x0000000783d00000)
  from space 7680K, 0% used [0x0000000784480000,0x0000000784480000,0x0000000784c00000)
  to   space 7680K, 0% used [0x0000000783d00000,0x0000000783d00000,0x0000000784480000)
 ParOldGen       total 130048K, used 0K [0x0000000702600000, 0x000000070a500000, 0x0000000780d00000)
  object space 130048K, 0% used [0x0000000702600000,0x0000000702600000,0x000000070a500000)
 Metaspace       used 9053K, capacity 9221K, committed 9472K, reserved 1058816K
  class space    used 880K, capacity 955K, committed 1024K, reserved 1048576K
Event: 4.113 GC heap after
Heap after GC invocations=1 (full 0):
 PSYoungGen      total 56832K, used 6682K [0x0000000780d00000, 0x0000000784c00000, 0x00000007c0000000)
  eden space 49152K, 0% used [0x0000000780d00000,0x0000000780d00000,0x0000000783d00000)
  from space 7680K, 87% used [0x0000000783d00000,0x0000000784386a98,0x0000000784480000)
  to   space 7680K, 0% used [0x0000000784480000,0x0000000784480000,0x0000000784c00000)
 ParOldGen       total 130048K, used 48K [0x0000000702600000, 0x000000070a500000, 0x0000000780d00000)
  object space 130048K, 0% used [0x0000000702600000,0x000000070260c010,0x000000070a500000)
 Metaspace       used 9053K, capacity 9221K, committed 9472K, reserved 1058816K
  class space    used 880K, capacity 955K, committed 1024K, reserved 1048576K
}

Deoptimization events (10 events):
Event: 111.502 Thread 0x000000001bdbc800 Uncommon trap: reason=unstable_if action=reinterpret pc=0x00000000032c6a20 method=com.badlogic.gdx.graphics.g2d.SpriteBatch.setProjectionMatrix(Lcom/badlogic/gdx/math/Matrix4;)V @ 4
Event: 114.154 Thread 0x000000001bdbc800 Uncommon trap: reason=unstable_if action=reinterpret pc=0x00000000031603a8 method=com.badlogic.gdx.utils.Array$ArrayIterable.iterator()Ljava/util/Iterator; @ 4
Event: 114.178 Thread 0x000000001bdbc800 Uncommon trap: reason=unstable_if action=reinterpret pc=0x00000000032c4564 method=com.badlogic.gdx.utils.Array.iterator()Ljava/util/Iterator; @ 4
Event: 114.178 Thread 0x000000001bdbc800 Uncommon trap: reason=unstable_if action=reinterpret pc=0x00000000032dbb3c method=com.badlogic.gdx.maps.MapLayer.getRenderOffsetX()F @ 4
Event: 114.178 Thread 0x000000001bdbc800 Uncommon trap: reason=unstable_if action=reinterpret pc=0x0000000003276f70 method=com.badlogic.gdx.utils.Array.iterator()Ljava/util/Iterator; @ 4
Event: 114.178 Thread 0x000000001bdbc800 Uncommon trap: reason=unstable_if action=reinterpret pc=0x000000000324b204 method=com.badlogic.gdx.utils.LongMap.values()Lcom/badlogic/gdx/utils/LongMap$Values; @ 4
Event: 114.178 Thread 0x000000001bdbc800 Uncommon trap: reason=unstable_if action=reinterpret pc=0x00000000032b3df4 method=com.badlogic.gdx.utils.Array.iterator()Ljava/util/Iterator; @ 4
Event: 114.178 Thread 0x000000001bdbc800 Uncommon trap: reason=unstable_if action=reinterpret pc=0x000000000328921c method=com.badlogic.gdx.utils.Array.iterator()Ljava/util/Iterator; @ 4
Event: 114.178 Thread 0x000000001bdbc800 Uncommon trap: reason=unstable_if action=reinterpret pc=0x000000000330add4 method=com.bpa.PlayerOne.renderSprite(Lcom/badlogic/gdx/graphics/g2d/SpriteBatch;)V @ 414
Event: 141.821 Thread 0x000000001bdbc800 Uncommon trap: reason=unstable_if action=reinterpret pc=0x00000000033c31b4 method=com.bpa.Level1.render(F)V @ 709

Classes redefined (0 events):
No events

Internal exceptions (10 events):
Event: 0.245 Thread 0x0000000002ace800 Exception <a 'java/security/PrivilegedActionException'> (0x0000000781149400) thrown at [C:\re\workspace\8-2-build-windows-amd64-cygwin\jdk8u191\11896\hotspot\src\share\vm\prims\jvm.cpp, line 1435]
Event: 2.298 Thread 0x000000001ded5800 Exception <a 'java/lang/NoSuchFieldError': method resolution failed> (0x0000000781de1d60) thrown at [C:\re\workspace\8-2-build-windows-amd64-cygwin\jdk8u191\11896\hotspot\src\share\vm\prims\methodHandles.cpp, line 1167]
Event: 2.299 Thread 0x000000001ded5800 Exception <a 'java/lang/NoSuchFieldError': method resolution failed> (0x0000000781def420) thrown at [C:\re\workspace\8-2-build-windows-amd64-cygwin\jdk8u191\11896\hotspot\src\share\vm\prims\methodHandles.cpp, line 1167]
Event: 82.752 Thread 0x000000001bdbc800 Implicit null exception at 0x0000000003172be0 to 0x0000000003174b79
Event: 114.154 Thread 0x000000001bdbc800 Implicit null exception at 0x0000000003160330 to 0x0000000003160395
Event: 114.178 Thread 0x000000001bdbc800 Implicit null exception at 0x00000000032c3aa0 to 0x00000000032c454d
Event: 114.178 Thread 0x000000001bdbc800 Implicit null exception at 0x0000000003276c88 to 0x0000000003276f59
Event: 114.178 Thread 0x000000001bdbc800 Implicit null exception at 0x000000000324aa2e to 0x000000000324b1ed
Event: 114.178 Thread 0x000000001bdbc800 Implicit null exception at 0x00000000032b0a6e to 0x00000000032b3dbd
Event: 114.178 Thread 0x000000001bdbc800 Implicit null exception at 0x0000000003288d45 to 0x00000000032891f5

Events (10 events):
Event: 118.177 Thread 0x000000001bdbc800 DEOPT UNPACKING pc=0x0000000002d17890 sp=0x000000001ea0ee28 mode 0
Event: 120.076 Thread 0x000000001bdbc800 DEOPT PACKING pc=0x000000000336e0a1 sp=0x000000001ea0f0c0
Event: 120.076 Thread 0x000000001bdbc800 DEOPT UNPACKING pc=0x0000000002d17890 sp=0x000000001ea0ee28 mode 0
Event: 121.976 Thread 0x000000001bdbc800 DEOPT PACKING pc=0x000000000336e0a1 sp=0x000000001ea0f0c0
Event: 121.976 Thread 0x000000001bdbc800 DEOPT UNPACKING pc=0x0000000002d17890 sp=0x000000001ea0ee28 mode 0
Event: 123.875 Thread 0x000000001bdbc800 DEOPT PACKING pc=0x000000000336e0a1 sp=0x000000001ea0f0c0
Event: 123.875 Thread 0x000000001bdbc800 DEOPT UNPACKING pc=0x0000000002d17890 sp=0x000000001ea0ee28 mode 0
Event: 141.821 Thread 0x000000001bdbc800 Uncommon trap: trap_request=0xffffff65 fr.pc=0x00000000033c31b4
Event: 141.821 Thread 0x000000001bdbc800 DEOPT PACKING pc=0x00000000033c31b4 sp=0x000000001ea0f350
Event: 141.821 Thread 0x000000001bdbc800 DEOPT UNPACKING pc=0x0000000002d1583b sp=0x000000001ea0f388 mode 2


Dynamic libraries:
0x00007ff663060000 - 0x00007ff663097000 	C:\Program Files\Java\jre1.8.0_191\bin\javaw.exe
0x00007fff94d30000 - 0x00007fff94f11000 	C:\WINDOWS\SYSTEM32\ntdll.dll
0x00007fff93af0000 - 0x00007fff93ba2000 	C:\WINDOWS\System32\KERNEL32.DLL
0x00007fff91a30000 - 0x00007fff91ca3000 	C:\WINDOWS\System32\KERNELBASE.dll
0x00007fff921c0000 - 0x00007fff92261000 	C:\WINDOWS\System32\ADVAPI32.dll
0x00007fff94a80000 - 0x00007fff94b1e000 	C:\WINDOWS\System32\msvcrt.dll
0x00007fff94c20000 - 0x00007fff94c7b000 	C:\WINDOWS\System32\sechost.dll
0x00007fff937d0000 - 0x00007fff938f4000 	C:\WINDOWS\System32\RPCRT4.dll
0x00007fff93e60000 - 0x00007fff93ff0000 	C:\WINDOWS\System32\USER32.dll
0x00007fff91100000 - 0x00007fff91120000 	C:\WINDOWS\System32\win32u.dll
0x00007fff92270000 - 0x00007fff92298000 	C:\WINDOWS\System32\GDI32.dll
0x00007fff91fd0000 - 0x00007fff92162000 	C:\WINDOWS\System32\gdi32full.dll
0x00007fff91990000 - 0x00007fff91a2f000 	C:\WINDOWS\System32\msvcp_win.dll
0x00007fff91890000 - 0x00007fff9198a000 	C:\WINDOWS\System32\ucrtbase.dll
0x00007fff7f2e0000 - 0x00007fff7f549000 	C:\WINDOWS\WinSxS\amd64_microsoft.windows.common-controls_6595b64144ccf1df_6.0.17134.407_none_fb449d63306391e9\COMCTL32.dll
0x00007fff942f0000 - 0x00007fff94612000 	C:\WINDOWS\System32\combase.dll
0x00007fff91cb0000 - 0x00007fff91d2a000 	C:\WINDOWS\System32\bcryptPrimitives.dll
0x00007fff939f0000 - 0x00007fff93a1d000 	C:\WINDOWS\System32\IMM32.DLL
0x0000000052400000 - 0x00000000524d2000 	C:\Program Files\Java\jre1.8.0_191\bin\msvcr100.dll
0x00000000526b0000 - 0x0000000052f54000 	C:\Program Files\Java\jre1.8.0_191\bin\server\jvm.dll
0x00007fff8d2b0000 - 0x00007fff8d2b9000 	C:\WINDOWS\SYSTEM32\WSOCK32.dll
0x00007fff8d4a0000 - 0x00007fff8d4c3000 	C:\WINDOWS\SYSTEM32\WINMM.dll
0x00007fff8a140000 - 0x00007fff8a14a000 	C:\WINDOWS\SYSTEM32\VERSION.dll
0x00007fff93a80000 - 0x00007fff93aec000 	C:\WINDOWS\System32\WS2_32.dll
0x00007fff922a0000 - 0x00007fff922a8000 	C:\WINDOWS\System32\PSAPI.DLL
0x00007fff8d470000 - 0x00007fff8d49a000 	C:\WINDOWS\SYSTEM32\WINMMBASE.dll
0x00007fff92170000 - 0x00007fff921b9000 	C:\WINDOWS\System32\cfgmgr32.dll
0x00000000525c0000 - 0x00000000525cf000 	C:\Program Files\Java\jre1.8.0_191\bin\verify.dll
0x0000000052590000 - 0x00000000525b9000 	C:\Program Files\Java\jre1.8.0_191\bin\java.dll
0x0000000052570000 - 0x0000000052586000 	C:\Program Files\Java\jre1.8.0_191\bin\zip.dll
0x00007fff92390000 - 0x00007fff937cf000 	C:\WINDOWS\System32\SHELL32.dll
0x00007fff93bb0000 - 0x00007fff93c59000 	C:\WINDOWS\System32\shcore.dll
0x00007fff91120000 - 0x00007fff9182d000 	C:\WINDOWS\System32\windows.storage.dll
0x00007fff93a20000 - 0x00007fff93a71000 	C:\WINDOWS\System32\shlwapi.dll
0x00007fff910c0000 - 0x00007fff910d1000 	C:\WINDOWS\System32\kernel.appcore.dll
0x00007fff910e0000 - 0x00007fff910ff000 	C:\WINDOWS\System32\profapi.dll
0x00007fff91050000 - 0x00007fff9109c000 	C:\WINDOWS\System32\powrprof.dll
0x00007fff91040000 - 0x00007fff9104a000 	C:\WINDOWS\System32\FLTLIB.DLL
0x0000000065580000 - 0x0000000065616000 	C:\Users\Richa\AppData\Local\Temp\libgdxRicha\12dfaa03\gdx64.dll
0x00007fff90a70000 - 0x00007fff90a87000 	C:\WINDOWS\SYSTEM32\CRYPTSP.dll
0x00007fff904a0000 - 0x00007fff904d3000 	C:\WINDOWS\system32\rsaenh.dll
0x00007fff90ba0000 - 0x00007fff90bc5000 	C:\WINDOWS\SYSTEM32\bcrypt.dll
0x00007fff90f40000 - 0x00007fff90f68000 	C:\WINDOWS\SYSTEM32\USERENV.dll
0x00007fff90a90000 - 0x00007fff90a9b000 	C:\WINDOWS\SYSTEM32\CRYPTBASE.dll
0x0000000052550000 - 0x000000005256a000 	C:\Program Files\Java\jre1.8.0_191\bin\net.dll
0x00007fff908c0000 - 0x00007fff90926000 	C:\WINDOWS\system32\mswsock.dll
0x00007fff90640000 - 0x00007fff90678000 	C:\WINDOWS\SYSTEM32\IPHLPAPI.DLL
0x00007fff94620000 - 0x00007fff94628000 	C:\WINDOWS\System32\NSI.dll
0x00007fff8a2c0000 - 0x00007fff8a2d6000 	C:\WINDOWS\SYSTEM32\dhcpcsvc6.DLL
0x00007fff8a3f0000 - 0x00007fff8a40a000 	C:\WINDOWS\SYSTEM32\dhcpcsvc.DLL
0x0000000052530000 - 0x0000000052541000 	C:\Program Files\Java\jre1.8.0_191\bin\nio.dll
0x0000000180000000 - 0x0000000180053000 	C:\Users\Richa\AppData\Local\Temp\libgdxRicha\dc0f0009\lwjgl64.dll
0x00007fff805a0000 - 0x00007fff806c0000 	C:\WINDOWS\SYSTEM32\OPENGL32.dll
0x00007fff83ef0000 - 0x00007fff83f1c000 	C:\WINDOWS\SYSTEM32\GLU32.dll
0x000000001e280000 - 0x000000001e2e4000 	C:\Users\Richa\AppData\Local\Temp\libgdxRicha\dc0f0009\OpenAL64.dll
0x00007fff93ff0000 - 0x00007fff94141000 	C:\WINDOWS\System32\ole32.dll
0x00007fff8eab0000 - 0x00007fff8eb48000 	C:\WINDOWS\system32\uxtheme.dll
0x00007fff94b20000 - 0x00007fff94bc0000 	C:\WINDOWS\System32\clbcatq.dll
0x00007fff8f010000 - 0x00007fff8f1c4000 	C:\WINDOWS\System32\PROPSYS.dll
0x00007fff922c0000 - 0x00007fff92382000 	C:\WINDOWS\System32\OLEAUT32.dll
0x00007fff5a940000 - 0x00007fff5a9cf000 	C:\WINDOWS\SYSTEM32\dsound.dll
0x00007fff89550000 - 0x00007fff895c6000 	C:\WINDOWS\System32\MMDevApi.dll
0x00007fff90e50000 - 0x00007fff90e77000 	C:\WINDOWS\System32\DEVOBJ.dll
0x00007fff80420000 - 0x00007fff8054c000 	C:\WINDOWS\SYSTEM32\AUDIOSES.DLL
0x00007fff8ca60000 - 0x00007fff8cbad000 	C:\WINDOWS\SYSTEM32\wintypes.dll
0x00007fff8c0b0000 - 0x00007fff8c0ba000 	C:\WINDOWS\SYSTEM32\AVRT.dll
0x00007fff93c60000 - 0x00007fff93dd3000 	C:\WINDOWS\System32\MSCTF.dll
0x00007fff8f460000 - 0x00007fff8f489000 	C:\WINDOWS\system32\dwmapi.dll
0x00007fff83f20000 - 0x00007fff83fb6000 	C:\WINDOWS\System32\TextInputFramework.dll
0x00007fff8b7d0000 - 0x00007fff8baee000 	C:\WINDOWS\System32\CoreUIComponents.dll
0x00007fff8e780000 - 0x00007fff8e85a000 	C:\WINDOWS\System32\CoreMessaging.dll
0x00007fff90130000 - 0x00007fff90161000 	C:\WINDOWS\SYSTEM32\ntmarta.dll
0x0000000074dd0000 - 0x00000000773ad000 	C:\WINDOWS\System32\DriverStore\FileRepository\nvhmi.inf_amd64_c25052e7fbf27187\nvoglv64.dll
0x00007fff94630000 - 0x00007fff94a7b000 	C:\WINDOWS\System32\SETUPAPI.dll
0x00007fff8cbb0000 - 0x00007fff8cbc3000 	C:\WINDOWS\SYSTEM32\WTSAPI32.dll
0x00007fff91830000 - 0x00007fff91887000 	C:\WINDOWS\System32\WINTRUST.dll
0x00007fff910a0000 - 0x00007fff910b2000 	C:\WINDOWS\System32\MSASN1.dll
0x00007fff91de0000 - 0x00007fff91fc2000 	C:\WINDOWS\System32\CRYPT32.dll
0x00007fff6e9a0000 - 0x00007fff6ec28000 	C:\WINDOWS\system32\nvspcap64.dll
0x00007fff89340000 - 0x00007fff893e8000 	C:\WINDOWS\SYSTEM32\mscms.dll
0x00007fff8e3b0000 - 0x00007fff8e3c0000 	C:\WINDOWS\SYSTEM32\ColorAdapterClient.dll
0x00007fff86df0000 - 0x00007fff86e33000 	C:\WINDOWS\SYSTEM32\icm32.dll
0x00007fff901d0000 - 0x00007fff90226000 	C:\WINDOWS\SYSTEM32\WINSTA.dll
0x00007fff8fe00000 - 0x00007fff8febb000 	C:\WINDOWS\system32\dxgi.dll
0x00007fff8d900000 - 0x00007fff8dc0b000 	C:\WINDOWS\system32\d3d11.dll
0x00007fff65020000 - 0x00007fff6510c000 	C:\WINDOWS\System32\DriverStore\FileRepository\nvhmi.inf_amd64_c25052e7fbf27187\nvldumdx.dll
0x00007fff94ce0000 - 0x00007fff94cfd000 	C:\WINDOWS\System32\imagehlp.dll
0x00007fff1e1a0000 - 0x00007fff2064e000 	C:\WINDOWS\System32\DriverStore\FileRepository\nvhmi.inf_amd64_c25052e7fbf27187\nvwgf2umx.dll
0x00007fff83190000 - 0x00007fff83675000 	C:\WINDOWS\system32\nvapi64.dll
0x00007fff6b6d0000 - 0x00007fff6cb98000 	C:\WINDOWS\System32\DriverStore\FileRepository\iigd_dc_base.inf_amd64_04dfefe2ba7fe997\igd10iumd64.dll
0x00007fff90b70000 - 0x00007fff90b96000 	C:\WINDOWS\SYSTEM32\ncrypt.dll
0x00007fff90b30000 - 0x00007fff90b66000 	C:\WINDOWS\SYSTEM32\NTASN1.dll
0x00007fff69790000 - 0x00007fff6b6c9000 	C:\WINDOWS\System32\DriverStore\FileRepository\iigd_dc_base.inf_amd64_04dfefe2ba7fe997\igc64.dll
0x0000000066bc0000 - 0x0000000066c7b000 	C:\Users\Richa\AppData\Local\Temp\libgdxRicha\54593449\gdx-box2d64.dll
0x00007fff8fab0000 - 0x00007fff8fc79000 	C:\WINDOWS\SYSTEM32\dbghelp.dll

VM Arguments:
jvm_args: -Dfile.encoding=Cp1252 
java_command: com.bpa.desktop.DesktopLauncher
java_class_path (initial): C:\Users\Richa\git\DUN-GUN\libGDX Workspace\desktop\bin\main;\DUN-GUN-core\bin\default;C:\Users\Richa\git\DUN-GUN\libGDX Workspace\core\bin\main;C:\Users\Richa\.gradle\caches\modules-2\files-2.1\com.badlogicgames.gdx\gdx-tools\1.9.8\5c32820fccee957cc77990d353297ceed1a63159\gdx-tools-1.9.8.jar;C:\Users\Richa\.gradle\caches\modules-2\files-2.1\com.badlogicgames.gdx\gdx-backend-lwjgl\1.9.8\b7c138f14ed67ad830ae7597da3d86ae02b20eee\gdx-backend-lwjgl-1.9.8.jar;C:\Users\Richa\.gradle\caches\modules-2\files-2.1\com.badlogicgames.gdx\gdx-platform\1.9.8\604a2ef2c7c92a5900114757cbd3fb4dcbb8270c\gdx-platform-1.9.8-natives-desktop.jar;C:\Users\Richa\.gradle\caches\modules-2\files-2.1\com.badlogicgames.gdx\gdx-box2d-platform\1.9.8\3195b56f82751d7cd7de85edb6824d17bf479781\gdx-box2d-platform-1.9.8-natives-desktop.jar;C:\Users\Richa\.gradle\caches\modules-2\files-2.1\com.badlogicgames.gdx\gdx-ai\1.8.0\ec30677d8ab1a8b8aa4b853c5f4e4b1361f50bf5\gdx-ai-1.8.0.jar;C:\Users\Richa\.gradle\caches\modules-2\files-2.1\com.badlogicgames.ashley\ashley\1.7.0\a7c4083c0a42027a3c03ba7ccecef6cbe1c5f0a4\ashley-1.7.0.jar;C:\Users\Richa\.gradle\caches\modules-2\files-2.1\com.badlogicgames.gdx\gdx-backend-headless\1.9.8\c90fcd61d78d3b3d3ee7e493030b06df984df53b\gdx-backend-headless-1.9.8.jar;C:\Users\Richa\.gradle\caches\modules-2\files-2.1\com.badlogicgames.gdx\gdx-freetype\1.9.8\d92b5b8beab10e3b3c0dd836d4fc186f95e7ea4b\gdx-freetype-1.9.8.jar;C:\Users\Richa\.gradle\caches\modules-2\files-2.1\com.badlogicgames.box2dlights\box2dlights\1.4\3d77ad5b4164fb32fc67e2446e35911bb0aaf0bd\box2dlights-1.4.jar;C:\Users\Richa\.gradle\caches\modules-2\files-2.1\com.badlogicgames.gdx\gdx-box2d\1.9.8\6f0497b7958216464101adfb7bdc3a0f7b88d6d3\gdx-box2d-1.9.8.jar;C:\Users\Richa\.gradle\caches\modules-2\files-2.1\com.badlogicgames.gdx\gdx\1.9.8\a35a0076fbce873f9c2d5a1a1c8066244231bb3c\gdx-1.9.8.jar;C:\Users\Richa\.gradle\caches\modules-2\files-2.1\org.lwjgl.lwjgl\lwjgl_util\2.9.2\4b9e37300a8779985
Launcher Type: SUN_STANDARD

Environment Variables:
PATH=C:/Program Files/Java/jre1.8.0_191/bin/server;C:/Program Files/Java/jre1.8.0_191/bin;C:/Program Files/Java/jre1.8.0_191/lib/amd64;C:\Program Files (x86)\Common Files\Oracle\Java\javapath;C:\windows\system32;C:\windows;C:\windows\System32\Wbem;C:\windows\System32\WindowsPowerShell\v1.0\;C:\Program Files (x86)\NVIDIA Corporation\PhysX\Common;C:\WINDOWS\system32;C:\WINDOWS;C:\WINDOWS\System32\Wbem;C:\WINDOWS\System32\WindowsPowerShell\v1.0\;C:\WINDOWS\System32\OpenSSH\;C:\Users\Richa\AppData\Local\Microsoft\WindowsApps;;C:\WINDOWS\System32;
USERNAME=Richa
OS=Windows_NT
PROCESSOR_IDENTIFIER=Intel64 Family 6 Model 158 Stepping 10, GenuineIntel



---------------  S Y S T E M  ---------------

OS: Windows 10.0 , 64 bit Build 17134 (10.0.17134.1)

CPU:total 12 (initial active 12) (6 cores per cpu, 2 threads per core) family 6 model 158 stepping 10, cmov, cx8, fxsr, mmx, sse, sse2, sse3, ssse3, sse4.1, sse4.2, popcnt, avx, avx2, aes, clmul, erms, 3dnowpref, lzcnt, ht, tsc, tscinvbit, bmi1, bmi2, adx

Memory: 4k page, physical 12426168k(7692860k free), swap 14326712k(7556576k free)

vm_info: Java HotSpot(TM) 64-Bit Server VM (25.191-b12) for windows-amd64 JRE (1.8.0_191-b12), built on Oct  6 2018 09:29:03 by "java_re" with MS VC++ 10.0 (VS2010)

time: Wed Dec 12 14:15:03 2018
elapsed time: 149 seconds (0d 0h 2m 29s)

