#
# A fatal error has been detected by the Java Runtime Environment:
#
#  EXCEPTION_ACCESS_VIOLATION (0xc0000005) at pc=0x0000000066bcbd0d, pid=252, tid=0x0000000000003228
#
# JRE version: Java(TM) SE Runtime Environment (8.0_181-b13) (build 1.8.0_181-b13)
# Java VM: Java HotSpot(TM) 64-Bit Server VM (25.181-b13 mixed mode windows-amd64 compressed oops)
# Problematic frame:
# C  [gdx-box2d64.dll+0xbd0d]
#
# Failed to write core dump. Minidumps are not enabled by default on client versions of Windows
#
# If you would like to submit a bug report, please visit:
#   http://bugreport.java.com/bugreport/crash.jsp
# The crash happened outside the Java Virtual Machine in native code.
# See problematic frame for where to report the bug.
#

---------------  T H R E A D  ---------------

Current thread (0x000000001e5bc800):  JavaThread "LWJGL Application" [_thread_in_native, id=12840, stack(0x0000000020120000,0x0000000020220000)]

siginfo: ExceptionCode=0xc0000005, reading address 0x0000002600000002

Registers:
RAX=0x0000002600000002, RBX=0x000000002d987300, RCX=0x000000002d9872d0, RDX=0x00000000000000b8
RSP=0x000000002021e820, RBP=0x0000000000000006, RSI=0x000000002d9872d0, RDI=0x000000002021e8e0
R8 =0x000000002d9872d0, R9 =0x0000000000000002, R10=0x0000000000000000, R11=0x0000000000000001
R12=0x0000000000000000, R13=0x000000001c0d1e30, R14=0x000000002021ead0, R15=0x000000001e5bc800
RIP=0x0000000066bcbd0d, EFLAGS=0x0000000000010202

Top of Stack: (sp=0x000000002021e820)
0x000000002021e820:   000000001c0d1e30 000000001e5bc800
0x000000002021e830:   0000000052f8ee28 000000001f93e430
0x000000002021e840:   0000000000000012 000000002d9872d0
0x000000002021e850:   000000001b900468 000000002021e8e0
0x000000002021e860:   000000002021ea28 0000000000000000
0x000000002021e870:   000000001c0d1e30 0000000066be2483
0x000000002021e880:   000000002021e920 000000002021e920
0x000000002021e890:   0000000000000003 000000001c0d1e30
0x000000002021e8a0:   0000000000000001 000000001b900468
0x000000002021e8b0:   000000000006a008 0000000066be8616
0x000000002021e8c0:   0000000000000000 000000000006a008
0x000000002021e8d0:   000000002021ea28 00000000027e5798
0x000000002021e8e0:   4132b11f00000002 00000000403a90c1
0x000000002021e8f0:   0000000000000000 0000000000000000
0x000000002021e900:   0000010100000000 000000002021ea01
0x000000002021e910:   0000000000000000 000000003f800000 

Instructions: (pc=0x0000000066bcbd0d)
0x0000000066bcbced:   48 8d 05 6c a3 05 00 0f b6 1c 18 80 fb 0d 0f b6
0x0000000066bcbcfd:   eb 77 21 48 8d 1c de 48 8b 43 10 48 85 c0 74 3a
0x0000000066bcbd0d:   48 8b 10 48 89 53 10 48 83 c4 28 5b 5e 5f 5d 41
0x0000000066bcbd1d:   5c 41 5d c3 48 8d 15 18 9e 04 00 48 8d 0d 99 9e 


Register to memory mapping:

RAX=0x0000002600000002 is an unknown value
RBX=0x000000002d987300 is an unknown value
RCX=0x000000002d9872d0 is an unknown value
RDX=0x00000000000000b8 is an unknown value
RSP=0x000000002021e820 is pointing into the stack for thread: 0x000000001e5bc800
RBP=0x0000000000000006 is an unknown value
RSI=0x000000002d9872d0 is an unknown value
RDI=0x000000002021e8e0 is pointing into the stack for thread: 0x000000001e5bc800
R8 =0x000000002d9872d0 is an unknown value
R9 =0x0000000000000002 is an unknown value
R10=0x0000000000000000 is an unknown value
R11=0x0000000000000001 is an unknown value
R12=0x0000000000000000 is an unknown value
R13={method} {0x000000001c0d1e38} 'jniCreateBody' '(JIFFFFFFFFZZZZZF)J' in 'com/badlogic/gdx/physics/box2d/World'
R14=0x000000002021ead0 is pointing into the stack for thread: 0x000000001e5bc800
R15=0x000000001e5bc800 is a thread


Stack: [0x0000000020120000,0x0000000020220000],  sp=0x000000002021e820,  free space=1018k
Native frames: (J=compiled Java code, j=interpreted, Vv=VM code, C=native code)
C  [gdx-box2d64.dll+0xbd0d]
C  [gdx-box2d64.dll+0x22483]
C  [gdx-box2d64.dll+0x28616]
C  0x00000000027f8c67

Java frames: (J=compiled Java code, j=interpreted, Vv=VM code)
j  com.badlogic.gdx.physics.box2d.World.jniCreateBody(JIFFFFFFFFZZZZZF)J+0
j  com.badlogic.gdx.physics.box2d.World.createBody(Lcom/badlogic/gdx/physics/box2d/BodyDef;)Lcom/badlogic/gdx/physics/box2d/Body;+80
j  com.bpa.CreateBullet.defineBullet()V+36
j  com.bpa.CreateBullet.<init>(Lcom/badlogic/gdx/physics/box2d/World;)V+38
J 1215 C1 com.bpa.Level1.shootGun()V (392 bytes) @ 0x0000000002ce66cc [0x0000000002ce6380+0x34c]
j  com.bpa.Level1.cameraUpdate(F)V+14
J 1210 C1 com.bpa.Level1.render(F)V (828 bytes) @ 0x0000000002cde2a4 [0x0000000002cdc1a0+0x2104]
j  com.badlogic.gdx.Game.render()V+19
j  com.bpa.DunGun.render()V+1
j  com.badlogic.gdx.backends.lwjgl.LwjglApplication.mainLoop()V+698
j  com.badlogic.gdx.backends.lwjgl.LwjglApplication$1.run()V+27
v  ~StubRoutines::call_stub

---------------  P R O C E S S  ---------------

Java Threads: ( => current thread )
  0x000000002fc3b000 JavaThread "LWJGL Timer" daemon [_thread_blocked, id=5168, stack(0x0000000031140000,0x0000000031240000)]
  0x000000001f72b000 JavaThread "AsynchExecutor-Thread" daemon [_thread_blocked, id=9296, stack(0x000000002d870000,0x000000002d970000)]
  0x00000000026e3800 JavaThread "DestroyJavaVM" [_thread_blocked, id=6296, stack(0x0000000002570000,0x0000000002670000)]
=>0x000000001e5bc800 JavaThread "LWJGL Application" [_thread_in_native, id=12840, stack(0x0000000020120000,0x0000000020220000)]
  0x000000001e29e800 JavaThread "Service Thread" daemon [_thread_blocked, id=5816, stack(0x000000001edc0000,0x000000001eec0000)]
  0x000000001e20f800 JavaThread "C1 CompilerThread3" daemon [_thread_blocked, id=10008, stack(0x000000001ecc0000,0x000000001edc0000)]
  0x000000001e20c000 JavaThread "C2 CompilerThread2" daemon [_thread_blocked, id=12760, stack(0x000000001ebc0000,0x000000001ecc0000)]
  0x000000001e207800 JavaThread "C2 CompilerThread1" daemon [_thread_blocked, id=12260, stack(0x000000001eac0000,0x000000001ebc0000)]
  0x000000001e1fc000 JavaThread "C2 CompilerThread0" daemon [_thread_blocked, id=11476, stack(0x000000001e9c0000,0x000000001eac0000)]
  0x000000001e1fa800 JavaThread "Attach Listener" daemon [_thread_blocked, id=2512, stack(0x000000001e8c0000,0x000000001e9c0000)]
  0x000000001c2fe800 JavaThread "Signal Dispatcher" daemon [_thread_blocked, id=7628, stack(0x000000001e7c0000,0x000000001e8c0000)]
  0x000000001e1f0800 JavaThread "Finalizer" daemon [_thread_blocked, id=11052, stack(0x000000001e5d0000,0x000000001e6d0000)]
  0x000000001c2ed800 JavaThread "Reference Handler" daemon [_thread_blocked, id=11468, stack(0x000000001e0d0000,0x000000001e1d0000)]

Other Threads:
  0x000000001c2e8800 VMThread [stack: 0x000000001dfd0000,0x000000001e0d0000] [id=1008]
  0x000000001e2c1000 WatcherThread [stack: 0x000000001eec0000,0x000000001efc0000] [id=12512]

VM state:not at safepoint (normal execution)

VM Mutex/Monitor currently owned by a thread: None

Heap:
 PSYoungGen      total 76288K, used 51766K [0x000000076ae00000, 0x0000000770300000, 0x00000007c0000000)
  eden space 65536K, 78% used [0x000000076ae00000,0x000000076e08d938,0x000000076ee00000)
  from space 10752K, 0% used [0x000000076f880000,0x000000076f880000,0x0000000770300000)
  to   space 10752K, 0% used [0x000000076ee00000,0x000000076ee00000,0x000000076f880000)
 ParOldGen       total 175104K, used 0K [0x00000006c0a00000, 0x00000006cb500000, 0x000000076ae00000)
  object space 175104K, 0% used [0x00000006c0a00000,0x00000006c0a00000,0x00000006cb500000)
 Metaspace       used 9344K, capacity 9545K, committed 9728K, reserved 1058816K
  class space    used 893K, capacity 955K, committed 1024K, reserved 1048576K

Card table byte_map: [0x0000000011ba0000,0x00000000123a0000] byte_map_base: 0x000000000e59b000

Marking Bits: (ParMarkBitMap*) 0x0000000053172d00
 Begin Bits: [0x0000000013100000, 0x00000000170d8000)
 End Bits:   [0x00000000170d8000, 0x000000001b0b0000)

Polling page: 0x00000000003f0000

CodeCache: size=245760Kb used=5152Kb max_used=5152Kb free=240607Kb
 bounds [0x00000000027e0000, 0x0000000002cf0000, 0x00000000117e0000]
 total_blobs=1738 nmethods=1223 adapters=428
 compilation: enabled

Compilation events (10 events):
Event: 6.552 Thread 0x000000001e20f800 1221       3       sun.nio.cs.StreamEncoder::writeBytes (132 bytes)
Event: 6.554 Thread 0x000000001e20f800 nmethod 1221 0x0000000002ce8310 code [0x0000000002ce8520, 0x0000000002ce9198]
Event: 6.554 Thread 0x000000001e20f800 1222   !   3       java.io.PrintStream::write (69 bytes)
Event: 6.555 Thread 0x000000001e20f800 nmethod 1222 0x0000000002ce96d0 code [0x0000000002ce98a0, 0x0000000002cea018]
Event: 6.555 Thread 0x000000001e20f800 1213       3       com.badlogic.gdx.physics.box2d.World::step (12 bytes)
Event: 6.555 Thread 0x000000001e20f800 nmethod 1213 0x0000000002cda590 code [0x0000000002cda700, 0x0000000002cda8a8]
Event: 6.555 Thread 0x000000001e20f800 1216   !   3       java.io.PrintStream::newLine (73 bytes)
Event: 6.557 Thread 0x000000001e20f800 nmethod 1216 0x0000000002cea450 code [0x0000000002cea660, 0x0000000002ceb0d8]
Event: 6.696 Thread 0x000000001e20f800 1223       1       com.badlogic.gdx.physics.box2d.Fixture::getUserData (5 bytes)
Event: 6.696 Thread 0x000000001e20f800 nmethod 1223 0x0000000002caba10 code [0x0000000002cabb60, 0x0000000002cabc70]

GC Heap History (0 events):
No events

Deoptimization events (10 events):
Event: 0.942 Thread 0x000000001e5bc800 Uncommon trap: reason=class_check action=maybe_recompile pc=0x0000000002a5abf8 method=com.badlogic.gdx.assets.AssetLoadingTask.handleAsyncLoader()V @ 137
Event: 0.953 Thread 0x000000001e5bc800 Uncommon trap: reason=class_check action=maybe_recompile pc=0x0000000002a36e8c method=com.badlogic.gdx.assets.AssetLoadingTask.handleAsyncLoader()V @ 137
Event: 1.100 Thread 0x000000001e5bc800 Uncommon trap: reason=bimorphic action=maybe_recompile pc=0x0000000002b6cdcc method=com.badlogic.gdx.assets.AssetLoadingTask.handleAsyncLoader()V @ 137
Event: 1.161 Thread 0x000000001e5bc800 Uncommon trap: reason=bimorphic action=maybe_recompile pc=0x0000000002b6cdcc method=com.badlogic.gdx.assets.AssetLoadingTask.handleAsyncLoader()V @ 137
Event: 1.188 Thread 0x000000001e5bc800 Uncommon trap: reason=unstable_if action=reinterpret pc=0x0000000002b6ca04 method=com.badlogic.gdx.assets.AssetLoadingTask.handleAsyncLoader()V @ 12
Event: 1.188 Thread 0x000000001e5bc800 Uncommon trap: reason=unstable_if action=reinterpret pc=0x0000000002b60d10 method=com.badlogic.gdx.assets.AssetLoadingTask.handleAsyncLoader()V @ 12
Event: 1.194 Thread 0x000000001e5bc800 Uncommon trap: reason=unstable_if action=reinterpret pc=0x0000000002a39360 method=com.badlogic.gdx.assets.AssetLoadingTask.handleAsyncLoader()V @ 12
Event: 1.218 Thread 0x000000001e5bc800 Uncommon trap: reason=unstable_if action=reinterpret pc=0x0000000002a981c4 method=com.badlogic.gdx.assets.AssetManager.finishLoading()V @ 13
Event: 1.234 Thread 0x000000001e5bc800 Uncommon trap: reason=unstable_if action=reinterpret pc=0x0000000002b45e68 method=javazoom.jl.decoder.LayerIIIDecoder.huffman_decode(II)V @ 684
Event: 2.157 Thread 0x000000001e5bc800 Uncommon trap: reason=unstable_if action=reinterpret pc=0x0000000002ba18d4 method=java.util.StringTokenizer.skipDelimiters(I)I @ 29

Classes redefined (0 events):
No events

Internal exceptions (10 events):
Event: 0.103 Thread 0x00000000026e3800 Exception <a 'java/security/PrivilegedActionException'> (0x000000076b182600) thrown at [C:\re\workspace\8-2-build-windows-amd64-cygwin\jdk8u181\11358\hotspot\src\share\vm\prims\jvm.cpp, line 1435]
Event: 0.103 Thread 0x00000000026e3800 Exception <a 'java/security/PrivilegedActionException'> (0x000000076b182810) thrown at [C:\re\workspace\8-2-build-windows-amd64-cygwin\jdk8u181\11358\hotspot\src\share\vm\prims\jvm.cpp, line 1435]
Event: 0.183 Thread 0x00000000026e3800 Exception <a 'java/security/PrivilegedActionException'> (0x000000076b2ac3b8) thrown at [C:\re\workspace\8-2-build-windows-amd64-cygwin\jdk8u181\11358\hotspot\src\share\vm\prims\jvm.cpp, line 1435]
Event: 0.183 Thread 0x00000000026e3800 Exception <a 'java/security/PrivilegedActionException'> (0x000000076b2ae090) thrown at [C:\re\workspace\8-2-build-windows-amd64-cygwin\jdk8u181\11358\hotspot\src\share\vm\prims\jvm.cpp, line 1435]
Event: 0.183 Thread 0x00000000026e3800 Exception <a 'java/security/PrivilegedActionException'> (0x000000076b2af200) thrown at [C:\re\workspace\8-2-build-windows-amd64-cygwin\jdk8u181\11358\hotspot\src\share\vm\prims\jvm.cpp, line 1435]
Event: 0.183 Thread 0x00000000026e3800 Exception <a 'java/security/PrivilegedActionException'> (0x000000076b2b4368) thrown at [C:\re\workspace\8-2-build-windows-amd64-cygwin\jdk8u181\11358\hotspot\src\share\vm\prims\jvm.cpp, line 1435]
Event: 0.183 Thread 0x00000000026e3800 Exception <a 'java/security/PrivilegedActionException'> (0x000000076b2b4fc0) thrown at [C:\re\workspace\8-2-build-windows-amd64-cygwin\jdk8u181\11358\hotspot\src\share\vm\prims\jvm.cpp, line 1435]
Event: 0.184 Thread 0x00000000026e3800 Exception <a 'java/security/PrivilegedActionException'> (0x000000076b2b5be8) thrown at [C:\re\workspace\8-2-build-windows-amd64-cygwin\jdk8u181\11358\hotspot\src\share\vm\prims\jvm.cpp, line 1435]
Event: 0.737 Thread 0x000000001f72b000 Exception <a 'java/lang/NoSuchFieldError': method resolution failed> (0x000000076bf23118) thrown at [C:\re\workspace\8-2-build-windows-amd64-cygwin\jdk8u181\11358\hotspot\src\share\vm\prims\methodHandles.cpp, line 1167]
Event: 0.738 Thread 0x000000001f72b000 Exception <a 'java/lang/NoSuchFieldError': method resolution failed> (0x000000076bf307d8) thrown at [C:\re\workspace\8-2-build-windows-amd64-cygwin\jdk8u181\11358\hotspot\src\share\vm\prims\methodHandles.cpp, line 1167]

Events (10 events):
Event: 3.241 loading class com/bpa/CreateBullet
Event: 3.241 loading class com/bpa/CreateBullet done
Event: 3.244 loading class java/lang/Math$RandomNumberGeneratorHolder
Event: 3.244 loading class java/lang/Math$RandomNumberGeneratorHolder done
Event: 3.333 Thread 0x000000001e5bc800 DEOPT PACKING pc=0x0000000002c57e52 sp=0x000000002021ed20
Event: 3.333 Thread 0x000000001e5bc800 DEOPT UNPACKING pc=0x0000000002827890 sp=0x000000002021e9c0 mode 0
Event: 4.103 Executing VM operation: EnableBiasedLocking
Event: 4.103 Executing VM operation: EnableBiasedLocking done
Event: 4.444 Thread 0x000000001e5bc800 DEOPT PACKING pc=0x0000000002c69eff sp=0x000000002021ee40
Event: 4.444 Thread 0x000000001e5bc800 DEOPT UNPACKING pc=0x0000000002827890 sp=0x000000002021ec50 mode 0


Dynamic libraries:
0x00007ff6e73c0000 - 0x00007ff6e73f7000 	C:\Program Files\Java\jre1.8.0_181\bin\javaw.exe
0x00007ff99f7d0000 - 0x00007ff99f9b1000 	C:\WINDOWS\SYSTEM32\ntdll.dll
0x00007ff99d0c0000 - 0x00007ff99d172000 	C:\WINDOWS\System32\KERNEL32.DLL
0x00007ff99c900000 - 0x00007ff99cb73000 	C:\WINDOWS\System32\KERNELBASE.dll
0x00007ff99cdf0000 - 0x00007ff99ce91000 	C:\WINDOWS\System32\ADVAPI32.dll
0x00007ff99d420000 - 0x00007ff99d4be000 	C:\WINDOWS\System32\msvcrt.dll
0x00007ff99d7b0000 - 0x00007ff99d80b000 	C:\WINDOWS\System32\sechost.dll
0x00007ff99d620000 - 0x00007ff99d744000 	C:\WINDOWS\System32\RPCRT4.dll
0x00007ff99cc60000 - 0x00007ff99cdf0000 	C:\WINDOWS\System32\USER32.dll
0x00007ff99c830000 - 0x00007ff99c850000 	C:\WINDOWS\System32\win32u.dll
0x00007ff99d260000 - 0x00007ff99d288000 	C:\WINDOWS\System32\GDI32.dll
0x00007ff99c590000 - 0x00007ff99c722000 	C:\WINDOWS\System32\gdi32full.dll
0x00007ff99c2b0000 - 0x00007ff99c34f000 	C:\WINDOWS\System32\msvcp_win.dll
0x00007ff99c730000 - 0x00007ff99c82a000 	C:\WINDOWS\System32\ucrtbase.dll
0x00007ff9859e0000 - 0x00007ff985c49000 	C:\WINDOWS\WinSxS\amd64_microsoft.windows.common-controls_6595b64144ccf1df_6.0.17134.471_none_fb3e9aab3068fc16\COMCTL32.dll
0x00007ff99ddb0000 - 0x00007ff99e0d2000 	C:\WINDOWS\System32\combase.dll
0x00007ff99cb80000 - 0x00007ff99cbfa000 	C:\WINDOWS\System32\bcryptPrimitives.dll
0x00007ff99f770000 - 0x00007ff99f79d000 	C:\WINDOWS\System32\IMM32.DLL
0x0000000052790000 - 0x0000000052862000 	C:\Program Files\Java\jre1.8.0_181\bin\msvcr100.dll
0x0000000052950000 - 0x00000000531f2000 	C:\Program Files\Java\jre1.8.0_181\bin\server\jvm.dll
0x00007ff99d250000 - 0x00007ff99d258000 	C:\WINDOWS\System32\PSAPI.DLL
0x00007ff991630000 - 0x00007ff991653000 	C:\WINDOWS\SYSTEM32\WINMM.dll
0x00007ff98f8c0000 - 0x00007ff98f8c9000 	C:\WINDOWS\SYSTEM32\WSOCK32.dll
0x00007ff9981f0000 - 0x00007ff9981fa000 	C:\WINDOWS\SYSTEM32\VERSION.dll
0x00007ff99d1e0000 - 0x00007ff99d24c000 	C:\WINDOWS\System32\WS2_32.dll
0x00007ff990e00000 - 0x00007ff990e2a000 	C:\WINDOWS\SYSTEM32\WINMMBASE.dll
0x00007ff99c540000 - 0x00007ff99c589000 	C:\WINDOWS\System32\cfgmgr32.dll
0x0000000052940000 - 0x000000005294f000 	C:\Program Files\Java\jre1.8.0_181\bin\verify.dll
0x0000000052910000 - 0x0000000052939000 	C:\Program Files\Java\jre1.8.0_181\bin\java.dll
0x00000000528f0000 - 0x0000000052906000 	C:\Program Files\Java\jre1.8.0_181\bin\zip.dll
0x00007ff99e330000 - 0x00007ff99f770000 	C:\WINDOWS\System32\SHELL32.dll
0x00007ff99e190000 - 0x00007ff99e239000 	C:\WINDOWS\System32\shcore.dll
0x00007ff99bba0000 - 0x00007ff99c2ad000 	C:\WINDOWS\System32\windows.storage.dll
0x00007ff99d750000 - 0x00007ff99d7a1000 	C:\WINDOWS\System32\shlwapi.dll
0x00007ff99bb40000 - 0x00007ff99bb51000 	C:\WINDOWS\System32\kernel.appcore.dll
0x00007ff99bb60000 - 0x00007ff99bb7f000 	C:\WINDOWS\System32\profapi.dll
0x00007ff99baf0000 - 0x00007ff99bb3c000 	C:\WINDOWS\System32\powrprof.dll
0x00007ff99bae0000 - 0x00007ff99baea000 	C:\WINDOWS\System32\FLTLIB.DLL
0x0000000065580000 - 0x0000000065616000 	C:\Users\RichardH\AppData\Local\Temp\libgdxRichardH\12dfaa03\gdx64.dll
0x00007ff99b510000 - 0x00007ff99b527000 	C:\WINDOWS\SYSTEM32\CRYPTSP.dll
0x00007ff99af40000 - 0x00007ff99af73000 	C:\WINDOWS\system32\rsaenh.dll
0x00007ff99b640000 - 0x00007ff99b665000 	C:\WINDOWS\SYSTEM32\bcrypt.dll
0x00007ff99ba10000 - 0x00007ff99ba38000 	C:\WINDOWS\SYSTEM32\USERENV.dll
0x00007ff99b530000 - 0x00007ff99b53b000 	C:\WINDOWS\SYSTEM32\CRYPTBASE.dll
0x00000000528d0000 - 0x00000000528ea000 	C:\Program Files\Java\jre1.8.0_181\bin\net.dll
0x00007ff99b360000 - 0x00007ff99b3c6000 	C:\WINDOWS\system32\mswsock.dll
0x00007ff99b0e0000 - 0x00007ff99b118000 	C:\WINDOWS\SYSTEM32\IPHLPAPI.DLL
0x00007ff99d290000 - 0x00007ff99d298000 	C:\WINDOWS\System32\NSI.dll
0x00007ff997330000 - 0x00007ff997346000 	C:\WINDOWS\SYSTEM32\dhcpcsvc6.DLL
0x00007ff997960000 - 0x00007ff99797a000 	C:\WINDOWS\SYSTEM32\dhcpcsvc.DLL
0x00000000528b0000 - 0x00000000528c1000 	C:\Program Files\Java\jre1.8.0_181\bin\nio.dll
0x0000000180000000 - 0x0000000180053000 	C:\Users\RichardH\AppData\Local\Temp\libgdxRichardH\dc0f0009\lwjgl64.dll
0x00007ff972350000 - 0x00007ff972470000 	C:\WINDOWS\SYSTEM32\OPENGL32.dll
0x00007ff98b580000 - 0x00007ff98b5ac000 	C:\WINDOWS\SYSTEM32\GLU32.dll
0x000000001fb40000 - 0x000000001fba4000 	C:\Users\RichardH\AppData\Local\Temp\libgdxRichardH\dc0f0009\OpenAL64.dll
0x00007ff99d4c0000 - 0x00007ff99d611000 	C:\WINDOWS\System32\ole32.dll
0x00007ff99a1a0000 - 0x00007ff99a238000 	C:\WINDOWS\system32\uxtheme.dll
0x00007ff99e0f0000 - 0x00007ff99e190000 	C:\WINDOWS\System32\clbcatq.dll
0x00007ff996b50000 - 0x00007ff996d04000 	C:\WINDOWS\System32\PROPSYS.dll
0x00007ff99e260000 - 0x00007ff99e322000 	C:\WINDOWS\System32\OLEAUT32.dll
0x00007ff975670000 - 0x00007ff9756ff000 	C:\WINDOWS\SYSTEM32\dsound.dll
0x00007ff996f10000 - 0x00007ff996f86000 	C:\WINDOWS\System32\MMDevApi.dll
0x00007ff99b8f0000 - 0x00007ff99b917000 	C:\WINDOWS\System32\DEVOBJ.dll
0x00007ff973700000 - 0x00007ff97382c000 	C:\WINDOWS\SYSTEM32\AUDIOSES.DLL
0x00007ff995760000 - 0x00007ff9958ad000 	C:\WINDOWS\SYSTEM32\wintypes.dll
0x00007ff98afc0000 - 0x00007ff98afca000 	C:\WINDOWS\SYSTEM32\AVRT.dll
0x00007ff99d2a0000 - 0x00007ff99d413000 	C:\WINDOWS\System32\MSCTF.dll
0x00007ff99a270000 - 0x00007ff99a299000 	C:\WINDOWS\system32\dwmapi.dll
0x00007ff988730000 - 0x00007ff9887c6000 	C:\WINDOWS\System32\TextInputFramework.dll
0x00007ff98aca0000 - 0x00007ff98afbe000 	C:\WINDOWS\System32\CoreUIComponents.dll
0x00007ff9999a0000 - 0x00007ff999a7a000 	C:\WINDOWS\System32\CoreMessaging.dll
0x00007ff99abd0000 - 0x00007ff99ac01000 	C:\WINDOWS\SYSTEM32\ntmarta.dll
0x0000000050100000 - 0x0000000052783000 	C:\WINDOWS\System32\DriverStore\FileRepository\nv_dispi.inf_amd64_e59b844303b9907e\nvoglv64.dll
0x00007ff99d960000 - 0x00007ff99ddab000 	C:\WINDOWS\System32\SETUPAPI.dll
0x00007ff998490000 - 0x00007ff9984a3000 	C:\WINDOWS\SYSTEM32\WTSAPI32.dll
0x00007ff99cc00000 - 0x00007ff99cc57000 	C:\WINDOWS\System32\WINTRUST.dll
0x00007ff99bb80000 - 0x00007ff99bb92000 	C:\WINDOWS\System32\MSASN1.dll
0x00007ff99c350000 - 0x00007ff99c532000 	C:\WINDOWS\System32\CRYPT32.dll
0x00007ff971dd0000 - 0x00007ff972096000 	C:\WINDOWS\system32\nvspcap64.dll
0x00007ff994560000 - 0x00007ff994608000 	C:\WINDOWS\SYSTEM32\mscms.dll
0x00007ff998e60000 - 0x00007ff998e70000 	C:\WINDOWS\SYSTEM32\ColorAdapterClient.dll
0x00007ff989ea0000 - 0x00007ff989ee3000 	C:\WINDOWS\SYSTEM32\icm32.dll
0x00007ff99ac70000 - 0x00007ff99acc6000 	C:\WINDOWS\SYSTEM32\WINSTA.dll
0x0000000066bc0000 - 0x0000000066c7b000 	C:\Users\RichardH\AppData\Local\Temp\libgdxRichardH\54593449\gdx-box2d64.dll
0x00007ff997710000 - 0x00007ff9978d9000 	C:\WINDOWS\SYSTEM32\dbghelp.dll

VM Arguments:
jvm_args: -Dfile.encoding=UTF-8 
java_command: com.bpa.desktop.DesktopLauncher
java_class_path (initial): C:\Users\RichardH\git\DUN-GUN\libGDX Workspace\desktop\bin\main;\DUN-GUN-core\bin\default;C:\Users\RichardH\git\DUN-GUN\libGDX Workspace\core\bin\main;C:\Users\RichardH\.gradle\caches\modules-2\files-2.1\com.badlogicgames.gdx\gdx-tools\1.9.8\5c32820fccee957cc77990d353297ceed1a63159\gdx-tools-1.9.8.jar;C:\Users\RichardH\.gradle\caches\modules-2\files-2.1\com.badlogicgames.gdx\gdx-backend-lwjgl\1.9.8\b7c138f14ed67ad830ae7597da3d86ae02b20eee\gdx-backend-lwjgl-1.9.8.jar;C:\Users\RichardH\.gradle\caches\modules-2\files-2.1\com.badlogicgames.gdx\gdx-platform\1.9.8\604a2ef2c7c92a5900114757cbd3fb4dcbb8270c\gdx-platform-1.9.8-natives-desktop.jar;C:\Users\RichardH\.gradle\caches\modules-2\files-2.1\com.badlogicgames.gdx\gdx-box2d-platform\1.9.8\3195b56f82751d7cd7de85edb6824d17bf479781\gdx-box2d-platform-1.9.8-natives-desktop.jar;C:\Users\RichardH\.gradle\caches\modules-2\files-2.1\com.badlogicgames.gdx\gdx-ai\1.8.0\ec30677d8ab1a8b8aa4b853c5f4e4b1361f50bf5\gdx-ai-1.8.0.jar;C:\Users\RichardH\.gradle\caches\modules-2\files-2.1\com.badlogicgames.ashley\ashley\1.7.0\a7c4083c0a42027a3c03ba7ccecef6cbe1c5f0a4\ashley-1.7.0.jar;C:\Users\RichardH\.gradle\caches\modules-2\files-2.1\com.badlogicgames.gdx\gdx-backend-headless\1.9.8\c90fcd61d78d3b3d3ee7e493030b06df984df53b\gdx-backend-headless-1.9.8.jar;C:\Users\RichardH\.gradle\caches\modules-2\files-2.1\com.badlogicgames.gdx\gdx-freetype\1.9.8\d92b5b8beab10e3b3c0dd836d4fc186f95e7ea4b\gdx-freetype-1.9.8.jar;C:\Users\RichardH\.gradle\caches\modules-2\files-2.1\com.badlogicgames.box2dlights\box2dlights\1.4\3d77ad5b4164fb32fc67e2446e35911bb0aaf0bd\box2dlights-1.4.jar;C:\Users\RichardH\.gradle\caches\modules-2\files-2.1\com.badlogicgames.gdx\gdx-box2d\1.9.8\6f0497b7958216464101adfb7bdc3a0f7b88d6d3\gdx-box2d-1.9.8.jar;C:\Users\RichardH\.gradle\caches\modules-2\files-2.1\com.badlogicgames.gdx\gdx\1.9.8\a35a0076fbce873f9c2d5a1a1c8066244231bb3c\gdx-1.9.8.jar;C:\Users\RichardH\.gradle\caches\modules-2\files-2.1\org.lwjg
Launcher Type: SUN_STANDARD

Environment Variables:
PATH=C:/Program Files/Java/jre1.8.0_181/bin/server;C:/Program Files/Java/jre1.8.0_181/bin;C:/Program Files/Java/jre1.8.0_181/lib/amd64;C:\Program Files (x86)\Common Files\Oracle\Java\javapath;C:\ProgramData\Oracle\Java\javapath;C:\WINDOWS\system32;C:\WINDOWS;C:\WINDOWS\System32\Wbem;C:\WINDOWS\System32\WindowsPowerShell\v1.0\;C:\Program Files (x86)\NVIDIA Corporation\PhysX\Common;C:\WINDOWS\system32;C:\WINDOWS;C:\WINDOWS\System32\Wbem;C:\WINDOWS\System32\WindowsPowerShell\v1.0\;C:\WINDOWS\System32\OpenSSH\;C:\Program Files\NVIDIA Corporation\NVIDIA NvDLISR;C:\Users\RichardH\AppData\Local\Programs\Python\Python36-32\Scripts\;C:\Users\RichardH\AppData\Local\Programs\Python\Python36-32\;C:\Users\RichardH\AppData\Local\Microsoft\WindowsApps;C:\Users\RichardH\AppData\Local\GitHubDesktop\bin;C:\Users\RichardH\AppData\Local\Microsoft\WindowsApps;C:\WINDOWS\System32;
USERNAME=RichardH
OS=Windows_NT
PROCESSOR_IDENTIFIER=Intel64 Family 6 Model 158 Stepping 9, GenuineIntel



---------------  S Y S T E M  ---------------

OS: Windows 10.0 , 64 bit Build 17134 (10.0.17134.1)

CPU:total 8 (initial active 8) (4 cores per cpu, 2 threads per core) family 6 model 158 stepping 9, cmov, cx8, fxsr, mmx, sse, sse2, sse3, ssse3, sse4.1, sse4.2, popcnt, avx, avx2, aes, clmul, erms, rtm, 3dnowpref, lzcnt, ht, tsc, tscinvbit, bmi1, bmi2, adx

Memory: 4k page, physical 16729960k(12349180k free), swap 17778536k(10844472k free)

vm_info: Java HotSpot(TM) 64-Bit Server VM (25.181-b13) for windows-amd64 JRE (1.8.0_181-b13), built on Jul  7 2018 04:01:33 by "java_re" with MS VC++ 10.0 (VS2010)

time: Fri Dec 14 00:43:43 2018
elapsed time: 7 seconds (0d 0h 0m 7s)

