#
# A fatal error has been detected by the Java Runtime Environment:
#
#  EXCEPTION_ACCESS_VIOLATION (0xc0000005) at pc=0x0000000066bcbd0d, pid=8020, tid=0x0000000000001904
#
# JRE version: Java(TM) SE Runtime Environment (8.0_181-b13) (build 1.8.0_181-b13)
# Java VM: Java HotSpot(TM) 64-Bit Server VM (25.181-b13 mixed mode windows-amd64 compressed oops)
# Problematic frame:
# C  [gdx-box2d64.dll+0xbd0d]
#
# Failed to write core dump. Minidumps are not enabled by default on client versions of Windows
#
# If you would like to submit a bug report, please visit:
#   http://bugreport.java.com/bugreport/crash.jsp
# The crash happened outside the Java Virtual Machine in native code.
# See problematic frame for where to report the bug.
#

---------------  T H R E A D  ---------------

Current thread (0x000000001f029000):  JavaThread "LWJGL Application" [_thread_in_native, id=6404, stack(0x000000001fdc0000,0x000000001fec0000)]

siginfo: ExceptionCode=0xc0000005, reading address 0x0000002600000002

Registers:
RAX=0x0000002600000002, RBX=0x000000002f617300, RCX=0x000000002f6172d0, RDX=0x00000000000000b8
RSP=0x000000001febe790, RBP=0x0000000000000006, RSI=0x000000002f6172d0, RDI=0x000000001febe850
R8 =0x000000002f6172d0, R9 =0x0000000000000002, R10=0x0000000000000000, R11=0x0000000000000001
R12=0x0000000000000000, R13=0x0000000030f2dca8, R14=0x000000001febeb10, R15=0x000000001f029000
RIP=0x0000000066bcbd0d, EFLAGS=0x0000000000010202

Top of Stack: (sp=0x000000001febe790)
0x000000001febe790:   3ff6b0f740000000 0000000000000001
0x000000001febe7a0:   000000002f64a180 0000000002a31d2f
0x000000001febe7b0:   3ff6b0f740000000 000000002f6172d0
0x000000001febe7c0:   0000000000000001 000000001febe850
0x000000001febe7d0:   000000001febe970 0000000000000000
0x000000001febe7e0:   0000000030f2dca8 0000000066be2483
0x000000001febe7f0:   000000003fb587ba 0000000000000000
0x000000001febe800:   000000003fc90fdb 0000000000000000
0x000000001febe810:   0000000000000001 0000000000000001
0x000000001febe820:   0000000000000001 0000000066be8616
0x000000001febe830:   0000000000000000 0000000000000000
0x000000001febe840:   0000000000000000 0000000000000000
0x000000001febe850:   417911ee00000002 00000000412e06b4
0x000000001febe860:   0000000000000000 0000000000000000
0x000000001febe870:   0000010100000000 0000000000000001
0x000000001febe880:   0000000000000000 000000003f800000 

Instructions: (pc=0x0000000066bcbd0d)
0x0000000066bcbced:   48 8d 05 6c a3 05 00 0f b6 1c 18 80 fb 0d 0f b6
0x0000000066bcbcfd:   eb 77 21 48 8d 1c de 48 8b 43 10 48 85 c0 74 3a
0x0000000066bcbd0d:   48 8b 10 48 89 53 10 48 83 c4 28 5b 5e 5f 5d 41
0x0000000066bcbd1d:   5c 41 5d c3 48 8d 15 18 9e 04 00 48 8d 0d 99 9e 


Register to memory mapping:

RAX=0x0000002600000002 is an unknown value
RBX=0x000000002f617300 is an unknown value
RCX=0x000000002f6172d0 is an unknown value
RDX=0x00000000000000b8 is an unknown value
RSP=0x000000001febe790 is pointing into the stack for thread: 0x000000001f029000
RBP=0x0000000000000006 is an unknown value
RSI=0x000000002f6172d0 is an unknown value
RDI=0x000000001febe850 is pointing into the stack for thread: 0x000000001f029000
R8 =0x000000002f6172d0 is an unknown value
R9 =0x0000000000000002 is an unknown value
R10=0x0000000000000000 is an unknown value
R11=0x0000000000000001 is an unknown value
R12=0x0000000000000000 is an unknown value
R13=0x0000000030f2dca8 is pointing into metadata
R14=0x000000001febeb10 is pointing into the stack for thread: 0x000000001f029000
R15=0x000000001f029000 is a thread


Stack: [0x000000001fdc0000,0x000000001fec0000],  sp=0x000000001febe790,  free space=1017k
Native frames: (J=compiled Java code, j=interpreted, Vv=VM code, C=native code)
C  [gdx-box2d64.dll+0xbd0d]
C  [gdx-box2d64.dll+0x22483]
C  [gdx-box2d64.dll+0x28616]
C  0x0000000002a277a4

Java frames: (J=compiled Java code, j=interpreted, Vv=VM code)
J 1421  com.badlogic.gdx.physics.box2d.World.jniCreateBody(JIFFFFFFFFZZZZZF)J (0 bytes) @ 0x0000000002a27726 [0x0000000002a27680+0xa6]
J 1364 C1 com.badlogic.gdx.physics.box2d.World.createBody(Lcom/badlogic/gdx/physics/box2d/BodyDef;)Lcom/badlogic/gdx/physics/box2d/Body; (120 bytes) @ 0x00000000029f92cc [0x00000000029f9120+0x1ac]
J 1431 C1 com.bpa.CreateBullet.defineBullet()V (658 bytes) @ 0x0000000002a2ed14 [0x0000000002a2eb60+0x1b4]
J 1389 C1 com.bpa.CreateBullet.<init>(Lcom/badlogic/gdx/physics/box2d/World;)V (170 bytes) @ 0x0000000002a0c95c [0x0000000002a0c7c0+0x19c]
J 1265 C1 com.bpa.Level1.shootGun()V (392 bytes) @ 0x00000000029ac38c [0x00000000029ac040+0x34c]
J 1346 C1 com.bpa.Level1.cameraUpdate(F)V (324 bytes) @ 0x00000000029e2f5c [0x00000000029e2dc0+0x19c]
J 1492 C1 com.bpa.Level1.render(F)V (828 bytes) @ 0x0000000002a7231c [0x0000000002a702a0+0x207c]
J 1416 C1 com.bpa.DunGun.render()V (5 bytes) @ 0x0000000002a23b7c [0x0000000002a23960+0x21c]
j  com.badlogic.gdx.backends.lwjgl.LwjglApplication.mainLoop()V+698
j  com.badlogic.gdx.backends.lwjgl.LwjglApplication$1.run()V+27
v  ~StubRoutines::call_stub

---------------  P R O C E S S  ---------------

Java Threads: ( => current thread )
  0x000000002fa8e000 JavaThread "LWJGL Timer" daemon [_thread_blocked, id=9924, stack(0x0000000030dd0000,0x0000000030ed0000)]
  0x000000001f602800 JavaThread "AsynchExecutor-Thread" daemon [_thread_blocked, id=6692, stack(0x000000002d500000,0x000000002d600000)]
  0x00000000023a3800 JavaThread "DestroyJavaVM" [_thread_blocked, id=12516, stack(0x0000000002280000,0x0000000002380000)]
=>0x000000001f029000 JavaThread "LWJGL Application" [_thread_in_native, id=6404, stack(0x000000001fdc0000,0x000000001fec0000)]
  0x000000001df41000 JavaThread "Service Thread" daemon [_thread_blocked, id=964, stack(0x000000001ea70000,0x000000001eb70000)]
  0x000000001dec0000 JavaThread "C1 CompilerThread3" daemon [_thread_blocked, id=12928, stack(0x000000001e970000,0x000000001ea70000)]
  0x000000001deb4000 JavaThread "C2 CompilerThread2" daemon [_thread_blocked, id=5552, stack(0x000000001e870000,0x000000001e970000)]
  0x000000001deae800 JavaThread "C2 CompilerThread1" daemon [_thread_blocked, id=5236, stack(0x000000001e770000,0x000000001e870000)]
  0x000000001deac000 JavaThread "C2 CompilerThread0" daemon [_thread_blocked, id=10228, stack(0x000000001e670000,0x000000001e770000)]
  0x000000001deaa000 JavaThread "Attach Listener" daemon [_thread_blocked, id=12480, stack(0x000000001e570000,0x000000001e670000)]
  0x000000001dea9800 JavaThread "Signal Dispatcher" daemon [_thread_blocked, id=9888, stack(0x000000001e470000,0x000000001e570000)]
  0x000000001dea0800 JavaThread "Finalizer" daemon [_thread_blocked, id=9440, stack(0x000000001e280000,0x000000001e380000)]
  0x000000001bfad800 JavaThread "Reference Handler" daemon [_thread_blocked, id=1744, stack(0x000000001dd80000,0x000000001de80000)]

Other Threads:
  0x000000001bfa8800 VMThread [stack: 0x000000001dc80000,0x000000001dd80000] [id=9940]
  0x000000001df6c800 WatcherThread [stack: 0x000000001eb70000,0x000000001ec70000] [id=12700]

VM state:not at safepoint (normal execution)

VM Mutex/Monitor currently owned by a thread: None

Heap:
 PSYoungGen      total 76288K, used 53946K [0x000000076ae00000, 0x0000000770300000, 0x00000007c0000000)
  eden space 65536K, 82% used [0x000000076ae00000,0x000000076e2ae8d8,0x000000076ee00000)
  from space 10752K, 0% used [0x000000076f880000,0x000000076f880000,0x0000000770300000)
  to   space 10752K, 0% used [0x000000076ee00000,0x000000076ee00000,0x000000076f880000)
 ParOldGen       total 175104K, used 0K [0x00000006c0a00000, 0x00000006cb500000, 0x000000076ae00000)
  object space 175104K, 0% used [0x00000006c0a00000,0x00000006c0a00000,0x00000006cb500000)
 Metaspace       used 9452K, capacity 9609K, committed 9728K, reserved 1058816K
  class space    used 895K, capacity 955K, committed 1024K, reserved 1048576K

Card table byte_map: [0x0000000011860000,0x0000000012060000] byte_map_base: 0x000000000e25b000

Marking Bits: (ParMarkBitMap*) 0x0000000053172d00
 Begin Bits: [0x0000000012dc0000, 0x0000000016d98000)
 End Bits:   [0x0000000016d98000, 0x000000001ad70000)

Polling page: 0x0000000000960000

CodeCache: size=245760Kb used=5978Kb max_used=5978Kb free=239781Kb
 bounds [0x00000000024a0000, 0x0000000002a80000, 0x00000000114a0000]
 total_blobs=2014 nmethods=1499 adapters=428
 compilation: enabled

Compilation events (10 events):
Event: 44.999 Thread 0x000000001dec0000 1493       3       com.badlogic.gdx.backends.lwjgl.LwjglGL20::glClearColor (9 bytes)
Event: 45.000 Thread 0x000000001dec0000 nmethod 1493 0x0000000002a69a90 code [0x0000000002a69c80, 0x0000000002a6a478]
Event: 45.000 Thread 0x000000001dec0000 1495       3       com.badlogic.gdx.backends.lwjgl.LwjglGL20::glClear (5 bytes)
Event: 45.000 Thread 0x000000001dec0000 nmethod 1495 0x0000000002a78450 code [0x0000000002a78640, 0x0000000002a78df8]
Event: 45.000 Thread 0x000000001dec0000 1497       3       com.badlogic.gdx.backends.lwjgl.LwjglInput::setCursorCatched (5 bytes)
Event: 45.000 Thread 0x000000001dec0000 nmethod 1497 0x0000000002a40150 code [0x0000000002a402c0, 0x0000000002a40448]
Event: 45.209 Thread 0x000000001dec0000 1498       3       com.badlogic.gdx.physics.box2d.Body::applyLinearImpulse (16 bytes)
Event: 45.209 Thread 0x000000001dec0000 nmethod 1498 0x0000000002a6da50 code [0x0000000002a6dbc0, 0x0000000002a6dd48]
Event: 45.758 Thread 0x000000001dec0000 1499       3       com.badlogic.gdx.graphics.g2d.SpriteBatch::draw (619 bytes)
Event: 45.760 Thread 0x000000001dec0000 nmethod 1499 0x0000000002a79310 code [0x0000000002a795a0, 0x0000000002a7a2c8]

GC Heap History (0 events):
No events

Deoptimization events (10 events):
Event: 1.200 Thread 0x000000001f029000 Uncommon trap: reason=unstable_if action=reinterpret pc=0x000000000282b33c method=com.badlogic.gdx.assets.AssetLoadingTask.handleAsyncLoader()V @ 12
Event: 1.200 Thread 0x000000001f029000 Uncommon trap: reason=unstable_if action=reinterpret pc=0x000000000282e8d0 method=com.badlogic.gdx.assets.AssetLoadingTask.handleAsyncLoader()V @ 12
Event: 1.200 Thread 0x000000001f029000 Uncommon trap: reason=unstable_if action=reinterpret pc=0x00000000027111e0 method=com.badlogic.gdx.assets.AssetLoadingTask.handleAsyncLoader()V @ 12
Event: 1.234 Thread 0x000000001f029000 Uncommon trap: reason=unstable_if action=reinterpret pc=0x0000000002761884 method=com.badlogic.gdx.assets.AssetManager.finishLoading()V @ 13
Event: 1.495 Thread 0x000000001f029000 Uncommon trap: reason=unstable_if action=reinterpret pc=0x0000000002821420 method=javazoom.jl.decoder.LayerIIIDecoder.huffman_decode(II)V @ 684
Event: 2.427 Thread 0x000000001f029000 Uncommon trap: reason=unstable_if action=reinterpret pc=0x000000000285c254 method=java.util.StringTokenizer.skipDelimiters(I)I @ 29
Event: 34.161 Thread 0x000000001f029000 Uncommon trap: reason=unstable_if action=reinterpret pc=0x0000000002a29ed8 method=org.lwjgl.input.Keyboard.isKeyDown(I)Z @ 29
Event: 36.360 Thread 0x000000001f029000 Uncommon trap: reason=unstable_if action=reinterpret pc=0x0000000002a3e694 method=com.badlogic.gdx.backends.lwjgl.audio.OpenALAudio.stopSourcesWithBuffer(I)V @ 54
Event: 44.825 Thread 0x000000001f029000 Uncommon trap: reason=unstable_if action=reinterpret pc=0x0000000002a4ac9c method=com.bpa.Level1.render(F)V @ 577
Event: 45.709 Thread 0x000000001f029000 Uncommon trap: reason=unstable_if action=reinterpret pc=0x00000000029d452c method=com.badlogic.gdx.graphics.g2d.SpriteBatch.draw(Lcom/badlogic/gdx/graphics/g2d/TextureRegion;FFFFFFFFF)V @ 101

Classes redefined (0 events):
No events

Internal exceptions (10 events):
Event: 0.101 Thread 0x00000000023a3800 Exception <a 'java/security/PrivilegedActionException'> (0x000000076b182660) thrown at [C:\re\workspace\8-2-build-windows-amd64-cygwin\jdk8u181\11358\hotspot\src\share\vm\prims\jvm.cpp, line 1435]
Event: 0.101 Thread 0x00000000023a3800 Exception <a 'java/security/PrivilegedActionException'> (0x000000076b182870) thrown at [C:\re\workspace\8-2-build-windows-amd64-cygwin\jdk8u181\11358\hotspot\src\share\vm\prims\jvm.cpp, line 1435]
Event: 0.181 Thread 0x00000000023a3800 Exception <a 'java/security/PrivilegedActionException'> (0x000000076b2ac450) thrown at [C:\re\workspace\8-2-build-windows-amd64-cygwin\jdk8u181\11358\hotspot\src\share\vm\prims\jvm.cpp, line 1435]
Event: 0.181 Thread 0x00000000023a3800 Exception <a 'java/security/PrivilegedActionException'> (0x000000076b2ae128) thrown at [C:\re\workspace\8-2-build-windows-amd64-cygwin\jdk8u181\11358\hotspot\src\share\vm\prims\jvm.cpp, line 1435]
Event: 0.181 Thread 0x00000000023a3800 Exception <a 'java/security/PrivilegedActionException'> (0x000000076b2af298) thrown at [C:\re\workspace\8-2-build-windows-amd64-cygwin\jdk8u181\11358\hotspot\src\share\vm\prims\jvm.cpp, line 1435]
Event: 0.182 Thread 0x00000000023a3800 Exception <a 'java/security/PrivilegedActionException'> (0x000000076b2b4400) thrown at [C:\re\workspace\8-2-build-windows-amd64-cygwin\jdk8u181\11358\hotspot\src\share\vm\prims\jvm.cpp, line 1435]
Event: 0.182 Thread 0x00000000023a3800 Exception <a 'java/security/PrivilegedActionException'> (0x000000076b2b5058) thrown at [C:\re\workspace\8-2-build-windows-amd64-cygwin\jdk8u181\11358\hotspot\src\share\vm\prims\jvm.cpp, line 1435]
Event: 0.182 Thread 0x00000000023a3800 Exception <a 'java/security/PrivilegedActionException'> (0x000000076b2b5c80) thrown at [C:\re\workspace\8-2-build-windows-amd64-cygwin\jdk8u181\11358\hotspot\src\share\vm\prims\jvm.cpp, line 1435]
Event: 0.749 Thread 0x000000001f602800 Exception <a 'java/lang/NoSuchFieldError': method resolution failed> (0x000000076c06ad78) thrown at [C:\re\workspace\8-2-build-windows-amd64-cygwin\jdk8u181\11358\hotspot\src\share\vm\prims\methodHandles.cpp, line 1167]
Event: 0.749 Thread 0x000000001f602800 Exception <a 'java/lang/NoSuchFieldError': method resolution failed> (0x000000076c078438) thrown at [C:\re\workspace\8-2-build-windows-amd64-cygwin\jdk8u181\11358\hotspot\src\share\vm\prims\methodHandles.cpp, line 1167]

Events (10 events):
Event: 36.360 Thread 0x000000001f029000 DEOPT PACKING pc=0x0000000002a3e694 sp=0x000000001febedc0
Event: 36.360 Thread 0x000000001f029000 DEOPT UNPACKING pc=0x00000000024e583b sp=0x000000001febed50 mode 2
Event: 44.809 loading class com/bpa/Grunt
Event: 44.809 loading class com/bpa/Grunt done
Event: 44.825 Thread 0x000000001f029000 Uncommon trap: trap_request=0xffffff65 fr.pc=0x0000000002a4ac9c
Event: 44.825 Thread 0x000000001f029000 DEOPT PACKING pc=0x0000000002a4ac9c sp=0x000000001febeec0
Event: 44.825 Thread 0x000000001f029000 DEOPT UNPACKING pc=0x00000000024e583b sp=0x000000001febeed8 mode 2
Event: 45.709 Thread 0x000000001f029000 Uncommon trap: trap_request=0xffffff65 fr.pc=0x00000000029d452c
Event: 45.709 Thread 0x000000001f029000 DEOPT PACKING pc=0x00000000029d452c sp=0x000000001febebe0
Event: 45.709 Thread 0x000000001f029000 DEOPT UNPACKING pc=0x00000000024e583b sp=0x000000001febeb28 mode 2


Dynamic libraries:
0x00007ff6e73c0000 - 0x00007ff6e73f7000 	C:\Program Files\Java\jre1.8.0_181\bin\javaw.exe
0x00007ff99f7d0000 - 0x00007ff99f9b1000 	C:\WINDOWS\SYSTEM32\ntdll.dll
0x00007ff99d0c0000 - 0x00007ff99d172000 	C:\WINDOWS\System32\KERNEL32.DLL
0x00007ff99c900000 - 0x00007ff99cb73000 	C:\WINDOWS\System32\KERNELBASE.dll
0x00007ff99cdf0000 - 0x00007ff99ce91000 	C:\WINDOWS\System32\ADVAPI32.dll
0x00007ff99d420000 - 0x00007ff99d4be000 	C:\WINDOWS\System32\msvcrt.dll
0x00007ff99d7b0000 - 0x00007ff99d80b000 	C:\WINDOWS\System32\sechost.dll
0x00007ff99d620000 - 0x00007ff99d744000 	C:\WINDOWS\System32\RPCRT4.dll
0x00007ff99cc60000 - 0x00007ff99cdf0000 	C:\WINDOWS\System32\USER32.dll
0x00007ff99c830000 - 0x00007ff99c850000 	C:\WINDOWS\System32\win32u.dll
0x00007ff99d260000 - 0x00007ff99d288000 	C:\WINDOWS\System32\GDI32.dll
0x00007ff99c590000 - 0x00007ff99c722000 	C:\WINDOWS\System32\gdi32full.dll
0x00007ff99c2b0000 - 0x00007ff99c34f000 	C:\WINDOWS\System32\msvcp_win.dll
0x00007ff99c730000 - 0x00007ff99c82a000 	C:\WINDOWS\System32\ucrtbase.dll
0x00007ff9859e0000 - 0x00007ff985c49000 	C:\WINDOWS\WinSxS\amd64_microsoft.windows.common-controls_6595b64144ccf1df_6.0.17134.471_none_fb3e9aab3068fc16\COMCTL32.dll
0x00007ff99ddb0000 - 0x00007ff99e0d2000 	C:\WINDOWS\System32\combase.dll
0x00007ff99cb80000 - 0x00007ff99cbfa000 	C:\WINDOWS\System32\bcryptPrimitives.dll
0x00007ff99f770000 - 0x00007ff99f79d000 	C:\WINDOWS\System32\IMM32.DLL
0x0000000052790000 - 0x0000000052862000 	C:\Program Files\Java\jre1.8.0_181\bin\msvcr100.dll
0x0000000052950000 - 0x00000000531f2000 	C:\Program Files\Java\jre1.8.0_181\bin\server\jvm.dll
0x00007ff99d250000 - 0x00007ff99d258000 	C:\WINDOWS\System32\PSAPI.DLL
0x00007ff98f8c0000 - 0x00007ff98f8c9000 	C:\WINDOWS\SYSTEM32\WSOCK32.dll
0x00007ff991630000 - 0x00007ff991653000 	C:\WINDOWS\SYSTEM32\WINMM.dll
0x00007ff9981f0000 - 0x00007ff9981fa000 	C:\WINDOWS\SYSTEM32\VERSION.dll
0x00007ff99d1e0000 - 0x00007ff99d24c000 	C:\WINDOWS\System32\WS2_32.dll
0x00007ff990e00000 - 0x00007ff990e2a000 	C:\WINDOWS\SYSTEM32\winmmbase.dll
0x00007ff99c540000 - 0x00007ff99c589000 	C:\WINDOWS\System32\cfgmgr32.dll
0x0000000052940000 - 0x000000005294f000 	C:\Program Files\Java\jre1.8.0_181\bin\verify.dll
0x0000000052910000 - 0x0000000052939000 	C:\Program Files\Java\jre1.8.0_181\bin\java.dll
0x00000000528f0000 - 0x0000000052906000 	C:\Program Files\Java\jre1.8.0_181\bin\zip.dll
0x00007ff99e330000 - 0x00007ff99f770000 	C:\WINDOWS\System32\SHELL32.dll
0x00007ff99e190000 - 0x00007ff99e239000 	C:\WINDOWS\System32\shcore.dll
0x00007ff99bba0000 - 0x00007ff99c2ad000 	C:\WINDOWS\System32\windows.storage.dll
0x00007ff99d750000 - 0x00007ff99d7a1000 	C:\WINDOWS\System32\shlwapi.dll
0x00007ff99bb40000 - 0x00007ff99bb51000 	C:\WINDOWS\System32\kernel.appcore.dll
0x00007ff99bb60000 - 0x00007ff99bb7f000 	C:\WINDOWS\System32\profapi.dll
0x00007ff99baf0000 - 0x00007ff99bb3c000 	C:\WINDOWS\System32\powrprof.dll
0x00007ff99bae0000 - 0x00007ff99baea000 	C:\WINDOWS\System32\FLTLIB.DLL
0x0000000065580000 - 0x0000000065616000 	C:\Users\RichardH\AppData\Local\Temp\libgdxRichardH\12dfaa03\gdx64.dll
0x00007ff99b510000 - 0x00007ff99b527000 	C:\WINDOWS\SYSTEM32\CRYPTSP.dll
0x00007ff99af40000 - 0x00007ff99af73000 	C:\WINDOWS\system32\rsaenh.dll
0x00007ff99b640000 - 0x00007ff99b665000 	C:\WINDOWS\SYSTEM32\bcrypt.dll
0x00007ff99ba10000 - 0x00007ff99ba38000 	C:\WINDOWS\SYSTEM32\USERENV.dll
0x00007ff99b530000 - 0x00007ff99b53b000 	C:\WINDOWS\SYSTEM32\CRYPTBASE.dll
0x00000000528d0000 - 0x00000000528ea000 	C:\Program Files\Java\jre1.8.0_181\bin\net.dll
0x00007ff99b360000 - 0x00007ff99b3c6000 	C:\WINDOWS\system32\mswsock.dll
0x00007ff99b0e0000 - 0x00007ff99b118000 	C:\WINDOWS\SYSTEM32\IPHLPAPI.DLL
0x00007ff99d290000 - 0x00007ff99d298000 	C:\WINDOWS\System32\NSI.dll
0x00007ff997330000 - 0x00007ff997346000 	C:\WINDOWS\SYSTEM32\dhcpcsvc6.DLL
0x00007ff997960000 - 0x00007ff99797a000 	C:\WINDOWS\SYSTEM32\dhcpcsvc.DLL
0x00000000528b0000 - 0x00000000528c1000 	C:\Program Files\Java\jre1.8.0_181\bin\nio.dll
0x0000000180000000 - 0x0000000180053000 	C:\Users\RichardH\AppData\Local\Temp\libgdxRichardH\dc0f0009\lwjgl64.dll
0x00007ff972350000 - 0x00007ff972470000 	C:\WINDOWS\SYSTEM32\OPENGL32.dll
0x00007ff995fc0000 - 0x00007ff995fec000 	C:\WINDOWS\SYSTEM32\GLU32.dll
0x000000001f7f0000 - 0x000000001f854000 	C:\Users\RichardH\AppData\Local\Temp\libgdxRichardH\dc0f0009\OpenAL64.dll
0x00007ff99d4c0000 - 0x00007ff99d611000 	C:\WINDOWS\System32\ole32.dll
0x00007ff99a1a0000 - 0x00007ff99a238000 	C:\WINDOWS\system32\uxtheme.dll
0x00007ff99e0f0000 - 0x00007ff99e190000 	C:\WINDOWS\System32\clbcatq.dll
0x00007ff996b50000 - 0x00007ff996d04000 	C:\WINDOWS\System32\PROPSYS.dll
0x00007ff99e260000 - 0x00007ff99e322000 	C:\WINDOWS\System32\OLEAUT32.dll
0x00007ff975670000 - 0x00007ff9756ff000 	C:\WINDOWS\SYSTEM32\dsound.dll
0x00007ff996f10000 - 0x00007ff996f86000 	C:\WINDOWS\System32\MMDevApi.dll
0x00007ff99b8f0000 - 0x00007ff99b917000 	C:\WINDOWS\System32\DEVOBJ.dll
0x00007ff973700000 - 0x00007ff97382c000 	C:\WINDOWS\SYSTEM32\AUDIOSES.DLL
0x00007ff995760000 - 0x00007ff9958ad000 	C:\WINDOWS\SYSTEM32\wintypes.dll
0x00007ff98afc0000 - 0x00007ff98afca000 	C:\WINDOWS\SYSTEM32\AVRT.dll
0x00007ff99d2a0000 - 0x00007ff99d413000 	C:\WINDOWS\System32\MSCTF.dll
0x00007ff99a270000 - 0x00007ff99a299000 	C:\WINDOWS\system32\dwmapi.dll
0x00007ff988730000 - 0x00007ff9887c6000 	C:\WINDOWS\System32\TextInputFramework.dll
0x00007ff98aca0000 - 0x00007ff98afbe000 	C:\WINDOWS\System32\CoreUIComponents.dll
0x00007ff9999a0000 - 0x00007ff999a7a000 	C:\WINDOWS\System32\CoreMessaging.dll
0x00007ff99abd0000 - 0x00007ff99ac01000 	C:\WINDOWS\SYSTEM32\ntmarta.dll
0x0000000050100000 - 0x0000000052783000 	C:\WINDOWS\System32\DriverStore\FileRepository\nv_dispi.inf_amd64_e59b844303b9907e\nvoglv64.dll
0x00007ff99d960000 - 0x00007ff99ddab000 	C:\WINDOWS\System32\SETUPAPI.dll
0x00007ff998490000 - 0x00007ff9984a3000 	C:\WINDOWS\SYSTEM32\WTSAPI32.dll
0x00007ff99cc00000 - 0x00007ff99cc57000 	C:\WINDOWS\System32\WINTRUST.dll
0x00007ff99bb80000 - 0x00007ff99bb92000 	C:\WINDOWS\System32\MSASN1.dll
0x00007ff99c350000 - 0x00007ff99c532000 	C:\WINDOWS\System32\CRYPT32.dll
0x00007ff971dd0000 - 0x00007ff972096000 	C:\WINDOWS\system32\nvspcap64.dll
0x00007ff994560000 - 0x00007ff994608000 	C:\WINDOWS\SYSTEM32\mscms.dll
0x00007ff998e60000 - 0x00007ff998e70000 	C:\WINDOWS\SYSTEM32\ColorAdapterClient.dll
0x00007ff989ea0000 - 0x00007ff989ee3000 	C:\WINDOWS\SYSTEM32\icm32.dll
0x00007ff99ac70000 - 0x00007ff99acc6000 	C:\WINDOWS\SYSTEM32\WINSTA.dll
0x0000000066bc0000 - 0x0000000066c7b000 	C:\Users\RichardH\AppData\Local\Temp\libgdxRichardH\54593449\gdx-box2d64.dll
0x00007ff997710000 - 0x00007ff9978d9000 	C:\WINDOWS\SYSTEM32\dbghelp.dll

VM Arguments:
jvm_args: -Dfile.encoding=UTF-8 
java_command: com.bpa.desktop.DesktopLauncher
java_class_path (initial): C:\Users\RichardH\git\DUN-GUN\libGDX Workspace\desktop\bin\main;\DUN-GUN-core\bin\default;C:\Users\RichardH\git\DUN-GUN\libGDX Workspace\core\bin\main;C:\Users\RichardH\.gradle\caches\modules-2\files-2.1\com.badlogicgames.gdx\gdx-tools\1.9.8\5c32820fccee957cc77990d353297ceed1a63159\gdx-tools-1.9.8.jar;C:\Users\RichardH\.gradle\caches\modules-2\files-2.1\com.badlogicgames.gdx\gdx-backend-lwjgl\1.9.8\b7c138f14ed67ad830ae7597da3d86ae02b20eee\gdx-backend-lwjgl-1.9.8.jar;C:\Users\RichardH\.gradle\caches\modules-2\files-2.1\com.badlogicgames.gdx\gdx-platform\1.9.8\604a2ef2c7c92a5900114757cbd3fb4dcbb8270c\gdx-platform-1.9.8-natives-desktop.jar;C:\Users\RichardH\.gradle\caches\modules-2\files-2.1\com.badlogicgames.gdx\gdx-box2d-platform\1.9.8\3195b56f82751d7cd7de85edb6824d17bf479781\gdx-box2d-platform-1.9.8-natives-desktop.jar;C:\Users\RichardH\.gradle\caches\modules-2\files-2.1\com.badlogicgames.gdx\gdx-ai\1.8.0\ec30677d8ab1a8b8aa4b853c5f4e4b1361f50bf5\gdx-ai-1.8.0.jar;C:\Users\RichardH\.gradle\caches\modules-2\files-2.1\com.badlogicgames.ashley\ashley\1.7.0\a7c4083c0a42027a3c03ba7ccecef6cbe1c5f0a4\ashley-1.7.0.jar;C:\Users\RichardH\.gradle\caches\modules-2\files-2.1\com.badlogicgames.gdx\gdx-backend-headless\1.9.8\c90fcd61d78d3b3d3ee7e493030b06df984df53b\gdx-backend-headless-1.9.8.jar;C:\Users\RichardH\.gradle\caches\modules-2\files-2.1\com.badlogicgames.gdx\gdx-freetype\1.9.8\d92b5b8beab10e3b3c0dd836d4fc186f95e7ea4b\gdx-freetype-1.9.8.jar;C:\Users\RichardH\.gradle\caches\modules-2\files-2.1\com.badlogicgames.box2dlights\box2dlights\1.4\3d77ad5b4164fb32fc67e2446e35911bb0aaf0bd\box2dlights-1.4.jar;C:\Users\RichardH\.gradle\caches\modules-2\files-2.1\com.badlogicgames.gdx\gdx-box2d\1.9.8\6f0497b7958216464101adfb7bdc3a0f7b88d6d3\gdx-box2d-1.9.8.jar;C:\Users\RichardH\.gradle\caches\modules-2\files-2.1\com.badlogicgames.gdx\gdx\1.9.8\a35a0076fbce873f9c2d5a1a1c8066244231bb3c\gdx-1.9.8.jar;C:\Users\RichardH\.gradle\caches\modules-2\files-2.1\org.lwjg
Launcher Type: SUN_STANDARD

Environment Variables:
PATH=C:/Program Files/Java/jre1.8.0_181/bin/server;C:/Program Files/Java/jre1.8.0_181/bin;C:/Program Files/Java/jre1.8.0_181/lib/amd64;C:\Program Files (x86)\Common Files\Oracle\Java\javapath;C:\ProgramData\Oracle\Java\javapath;C:\WINDOWS\system32;C:\WINDOWS;C:\WINDOWS\System32\Wbem;C:\WINDOWS\System32\WindowsPowerShell\v1.0\;C:\Program Files (x86)\NVIDIA Corporation\PhysX\Common;C:\WINDOWS\system32;C:\WINDOWS;C:\WINDOWS\System32\Wbem;C:\WINDOWS\System32\WindowsPowerShell\v1.0\;C:\WINDOWS\System32\OpenSSH\;C:\Program Files\NVIDIA Corporation\NVIDIA NvDLISR;C:\Users\RichardH\AppData\Local\Programs\Python\Python36-32\Scripts\;C:\Users\RichardH\AppData\Local\Programs\Python\Python36-32\;C:\Users\RichardH\AppData\Local\Microsoft\WindowsApps;C:\Users\RichardH\AppData\Local\GitHubDesktop\bin;C:\Users\RichardH\AppData\Local\Microsoft\WindowsApps;C:\WINDOWS\System32;
USERNAME=RichardH
OS=Windows_NT
PROCESSOR_IDENTIFIER=Intel64 Family 6 Model 158 Stepping 9, GenuineIntel



---------------  S Y S T E M  ---------------

OS: Windows 10.0 , 64 bit Build 17134 (10.0.17134.1)

CPU:total 8 (initial active 8) (4 cores per cpu, 2 threads per core) family 6 model 158 stepping 9, cmov, cx8, fxsr, mmx, sse, sse2, sse3, ssse3, sse4.1, sse4.2, popcnt, avx, avx2, aes, clmul, erms, rtm, 3dnowpref, lzcnt, ht, tsc, tscinvbit, bmi1, bmi2, adx

Memory: 4k page, physical 16729960k(12336984k free), swap 17778536k(10836908k free)

vm_info: Java HotSpot(TM) 64-Bit Server VM (25.181-b13) for windows-amd64 JRE (1.8.0_181-b13), built on Jul  7 2018 04:01:33 by "java_re" with MS VC++ 10.0 (VS2010)

time: Fri Dec 14 00:47:26 2018
elapsed time: 45 seconds (0d 0h 0m 45s)

