#
# A fatal error has been detected by the Java Runtime Environment:
#
#  EXCEPTION_ACCESS_VIOLATION (0xc0000005) at pc=0x0000000066bcbd0d, pid=224, tid=0x0000000000001e84
#
# JRE version: Java(TM) SE Runtime Environment (8.0_181-b13) (build 1.8.0_181-b13)
# Java VM: Java HotSpot(TM) 64-Bit Server VM (25.181-b13 mixed mode windows-amd64 compressed oops)
# Problematic frame:
# C  [gdx-box2d64.dll+0xbd0d]
#
# Failed to write core dump. Minidumps are not enabled by default on client versions of Windows
#
# If you would like to submit a bug report, please visit:
#   http://bugreport.java.com/bugreport/crash.jsp
# The crash happened outside the Java Virtual Machine in native code.
# See problematic frame for where to report the bug.
#

---------------  T H R E A D  ---------------

Current thread (0x000000001ffd0800):  JavaThread "LWJGL Application" [_thread_in_native, id=7812, stack(0x0000000020ce0000,0x0000000020de0000)]

siginfo: ExceptionCode=0xc0000005, reading address 0x0000002600000002

Registers:
RAX=0x0000002600000002, RBX=0x00000000209a5cc0, RCX=0x00000000209a5c90, RDX=0x00000000000000b8
RSP=0x0000000020dded80, RBP=0x0000000000000006, RSI=0x00000000209a5c90, RDI=0x0000000020ddee40
R8 =0x00000000209a5c90, R9 =0x0000000000000002, R10=0x0000000000000000, R11=0x0000000000000001
R12=0x0000000000000000, R13=0x0000000031e79f28, R14=0x0000000020ddf1a8, R15=0x000000001ffd0800
RIP=0x0000000066bcbd0d, EFLAGS=0x0000000000010202

Top of Stack: (sp=0x0000000020dded80)
0x0000000020dded80:   40001a8f20000000 0000000000000001
0x0000000020dded90:   00000000209d7940 00000000038dd7b7
0x0000000020ddeda0:   40001a8f20000000 00000000209a5c90
0x0000000020ddedb0:   0000000000000001 0000000020ddee40
0x0000000020ddedc0:   0000000020ddef60 0000000000000000
0x0000000020ddedd0:   0000000031e79f28 0000000066be2483
0x0000000020ddede0:   000000004000d479 0000000000000000
0x0000000020ddedf0:   000000003fc90fdb 0000000000000000
0x0000000020ddee00:   0000000000000001 0000000000000001
0x0000000020ddee10:   0000000000000001 0000000066be8616
0x0000000020ddee20:   0000000000000000 0000000000000000
0x0000000020ddee30:   0000000000000000 0000000000000000
0x0000000020ddee40:   416fc0dc00000002 0000000041166b7e
0x0000000020ddee50:   0000000000000000 0000000000000000
0x0000000020ddee60:   0000010100000000 0000000000000001
0x0000000020ddee70:   0000000000000000 000000003f800000 

Instructions: (pc=0x0000000066bcbd0d)
0x0000000066bcbced:   48 8d 05 6c a3 05 00 0f b6 1c 18 80 fb 0d 0f b6
0x0000000066bcbcfd:   eb 77 21 48 8d 1c de 48 8b 43 10 48 85 c0 74 3a
0x0000000066bcbd0d:   48 8b 10 48 89 53 10 48 83 c4 28 5b 5e 5f 5d 41
0x0000000066bcbd1d:   5c 41 5d c3 48 8d 15 18 9e 04 00 48 8d 0d 99 9e 


Register to memory mapping:

RAX=0x0000002600000002 is an unknown value
RBX=0x00000000209a5cc0 is an unknown value
RCX=0x00000000209a5c90 is an unknown value
RDX=0x00000000000000b8 is an unknown value
RSP=0x0000000020dded80 is pointing into the stack for thread: 0x000000001ffd0800
RBP=0x0000000000000006 is an unknown value
RSI=0x00000000209a5c90 is an unknown value
RDI=0x0000000020ddee40 is pointing into the stack for thread: 0x000000001ffd0800
R8 =0x00000000209a5c90 is an unknown value
R9 =0x0000000000000002 is an unknown value
R10=0x0000000000000000 is an unknown value
R11=0x0000000000000001 is an unknown value
R12=0x0000000000000000 is an unknown value
R13=0x0000000031e79f28 is pointing into metadata
R14=0x0000000020ddf1a8 is pointing into the stack for thread: 0x000000001ffd0800
R15=0x000000001ffd0800 is a thread


Stack: [0x0000000020ce0000,0x0000000020de0000],  sp=0x0000000020dded80,  free space=1019k
Native frames: (J=compiled Java code, j=interpreted, Vv=VM code, C=native code)
C  [gdx-box2d64.dll+0xbd0d]
C  [gdx-box2d64.dll+0x22483]
C  [gdx-box2d64.dll+0x28616]
C  0x00000000038cd2e4

Java frames: (J=compiled Java code, j=interpreted, Vv=VM code)
J 1420  com.badlogic.gdx.physics.box2d.World.jniCreateBody(JIFFFFFFFFZZZZZF)J (0 bytes) @ 0x00000000038cd266 [0x00000000038cd1c0+0xa6]
J 1419 C1 com.badlogic.gdx.physics.box2d.World.createBody(Lcom/badlogic/gdx/physics/box2d/BodyDef;)Lcom/badlogic/gdx/physics/box2d/Body; (120 bytes) @ 0x00000000038cc78c [0x00000000038cc5e0+0x1ac]
J 1445 C1 com.bpa.CreateBullet.defineBullet()V (658 bytes) @ 0x00000000038da72c [0x00000000038da560+0x1cc]
J 1458 C1 com.bpa.CreateBullet.<init>(Lcom/badlogic/gdx/physics/box2d/World;)V (170 bytes) @ 0x00000000038eb81c [0x00000000038eb680+0x19c]
J 1248 C1 com.bpa.Level1.shootGun()V (392 bytes) @ 0x0000000003845e4c [0x0000000003845b00+0x34c]
J 1341 C1 com.bpa.Level1.cameraUpdate(F)V (324 bytes) @ 0x000000000387ce1c [0x000000000387cc80+0x19c]
J 1246 C1 com.bpa.Level1.render(F)V (828 bytes) @ 0x000000000383f564 [0x000000000383d460+0x2104]
J 1361 C1 com.bpa.DunGun.render()V (5 bytes) @ 0x000000000388f7fc [0x000000000388f5e0+0x21c]
j  com.badlogic.gdx.backends.lwjgl.LwjglApplication.mainLoop()V+698
j  com.badlogic.gdx.backends.lwjgl.LwjglApplication$1.run()V+27
v  ~StubRoutines::call_stub

---------------  P R O C E S S  ---------------

Java Threads: ( => current thread )
  0x0000000020527800 JavaThread "LWJGL Timer" daemon [_thread_blocked, id=9452, stack(0x0000000031d00000,0x0000000031e00000)]
  0x0000000020348800 JavaThread "AsynchExecutor-Thread" daemon [_thread_blocked, id=10996, stack(0x000000002e430000,0x000000002e530000)]
  0x0000000003213800 JavaThread "DestroyJavaVM" [_thread_blocked, id=3552, stack(0x0000000003110000,0x0000000003210000)]
=>0x000000001ffd0800 JavaThread "LWJGL Application" [_thread_in_native, id=7812, stack(0x0000000020ce0000,0x0000000020de0000)]
  0x000000001eda8800 JavaThread "Service Thread" daemon [_thread_blocked, id=1976, stack(0x000000001f8c0000,0x000000001f9c0000)]
  0x000000001ed18800 JavaThread "C1 CompilerThread3" daemon [_thread_blocked, id=4236, stack(0x000000001f7c0000,0x000000001f8c0000)]
  0x000000001ed16000 JavaThread "C2 CompilerThread2" daemon [_thread_blocked, id=8680, stack(0x000000001f6c0000,0x000000001f7c0000)]
  0x000000001ed05000 JavaThread "C2 CompilerThread1" daemon [_thread_blocked, id=12340, stack(0x000000001f5c0000,0x000000001f6c0000)]
  0x000000001ecfe800 JavaThread "C2 CompilerThread0" daemon [_thread_blocked, id=11144, stack(0x000000001f4c0000,0x000000001f5c0000)]
  0x000000001ecfd000 JavaThread "Attach Listener" daemon [_thread_blocked, id=3356, stack(0x000000001f3c0000,0x000000001f4c0000)]
  0x000000001ecf8000 JavaThread "Signal Dispatcher" daemon [_thread_blocked, id=10328, stack(0x000000001f2c0000,0x000000001f3c0000)]
  0x000000001ecf0800 JavaThread "Finalizer" daemon [_thread_blocked, id=8364, stack(0x000000001f0d0000,0x000000001f1d0000)]
  0x000000000330a000 JavaThread "Reference Handler" daemon [_thread_blocked, id=9196, stack(0x000000001ebd0000,0x000000001ecd0000)]

Other Threads:
  0x000000001cdc9000 VMThread [stack: 0x000000001ead0000,0x000000001ebd0000] [id=11608]
  0x000000001edd5000 WatcherThread [stack: 0x000000001f9c0000,0x000000001fac0000] [id=816]

VM state:not at safepoint (normal execution)

VM Mutex/Monitor currently owned by a thread: None

Heap:
 PSYoungGen      total 76288K, used 57716K [0x000000076ae00000, 0x0000000770300000, 0x00000007c0000000)
  eden space 65536K, 88% used [0x000000076ae00000,0x000000076e65d288,0x000000076ee00000)
  from space 10752K, 0% used [0x000000076f880000,0x000000076f880000,0x0000000770300000)
  to   space 10752K, 0% used [0x000000076ee00000,0x000000076ee00000,0x000000076f880000)
 ParOldGen       total 175104K, used 0K [0x00000006c0a00000, 0x00000006cb500000, 0x000000076ae00000)
  object space 175104K, 0% used [0x00000006c0a00000,0x00000006c0a00000,0x00000006cb500000)
 Metaspace       used 9475K, capacity 9673K, committed 9984K, reserved 1058816K
  class space    used 895K, capacity 955K, committed 1024K, reserved 1048576K

Card table byte_map: [0x00000000126d0000,0x0000000012ed0000] byte_map_base: 0x000000000f0cb000

Marking Bits: (ParMarkBitMap*) 0x0000000053172d00
 Begin Bits: [0x0000000013c30000, 0x0000000017c08000)
 End Bits:   [0x0000000017c08000, 0x000000001bbe0000)

Polling page: 0x0000000001700000

CodeCache: size=245760Kb used=6050Kb max_used=6061Kb free=239709Kb
 bounds [0x0000000003310000, 0x0000000003910000, 0x0000000012310000]
 total_blobs=1992 nmethods=1477 adapters=428
 compilation: enabled

Compilation events (10 events):
Event: 21.961 Thread 0x000000001ed18800 1467       3       com.badlogic.gdx.physics.box2d.World::postSolve (41 bytes)
Event: 21.961 Thread 0x000000001ed18800 nmethod 1467 0x00000000038e9f10 code [0x00000000038ea080, 0x00000000038ea2d0]
Event: 21.961 Thread 0x000000001ed18800 1468       3       com.bpa.CollisionDetector::postSolve (1 bytes)
Event: 21.961 Thread 0x000000001ed18800 nmethod 1468 0x00000000038d7ad0 code [0x00000000038d7c20, 0x00000000038d7d70]
Event: 22.176 Thread 0x000000001ed16000 1469       4       com.badlogic.gdx.maps.tiled.renderers.BatchTiledMapRenderer::renderMapLayer (108 bytes)
Event: 22.199 Thread 0x000000001ecfe800 1470       4       com.badlogic.gdx.graphics.glutils.VertexArray::bind (347 bytes)
Event: 22.203 Thread 0x000000001ed16000 nmethod 1469 0x00000000038f9b90 code [0x00000000038f9d40, 0x00000000038fa3c8]
Event: 22.226 Thread 0x000000001ed18800 1471       3       java.lang.Integer::formatUnsignedInt (48 bytes)
Event: 22.227 Thread 0x000000001ed18800 nmethod 1471 0x00000000038ec990 code [0x00000000038ecb00, 0x00000000038ecd70]
Event: 22.232 Thread 0x000000001ecfe800 nmethod 1470 0x00000000038fd850 code [0x00000000038fda80, 0x00000000038ff108]

GC Heap History (0 events):
No events

Deoptimization events (10 events):
Event: 1.142 Thread 0x000000001ffd0800 Uncommon trap: reason=bimorphic action=maybe_recompile pc=0x00000000036cde88 method=com.badlogic.gdx.assets.AssetLoadingTask.handleAsyncLoader()V @ 137
Event: 1.169 Thread 0x000000001ffd0800 Uncommon trap: reason=unstable_if action=reinterpret pc=0x00000000036cda80 method=com.badlogic.gdx.assets.AssetLoadingTask.handleAsyncLoader()V @ 12
Event: 1.169 Thread 0x000000001ffd0800 Uncommon trap: reason=unstable_if action=reinterpret pc=0x00000000035792d4 method=com.badlogic.gdx.assets.AssetLoadingTask.handleAsyncLoader()V @ 12
Event: 1.169 Thread 0x000000001ffd0800 Uncommon trap: reason=unstable_if action=reinterpret pc=0x000000000357bae0 method=com.badlogic.gdx.assets.AssetLoadingTask.handleAsyncLoader()V @ 12
Event: 1.203 Thread 0x000000001ffd0800 Uncommon trap: reason=unstable_if action=reinterpret pc=0x00000000035d18c4 method=com.badlogic.gdx.assets.AssetManager.finishLoading()V @ 13
Event: 1.219 Thread 0x000000001ffd0800 Uncommon trap: reason=unstable_if action=reinterpret pc=0x00000000036947a8 method=javazoom.jl.decoder.LayerIIIDecoder.huffman_decode(II)V @ 684
Event: 1.219 Thread 0x000000001ffd0800 Uncommon trap: reason=unstable_if action=reinterpret pc=0x00000000036662f0 method=javazoom.jl.decoder.LayerIIIDecoder.huffman_decode(II)V @ 684
Event: 2.581 Thread 0x000000001ffd0800 Uncommon trap: reason=unstable_if action=reinterpret pc=0x00000000036f09d4 method=java.util.StringTokenizer.skipDelimiters(I)I @ 29
Event: 6.327 Thread 0x000000001ffd0800 Uncommon trap: reason=unstable_if action=reinterpret pc=0x00000000037d82f0 method=com.badlogic.gdx.maps.tiled.TiledMapTileLayer.getCell(II)Lcom/badlogic/gdx/maps/tiled/TiledMapTileLayer$Cell; @ 23
Event: 6.328 Thread 0x000000001ffd0800 Uncommon trap: reason=unstable_if action=reinterpret pc=0x000000000378ef00 method=com.badlogic.gdx.maps.tiled.TiledMapTileLayer.getCell(II)Lcom/badlogic/gdx/maps/tiled/TiledMapTileLayer$Cell; @ 23

Classes redefined (0 events):
No events

Internal exceptions (10 events):
Event: 0.099 Thread 0x0000000003213800 Exception <a 'java/security/PrivilegedActionException'> (0x000000076b182600) thrown at [C:\re\workspace\8-2-build-windows-amd64-cygwin\jdk8u181\11358\hotspot\src\share\vm\prims\jvm.cpp, line 1435]
Event: 0.099 Thread 0x0000000003213800 Exception <a 'java/security/PrivilegedActionException'> (0x000000076b182810) thrown at [C:\re\workspace\8-2-build-windows-amd64-cygwin\jdk8u181\11358\hotspot\src\share\vm\prims\jvm.cpp, line 1435]
Event: 0.180 Thread 0x0000000003213800 Exception <a 'java/security/PrivilegedActionException'> (0x000000076b2ac318) thrown at [C:\re\workspace\8-2-build-windows-amd64-cygwin\jdk8u181\11358\hotspot\src\share\vm\prims\jvm.cpp, line 1435]
Event: 0.180 Thread 0x0000000003213800 Exception <a 'java/security/PrivilegedActionException'> (0x000000076b2adff0) thrown at [C:\re\workspace\8-2-build-windows-amd64-cygwin\jdk8u181\11358\hotspot\src\share\vm\prims\jvm.cpp, line 1435]
Event: 0.180 Thread 0x0000000003213800 Exception <a 'java/security/PrivilegedActionException'> (0x000000076b2af160) thrown at [C:\re\workspace\8-2-build-windows-amd64-cygwin\jdk8u181\11358\hotspot\src\share\vm\prims\jvm.cpp, line 1435]
Event: 0.180 Thread 0x0000000003213800 Exception <a 'java/security/PrivilegedActionException'> (0x000000076b2b42c8) thrown at [C:\re\workspace\8-2-build-windows-amd64-cygwin\jdk8u181\11358\hotspot\src\share\vm\prims\jvm.cpp, line 1435]
Event: 0.180 Thread 0x0000000003213800 Exception <a 'java/security/PrivilegedActionException'> (0x000000076b2b4f20) thrown at [C:\re\workspace\8-2-build-windows-amd64-cygwin\jdk8u181\11358\hotspot\src\share\vm\prims\jvm.cpp, line 1435]
Event: 0.180 Thread 0x0000000003213800 Exception <a 'java/security/PrivilegedActionException'> (0x000000076b2b5b48) thrown at [C:\re\workspace\8-2-build-windows-amd64-cygwin\jdk8u181\11358\hotspot\src\share\vm\prims\jvm.cpp, line 1435]
Event: 0.730 Thread 0x0000000020348800 Exception <a 'java/lang/NoSuchFieldError': method resolution failed> (0x000000076c06ace0) thrown at [C:\re\workspace\8-2-build-windows-amd64-cygwin\jdk8u181\11358\hotspot\src\share\vm\prims\methodHandles.cpp, line 1167]
Event: 0.731 Thread 0x0000000020348800 Exception <a 'java/lang/NoSuchFieldError': method resolution failed> (0x000000076c0783a0) thrown at [C:\re\workspace\8-2-build-windows-amd64-cygwin\jdk8u181\11358\hotspot\src\share\vm\prims\methodHandles.cpp, line 1167]

Events (10 events):
Event: 6.560 Thread 0x000000001ffd0800 DEOPT PACKING pc=0x00000000038254ba sp=0x0000000020ddf2b0
Event: 6.560 Thread 0x000000001ffd0800 DEOPT UNPACKING pc=0x0000000003357890 sp=0x0000000020ddef50 mode 0
Event: 6.660 Thread 0x000000001ffd0800 DEOPT PACKING pc=0x00000000038254ba sp=0x0000000020ddf2b0
Event: 6.660 Thread 0x000000001ffd0800 DEOPT UNPACKING pc=0x0000000003357890 sp=0x0000000020ddef50 mode 0
Event: 6.761 Thread 0x000000001ffd0800 DEOPT PACKING pc=0x00000000038254ba sp=0x0000000020ddf2b0
Event: 6.761 Thread 0x000000001ffd0800 DEOPT UNPACKING pc=0x0000000003357890 sp=0x0000000020ddef50 mode 0
Event: 6.846 Thread 0x000000001ffd0800 DEOPT PACKING pc=0x00000000038254ba sp=0x0000000020ddf2b0
Event: 6.846 Thread 0x000000001ffd0800 DEOPT UNPACKING pc=0x0000000003357890 sp=0x0000000020ddef50 mode 0
Event: 9.597 loading class org/lwjgl/input/Cursor
Event: 9.597 loading class org/lwjgl/input/Cursor done


Dynamic libraries:
0x00007ff6e73c0000 - 0x00007ff6e73f7000 	C:\Program Files\Java\jre1.8.0_181\bin\javaw.exe
0x00007ff99f7d0000 - 0x00007ff99f9b1000 	C:\WINDOWS\SYSTEM32\ntdll.dll
0x00007ff99d0c0000 - 0x00007ff99d172000 	C:\WINDOWS\System32\KERNEL32.DLL
0x00007ff99c900000 - 0x00007ff99cb73000 	C:\WINDOWS\System32\KERNELBASE.dll
0x00007ff99cdf0000 - 0x00007ff99ce91000 	C:\WINDOWS\System32\ADVAPI32.dll
0x00007ff99d420000 - 0x00007ff99d4be000 	C:\WINDOWS\System32\msvcrt.dll
0x00007ff99d7b0000 - 0x00007ff99d80b000 	C:\WINDOWS\System32\sechost.dll
0x00007ff99d620000 - 0x00007ff99d744000 	C:\WINDOWS\System32\RPCRT4.dll
0x00007ff99cc60000 - 0x00007ff99cdf0000 	C:\WINDOWS\System32\USER32.dll
0x00007ff99c830000 - 0x00007ff99c850000 	C:\WINDOWS\System32\win32u.dll
0x00007ff99d260000 - 0x00007ff99d288000 	C:\WINDOWS\System32\GDI32.dll
0x00007ff99c590000 - 0x00007ff99c722000 	C:\WINDOWS\System32\gdi32full.dll
0x00007ff99c2b0000 - 0x00007ff99c34f000 	C:\WINDOWS\System32\msvcp_win.dll
0x00007ff99c730000 - 0x00007ff99c82a000 	C:\WINDOWS\System32\ucrtbase.dll
0x00007ff9859e0000 - 0x00007ff985c49000 	C:\WINDOWS\WinSxS\amd64_microsoft.windows.common-controls_6595b64144ccf1df_6.0.17134.471_none_fb3e9aab3068fc16\COMCTL32.dll
0x00007ff99ddb0000 - 0x00007ff99e0d2000 	C:\WINDOWS\System32\combase.dll
0x00007ff99cb80000 - 0x00007ff99cbfa000 	C:\WINDOWS\System32\bcryptPrimitives.dll
0x00007ff99f770000 - 0x00007ff99f79d000 	C:\WINDOWS\System32\IMM32.DLL
0x0000000052790000 - 0x0000000052862000 	C:\Program Files\Java\jre1.8.0_181\bin\msvcr100.dll
0x0000000052950000 - 0x00000000531f2000 	C:\Program Files\Java\jre1.8.0_181\bin\server\jvm.dll
0x00007ff99d250000 - 0x00007ff99d258000 	C:\WINDOWS\System32\PSAPI.DLL
0x00007ff991630000 - 0x00007ff991653000 	C:\WINDOWS\SYSTEM32\WINMM.dll
0x00007ff98f8c0000 - 0x00007ff98f8c9000 	C:\WINDOWS\SYSTEM32\WSOCK32.dll
0x00007ff99d1e0000 - 0x00007ff99d24c000 	C:\WINDOWS\System32\WS2_32.dll
0x00007ff9981f0000 - 0x00007ff9981fa000 	C:\WINDOWS\SYSTEM32\VERSION.dll
0x00007ff990e00000 - 0x00007ff990e2a000 	C:\WINDOWS\SYSTEM32\winmmbase.dll
0x00007ff99c540000 - 0x00007ff99c589000 	C:\WINDOWS\System32\cfgmgr32.dll
0x0000000052940000 - 0x000000005294f000 	C:\Program Files\Java\jre1.8.0_181\bin\verify.dll
0x0000000052910000 - 0x0000000052939000 	C:\Program Files\Java\jre1.8.0_181\bin\java.dll
0x00000000528f0000 - 0x0000000052906000 	C:\Program Files\Java\jre1.8.0_181\bin\zip.dll
0x00007ff99e330000 - 0x00007ff99f770000 	C:\WINDOWS\System32\SHELL32.dll
0x00007ff99e190000 - 0x00007ff99e239000 	C:\WINDOWS\System32\shcore.dll
0x00007ff99bba0000 - 0x00007ff99c2ad000 	C:\WINDOWS\System32\windows.storage.dll
0x00007ff99d750000 - 0x00007ff99d7a1000 	C:\WINDOWS\System32\shlwapi.dll
0x00007ff99bb40000 - 0x00007ff99bb51000 	C:\WINDOWS\System32\kernel.appcore.dll
0x00007ff99bb60000 - 0x00007ff99bb7f000 	C:\WINDOWS\System32\profapi.dll
0x00007ff99baf0000 - 0x00007ff99bb3c000 	C:\WINDOWS\System32\powrprof.dll
0x00007ff99bae0000 - 0x00007ff99baea000 	C:\WINDOWS\System32\FLTLIB.DLL
0x0000000065580000 - 0x0000000065616000 	C:\Users\RichardH\AppData\Local\Temp\libgdxRichardH\12dfaa03\gdx64.dll
0x00007ff99b510000 - 0x00007ff99b527000 	C:\WINDOWS\SYSTEM32\CRYPTSP.dll
0x00007ff99af40000 - 0x00007ff99af73000 	C:\WINDOWS\system32\rsaenh.dll
0x00007ff99b640000 - 0x00007ff99b665000 	C:\WINDOWS\SYSTEM32\bcrypt.dll
0x00007ff99ba10000 - 0x00007ff99ba38000 	C:\WINDOWS\SYSTEM32\USERENV.dll
0x00007ff99b530000 - 0x00007ff99b53b000 	C:\WINDOWS\SYSTEM32\CRYPTBASE.dll
0x00000000528d0000 - 0x00000000528ea000 	C:\Program Files\Java\jre1.8.0_181\bin\net.dll
0x00007ff99b360000 - 0x00007ff99b3c6000 	C:\WINDOWS\system32\mswsock.dll
0x00007ff99b0e0000 - 0x00007ff99b118000 	C:\WINDOWS\SYSTEM32\IPHLPAPI.DLL
0x00007ff99d290000 - 0x00007ff99d298000 	C:\WINDOWS\System32\NSI.dll
0x00007ff997330000 - 0x00007ff997346000 	C:\WINDOWS\SYSTEM32\dhcpcsvc6.DLL
0x00007ff997960000 - 0x00007ff99797a000 	C:\WINDOWS\SYSTEM32\dhcpcsvc.DLL
0x00000000528b0000 - 0x00000000528c1000 	C:\Program Files\Java\jre1.8.0_181\bin\nio.dll
0x0000000180000000 - 0x0000000180053000 	C:\Users\RichardH\AppData\Local\Temp\libgdxRichardH\dc0f0009\lwjgl64.dll
0x00007ff972350000 - 0x00007ff972470000 	C:\WINDOWS\SYSTEM32\OPENGL32.dll
0x00007ff995fc0000 - 0x00007ff995fec000 	C:\WINDOWS\SYSTEM32\GLU32.dll
0x0000000020600000 - 0x0000000020664000 	C:\Users\RichardH\AppData\Local\Temp\libgdxRichardH\dc0f0009\OpenAL64.dll
0x00007ff99d4c0000 - 0x00007ff99d611000 	C:\WINDOWS\System32\ole32.dll
0x00007ff99a1a0000 - 0x00007ff99a238000 	C:\WINDOWS\system32\uxtheme.dll
0x00007ff99e0f0000 - 0x00007ff99e190000 	C:\WINDOWS\System32\clbcatq.dll
0x00007ff996b50000 - 0x00007ff996d04000 	C:\WINDOWS\System32\PROPSYS.dll
0x00007ff99e260000 - 0x00007ff99e322000 	C:\WINDOWS\System32\OLEAUT32.dll
0x00007ff975670000 - 0x00007ff9756ff000 	C:\WINDOWS\SYSTEM32\dsound.dll
0x00007ff996f10000 - 0x00007ff996f86000 	C:\WINDOWS\System32\MMDevApi.dll
0x00007ff99b8f0000 - 0x00007ff99b917000 	C:\WINDOWS\System32\DEVOBJ.dll
0x00007ff973700000 - 0x00007ff97382c000 	C:\WINDOWS\SYSTEM32\AUDIOSES.DLL
0x00007ff995760000 - 0x00007ff9958ad000 	C:\WINDOWS\SYSTEM32\wintypes.dll
0x00007ff98afc0000 - 0x00007ff98afca000 	C:\WINDOWS\SYSTEM32\AVRT.dll
0x00007ff99d2a0000 - 0x00007ff99d413000 	C:\WINDOWS\System32\MSCTF.dll
0x00007ff99a270000 - 0x00007ff99a299000 	C:\WINDOWS\system32\dwmapi.dll
0x00007ff988730000 - 0x00007ff9887c6000 	C:\WINDOWS\System32\TextInputFramework.dll
0x00007ff98aca0000 - 0x00007ff98afbe000 	C:\WINDOWS\System32\CoreUIComponents.dll
0x00007ff9999a0000 - 0x00007ff999a7a000 	C:\WINDOWS\System32\CoreMessaging.dll
0x00007ff99abd0000 - 0x00007ff99ac01000 	C:\WINDOWS\SYSTEM32\ntmarta.dll
0x0000000050100000 - 0x0000000052783000 	C:\WINDOWS\System32\DriverStore\FileRepository\nv_dispi.inf_amd64_e59b844303b9907e\nvoglv64.dll
0x00007ff99d960000 - 0x00007ff99ddab000 	C:\WINDOWS\System32\SETUPAPI.dll
0x00007ff998490000 - 0x00007ff9984a3000 	C:\WINDOWS\SYSTEM32\WTSAPI32.dll
0x00007ff99cc00000 - 0x00007ff99cc57000 	C:\WINDOWS\System32\WINTRUST.dll
0x00007ff99bb80000 - 0x00007ff99bb92000 	C:\WINDOWS\System32\MSASN1.dll
0x00007ff99c350000 - 0x00007ff99c532000 	C:\WINDOWS\System32\CRYPT32.dll
0x00007ff971dd0000 - 0x00007ff972096000 	C:\WINDOWS\system32\nvspcap64.dll
0x00007ff994560000 - 0x00007ff994608000 	C:\WINDOWS\SYSTEM32\mscms.dll
0x00007ff998e60000 - 0x00007ff998e70000 	C:\WINDOWS\SYSTEM32\ColorAdapterClient.dll
0x00007ff989ea0000 - 0x00007ff989ee3000 	C:\WINDOWS\SYSTEM32\icm32.dll
0x00007ff99ac70000 - 0x00007ff99acc6000 	C:\WINDOWS\SYSTEM32\WINSTA.dll
0x0000000066bc0000 - 0x0000000066c7b000 	C:\Users\RichardH\AppData\Local\Temp\libgdxRichardH\54593449\gdx-box2d64.dll
0x00007ff997710000 - 0x00007ff9978d9000 	C:\WINDOWS\SYSTEM32\dbghelp.dll

VM Arguments:
jvm_args: -Dfile.encoding=UTF-8 
java_command: com.bpa.desktop.DesktopLauncher
java_class_path (initial): C:\Users\RichardH\git\DUN-GUN\libGDX Workspace\desktop\bin\main;\DUN-GUN-core\bin\default;C:\Users\RichardH\git\DUN-GUN\libGDX Workspace\core\bin\main;C:\Users\RichardH\.gradle\caches\modules-2\files-2.1\com.badlogicgames.gdx\gdx-tools\1.9.8\5c32820fccee957cc77990d353297ceed1a63159\gdx-tools-1.9.8.jar;C:\Users\RichardH\.gradle\caches\modules-2\files-2.1\com.badlogicgames.gdx\gdx-backend-lwjgl\1.9.8\b7c138f14ed67ad830ae7597da3d86ae02b20eee\gdx-backend-lwjgl-1.9.8.jar;C:\Users\RichardH\.gradle\caches\modules-2\files-2.1\com.badlogicgames.gdx\gdx-platform\1.9.8\604a2ef2c7c92a5900114757cbd3fb4dcbb8270c\gdx-platform-1.9.8-natives-desktop.jar;C:\Users\RichardH\.gradle\caches\modules-2\files-2.1\com.badlogicgames.gdx\gdx-box2d-platform\1.9.8\3195b56f82751d7cd7de85edb6824d17bf479781\gdx-box2d-platform-1.9.8-natives-desktop.jar;C:\Users\RichardH\.gradle\caches\modules-2\files-2.1\com.badlogicgames.gdx\gdx-ai\1.8.0\ec30677d8ab1a8b8aa4b853c5f4e4b1361f50bf5\gdx-ai-1.8.0.jar;C:\Users\RichardH\.gradle\caches\modules-2\files-2.1\com.badlogicgames.ashley\ashley\1.7.0\a7c4083c0a42027a3c03ba7ccecef6cbe1c5f0a4\ashley-1.7.0.jar;C:\Users\RichardH\.gradle\caches\modules-2\files-2.1\com.badlogicgames.gdx\gdx-backend-headless\1.9.8\c90fcd61d78d3b3d3ee7e493030b06df984df53b\gdx-backend-headless-1.9.8.jar;C:\Users\RichardH\.gradle\caches\modules-2\files-2.1\com.badlogicgames.gdx\gdx-freetype\1.9.8\d92b5b8beab10e3b3c0dd836d4fc186f95e7ea4b\gdx-freetype-1.9.8.jar;C:\Users\RichardH\.gradle\caches\modules-2\files-2.1\com.badlogicgames.box2dlights\box2dlights\1.4\3d77ad5b4164fb32fc67e2446e35911bb0aaf0bd\box2dlights-1.4.jar;C:\Users\RichardH\.gradle\caches\modules-2\files-2.1\com.badlogicgames.gdx\gdx-box2d\1.9.8\6f0497b7958216464101adfb7bdc3a0f7b88d6d3\gdx-box2d-1.9.8.jar;C:\Users\RichardH\.gradle\caches\modules-2\files-2.1\com.badlogicgames.gdx\gdx\1.9.8\a35a0076fbce873f9c2d5a1a1c8066244231bb3c\gdx-1.9.8.jar;C:\Users\RichardH\.gradle\caches\modules-2\files-2.1\org.lwjg
Launcher Type: SUN_STANDARD

Environment Variables:
PATH=C:/Program Files/Java/jre1.8.0_181/bin/server;C:/Program Files/Java/jre1.8.0_181/bin;C:/Program Files/Java/jre1.8.0_181/lib/amd64;C:\Program Files (x86)\Common Files\Oracle\Java\javapath;C:\ProgramData\Oracle\Java\javapath;C:\WINDOWS\system32;C:\WINDOWS;C:\WINDOWS\System32\Wbem;C:\WINDOWS\System32\WindowsPowerShell\v1.0\;C:\Program Files (x86)\NVIDIA Corporation\PhysX\Common;C:\WINDOWS\system32;C:\WINDOWS;C:\WINDOWS\System32\Wbem;C:\WINDOWS\System32\WindowsPowerShell\v1.0\;C:\WINDOWS\System32\OpenSSH\;C:\Program Files\NVIDIA Corporation\NVIDIA NvDLISR;C:\Users\RichardH\AppData\Local\Programs\Python\Python36-32\Scripts\;C:\Users\RichardH\AppData\Local\Programs\Python\Python36-32\;C:\Users\RichardH\AppData\Local\Microsoft\WindowsApps;C:\Users\RichardH\AppData\Local\GitHubDesktop\bin;C:\Users\RichardH\AppData\Local\Microsoft\WindowsApps;C:\WINDOWS\System32;
USERNAME=RichardH
OS=Windows_NT
PROCESSOR_IDENTIFIER=Intel64 Family 6 Model 158 Stepping 9, GenuineIntel



---------------  S Y S T E M  ---------------

OS: Windows 10.0 , 64 bit Build 17134 (10.0.17134.1)

CPU:total 8 (initial active 8) (4 cores per cpu, 2 threads per core) family 6 model 158 stepping 9, cmov, cx8, fxsr, mmx, sse, sse2, sse3, ssse3, sse4.1, sse4.2, popcnt, avx, avx2, aes, clmul, erms, rtm, 3dnowpref, lzcnt, ht, tsc, tscinvbit, bmi1, bmi2, adx

Memory: 4k page, physical 16729960k(12340192k free), swap 17778536k(10837432k free)

vm_info: Java HotSpot(TM) 64-Bit Server VM (25.181-b13) for windows-amd64 JRE (1.8.0_181-b13), built on Jul  7 2018 04:01:33 by "java_re" with MS VC++ 10.0 (VS2010)

time: Fri Dec 14 00:46:36 2018
elapsed time: 22 seconds (0d 0h 0m 22s)

