#
# A fatal error has been detected by the Java Runtime Environment:
#
#  EXCEPTION_ACCESS_VIOLATION (0xc0000005) at pc=0x0000000066bcbd0d, pid=15804, tid=0x0000000000000a7c
#
# JRE version: Java(TM) SE Runtime Environment (8.0_181-b13) (build 1.8.0_181-b13)
# Java VM: Java HotSpot(TM) 64-Bit Server VM (25.181-b13 mixed mode windows-amd64 compressed oops)
# Problematic frame:
# C  [gdx-box2d64.dll+0xbd0d]
#
# Failed to write core dump. Minidumps are not enabled by default on client versions of Windows
#
# If you would like to submit a bug report, please visit:
#   http://bugreport.java.com/bugreport/crash.jsp
# The crash happened outside the Java Virtual Machine in native code.
# See problematic frame for where to report the bug.
#

---------------  T H R E A D  ---------------

Current thread (0x000000001f2c6800):  JavaThread "LWJGL Application" [_thread_in_native, id=2684, stack(0x000000001ff80000,0x0000000020080000)]

siginfo: ExceptionCode=0xc0000005, reading address 0x0000002600000002

Registers:
RAX=0x0000002600000002, RBX=0x000000001fc01bf0, RCX=0x000000001fc01bc0, RDX=0x00000000000000b8
RSP=0x000000002007e620, RBP=0x0000000000000006, RSI=0x000000001fc01bc0, RDI=0x000000002007e6e0
R8 =0x000000001fc01bc0, R9 =0x0000000000000002, R10=0x0000000000000000, R11=0x0000000000000001
R12=0x0000000000000000, R13=0x000000001beb55d0, R14=0x000000002007e8c8, R15=0x000000001f2c6800
RIP=0x0000000066bcbd0d, EFLAGS=0x0000000000010202

Top of Stack: (sp=0x000000002007e620)
0x000000002007e620:   000000001beb55d0 000000001f2c6800
0x000000002007e630:   0000000074a0ee28 000000002caeb510
0x000000002007e640:   0000000000000012 000000001fc01bc0
0x000000002007e650:   000000000e3cb000 000000002007e6e0
0x000000002007e660:   000000002007e820 0000000000000000
0x000000002007e670:   000000001beb55d0 0000000066be2483
0x000000002007e680:   000000002007e720 000000002007e720
0x000000002007e690:   0000000000000003 000000001beb55d0
0x000000002007e6a0:   0000000000000001 000000000e3cb000
0x000000002007e6b0:   0000000000000010 0000000066be8616
0x000000002007e6c0:   0000000000000000 0000000000000010
0x000000002007e6d0:   000000002007e820 0000000002615798
0x000000002007e6e0:   401fffcf00000002 00000000414f3357
0x000000002007e6f0:   0000000000000000 0000000000000000
0x000000002007e700:   0000010100000000 000000002007e801
0x000000002007e710:   0000000000000000 000000003f800000 

Instructions: (pc=0x0000000066bcbd0d)
0x0000000066bcbced:   48 8d 05 6c a3 05 00 0f b6 1c 18 80 fb 0d 0f b6
0x0000000066bcbcfd:   eb 77 21 48 8d 1c de 48 8b 43 10 48 85 c0 74 3a
0x0000000066bcbd0d:   48 8b 10 48 89 53 10 48 83 c4 28 5b 5e 5f 5d 41
0x0000000066bcbd1d:   5c 41 5d c3 48 8d 15 18 9e 04 00 48 8d 0d 99 9e 


Register to memory mapping:

RAX=0x0000002600000002 is an unknown value
RBX=0x000000001fc01bf0 is an unknown value
RCX=0x000000001fc01bc0 is an unknown value
RDX=0x00000000000000b8 is an unknown value
RSP=0x000000002007e620 is pointing into the stack for thread: 0x000000001f2c6800
RBP=0x0000000000000006 is an unknown value
RSI=0x000000001fc01bc0 is an unknown value
RDI=0x000000002007e6e0 is pointing into the stack for thread: 0x000000001f2c6800
R8 =0x000000001fc01bc0 is an unknown value
R9 =0x0000000000000002 is an unknown value
R10=0x0000000000000000 is an unknown value
R11=0x0000000000000001 is an unknown value
R12=0x0000000000000000 is an unknown value
R13={method} {0x000000001beb55d8} 'jniCreateBody' '(JIFFFFFFFFZZZZZF)J' in 'com/badlogic/gdx/physics/box2d/World'
R14=0x000000002007e8c8 is pointing into the stack for thread: 0x000000001f2c6800
R15=0x000000001f2c6800 is a thread


Stack: [0x000000001ff80000,0x0000000020080000],  sp=0x000000002007e620,  free space=1017k
Native frames: (J=compiled Java code, j=interpreted, Vv=VM code, C=native code)
C  [gdx-box2d64.dll+0xbd0d]
C  [gdx-box2d64.dll+0x22483]
C  [gdx-box2d64.dll+0x28616]
C  0x0000000002628c67

Java frames: (J=compiled Java code, j=interpreted, Vv=VM code)
j  com.badlogic.gdx.physics.box2d.World.jniCreateBody(JIFFFFFFFFZZZZZF)J+0
j  com.badlogic.gdx.physics.box2d.World.createBody(Lcom/badlogic/gdx/physics/box2d/BodyDef;)Lcom/badlogic/gdx/physics/box2d/Body;+80
j  com.bpa.CreateBullet.defineBullet()V+46
j  com.bpa.CreateBullet.<init>(Lcom/badlogic/gdx/physics/box2d/World;)V+33
J 1310 C1 com.bpa.Level1.shootGun()V (144 bytes) @ 0x0000000002b2b7ac [0x0000000002b2b120+0x68c]
J 1235 C1 com.bpa.Level1.render(F)V (638 bytes) @ 0x0000000002af435c [0x0000000002af1ee0+0x247c]
J 1284 C1 com.bpa.DunGun.render()V (5 bytes) @ 0x0000000002b19d0c [0x0000000002b19ae0+0x22c]
j  com.badlogic.gdx.backends.lwjgl.LwjglApplication.mainLoop()V+698
j  com.badlogic.gdx.backends.lwjgl.LwjglApplication$1.run()V+27
v  ~StubRoutines::call_stub

---------------  P R O C E S S  ---------------

Java Threads: ( => current thread )
  0x000000001f416800 JavaThread "LWJGL Timer" daemon [_thread_blocked, id=7148, stack(0x0000000030200000,0x0000000030300000)]
  0x000000001f61a800 JavaThread "AsynchExecutor-Thread" daemon [_thread_blocked, id=15568, stack(0x000000002c730000,0x000000002c830000)]
  0x0000000002513800 JavaThread "DestroyJavaVM" [_thread_blocked, id=7972, stack(0x0000000002350000,0x0000000002450000)]
=>0x000000001f2c6800 JavaThread "LWJGL Application" [_thread_in_native, id=2684, stack(0x000000001ff80000,0x0000000020080000)]
  0x000000001e072000 JavaThread "Service Thread" daemon [_thread_blocked, id=14128, stack(0x000000001eba0000,0x000000001eca0000)]
  0x000000001dfec800 JavaThread "C1 CompilerThread3" daemon [_thread_blocked, id=6468, stack(0x000000001eaa0000,0x000000001eba0000)]
  0x000000001dfe4000 JavaThread "C2 CompilerThread2" daemon [_thread_blocked, id=9764, stack(0x000000001e9a0000,0x000000001eaa0000)]
  0x000000001dfdf000 JavaThread "C2 CompilerThread1" daemon [_thread_blocked, id=12492, stack(0x000000001e8a0000,0x000000001e9a0000)]
  0x000000001dfdc000 JavaThread "C2 CompilerThread0" daemon [_thread_blocked, id=11684, stack(0x000000001e7a0000,0x000000001e8a0000)]
  0x000000001dfda800 JavaThread "Attach Listener" daemon [_thread_blocked, id=12544, stack(0x000000001e6a0000,0x000000001e7a0000)]
  0x000000001c0de800 JavaThread "Signal Dispatcher" daemon [_thread_blocked, id=7420, stack(0x000000001e5a0000,0x000000001e6a0000)]
  0x000000001dfd0800 JavaThread "Finalizer" daemon [_thread_blocked, id=1304, stack(0x000000001e3b0000,0x000000001e4b0000)]
  0x000000000260b000 JavaThread "Reference Handler" daemon [_thread_blocked, id=4052, stack(0x000000001deb0000,0x000000001dfb0000)]

Other Threads:
  0x000000001c0c9000 VMThread [stack: 0x000000001ddb0000,0x000000001deb0000] [id=7040]
  0x000000001e095800 WatcherThread [stack: 0x000000001eca0000,0x000000001eda0000] [id=7924]

VM state:not at safepoint (normal execution)

VM Mutex/Monitor currently owned by a thread: None

Heap:
 PSYoungGen      total 76288K, used 46817K [0x000000076ae00000, 0x0000000770300000, 0x00000007c0000000)
  eden space 65536K, 71% used [0x000000076ae00000,0x000000076dbb8408,0x000000076ee00000)
  from space 10752K, 0% used [0x000000076f880000,0x000000076f880000,0x0000000770300000)
  to   space 10752K, 0% used [0x000000076ee00000,0x000000076ee00000,0x000000076f880000)
 ParOldGen       total 175104K, used 0K [0x00000006c0a00000, 0x00000006cb500000, 0x000000076ae00000)
  object space 175104K, 0% used [0x00000006c0a00000,0x00000006c0a00000,0x00000006cb500000)
 Metaspace       used 9392K, capacity 9537K, committed 9728K, reserved 1058816K
  class space    used 894K, capacity 955K, committed 1024K, reserved 1048576K

Card table byte_map: [0x00000000119d0000,0x00000000121d0000] byte_map_base: 0x000000000e3cb000

Marking Bits: (ParMarkBitMap*) 0x0000000074bf2d00
 Begin Bits: [0x0000000012f30000, 0x0000000016f08000)
 End Bits:   [0x0000000016f08000, 0x000000001aee0000)

Polling page: 0x0000000000b80000

CodeCache: size=245760Kb used=5351Kb max_used=5366Kb free=240408Kb
 bounds [0x0000000002610000, 0x0000000002b60000, 0x0000000011610000]
 total_blobs=1866 nmethods=1351 adapters=428
 compilation: enabled

Compilation events (10 events):
Event: 17.315 Thread 0x000000001dfec800 1344       3       com.badlogic.gdx.utils.LongMap::put (405 bytes)
Event: 17.318 Thread 0x000000001dfec800 nmethod 1344 0x0000000002b48750 code [0x0000000002b489c0, 0x0000000002b49d18]
Event: 18.030 Thread 0x000000001dfe4000 1347       4       com.badlogic.gdx.utils.BufferUtils::copy (45 bytes)
Event: 18.030 Thread 0x000000001dfdc000 1348       4       com.badlogic.gdx.graphics.g2d.SpriteBatch::flush (193 bytes)
Event: 18.032 Thread 0x000000001dfe4000 nmethod 1347 0x0000000002b47210 code [0x0000000002b47380, 0x0000000002b47608]
Event: 18.048 Thread 0x000000001dfdc000 nmethod 1348 0x0000000002b4f610 code [0x0000000002b4f8c0, 0x0000000002b512c0]
Event: 18.597 Thread 0x000000001dfec800 1349       3       com.badlogic.gdx.utils.IntMap::hash2 (19 bytes)
Event: 18.597 Thread 0x000000001dfec800 nmethod 1349 0x0000000002b46ed0 code [0x0000000002b47020, 0x0000000002b47190]
Event: 18.597 Thread 0x000000001dfec800 1350       3       com.badlogic.gdx.utils.IntMap::hash3 (19 bytes)
Event: 18.598 Thread 0x000000001dfec800 nmethod 1350 0x0000000002b46b90 code [0x0000000002b46ce0, 0x0000000002b46e50]

GC Heap History (0 events):
No events

Deoptimization events (10 events):
Event: 0.932 Thread 0x000000001f2c6800 Uncommon trap: reason=bimorphic action=maybe_recompile pc=0x0000000002978b80 method=com.badlogic.gdx.assets.AssetLoadingTask.handleAsyncLoader()V @ 137
Event: 0.958 Thread 0x000000001f2c6800 Uncommon trap: reason=unstable_if action=reinterpret pc=0x000000000297877c method=com.badlogic.gdx.assets.AssetLoadingTask.handleAsyncLoader()V @ 12
Event: 0.958 Thread 0x000000001f2c6800 Uncommon trap: reason=unstable_if action=reinterpret pc=0x0000000002971e90 method=com.badlogic.gdx.assets.AssetLoadingTask.handleAsyncLoader()V @ 12
Event: 0.958 Thread 0x000000001f2c6800 Uncommon trap: reason=unstable_if action=reinterpret pc=0x000000000284f9e0 method=com.badlogic.gdx.assets.AssetLoadingTask.handleAsyncLoader()V @ 12
Event: 0.988 Thread 0x000000001f2c6800 Uncommon trap: reason=unstable_if action=reinterpret pc=0x000000000288b504 method=com.badlogic.gdx.assets.AssetManager.finishLoading()V @ 13
Event: 1.250 Thread 0x000000001f2c6800 Uncommon trap: reason=unstable_if action=reinterpret pc=0x000000000297f400 method=javazoom.jl.decoder.LayerIIIDecoder.stereo(I)V @ 137
Event: 1.250 Thread 0x000000001f2c6800 Uncommon trap: reason=predicate action=maybe_recompile pc=0x0000000002960ea8 method=javazoom.jl.decoder.LayerIIIDecoder.stereo(I)V @ 1892
Event: 1.251 Thread 0x000000001f2c6800 Uncommon trap: reason=unstable_if action=reinterpret pc=0x00000000029682fc method=javazoom.jl.decoder.LayerIIIDecoder.huffman_decode(II)V @ 684
Event: 1.251 Thread 0x000000001f2c6800 Uncommon trap: reason=unstable_if action=reinterpret pc=0x00000000029470b0 method=javazoom.jl.decoder.LayerIIIDecoder.huffman_decode(II)V @ 684
Event: 2.754 Thread 0x000000001f2c6800 Uncommon trap: reason=unstable_if action=reinterpret pc=0x00000000029a4494 method=java.util.StringTokenizer.skipDelimiters(I)I @ 29

Classes redefined (0 events):
No events

Internal exceptions (10 events):
Event: 0.092 Thread 0x0000000002513800 Exception <a 'java/security/PrivilegedActionException'> (0x000000076b1815f8) thrown at [C:\re\workspace\8-2-build-windows-amd64-cygwin\jdk8u181\11358\hotspot\src\share\vm\prims\jvm.cpp, line 1435]
Event: 0.092 Thread 0x0000000002513800 Exception <a 'java/security/PrivilegedActionException'> (0x000000076b181808) thrown at [C:\re\workspace\8-2-build-windows-amd64-cygwin\jdk8u181\11358\hotspot\src\share\vm\prims\jvm.cpp, line 1435]
Event: 0.162 Thread 0x0000000002513800 Exception <a 'java/security/PrivilegedActionException'> (0x000000076b2ab6a0) thrown at [C:\re\workspace\8-2-build-windows-amd64-cygwin\jdk8u181\11358\hotspot\src\share\vm\prims\jvm.cpp, line 1435]
Event: 0.162 Thread 0x0000000002513800 Exception <a 'java/security/PrivilegedActionException'> (0x000000076b2ad378) thrown at [C:\re\workspace\8-2-build-windows-amd64-cygwin\jdk8u181\11358\hotspot\src\share\vm\prims\jvm.cpp, line 1435]
Event: 0.162 Thread 0x0000000002513800 Exception <a 'java/security/PrivilegedActionException'> (0x000000076b2ae4e8) thrown at [C:\re\workspace\8-2-build-windows-amd64-cygwin\jdk8u181\11358\hotspot\src\share\vm\prims\jvm.cpp, line 1435]
Event: 0.162 Thread 0x0000000002513800 Exception <a 'java/security/PrivilegedActionException'> (0x000000076b2b3650) thrown at [C:\re\workspace\8-2-build-windows-amd64-cygwin\jdk8u181\11358\hotspot\src\share\vm\prims\jvm.cpp, line 1435]
Event: 0.162 Thread 0x0000000002513800 Exception <a 'java/security/PrivilegedActionException'> (0x000000076b2b42a8) thrown at [C:\re\workspace\8-2-build-windows-amd64-cygwin\jdk8u181\11358\hotspot\src\share\vm\prims\jvm.cpp, line 1435]
Event: 0.162 Thread 0x0000000002513800 Exception <a 'java/security/PrivilegedActionException'> (0x000000076b2b4ed0) thrown at [C:\re\workspace\8-2-build-windows-amd64-cygwin\jdk8u181\11358\hotspot\src\share\vm\prims\jvm.cpp, line 1435]
Event: 0.673 Thread 0x000000001f61a800 Exception <a 'java/lang/NoSuchFieldError': method resolution failed> (0x000000076c05c048) thrown at [C:\re\workspace\8-2-build-windows-amd64-cygwin\jdk8u181\11358\hotspot\src\share\vm\prims\methodHandles.cpp, line 1167]
Event: 0.674 Thread 0x000000001f61a800 Exception <a 'java/lang/NoSuchFieldError': method resolution failed> (0x000000076c069708) thrown at [C:\re\workspace\8-2-build-windows-amd64-cygwin\jdk8u181\11358\hotspot\src\share\vm\prims\methodHandles.cpp, line 1167]

Events (10 events):
Event: 4.464 loading class org/lwjgl/input/Cursor
Event: 4.464 loading class org/lwjgl/input/Cursor done
Event: 6.818 Thread 0x000000001f2c6800 DEOPT PACKING pc=0x0000000002a78692 sp=0x000000002007ea20
Event: 6.818 Thread 0x000000001f2c6800 DEOPT UNPACKING pc=0x0000000002657890 sp=0x000000002007e6c0 mode 0
Event: 7.531 loading class com/bpa/CreateBullet
Event: 7.531 loading class com/bpa/CreateBullet done
Event: 7.533 loading class java/lang/Math$RandomNumberGeneratorHolder
Event: 7.534 loading class java/lang/Math$RandomNumberGeneratorHolder done
Event: 7.535 loading class com/badlogic/gdx/graphics/g2d/Animation$1
Event: 7.535 loading class com/badlogic/gdx/graphics/g2d/Animation$1 done


Dynamic libraries:
0x00007ff649bf0000 - 0x00007ff649c27000 	C:\Program Files\Java\jre1.8.0_181\bin\javaw.exe
0x00007ffa4eed0000 - 0x00007ffa4f0b1000 	C:\WINDOWS\SYSTEM32\ntdll.dll
0x00007ffa4ce90000 - 0x00007ffa4cf42000 	C:\WINDOWS\System32\KERNEL32.DLL
0x00007ffa4bf90000 - 0x00007ffa4c203000 	C:\WINDOWS\System32\KERNELBASE.dll
0x00007ffa4eb00000 - 0x00007ffa4eba1000 	C:\WINDOWS\System32\ADVAPI32.dll
0x00007ffa4cff0000 - 0x00007ffa4d08e000 	C:\WINDOWS\System32\msvcrt.dll
0x00007ffa4d4e0000 - 0x00007ffa4d53b000 	C:\WINDOWS\System32\sechost.dll
0x00007ffa4c5b0000 - 0x00007ffa4c6d4000 	C:\WINDOWS\System32\RPCRT4.dll
0x00007ffa4ed10000 - 0x00007ffa4eea0000 	C:\WINDOWS\System32\USER32.dll
0x00007ffa4bf10000 - 0x00007ffa4bf30000 	C:\WINDOWS\System32\win32u.dll
0x00007ffa4cf60000 - 0x00007ffa4cf88000 	C:\WINDOWS\System32\GDI32.dll
0x00007ffa4b470000 - 0x00007ffa4b602000 	C:\WINDOWS\System32\gdi32full.dll
0x00007ffa4c2c0000 - 0x00007ffa4c35f000 	C:\WINDOWS\System32\msvcp_win.dll
0x00007ffa4b320000 - 0x00007ffa4b41a000 	C:\WINDOWS\System32\ucrtbase.dll
0x00007ffa42fb0000 - 0x00007ffa43219000 	C:\WINDOWS\WinSxS\amd64_microsoft.windows.common-controls_6595b64144ccf1df_6.0.17134.407_none_fb449d63306391e9\COMCTL32.dll
0x00007ffa4cb50000 - 0x00007ffa4ce72000 	C:\WINDOWS\System32\combase.dll
0x00007ffa4b2a0000 - 0x00007ffa4b31a000 	C:\WINDOWS\System32\bcryptPrimitives.dll
0x00007ffa4c570000 - 0x00007ffa4c59d000 	C:\WINDOWS\System32\IMM32.DLL
0x00000000711f0000 - 0x00000000712c2000 	C:\Program Files\Java\jre1.8.0_181\bin\msvcr100.dll
0x00000000743d0000 - 0x0000000074c72000 	C:\Program Files\Java\jre1.8.0_181\bin\server\jvm.dll
0x00007ffa4cf50000 - 0x00007ffa4cf58000 	C:\WINDOWS\System32\PSAPI.DLL
0x00007ffa399d0000 - 0x00007ffa399d9000 	C:\WINDOWS\SYSTEM32\WSOCK32.dll
0x00007ffa49360000 - 0x00007ffa49383000 	C:\WINDOWS\SYSTEM32\WINMM.dll
0x00007ffa4d090000 - 0x00007ffa4d0fc000 	C:\WINDOWS\System32\WS2_32.dll
0x00007ffa47190000 - 0x00007ffa4719a000 	C:\WINDOWS\SYSTEM32\VERSION.dll
0x00007ffa48f00000 - 0x00007ffa48f2a000 	C:\WINDOWS\SYSTEM32\winmmbase.dll
0x00007ffa4b420000 - 0x00007ffa4b469000 	C:\WINDOWS\System32\cfgmgr32.dll
0x0000000075370000 - 0x000000007537f000 	C:\Program Files\Java\jre1.8.0_181\bin\verify.dll
0x0000000075340000 - 0x0000000075369000 	C:\Program Files\Java\jre1.8.0_181\bin\java.dll
0x0000000075320000 - 0x0000000075336000 	C:\Program Files\Java\jre1.8.0_181\bin\zip.dll
0x00007ffa4d540000 - 0x00007ffa4e97f000 	C:\WINDOWS\System32\SHELL32.dll
0x00007ffa4e980000 - 0x00007ffa4ea29000 	C:\WINDOWS\System32\shcore.dll
0x00007ffa4b610000 - 0x00007ffa4bd1d000 	C:\WINDOWS\System32\windows.storage.dll
0x00007ffa4cf90000 - 0x00007ffa4cfe1000 	C:\WINDOWS\System32\shlwapi.dll
0x00007ffa4b1f0000 - 0x00007ffa4b201000 	C:\WINDOWS\System32\kernel.appcore.dll
0x00007ffa4b230000 - 0x00007ffa4b24f000 	C:\WINDOWS\System32\profapi.dll
0x00007ffa4b250000 - 0x00007ffa4b29c000 	C:\WINDOWS\System32\powrprof.dll
0x00007ffa4b1e0000 - 0x00007ffa4b1ea000 	C:\WINDOWS\System32\FLTLIB.DLL
0x0000000065580000 - 0x0000000065616000 	C:\Users\RichardH\AppData\Local\Temp\libgdxRichardH\12dfaa03\gdx64.dll
0x00007ffa4ac10000 - 0x00007ffa4ac27000 	C:\WINDOWS\SYSTEM32\CRYPTSP.dll
0x00007ffa4a640000 - 0x00007ffa4a673000 	C:\WINDOWS\system32\rsaenh.dll
0x00007ffa4ad40000 - 0x00007ffa4ad65000 	C:\WINDOWS\SYSTEM32\bcrypt.dll
0x00007ffa4b0e0000 - 0x00007ffa4b108000 	C:\WINDOWS\SYSTEM32\USERENV.dll
0x00007ffa4ac30000 - 0x00007ffa4ac3b000 	C:\WINDOWS\SYSTEM32\CRYPTBASE.dll
0x0000000075300000 - 0x000000007531a000 	C:\Program Files\Java\jre1.8.0_181\bin\net.dll
0x00007ffa4aa60000 - 0x00007ffa4aac6000 	C:\WINDOWS\system32\mswsock.dll
0x00007ffa4a7e0000 - 0x00007ffa4a818000 	C:\WINDOWS\SYSTEM32\IPHLPAPI.DLL
0x00007ffa4ce80000 - 0x00007ffa4ce88000 	C:\WINDOWS\System32\NSI.dll
0x00007ffa46400000 - 0x00007ffa46416000 	C:\WINDOWS\SYSTEM32\dhcpcsvc6.DLL
0x00007ffa466f0000 - 0x00007ffa4670a000 	C:\WINDOWS\SYSTEM32\dhcpcsvc.DLL
0x00000000752e0000 - 0x00000000752f1000 	C:\Program Files\Java\jre1.8.0_181\bin\nio.dll
0x0000000180000000 - 0x0000000180053000 	C:\Users\RichardH\AppData\Local\Temp\libgdxRichardH\dc0f0009\lwjgl64.dll
0x00007ffa22ac0000 - 0x00007ffa22be0000 	C:\WINDOWS\SYSTEM32\OPENGL32.dll
0x00007ffa41cb0000 - 0x00007ffa41cdc000 	C:\WINDOWS\SYSTEM32\GLU32.dll
0x000000001f8e0000 - 0x000000001f944000 	C:\Users\RichardH\AppData\Local\Temp\libgdxRichardH\dc0f0009\OpenAL64.dll
0x00007ffa4ebb0000 - 0x00007ffa4ed01000 	C:\WINDOWS\System32\ole32.dll
0x00007ffa497f0000 - 0x00007ffa49888000 	C:\WINDOWS\system32\uxtheme.dll
0x00007ffa4c3e0000 - 0x00007ffa4c480000 	C:\WINDOWS\System32\clbcatq.dll
0x00007ffa47b50000 - 0x00007ffa47d04000 	C:\WINDOWS\System32\PROPSYS.dll
0x00007ffa4ea30000 - 0x00007ffa4eaf2000 	C:\WINDOWS\System32\OLEAUT32.dll
0x00007ffa3e990000 - 0x00007ffa3ea1f000 	C:\WINDOWS\SYSTEM32\dsound.dll
0x00007ffa46190000 - 0x00007ffa46206000 	C:\WINDOWS\System32\MMDevApi.dll
0x00007ffa4aff0000 - 0x00007ffa4b017000 	C:\WINDOWS\System32\DEVOBJ.dll
0x00007ffa23530000 - 0x00007ffa2365c000 	C:\WINDOWS\SYSTEM32\AUDIOSES.DLL
0x00007ffa46de0000 - 0x00007ffa46f2d000 	C:\WINDOWS\SYSTEM32\wintypes.dll
0x00007ffa45b40000 - 0x00007ffa45b4a000 	C:\WINDOWS\SYSTEM32\AVRT.dll
0x00007ffa4d100000 - 0x00007ffa4d273000 	C:\WINDOWS\System32\MSCTF.dll
0x00007ffa49970000 - 0x00007ffa49999000 	C:\WINDOWS\system32\dwmapi.dll
0x00007ffa40450000 - 0x00007ffa404e6000 	C:\WINDOWS\System32\TextInputFramework.dll
0x00007ffa49280000 - 0x00007ffa4935a000 	C:\WINDOWS\System32\CoreMessaging.dll
0x00007ffa45660000 - 0x00007ffa4597e000 	C:\WINDOWS\System32\CoreUIComponents.dll
0x00007ffa4a3e0000 - 0x00007ffa4a411000 	C:\WINDOWS\SYSTEM32\ntmarta.dll
0x00000000712d0000 - 0x0000000073953000 	C:\WINDOWS\System32\DriverStore\FileRepository\nv_dispi.inf_amd64_e59b844303b9907e\nvoglv64.dll
0x00007ffa4c700000 - 0x00007ffa4cb4b000 	C:\WINDOWS\System32\SETUPAPI.dll
0x00007ffa47ed0000 - 0x00007ffa47ee3000 	C:\WINDOWS\SYSTEM32\WTSAPI32.dll
0x00007ffa4bf30000 - 0x00007ffa4bf87000 	C:\WINDOWS\System32\WINTRUST.dll
0x00007ffa4b210000 - 0x00007ffa4b222000 	C:\WINDOWS\System32\MSASN1.dll
0x00007ffa4bd20000 - 0x00007ffa4bf02000 	C:\WINDOWS\System32\CRYPT32.dll
0x00007ffa19d00000 - 0x00007ffa19fc6000 	C:\WINDOWS\system32\nvspcap64.dll
0x00007ffa43f10000 - 0x00007ffa43fb8000 	C:\WINDOWS\SYSTEM32\mscms.dll
0x00007ffa49540000 - 0x00007ffa49550000 	C:\WINDOWS\SYSTEM32\ColorAdapterClient.dll
0x00007ffa42300000 - 0x00007ffa42343000 	C:\WINDOWS\SYSTEM32\icm32.dll
0x00007ffa4a380000 - 0x00007ffa4a3d6000 	C:\WINDOWS\SYSTEM32\WINSTA.dll
0x0000000066bc0000 - 0x0000000066c7b000 	C:\Users\RichardH\AppData\Local\Temp\libgdxRichardH\54593449\gdx-box2d64.dll
0x00007ffa38cd0000 - 0x00007ffa38e99000 	C:\WINDOWS\SYSTEM32\dbghelp.dll

VM Arguments:
jvm_args: -Dfile.encoding=UTF-8 
java_command: com.bpa.desktop.DesktopLauncher
java_class_path (initial): C:\Users\RichardH\git\DUN-GUN\libGDX Workspace\desktop\bin\main;\DUN-GUN-core\bin\default;C:\Users\RichardH\git\DUN-GUN\libGDX Workspace\core\bin\main;C:\Users\RichardH\.gradle\caches\modules-2\files-2.1\com.badlogicgames.gdx\gdx-tools\1.9.8\5c32820fccee957cc77990d353297ceed1a63159\gdx-tools-1.9.8.jar;C:\Users\RichardH\.gradle\caches\modules-2\files-2.1\com.badlogicgames.gdx\gdx-backend-lwjgl\1.9.8\b7c138f14ed67ad830ae7597da3d86ae02b20eee\gdx-backend-lwjgl-1.9.8.jar;C:\Users\RichardH\.gradle\caches\modules-2\files-2.1\com.badlogicgames.gdx\gdx-platform\1.9.8\604a2ef2c7c92a5900114757cbd3fb4dcbb8270c\gdx-platform-1.9.8-natives-desktop.jar;C:\Users\RichardH\.gradle\caches\modules-2\files-2.1\com.badlogicgames.gdx\gdx-box2d-platform\1.9.8\3195b56f82751d7cd7de85edb6824d17bf479781\gdx-box2d-platform-1.9.8-natives-desktop.jar;C:\Users\RichardH\.gradle\caches\modules-2\files-2.1\com.badlogicgames.gdx\gdx-ai\1.8.0\ec30677d8ab1a8b8aa4b853c5f4e4b1361f50bf5\gdx-ai-1.8.0.jar;C:\Users\RichardH\.gradle\caches\modules-2\files-2.1\com.badlogicgames.ashley\ashley\1.7.0\a7c4083c0a42027a3c03ba7ccecef6cbe1c5f0a4\ashley-1.7.0.jar;C:\Users\RichardH\.gradle\caches\modules-2\files-2.1\com.badlogicgames.gdx\gdx-backend-headless\1.9.8\c90fcd61d78d3b3d3ee7e493030b06df984df53b\gdx-backend-headless-1.9.8.jar;C:\Users\RichardH\.gradle\caches\modules-2\files-2.1\com.badlogicgames.gdx\gdx-freetype\1.9.8\d92b5b8beab10e3b3c0dd836d4fc186f95e7ea4b\gdx-freetype-1.9.8.jar;C:\Users\RichardH\.gradle\caches\modules-2\files-2.1\com.badlogicgames.box2dlights\box2dlights\1.4\3d77ad5b4164fb32fc67e2446e35911bb0aaf0bd\box2dlights-1.4.jar;C:\Users\RichardH\.gradle\caches\modules-2\files-2.1\com.badlogicgames.gdx\gdx-box2d\1.9.8\6f0497b7958216464101adfb7bdc3a0f7b88d6d3\gdx-box2d-1.9.8.jar;C:\Users\RichardH\.gradle\caches\modules-2\files-2.1\com.badlogicgames.gdx\gdx\1.9.8\a35a0076fbce873f9c2d5a1a1c8066244231bb3c\gdx-1.9.8.jar;C:\Users\RichardH\.gradle\caches\modules-2\files-2.1\org.lwjg
Launcher Type: SUN_STANDARD

Environment Variables:
PATH=C:/Program Files/Java/jre1.8.0_181/bin/server;C:/Program Files/Java/jre1.8.0_181/bin;C:/Program Files/Java/jre1.8.0_181/lib/amd64;C:\Program Files (x86)\Common Files\Oracle\Java\javapath;C:\ProgramData\Oracle\Java\javapath;C:\WINDOWS\system32;C:\WINDOWS;C:\WINDOWS\System32\Wbem;C:\WINDOWS\System32\WindowsPowerShell\v1.0\;C:\Program Files (x86)\NVIDIA Corporation\PhysX\Common;C:\WINDOWS\system32;C:\WINDOWS;C:\WINDOWS\System32\Wbem;C:\WINDOWS\System32\WindowsPowerShell\v1.0\;C:\WINDOWS\System32\OpenSSH\;C:\Users\RichardH\AppData\Local\Programs\Python\Python36-32\Scripts\;C:\Users\RichardH\AppData\Local\Programs\Python\Python36-32\;C:\Users\RichardH\AppData\Local\Microsoft\WindowsApps;C:\Users\RichardH\AppData\Local\GitHubDesktop\bin;C:\Users\RichardH\AppData\Local\Microsoft\WindowsApps;C:\WINDOWS\System32;
USERNAME=RichardH
OS=Windows_NT
PROCESSOR_IDENTIFIER=Intel64 Family 6 Model 158 Stepping 9, GenuineIntel



---------------  S Y S T E M  ---------------

OS: Windows 10.0 , 64 bit Build 17134 (10.0.17134.1)

CPU:total 8 (initial active 8) (4 cores per cpu, 2 threads per core) family 6 model 158 stepping 9, cmov, cx8, fxsr, mmx, sse, sse2, sse3, ssse3, sse4.1, sse4.2, popcnt, avx, avx2, aes, clmul, erms, rtm, 3dnowpref, lzcnt, ht, tsc, tscinvbit, bmi1, bmi2, adx

Memory: 4k page, physical 16729960k(11549256k free), swap 17778536k(8854788k free)

vm_info: Java HotSpot(TM) 64-Bit Server VM (25.181-b13) for windows-amd64 JRE (1.8.0_181-b13), built on Jul  7 2018 04:01:33 by "java_re" with MS VC++ 10.0 (VS2010)

time: Sat Dec 01 00:27:50 2018
elapsed time: 18 seconds (0d 0h 0m 18s)

