#
# A fatal error has been detected by the Java Runtime Environment:
#
#  EXCEPTION_ACCESS_VIOLATION (0xc0000005) at pc=0x0000000066bcbd0d, pid=8340, tid=0x00000000000018a8
#
# JRE version: Java(TM) SE Runtime Environment (8.0_181-b13) (build 1.8.0_181-b13)
# Java VM: Java HotSpot(TM) 64-Bit Server VM (25.181-b13 mixed mode windows-amd64 compressed oops)
# Problematic frame:
# C  [gdx-box2d64.dll+0xbd0d]
#
# Failed to write core dump. Minidumps are not enabled by default on client versions of Windows
#
# If you would like to submit a bug report, please visit:
#   http://bugreport.java.com/bugreport/crash.jsp
# The crash happened outside the Java Virtual Machine in native code.
# See problematic frame for where to report the bug.
#

---------------  T H R E A D  ---------------

Current thread (0x000000001ff12800):  JavaThread "LWJGL Application" [_thread_in_native, id=6312, stack(0x0000000020b50000,0x0000000020c50000)]

siginfo: ExceptionCode=0xc0000005, reading address 0x0000002600000002

Registers:
RAX=0x0000002600000002, RBX=0x00000000313c7300, RCX=0x00000000313c72d0, RDX=0x00000000000000b8
RSP=0x0000000020c4e880, RBP=0x0000000000000006, RSI=0x00000000313c72d0, RDI=0x0000000020c4e940
R8 =0x00000000313c72d0, R9 =0x0000000000000002, R10=0x0000000000000000, R11=0x0000000000000001
R12=0x0000000000000000, R13=0x000000001cb15940, R14=0x0000000020c4eb30, R15=0x000000001ff12800
RIP=0x0000000066bcbd0d, EFLAGS=0x0000000000010202

Top of Stack: (sp=0x0000000020c4e880)
0x0000000020c4e880:   000000001cb15940 000000001ff12800
0x0000000020c4e890:   0000000052f8ee28 000000002029c520
0x0000000020c4e8a0:   0000000000000012 00000000313c72d0
0x0000000020c4e8b0:   000000001c340468 0000000020c4e940
0x0000000020c4e8c0:   0000000020c4ea88 0000000000000000
0x0000000020c4e8d0:   000000001cb15940 0000000066be2483
0x0000000020c4e8e0:   0000000020c4e980 0000000020c4e980
0x0000000020c4e8f0:   0000000000000003 000000001cb15940
0x0000000020c4e900:   0000000000000001 000000001c340468
0x0000000020c4e910:   0000000000070330 0000000066be8616
0x0000000020c4e920:   0000000000000000 0000000000070330
0x0000000020c4e930:   0000000020c4ea88 0000000003275798
0x0000000020c4e940:   41873bd100000002 00000000401a4647
0x0000000020c4e950:   0000000000000000 0000000000000000
0x0000000020c4e960:   0000010100000000 0000000020c4eb01
0x0000000020c4e970:   0000000000000000 000000003f800000 

Instructions: (pc=0x0000000066bcbd0d)
0x0000000066bcbced:   48 8d 05 6c a3 05 00 0f b6 1c 18 80 fb 0d 0f b6
0x0000000066bcbcfd:   eb 77 21 48 8d 1c de 48 8b 43 10 48 85 c0 74 3a
0x0000000066bcbd0d:   48 8b 10 48 89 53 10 48 83 c4 28 5b 5e 5f 5d 41
0x0000000066bcbd1d:   5c 41 5d c3 48 8d 15 18 9e 04 00 48 8d 0d 99 9e 


Register to memory mapping:

RAX=0x0000002600000002 is an unknown value
RBX=0x00000000313c7300 is an unknown value
RCX=0x00000000313c72d0 is an unknown value
RDX=0x00000000000000b8 is an unknown value
RSP=0x0000000020c4e880 is pointing into the stack for thread: 0x000000001ff12800
RBP=0x0000000000000006 is an unknown value
RSI=0x00000000313c72d0 is an unknown value
RDI=0x0000000020c4e940 is pointing into the stack for thread: 0x000000001ff12800
R8 =0x00000000313c72d0 is an unknown value
R9 =0x0000000000000002 is an unknown value
R10=0x0000000000000000 is an unknown value
R11=0x0000000000000001 is an unknown value
R12=0x0000000000000000 is an unknown value
R13={method} {0x000000001cb15948} 'jniCreateBody' '(JIFFFFFFFFZZZZZF)J' in 'com/badlogic/gdx/physics/box2d/World'
R14=0x0000000020c4eb30 is pointing into the stack for thread: 0x000000001ff12800
R15=0x000000001ff12800 is a thread


Stack: [0x0000000020b50000,0x0000000020c50000],  sp=0x0000000020c4e880,  free space=1018k
Native frames: (J=compiled Java code, j=interpreted, Vv=VM code, C=native code)
C  [gdx-box2d64.dll+0xbd0d]
C  [gdx-box2d64.dll+0x22483]
C  [gdx-box2d64.dll+0x28616]
C  0x0000000003288c67

Java frames: (J=compiled Java code, j=interpreted, Vv=VM code)
j  com.badlogic.gdx.physics.box2d.World.jniCreateBody(JIFFFFFFFFZZZZZF)J+0
j  com.badlogic.gdx.physics.box2d.World.createBody(Lcom/badlogic/gdx/physics/box2d/BodyDef;)Lcom/badlogic/gdx/physics/box2d/Body;+80
j  com.bpa.CreateBullet.defineBullet()V+36
j  com.bpa.CreateBullet.<init>(Lcom/badlogic/gdx/physics/box2d/World;)V+38
J 1243 C1 com.bpa.Level1.shootGun()V (392 bytes) @ 0x00000000037664cc [0x0000000003766180+0x34c]
J 1301 C1 com.bpa.Level1.cameraUpdate(F)V (324 bytes) @ 0x000000000378a09c [0x0000000003789f00+0x19c]
J 1241 C1 com.bpa.Level1.render(F)V (828 bytes) @ 0x000000000375faa4 [0x000000000375d9a0+0x2104]
J 1353 C1 com.bpa.DunGun.render()V (5 bytes) @ 0x00000000037b00fc [0x00000000037afee0+0x21c]
j  com.badlogic.gdx.backends.lwjgl.LwjglApplication.mainLoop()V+698
j  com.badlogic.gdx.backends.lwjgl.LwjglApplication$1.run()V+27
v  ~StubRoutines::call_stub

---------------  P R O C E S S  ---------------

Java Threads: ( => current thread )
  0x00000000202cc000 JavaThread "LWJGL Timer" daemon [_thread_blocked, id=780, stack(0x0000000031bb0000,0x0000000031cb0000)]
  0x00000000200e2000 JavaThread "AsynchExecutor-Thread" daemon [_thread_blocked, id=4236, stack(0x000000002f2b0000,0x000000002f3b0000)]
  0x0000000003173800 JavaThread "DestroyJavaVM" [_thread_blocked, id=5624, stack(0x0000000002fe0000,0x00000000030e0000)]
=>0x000000001ff12800 JavaThread "LWJGL Application" [_thread_in_native, id=6312, stack(0x0000000020b50000,0x0000000020c50000)]
  0x000000001ecbd800 JavaThread "Service Thread" daemon [_thread_blocked, id=3128, stack(0x000000001f7e0000,0x000000001f8e0000)]
  0x000000001ec38800 JavaThread "C1 CompilerThread3" daemon [_thread_blocked, id=5412, stack(0x000000001f6e0000,0x000000001f7e0000)]
  0x000000001ec21800 JavaThread "C2 CompilerThread2" daemon [_thread_blocked, id=13084, stack(0x000000001f5e0000,0x000000001f6e0000)]
  0x000000001ec1f800 JavaThread "C2 CompilerThread1" daemon [_thread_blocked, id=10688, stack(0x000000001f4e0000,0x000000001f5e0000)]
  0x000000001ec1c800 JavaThread "C2 CompilerThread0" daemon [_thread_blocked, id=12164, stack(0x000000001f3e0000,0x000000001f4e0000)]
  0x000000001ec1b000 JavaThread "Attach Listener" daemon [_thread_blocked, id=10692, stack(0x000000001f2e0000,0x000000001f3e0000)]
  0x000000001ec1a000 JavaThread "Signal Dispatcher" daemon [_thread_blocked, id=6432, stack(0x000000001f1e0000,0x000000001f2e0000)]
  0x000000001ec10800 JavaThread "Finalizer" daemon [_thread_blocked, id=7244, stack(0x000000001eff0000,0x000000001f0f0000)]
  0x000000000326a000 JavaThread "Reference Handler" daemon [_thread_blocked, id=888, stack(0x000000001eaf0000,0x000000001ebf0000)]

Other Threads:
  0x000000001cd29800 VMThread [stack: 0x000000001e9f0000,0x000000001eaf0000] [id=8484]
  0x000000001ece1000 WatcherThread [stack: 0x000000001f8e0000,0x000000001f9e0000] [id=11728]

VM state:not at safepoint (normal execution)

VM Mutex/Monitor currently owned by a thread: None

Heap:
 PSYoungGen      total 76288K, used 51764K [0x000000076ae00000, 0x0000000770300000, 0x00000007c0000000)
  eden space 65536K, 78% used [0x000000076ae00000,0x000000076e08d3a0,0x000000076ee00000)
  from space 10752K, 0% used [0x000000076f880000,0x000000076f880000,0x0000000770300000)
  to   space 10752K, 0% used [0x000000076ee00000,0x000000076ee00000,0x000000076f880000)
 ParOldGen       total 175104K, used 0K [0x00000006c0a00000, 0x00000006cb500000, 0x000000076ae00000)
  object space 175104K, 0% used [0x00000006c0a00000,0x00000006c0a00000,0x00000006cb500000)
 Metaspace       used 9419K, capacity 9609K, committed 9728K, reserved 1058816K
  class space    used 895K, capacity 955K, committed 1024K, reserved 1048576K

Card table byte_map: [0x0000000012630000,0x0000000012e30000] byte_map_base: 0x000000000f02b000

Marking Bits: (ParMarkBitMap*) 0x0000000053172d00
 Begin Bits: [0x0000000013b90000, 0x0000000017b68000)
 End Bits:   [0x0000000017b68000, 0x000000001bb40000)

Polling page: 0x00000000012f0000

CodeCache: size=245760Kb used=5459Kb max_used=5470Kb free=240300Kb
 bounds [0x0000000003270000, 0x00000000037d0000, 0x0000000012270000]
 total_blobs=1883 nmethods=1368 adapters=428
 compilation: enabled

Compilation events (10 events):
Event: 14.752 Thread 0x000000001ec21800 1364   !   4       org.lwjgl.input.Keyboard::isKeyDown (45 bytes)
Event: 14.752 Thread 0x000000001ec21800 nmethod 1364 0x00000000037b7b50 code [0x00000000037b7ca0, 0x00000000037b7f38]
Event: 15.270 Thread 0x000000001ec1c800 1365       4       java.nio.DirectByteBuffer::get (16 bytes)
Event: 15.272 Thread 0x000000001ec1c800 nmethod 1365 0x00000000037ca090 code [0x00000000037ca1c0, 0x00000000037ca258]
Event: 16.185 Thread 0x000000001ec1f800 1366       4       com.badlogic.gdx.math.Plane::set (60 bytes)
Event: 16.190 Thread 0x000000001ec1f800 nmethod 1366 0x00000000037ca510 code [0x00000000037ca680, 0x00000000037ca878]
Event: 16.469 Thread 0x000000001ec21800 1367       4       java.nio.HeapByteBuffer::compact (52 bytes)
Event: 16.475 Thread 0x000000001ec21800 nmethod 1367 0x00000000037cb2d0 code [0x00000000037cb420, 0x00000000037cb618]
Event: 16.819 Thread 0x000000001ec1c800 1368       4       java.nio.CharBuffer::arrayOffset (35 bytes)
Event: 16.821 Thread 0x000000001ec1c800 nmethod 1368 0x00000000037cb990 code [0x00000000037cbac0, 0x00000000037cbb58]

GC Heap History (0 events):
No events

Deoptimization events (10 events):
Event: 0.942 Thread 0x000000001ff12800 Uncommon trap: reason=class_check action=maybe_recompile pc=0x00000000034dbb0c method=com.badlogic.gdx.assets.AssetLoadingTask.handleAsyncLoader()V @ 137
Event: 1.076 Thread 0x000000001ff12800 Uncommon trap: reason=bimorphic action=maybe_recompile pc=0x0000000003605908 method=com.badlogic.gdx.assets.AssetLoadingTask.handleAsyncLoader()V @ 137
Event: 1.137 Thread 0x000000001ff12800 Uncommon trap: reason=bimorphic action=maybe_recompile pc=0x0000000003605908 method=com.badlogic.gdx.assets.AssetLoadingTask.handleAsyncLoader()V @ 137
Event: 1.165 Thread 0x000000001ff12800 Uncommon trap: reason=unstable_if action=reinterpret pc=0x0000000003605544 method=com.badlogic.gdx.assets.AssetLoadingTask.handleAsyncLoader()V @ 12
Event: 1.165 Thread 0x000000001ff12800 Uncommon trap: reason=unstable_if action=reinterpret pc=0x00000000035f7a90 method=com.badlogic.gdx.assets.AssetLoadingTask.handleAsyncLoader()V @ 12
Event: 1.165 Thread 0x000000001ff12800 Uncommon trap: reason=unstable_if action=reinterpret pc=0x00000000034c88e0 method=com.badlogic.gdx.assets.AssetLoadingTask.handleAsyncLoader()V @ 12
Event: 1.198 Thread 0x000000001ff12800 Uncommon trap: reason=unstable_if action=reinterpret pc=0x0000000003524c84 method=com.badlogic.gdx.assets.AssetManager.finishLoading()V @ 13
Event: 1.315 Thread 0x000000001ff12800 Uncommon trap: reason=unstable_if action=reinterpret pc=0x00000000035dda7c method=javazoom.jl.decoder.LayerIIIDecoder.huffman_decode(II)V @ 684
Event: 2.388 Thread 0x000000001ff12800 Uncommon trap: reason=unstable_if action=reinterpret pc=0x0000000003622f14 method=java.util.StringTokenizer.skipDelimiters(I)I @ 29
Event: 11.320 Thread 0x000000001ff12800 Uncommon trap: reason=unstable_if action=reinterpret pc=0x00000000036ede98 method=com.badlogic.gdx.graphics.g2d.SpriteBatch.draw(Lcom/badlogic/gdx/graphics/Texture;[FII)V @ 55

Classes redefined (0 events):
No events

Internal exceptions (10 events):
Event: 0.099 Thread 0x0000000003173800 Exception <a 'java/security/PrivilegedActionException'> (0x000000076b1831c8) thrown at [C:\re\workspace\8-2-build-windows-amd64-cygwin\jdk8u181\11358\hotspot\src\share\vm\prims\jvm.cpp, line 1435]
Event: 0.099 Thread 0x0000000003173800 Exception <a 'java/security/PrivilegedActionException'> (0x000000076b1833d8) thrown at [C:\re\workspace\8-2-build-windows-amd64-cygwin\jdk8u181\11358\hotspot\src\share\vm\prims\jvm.cpp, line 1435]
Event: 0.181 Thread 0x0000000003173800 Exception <a 'java/security/PrivilegedActionException'> (0x000000076b2aace0) thrown at [C:\re\workspace\8-2-build-windows-amd64-cygwin\jdk8u181\11358\hotspot\src\share\vm\prims\jvm.cpp, line 1435]
Event: 0.181 Thread 0x0000000003173800 Exception <a 'java/security/PrivilegedActionException'> (0x000000076b2ac9b8) thrown at [C:\re\workspace\8-2-build-windows-amd64-cygwin\jdk8u181\11358\hotspot\src\share\vm\prims\jvm.cpp, line 1435]
Event: 0.181 Thread 0x0000000003173800 Exception <a 'java/security/PrivilegedActionException'> (0x000000076b2adb28) thrown at [C:\re\workspace\8-2-build-windows-amd64-cygwin\jdk8u181\11358\hotspot\src\share\vm\prims\jvm.cpp, line 1435]
Event: 0.181 Thread 0x0000000003173800 Exception <a 'java/security/PrivilegedActionException'> (0x000000076b2b2c90) thrown at [C:\re\workspace\8-2-build-windows-amd64-cygwin\jdk8u181\11358\hotspot\src\share\vm\prims\jvm.cpp, line 1435]
Event: 0.181 Thread 0x0000000003173800 Exception <a 'java/security/PrivilegedActionException'> (0x000000076b2b38e8) thrown at [C:\re\workspace\8-2-build-windows-amd64-cygwin\jdk8u181\11358\hotspot\src\share\vm\prims\jvm.cpp, line 1435]
Event: 0.181 Thread 0x0000000003173800 Exception <a 'java/security/PrivilegedActionException'> (0x000000076b2b4510) thrown at [C:\re\workspace\8-2-build-windows-amd64-cygwin\jdk8u181\11358\hotspot\src\share\vm\prims\jvm.cpp, line 1435]
Event: 0.737 Thread 0x00000000200e2000 Exception <a 'java/lang/NoSuchFieldError': method resolution failed> (0x000000076bf22a50) thrown at [C:\re\workspace\8-2-build-windows-amd64-cygwin\jdk8u181\11358\hotspot\src\share\vm\prims\methodHandles.cpp, line 1167]
Event: 0.738 Thread 0x00000000200e2000 Exception <a 'java/lang/NoSuchFieldError': method resolution failed> (0x000000076bf30110) thrown at [C:\re\workspace\8-2-build-windows-amd64-cygwin\jdk8u181\11358\hotspot\src\share\vm\prims\methodHandles.cpp, line 1167]

Events (10 events):
Event: 11.320 Thread 0x000000001ff12800 DEOPT PACKING pc=0x00000000036ede98 sp=0x0000000020c4eb70
Event: 11.320 Thread 0x000000001ff12800 DEOPT UNPACKING pc=0x00000000032b583b sp=0x0000000020c4ea18 mode 2
Event: 11.421 Thread 0x000000001ff12800 DEOPT PACKING pc=0x00000000037b58ba sp=0x0000000020c4eb80
Event: 11.421 Thread 0x000000001ff12800 DEOPT UNPACKING pc=0x00000000032b7890 sp=0x0000000020c4e820 mode 0
Event: 11.503 Thread 0x000000001ff12800 DEOPT PACKING pc=0x00000000037b58ba sp=0x0000000020c4eb80
Event: 11.503 Thread 0x000000001ff12800 DEOPT UNPACKING pc=0x00000000032b7890 sp=0x0000000020c4e820 mode 0
Event: 11.686 Thread 0x000000001ff12800 DEOPT PACKING pc=0x00000000037b58ba sp=0x0000000020c4eb80
Event: 11.686 Thread 0x000000001ff12800 DEOPT UNPACKING pc=0x00000000032b7890 sp=0x0000000020c4e820 mode 0
Event: 11.769 Thread 0x000000001ff12800 DEOPT PACKING pc=0x00000000037b58ba sp=0x0000000020c4eb80
Event: 11.769 Thread 0x000000001ff12800 DEOPT UNPACKING pc=0x00000000032b7890 sp=0x0000000020c4e820 mode 0


Dynamic libraries:
0x00007ff6e73c0000 - 0x00007ff6e73f7000 	C:\Program Files\Java\jre1.8.0_181\bin\javaw.exe
0x00007ff99f7d0000 - 0x00007ff99f9b1000 	C:\WINDOWS\SYSTEM32\ntdll.dll
0x00007ff99d0c0000 - 0x00007ff99d172000 	C:\WINDOWS\System32\KERNEL32.DLL
0x00007ff99c900000 - 0x00007ff99cb73000 	C:\WINDOWS\System32\KERNELBASE.dll
0x00007ff99cdf0000 - 0x00007ff99ce91000 	C:\WINDOWS\System32\ADVAPI32.dll
0x00007ff99d420000 - 0x00007ff99d4be000 	C:\WINDOWS\System32\msvcrt.dll
0x00007ff99d7b0000 - 0x00007ff99d80b000 	C:\WINDOWS\System32\sechost.dll
0x00007ff99d620000 - 0x00007ff99d744000 	C:\WINDOWS\System32\RPCRT4.dll
0x00007ff99cc60000 - 0x00007ff99cdf0000 	C:\WINDOWS\System32\USER32.dll
0x00007ff99c830000 - 0x00007ff99c850000 	C:\WINDOWS\System32\win32u.dll
0x00007ff99d260000 - 0x00007ff99d288000 	C:\WINDOWS\System32\GDI32.dll
0x00007ff99c590000 - 0x00007ff99c722000 	C:\WINDOWS\System32\gdi32full.dll
0x00007ff99c2b0000 - 0x00007ff99c34f000 	C:\WINDOWS\System32\msvcp_win.dll
0x00007ff99c730000 - 0x00007ff99c82a000 	C:\WINDOWS\System32\ucrtbase.dll
0x00007ff9859e0000 - 0x00007ff985c49000 	C:\WINDOWS\WinSxS\amd64_microsoft.windows.common-controls_6595b64144ccf1df_6.0.17134.471_none_fb3e9aab3068fc16\COMCTL32.dll
0x00007ff99ddb0000 - 0x00007ff99e0d2000 	C:\WINDOWS\System32\combase.dll
0x00007ff99cb80000 - 0x00007ff99cbfa000 	C:\WINDOWS\System32\bcryptPrimitives.dll
0x00007ff99f770000 - 0x00007ff99f79d000 	C:\WINDOWS\System32\IMM32.DLL
0x0000000052790000 - 0x0000000052862000 	C:\Program Files\Java\jre1.8.0_181\bin\msvcr100.dll
0x0000000052950000 - 0x00000000531f2000 	C:\Program Files\Java\jre1.8.0_181\bin\server\jvm.dll
0x00007ff99d250000 - 0x00007ff99d258000 	C:\WINDOWS\System32\PSAPI.DLL
0x00007ff98f8c0000 - 0x00007ff98f8c9000 	C:\WINDOWS\SYSTEM32\WSOCK32.dll
0x00007ff991630000 - 0x00007ff991653000 	C:\WINDOWS\SYSTEM32\WINMM.dll
0x00007ff9981f0000 - 0x00007ff9981fa000 	C:\WINDOWS\SYSTEM32\VERSION.dll
0x00007ff99d1e0000 - 0x00007ff99d24c000 	C:\WINDOWS\System32\WS2_32.dll
0x00007ff990e00000 - 0x00007ff990e2a000 	C:\WINDOWS\SYSTEM32\WINMMBASE.dll
0x00007ff99c540000 - 0x00007ff99c589000 	C:\WINDOWS\System32\cfgmgr32.dll
0x0000000052940000 - 0x000000005294f000 	C:\Program Files\Java\jre1.8.0_181\bin\verify.dll
0x0000000052910000 - 0x0000000052939000 	C:\Program Files\Java\jre1.8.0_181\bin\java.dll
0x00000000528f0000 - 0x0000000052906000 	C:\Program Files\Java\jre1.8.0_181\bin\zip.dll
0x00007ff99e330000 - 0x00007ff99f770000 	C:\WINDOWS\System32\SHELL32.dll
0x00007ff99e190000 - 0x00007ff99e239000 	C:\WINDOWS\System32\shcore.dll
0x00007ff99bba0000 - 0x00007ff99c2ad000 	C:\WINDOWS\System32\windows.storage.dll
0x00007ff99d750000 - 0x00007ff99d7a1000 	C:\WINDOWS\System32\shlwapi.dll
0x00007ff99bb40000 - 0x00007ff99bb51000 	C:\WINDOWS\System32\kernel.appcore.dll
0x00007ff99bb60000 - 0x00007ff99bb7f000 	C:\WINDOWS\System32\profapi.dll
0x00007ff99baf0000 - 0x00007ff99bb3c000 	C:\WINDOWS\System32\powrprof.dll
0x00007ff99bae0000 - 0x00007ff99baea000 	C:\WINDOWS\System32\FLTLIB.DLL
0x0000000065580000 - 0x0000000065616000 	C:\Users\RichardH\AppData\Local\Temp\libgdxRichardH\12dfaa03\gdx64.dll
0x00007ff99b510000 - 0x00007ff99b527000 	C:\WINDOWS\SYSTEM32\CRYPTSP.dll
0x00007ff99af40000 - 0x00007ff99af73000 	C:\WINDOWS\system32\rsaenh.dll
0x00007ff99b640000 - 0x00007ff99b665000 	C:\WINDOWS\SYSTEM32\bcrypt.dll
0x00007ff99ba10000 - 0x00007ff99ba38000 	C:\WINDOWS\SYSTEM32\USERENV.dll
0x00007ff99b530000 - 0x00007ff99b53b000 	C:\WINDOWS\SYSTEM32\CRYPTBASE.dll
0x00000000528d0000 - 0x00000000528ea000 	C:\Program Files\Java\jre1.8.0_181\bin\net.dll
0x00007ff99b360000 - 0x00007ff99b3c6000 	C:\WINDOWS\system32\mswsock.dll
0x00007ff99b0e0000 - 0x00007ff99b118000 	C:\WINDOWS\SYSTEM32\IPHLPAPI.DLL
0x00007ff99d290000 - 0x00007ff99d298000 	C:\WINDOWS\System32\NSI.dll
0x00007ff997330000 - 0x00007ff997346000 	C:\WINDOWS\SYSTEM32\dhcpcsvc6.DLL
0x00007ff997960000 - 0x00007ff99797a000 	C:\WINDOWS\SYSTEM32\dhcpcsvc.DLL
0x00000000528b0000 - 0x00000000528c1000 	C:\Program Files\Java\jre1.8.0_181\bin\nio.dll
0x0000000180000000 - 0x0000000180053000 	C:\Users\RichardH\AppData\Local\Temp\libgdxRichardH\dc0f0009\lwjgl64.dll
0x00007ff9724a0000 - 0x00007ff9725c0000 	C:\WINDOWS\SYSTEM32\OPENGL32.dll
0x00007ff98b580000 - 0x00007ff98b5ac000 	C:\WINDOWS\SYSTEM32\GLU32.dll
0x0000000020560000 - 0x00000000205c4000 	C:\Users\RichardH\AppData\Local\Temp\libgdxRichardH\dc0f0009\OpenAL64.dll
0x00007ff99d4c0000 - 0x00007ff99d611000 	C:\WINDOWS\System32\ole32.dll
0x00007ff99a1a0000 - 0x00007ff99a238000 	C:\WINDOWS\system32\uxtheme.dll
0x00007ff99e0f0000 - 0x00007ff99e190000 	C:\WINDOWS\System32\clbcatq.dll
0x00007ff996b50000 - 0x00007ff996d04000 	C:\WINDOWS\System32\PROPSYS.dll
0x00007ff99e260000 - 0x00007ff99e322000 	C:\WINDOWS\System32\OLEAUT32.dll
0x00007ff9855d0000 - 0x00007ff98565f000 	C:\WINDOWS\SYSTEM32\dsound.dll
0x00007ff996f10000 - 0x00007ff996f86000 	C:\WINDOWS\System32\MMDevApi.dll
0x00007ff99b8f0000 - 0x00007ff99b917000 	C:\WINDOWS\System32\DEVOBJ.dll
0x00007ff973700000 - 0x00007ff97382c000 	C:\WINDOWS\SYSTEM32\AUDIOSES.DLL
0x00007ff995760000 - 0x00007ff9958ad000 	C:\WINDOWS\SYSTEM32\wintypes.dll
0x00007ff98afc0000 - 0x00007ff98afca000 	C:\WINDOWS\SYSTEM32\AVRT.dll
0x00007ff99d2a0000 - 0x00007ff99d413000 	C:\WINDOWS\System32\MSCTF.dll
0x00007ff99a270000 - 0x00007ff99a299000 	C:\WINDOWS\system32\dwmapi.dll
0x00007ff988730000 - 0x00007ff9887c6000 	C:\WINDOWS\System32\TextInputFramework.dll
0x00007ff98aca0000 - 0x00007ff98afbe000 	C:\WINDOWS\System32\CoreUIComponents.dll
0x00007ff9999a0000 - 0x00007ff999a7a000 	C:\WINDOWS\System32\CoreMessaging.dll
0x00007ff99abd0000 - 0x00007ff99ac01000 	C:\WINDOWS\SYSTEM32\ntmarta.dll
0x0000000050100000 - 0x0000000052783000 	C:\WINDOWS\System32\DriverStore\FileRepository\nv_dispi.inf_amd64_e59b844303b9907e\nvoglv64.dll
0x00007ff99d960000 - 0x00007ff99ddab000 	C:\WINDOWS\System32\SETUPAPI.dll
0x00007ff998490000 - 0x00007ff9984a3000 	C:\WINDOWS\SYSTEM32\WTSAPI32.dll
0x00007ff99cc00000 - 0x00007ff99cc57000 	C:\WINDOWS\System32\WINTRUST.dll
0x00007ff99bb80000 - 0x00007ff99bb92000 	C:\WINDOWS\System32\MSASN1.dll
0x00007ff99c350000 - 0x00007ff99c532000 	C:\WINDOWS\System32\CRYPT32.dll
0x00007ff971dd0000 - 0x00007ff972096000 	C:\WINDOWS\system32\nvspcap64.dll
0x00007ff994560000 - 0x00007ff994608000 	C:\WINDOWS\SYSTEM32\mscms.dll
0x00007ff998e60000 - 0x00007ff998e70000 	C:\WINDOWS\SYSTEM32\ColorAdapterClient.dll
0x00007ff9884a0000 - 0x00007ff9884e3000 	C:\WINDOWS\SYSTEM32\icm32.dll
0x00007ff99ac70000 - 0x00007ff99acc6000 	C:\WINDOWS\SYSTEM32\WINSTA.dll
0x0000000066bc0000 - 0x0000000066c7b000 	C:\Users\RichardH\AppData\Local\Temp\libgdxRichardH\54593449\gdx-box2d64.dll
0x00007ff997710000 - 0x00007ff9978d9000 	C:\WINDOWS\SYSTEM32\dbghelp.dll

VM Arguments:
jvm_args: -Dfile.encoding=UTF-8 
java_command: com.bpa.desktop.DesktopLauncher
java_class_path (initial): C:\Users\RichardH\git\DUN-GUN\libGDX Workspace\desktop\bin\main;\DUN-GUN-core\bin\default;C:\Users\RichardH\git\DUN-GUN\libGDX Workspace\core\bin\main;C:\Users\RichardH\.gradle\caches\modules-2\files-2.1\com.badlogicgames.gdx\gdx-tools\1.9.8\5c32820fccee957cc77990d353297ceed1a63159\gdx-tools-1.9.8.jar;C:\Users\RichardH\.gradle\caches\modules-2\files-2.1\com.badlogicgames.gdx\gdx-backend-lwjgl\1.9.8\b7c138f14ed67ad830ae7597da3d86ae02b20eee\gdx-backend-lwjgl-1.9.8.jar;C:\Users\RichardH\.gradle\caches\modules-2\files-2.1\com.badlogicgames.gdx\gdx-platform\1.9.8\604a2ef2c7c92a5900114757cbd3fb4dcbb8270c\gdx-platform-1.9.8-natives-desktop.jar;C:\Users\RichardH\.gradle\caches\modules-2\files-2.1\com.badlogicgames.gdx\gdx-box2d-platform\1.9.8\3195b56f82751d7cd7de85edb6824d17bf479781\gdx-box2d-platform-1.9.8-natives-desktop.jar;C:\Users\RichardH\.gradle\caches\modules-2\files-2.1\com.badlogicgames.gdx\gdx-ai\1.8.0\ec30677d8ab1a8b8aa4b853c5f4e4b1361f50bf5\gdx-ai-1.8.0.jar;C:\Users\RichardH\.gradle\caches\modules-2\files-2.1\com.badlogicgames.ashley\ashley\1.7.0\a7c4083c0a42027a3c03ba7ccecef6cbe1c5f0a4\ashley-1.7.0.jar;C:\Users\RichardH\.gradle\caches\modules-2\files-2.1\com.badlogicgames.gdx\gdx-backend-headless\1.9.8\c90fcd61d78d3b3d3ee7e493030b06df984df53b\gdx-backend-headless-1.9.8.jar;C:\Users\RichardH\.gradle\caches\modules-2\files-2.1\com.badlogicgames.gdx\gdx-freetype\1.9.8\d92b5b8beab10e3b3c0dd836d4fc186f95e7ea4b\gdx-freetype-1.9.8.jar;C:\Users\RichardH\.gradle\caches\modules-2\files-2.1\com.badlogicgames.box2dlights\box2dlights\1.4\3d77ad5b4164fb32fc67e2446e35911bb0aaf0bd\box2dlights-1.4.jar;C:\Users\RichardH\.gradle\caches\modules-2\files-2.1\com.badlogicgames.gdx\gdx-box2d\1.9.8\6f0497b7958216464101adfb7bdc3a0f7b88d6d3\gdx-box2d-1.9.8.jar;C:\Users\RichardH\.gradle\caches\modules-2\files-2.1\com.badlogicgames.gdx\gdx\1.9.8\a35a0076fbce873f9c2d5a1a1c8066244231bb3c\gdx-1.9.8.jar;C:\Users\RichardH\.gradle\caches\modules-2\files-2.1\org.lwjg
Launcher Type: SUN_STANDARD

Environment Variables:
PATH=C:/Program Files/Java/jre1.8.0_181/bin/server;C:/Program Files/Java/jre1.8.0_181/bin;C:/Program Files/Java/jre1.8.0_181/lib/amd64;C:\Program Files (x86)\Common Files\Oracle\Java\javapath;C:\ProgramData\Oracle\Java\javapath;C:\WINDOWS\system32;C:\WINDOWS;C:\WINDOWS\System32\Wbem;C:\WINDOWS\System32\WindowsPowerShell\v1.0\;C:\Program Files (x86)\NVIDIA Corporation\PhysX\Common;C:\WINDOWS\system32;C:\WINDOWS;C:\WINDOWS\System32\Wbem;C:\WINDOWS\System32\WindowsPowerShell\v1.0\;C:\WINDOWS\System32\OpenSSH\;C:\Program Files\NVIDIA Corporation\NVIDIA NvDLISR;C:\Users\RichardH\AppData\Local\Programs\Python\Python36-32\Scripts\;C:\Users\RichardH\AppData\Local\Programs\Python\Python36-32\;C:\Users\RichardH\AppData\Local\Microsoft\WindowsApps;C:\Users\RichardH\AppData\Local\GitHubDesktop\bin;C:\Users\RichardH\AppData\Local\Microsoft\WindowsApps;C:\WINDOWS\System32;
USERNAME=RichardH
OS=Windows_NT
PROCESSOR_IDENTIFIER=Intel64 Family 6 Model 158 Stepping 9, GenuineIntel



---------------  S Y S T E M  ---------------

OS: Windows 10.0 , 64 bit Build 17134 (10.0.17134.1)

CPU:total 8 (initial active 8) (4 cores per cpu, 2 threads per core) family 6 model 158 stepping 9, cmov, cx8, fxsr, mmx, sse, sse2, sse3, ssse3, sse4.1, sse4.2, popcnt, avx, avx2, aes, clmul, erms, rtm, 3dnowpref, lzcnt, ht, tsc, tscinvbit, bmi1, bmi2, adx

Memory: 4k page, physical 16729960k(12348832k free), swap 17778536k(10913908k free)

vm_info: Java HotSpot(TM) 64-Bit Server VM (25.181-b13) for windows-amd64 JRE (1.8.0_181-b13), built on Jul  7 2018 04:01:33 by "java_re" with MS VC++ 10.0 (VS2010)

time: Fri Dec 14 00:24:37 2018
elapsed time: 17 seconds (0d 0h 0m 17s)

