#
# A fatal error has been detected by the Java Runtime Environment:
#
#  EXCEPTION_ACCESS_VIOLATION (0xc0000005) at pc=0x0000000066bcbd0d, pid=7408, tid=0x00000000000029c4
#
# JRE version: Java(TM) SE Runtime Environment (8.0_181-b13) (build 1.8.0_181-b13)
# Java VM: Java HotSpot(TM) 64-Bit Server VM (25.181-b13 mixed mode windows-amd64 compressed oops)
# Problematic frame:
# C  [gdx-box2d64.dll+0xbd0d]
#
# Failed to write core dump. Minidumps are not enabled by default on client versions of Windows
#
# If you would like to submit a bug report, please visit:
#   http://bugreport.java.com/bugreport/crash.jsp
# The crash happened outside the Java Virtual Machine in native code.
# See problematic frame for where to report the bug.
#

---------------  T H R E A D  ---------------

Current thread (0x00000000200bd800):  JavaThread "LWJGL Application" [_thread_in_native, id=10692, stack(0x0000000020c40000,0x0000000020d40000)]

siginfo: ExceptionCode=0xc0000005, reading address 0x0000002600000002

Registers:
RAX=0x0000002600000002, RBX=0x0000000020925cc0, RCX=0x0000000020925c90, RDX=0x00000000000000b8
RSP=0x0000000020d3edf0, RBP=0x0000000000000006, RSI=0x0000000020925c90, RDI=0x0000000020d3eeb0
R8 =0x0000000020925c90, R9 =0x0000000000000002, R10=0x0000000000000000, R11=0x0000000000000001
R12=0x0000000000000000, R13=0x000000001cca5770, R14=0x0000000020d3f0a0, R15=0x00000000200bd800
RIP=0x0000000066bcbd0d, EFLAGS=0x0000000000010202

Top of Stack: (sp=0x0000000020d3edf0)
0x0000000020d3edf0:   000000001cc83700 00000000200bd800
0x0000000020d3ee00:   0000000052fdee28 00000000202d5c40
0x0000000020d3ee10:   0000000000000012 0000000020925c90
0x0000000020d3ee20:   000000001c4d0468 0000000020d3eeb0
0x0000000020d3ee30:   0000000020d3eff8 0000000000000000
0x0000000020d3ee40:   000000001cca5770 0000000066be2483
0x0000000020d3ee50:   0000000020d3eef0 0000000020d3eef0
0x0000000020d3ee60:   40070ede00000003 000000001cc83700
0x0000000020d3ee70:   0000000000000001 000000001c4d0468
0x0000000020d3ee80:   0000000000070ca0 0000000066be8616
0x0000000020d3ee90:   0000000000000000 0000000000070ca0
0x0000000020d3eea0:   0000000020d3eff8 0000000003405798
0x0000000020d3eeb0:   417421cb00000002 00000000413e1422
0x0000000020d3eec0:   0000000000000000 0000000000000000
0x0000000020d3eed0:   0000010100000000 0000000020d3f001
0x0000000020d3eee0:   0000000000000000 000000003f800000 

Instructions: (pc=0x0000000066bcbd0d)
0x0000000066bcbced:   48 8d 05 6c a3 05 00 0f b6 1c 18 80 fb 0d 0f b6
0x0000000066bcbcfd:   eb 77 21 48 8d 1c de 48 8b 43 10 48 85 c0 74 3a
0x0000000066bcbd0d:   48 8b 10 48 89 53 10 48 83 c4 28 5b 5e 5f 5d 41
0x0000000066bcbd1d:   5c 41 5d c3 48 8d 15 18 9e 04 00 48 8d 0d 99 9e 


Register to memory mapping:

RAX=0x0000002600000002 is an unknown value
RBX=0x0000000020925cc0 is an unknown value
RCX=0x0000000020925c90 is an unknown value
RDX=0x00000000000000b8 is an unknown value
RSP=0x0000000020d3edf0 is pointing into the stack for thread: 0x00000000200bd800
RBP=0x0000000000000006 is an unknown value
RSI=0x0000000020925c90 is an unknown value
RDI=0x0000000020d3eeb0 is pointing into the stack for thread: 0x00000000200bd800
R8 =0x0000000020925c90 is an unknown value
R9 =0x0000000000000002 is an unknown value
R10=0x0000000000000000 is an unknown value
R11=0x0000000000000001 is an unknown value
R12=0x0000000000000000 is an unknown value
R13=0x000000001cca5770 is pointing into metadata
R14=0x0000000020d3f0a0 is pointing into the stack for thread: 0x00000000200bd800
R15=0x00000000200bd800 is a thread


Stack: [0x0000000020c40000,0x0000000020d40000],  sp=0x0000000020d3edf0,  free space=1019k
Native frames: (J=compiled Java code, j=interpreted, Vv=VM code, C=native code)
C  [gdx-box2d64.dll+0xbd0d]
C  [gdx-box2d64.dll+0x22483]
C  [gdx-box2d64.dll+0x28616]
C  0x0000000003418c67

Java frames: (J=compiled Java code, j=interpreted, Vv=VM code)
j  com.badlogic.gdx.physics.box2d.World.jniCreateBody(JIFFFFFFFFZZZZZF)J+0
j  com.badlogic.gdx.physics.box2d.World.createBody(Lcom/badlogic/gdx/physics/box2d/BodyDef;)Lcom/badlogic/gdx/physics/box2d/Body;+80
j  com.bpa.CreateBullet.defineBullet()V+36
j  com.bpa.CreateBullet.<init>(Lcom/badlogic/gdx/physics/box2d/World;)V+38
J 1323 C1 com.bpa.Level1.shootGun()V (420 bytes) @ 0x00000000039534ac [0x0000000003952940+0xb6c]
J 1319 C1 com.bpa.Level1.cameraUpdate(F)V (325 bytes) @ 0x0000000003950ccc [0x000000000394f020+0x1cac]
J 1236 C1 com.bpa.Level1.render(F)V (828 bytes) @ 0x00000000038fc0e4 [0x00000000038f9fe0+0x2104]
J 1339 C1 com.bpa.DunGun.render()V (5 bytes) @ 0x000000000395adbc [0x000000000395aba0+0x21c]
j  com.badlogic.gdx.backends.lwjgl.LwjglApplication.mainLoop()V+698
j  com.badlogic.gdx.backends.lwjgl.LwjglApplication$1.run()V+27
v  ~StubRoutines::call_stub

---------------  P R O C E S S  ---------------

Java Threads: ( => current thread )
  0x0000000030cb5800 JavaThread "LWJGL Timer" daemon [_thread_blocked, id=8968, stack(0x0000000031ca0000,0x0000000031da0000)]
  0x0000000020534800 JavaThread "AsynchExecutor-Thread" daemon [_thread_blocked, id=6920, stack(0x000000002e3d0000,0x000000002e4d0000)]
  0x0000000003303800 JavaThread "DestroyJavaVM" [_thread_blocked, id=1056, stack(0x0000000003200000,0x0000000003300000)]
=>0x00000000200bd800 JavaThread "LWJGL Application" [_thread_in_native, id=10692, stack(0x0000000020c40000,0x0000000020d40000)]
  0x000000001ee58800 JavaThread "Service Thread" daemon [_thread_blocked, id=2544, stack(0x000000001f980000,0x000000001fa80000)]
  0x000000001edd7000 JavaThread "C1 CompilerThread3" daemon [_thread_blocked, id=13164, stack(0x000000001f880000,0x000000001f980000)]
  0x000000001edc4000 JavaThread "C2 CompilerThread2" daemon [_thread_blocked, id=7348, stack(0x000000001f780000,0x000000001f880000)]
  0x000000001edbf000 JavaThread "C2 CompilerThread1" daemon [_thread_blocked, id=7856, stack(0x000000001f680000,0x000000001f780000)]
  0x000000001edbc000 JavaThread "C2 CompilerThread0" daemon [_thread_blocked, id=12172, stack(0x000000001f580000,0x000000001f680000)]
  0x000000001edba800 JavaThread "Attach Listener" daemon [_thread_blocked, id=13452, stack(0x000000001f480000,0x000000001f580000)]
  0x000000001cece800 JavaThread "Signal Dispatcher" daemon [_thread_blocked, id=8348, stack(0x000000001f380000,0x000000001f480000)]
  0x000000001edb0800 JavaThread "Finalizer" daemon [_thread_blocked, id=5840, stack(0x000000001f190000,0x000000001f290000)]
  0x000000001cebd800 JavaThread "Reference Handler" daemon [_thread_blocked, id=2368, stack(0x000000001ec90000,0x000000001ed90000)]

Other Threads:
  0x000000001ceb8800 VMThread [stack: 0x000000001eb90000,0x000000001ec90000] [id=2988]
  0x000000001ee8c000 WatcherThread [stack: 0x000000001fa80000,0x000000001fb80000] [id=6380]

VM state:not at safepoint (normal execution)

VM Mutex/Monitor currently owned by a thread: None

Heap:
 PSYoungGen      total 76288K, used 55428K [0x000000076ae00000, 0x0000000770300000, 0x00000007c0000000)
  eden space 65536K, 84% used [0x000000076ae00000,0x000000076e421038,0x000000076ee00000)
  from space 10752K, 0% used [0x000000076f880000,0x000000076f880000,0x0000000770300000)
  to   space 10752K, 0% used [0x000000076ee00000,0x000000076ee00000,0x000000076f880000)
 ParOldGen       total 175104K, used 0K [0x00000006c0a00000, 0x00000006cb500000, 0x000000076ae00000)
  object space 175104K, 0% used [0x00000006c0a00000,0x00000006c0a00000,0x00000006cb500000)
 Metaspace       used 9451K, capacity 9609K, committed 9728K, reserved 1058816K
  class space    used 895K, capacity 955K, committed 1024K, reserved 1048576K

Card table byte_map: [0x00000000127c0000,0x0000000012fc0000] byte_map_base: 0x000000000f1bb000

Marking Bits: (ParMarkBitMap*) 0x00000000531c2d00
 Begin Bits: [0x0000000013d20000, 0x0000000017cf8000)
 End Bits:   [0x0000000017cf8000, 0x000000001bcd0000)

Polling page: 0x00000000018d0000

CodeCache: size=245760Kb used=5536Kb max_used=5536Kb free=240223Kb
 bounds [0x0000000003400000, 0x0000000003970000, 0x0000000012400000]
 total_blobs=1882 nmethods=1367 adapters=428
 compilation: enabled

Compilation events (10 events):
Event: 13.191 Thread 0x000000001edd7000 1359       3       com.badlogic.gdx.physics.box2d.Fixture::getFilterData (56 bytes)
Event: 13.191 Thread 0x000000001edd7000 nmethod 1359 0x00000000039698d0 code [0x0000000003969a40, 0x0000000003969c68]
Event: 13.192 Thread 0x000000001edd7000 1361       1       com.badlogic.gdx.physics.box2d.Fixture::getUserData (5 bytes)
Event: 13.192 Thread 0x000000001edd7000 nmethod 1361 0x0000000003969610 code [0x0000000003969760, 0x0000000003969870]
Event: 13.528 Thread 0x000000001edd7000 1363       3       com.badlogic.gdx.physics.box2d.Body::applyLinearImpulse (16 bytes)
Event: 13.528 Thread 0x000000001edd7000 nmethod 1363 0x0000000003968b10 code [0x0000000003968c80, 0x0000000003968e08]
Event: 13.628 Thread 0x000000001edd7000 1365       3       com.badlogic.gdx.physics.box2d.Body::setTransform (12 bytes)
Event: 13.629 Thread 0x000000001edd7000 nmethod 1365 0x00000000039683d0 code [0x0000000003968540, 0x00000000039686c8]
Event: 13.644 Thread 0x000000001edd7000 1367       3       com.bpa.Grunt::renderSprite (312 bytes)
Event: 13.646 Thread 0x000000001edd7000 nmethod 1367 0x000000000396a650 code [0x000000000396aa00, 0x000000000396be78]

GC Heap History (0 events):
No events

Deoptimization events (10 events):
Event: 0.964 Thread 0x00000000200bd800 Uncommon trap: reason=class_check action=maybe_recompile pc=0x0000000003677730 method=com.badlogic.gdx.assets.AssetLoadingTask.handleAsyncLoader()V @ 137
Event: 0.977 Thread 0x00000000200bd800 Uncommon trap: reason=class_check action=maybe_recompile pc=0x000000000364dc0c method=com.badlogic.gdx.assets.AssetLoadingTask.handleAsyncLoader()V @ 137
Event: 1.114 Thread 0x00000000200bd800 Uncommon trap: reason=bimorphic action=maybe_recompile pc=0x00000000037af04c method=com.badlogic.gdx.assets.AssetLoadingTask.handleAsyncLoader()V @ 137
Event: 1.174 Thread 0x00000000200bd800 Uncommon trap: reason=bimorphic action=maybe_recompile pc=0x00000000037af04c method=com.badlogic.gdx.assets.AssetLoadingTask.handleAsyncLoader()V @ 137
Event: 1.202 Thread 0x00000000200bd800 Uncommon trap: reason=unstable_if action=reinterpret pc=0x00000000037aec84 method=com.badlogic.gdx.assets.AssetLoadingTask.handleAsyncLoader()V @ 12
Event: 1.202 Thread 0x00000000200bd800 Uncommon trap: reason=unstable_if action=reinterpret pc=0x0000000003791250 method=com.badlogic.gdx.assets.AssetLoadingTask.handleAsyncLoader()V @ 12
Event: 1.210 Thread 0x00000000200bd800 Uncommon trap: reason=unstable_if action=reinterpret pc=0x000000000364e620 method=com.badlogic.gdx.assets.AssetLoadingTask.handleAsyncLoader()V @ 12
Event: 1.234 Thread 0x00000000200bd800 Uncommon trap: reason=unstable_if action=reinterpret pc=0x00000000036c6884 method=com.badlogic.gdx.assets.AssetManager.finishLoading()V @ 13
Event: 1.381 Thread 0x00000000200bd800 Uncommon trap: reason=unstable_if action=reinterpret pc=0x0000000003776268 method=javazoom.jl.decoder.LayerIIIDecoder.huffman_decode(II)V @ 684
Event: 2.533 Thread 0x00000000200bd800 Uncommon trap: reason=unstable_if action=reinterpret pc=0x00000000037c5994 method=java.util.StringTokenizer.skipDelimiters(I)I @ 29

Classes redefined (0 events):
No events

Internal exceptions (10 events):
Event: 0.101 Thread 0x0000000003303800 Exception <a 'java/security/PrivilegedActionException'> (0x000000076b182600) thrown at [C:\re\workspace\8-2-build-windows-amd64-cygwin\jdk8u181\11358\hotspot\src\share\vm\prims\jvm.cpp, line 1435]
Event: 0.101 Thread 0x0000000003303800 Exception <a 'java/security/PrivilegedActionException'> (0x000000076b182810) thrown at [C:\re\workspace\8-2-build-windows-amd64-cygwin\jdk8u181\11358\hotspot\src\share\vm\prims\jvm.cpp, line 1435]
Event: 0.181 Thread 0x0000000003303800 Exception <a 'java/security/PrivilegedActionException'> (0x000000076b2aaa98) thrown at [C:\re\workspace\8-2-build-windows-amd64-cygwin\jdk8u181\11358\hotspot\src\share\vm\prims\jvm.cpp, line 1435]
Event: 0.181 Thread 0x0000000003303800 Exception <a 'java/security/PrivilegedActionException'> (0x000000076b2ac770) thrown at [C:\re\workspace\8-2-build-windows-amd64-cygwin\jdk8u181\11358\hotspot\src\share\vm\prims\jvm.cpp, line 1435]
Event: 0.181 Thread 0x0000000003303800 Exception <a 'java/security/PrivilegedActionException'> (0x000000076b2ad8e0) thrown at [C:\re\workspace\8-2-build-windows-amd64-cygwin\jdk8u181\11358\hotspot\src\share\vm\prims\jvm.cpp, line 1435]
Event: 0.181 Thread 0x0000000003303800 Exception <a 'java/security/PrivilegedActionException'> (0x000000076b2b2a48) thrown at [C:\re\workspace\8-2-build-windows-amd64-cygwin\jdk8u181\11358\hotspot\src\share\vm\prims\jvm.cpp, line 1435]
Event: 0.181 Thread 0x0000000003303800 Exception <a 'java/security/PrivilegedActionException'> (0x000000076b2b36a0) thrown at [C:\re\workspace\8-2-build-windows-amd64-cygwin\jdk8u181\11358\hotspot\src\share\vm\prims\jvm.cpp, line 1435]
Event: 0.181 Thread 0x0000000003303800 Exception <a 'java/security/PrivilegedActionException'> (0x000000076b2b42c8) thrown at [C:\re\workspace\8-2-build-windows-amd64-cygwin\jdk8u181\11358\hotspot\src\share\vm\prims\jvm.cpp, line 1435]
Event: 0.746 Thread 0x0000000020534800 Exception <a 'java/lang/NoSuchFieldError': method resolution failed> (0x000000076bf232b8) thrown at [C:\re\workspace\8-2-build-windows-amd64-cygwin\jdk8u181\11358\hotspot\src\share\vm\prims\methodHandles.cpp, line 1167]
Event: 0.747 Thread 0x0000000020534800 Exception <a 'java/lang/NoSuchFieldError': method resolution failed> (0x000000076bf30978) thrown at [C:\re\workspace\8-2-build-windows-amd64-cygwin\jdk8u181\11358\hotspot\src\share\vm\prims\methodHandles.cpp, line 1167]

Events (10 events):
Event: 3.839 Thread 0x00000000200bd800 DEOPT PACKING pc=0x0000000003878eff sp=0x0000000020d3f490
Event: 3.839 Thread 0x00000000200bd800 DEOPT UNPACKING pc=0x0000000003447890 sp=0x0000000020d3f2a0 mode 0
Event: 4.103 Executing VM operation: EnableBiasedLocking
Event: 4.104 Executing VM operation: EnableBiasedLocking done
Event: 7.026 loading class org/lwjgl/input/Cursor
Event: 7.026 loading class org/lwjgl/input/Cursor done
Event: 9.858 loading class java/lang/Math$RandomNumberGeneratorHolder
Event: 9.858 loading class java/lang/Math$RandomNumberGeneratorHolder done
Event: 12.062 loading class com/bpa/Grunt
Event: 12.062 loading class com/bpa/Grunt done


Dynamic libraries:
0x00007ff63f200000 - 0x00007ff63f237000 	C:\Program Files\Java\jre1.8.0_181\bin\javaw.exe
0x00007ff99f7d0000 - 0x00007ff99f9b1000 	C:\WINDOWS\SYSTEM32\ntdll.dll
0x00007ff99d0c0000 - 0x00007ff99d172000 	C:\WINDOWS\System32\KERNEL32.DLL
0x00007ff99c900000 - 0x00007ff99cb73000 	C:\WINDOWS\System32\KERNELBASE.dll
0x00007ff99cdf0000 - 0x00007ff99ce91000 	C:\WINDOWS\System32\ADVAPI32.dll
0x00007ff99d420000 - 0x00007ff99d4be000 	C:\WINDOWS\System32\msvcrt.dll
0x00007ff99d7b0000 - 0x00007ff99d80b000 	C:\WINDOWS\System32\sechost.dll
0x00007ff99d620000 - 0x00007ff99d744000 	C:\WINDOWS\System32\RPCRT4.dll
0x00007ff99cc60000 - 0x00007ff99cdf0000 	C:\WINDOWS\System32\USER32.dll
0x00007ff99c830000 - 0x00007ff99c850000 	C:\WINDOWS\System32\win32u.dll
0x00007ff99d260000 - 0x00007ff99d288000 	C:\WINDOWS\System32\GDI32.dll
0x00007ff99c590000 - 0x00007ff99c722000 	C:\WINDOWS\System32\gdi32full.dll
0x00007ff99c2b0000 - 0x00007ff99c34f000 	C:\WINDOWS\System32\msvcp_win.dll
0x00007ff99c730000 - 0x00007ff99c82a000 	C:\WINDOWS\System32\ucrtbase.dll
0x00007ff9859e0000 - 0x00007ff985c49000 	C:\WINDOWS\WinSxS\amd64_microsoft.windows.common-controls_6595b64144ccf1df_6.0.17134.471_none_fb3e9aab3068fc16\COMCTL32.dll
0x00007ff99ddb0000 - 0x00007ff99e0d2000 	C:\WINDOWS\System32\combase.dll
0x00007ff99cb80000 - 0x00007ff99cbfa000 	C:\WINDOWS\System32\bcryptPrimitives.dll
0x00007ff99f770000 - 0x00007ff99f79d000 	C:\WINDOWS\System32\IMM32.DLL
0x00000000527d0000 - 0x00000000528a2000 	C:\Program Files\Java\jre1.8.0_181\bin\msvcr100.dll
0x00000000529a0000 - 0x0000000053242000 	C:\Program Files\Java\jre1.8.0_181\bin\server\jvm.dll
0x00007ff99d250000 - 0x00007ff99d258000 	C:\WINDOWS\System32\PSAPI.DLL
0x00007ff98f8c0000 - 0x00007ff98f8c9000 	C:\WINDOWS\SYSTEM32\WSOCK32.dll
0x00007ff991630000 - 0x00007ff991653000 	C:\WINDOWS\SYSTEM32\WINMM.dll
0x00007ff99d1e0000 - 0x00007ff99d24c000 	C:\WINDOWS\System32\WS2_32.dll
0x00007ff9981f0000 - 0x00007ff9981fa000 	C:\WINDOWS\SYSTEM32\VERSION.dll
0x00007ff990e00000 - 0x00007ff990e2a000 	C:\WINDOWS\SYSTEM32\winmmbase.dll
0x00007ff99c540000 - 0x00007ff99c589000 	C:\WINDOWS\System32\cfgmgr32.dll
0x0000000052990000 - 0x000000005299f000 	C:\Program Files\Java\jre1.8.0_181\bin\verify.dll
0x0000000052960000 - 0x0000000052989000 	C:\Program Files\Java\jre1.8.0_181\bin\java.dll
0x0000000052940000 - 0x0000000052956000 	C:\Program Files\Java\jre1.8.0_181\bin\zip.dll
0x00007ff99e330000 - 0x00007ff99f770000 	C:\WINDOWS\System32\SHELL32.dll
0x00007ff99e190000 - 0x00007ff99e239000 	C:\WINDOWS\System32\shcore.dll
0x00007ff99bba0000 - 0x00007ff99c2ad000 	C:\WINDOWS\System32\windows.storage.dll
0x00007ff99d750000 - 0x00007ff99d7a1000 	C:\WINDOWS\System32\shlwapi.dll
0x00007ff99bb40000 - 0x00007ff99bb51000 	C:\WINDOWS\System32\kernel.appcore.dll
0x00007ff99bb60000 - 0x00007ff99bb7f000 	C:\WINDOWS\System32\profapi.dll
0x00007ff99baf0000 - 0x00007ff99bb3c000 	C:\WINDOWS\System32\powrprof.dll
0x00007ff99bae0000 - 0x00007ff99baea000 	C:\WINDOWS\System32\FLTLIB.DLL
0x0000000065580000 - 0x0000000065616000 	C:\Users\RichardH\AppData\Local\Temp\libgdxRichardH\12dfaa03\gdx64.dll
0x00007ff99b510000 - 0x00007ff99b527000 	C:\WINDOWS\SYSTEM32\CRYPTSP.dll
0x00007ff99af40000 - 0x00007ff99af73000 	C:\WINDOWS\system32\rsaenh.dll
0x00007ff99b640000 - 0x00007ff99b665000 	C:\WINDOWS\SYSTEM32\bcrypt.dll
0x00007ff99ba10000 - 0x00007ff99ba38000 	C:\WINDOWS\SYSTEM32\USERENV.dll
0x00007ff99b530000 - 0x00007ff99b53b000 	C:\WINDOWS\SYSTEM32\CRYPTBASE.dll
0x0000000052920000 - 0x000000005293a000 	C:\Program Files\Java\jre1.8.0_181\bin\net.dll
0x00007ff99b360000 - 0x00007ff99b3c6000 	C:\WINDOWS\system32\mswsock.dll
0x00007ff99b0e0000 - 0x00007ff99b118000 	C:\WINDOWS\SYSTEM32\IPHLPAPI.DLL
0x00007ff99d290000 - 0x00007ff99d298000 	C:\WINDOWS\System32\NSI.dll
0x00007ff997330000 - 0x00007ff997346000 	C:\WINDOWS\SYSTEM32\dhcpcsvc6.DLL
0x00007ff997960000 - 0x00007ff99797a000 	C:\WINDOWS\SYSTEM32\dhcpcsvc.DLL
0x0000000052900000 - 0x0000000052911000 	C:\Program Files\Java\jre1.8.0_181\bin\nio.dll
0x0000000180000000 - 0x0000000180053000 	C:\Users\RichardH\AppData\Local\Temp\libgdxRichardH\dc0f0009\lwjgl64.dll
0x00007ff983e00000 - 0x00007ff983f20000 	C:\WINDOWS\SYSTEM32\OPENGL32.dll
0x00007ff98a3d0000 - 0x00007ff98a3fc000 	C:\WINDOWS\SYSTEM32\GLU32.dll
0x00000000206c0000 - 0x0000000020724000 	C:\Users\RichardH\AppData\Local\Temp\libgdxRichardH\dc0f0009\OpenAL64.dll
0x00007ff99d4c0000 - 0x00007ff99d611000 	C:\WINDOWS\System32\ole32.dll
0x00007ff99a1a0000 - 0x00007ff99a238000 	C:\WINDOWS\system32\uxtheme.dll
0x00007ff99e0f0000 - 0x00007ff99e190000 	C:\WINDOWS\System32\clbcatq.dll
0x00007ff996b50000 - 0x00007ff996d04000 	C:\WINDOWS\System32\PROPSYS.dll
0x00007ff99e260000 - 0x00007ff99e322000 	C:\WINDOWS\System32\OLEAUT32.dll
0x00007ff9849e0000 - 0x00007ff984a6f000 	C:\WINDOWS\SYSTEM32\dsound.dll
0x00007ff996f10000 - 0x00007ff996f86000 	C:\WINDOWS\System32\MMDevApi.dll
0x00007ff99b8f0000 - 0x00007ff99b917000 	C:\WINDOWS\System32\DEVOBJ.dll
0x00007ff973700000 - 0x00007ff97382c000 	C:\WINDOWS\SYSTEM32\AUDIOSES.DLL
0x00007ff995760000 - 0x00007ff9958ad000 	C:\WINDOWS\SYSTEM32\wintypes.dll
0x00007ff98afc0000 - 0x00007ff98afca000 	C:\WINDOWS\SYSTEM32\AVRT.dll
0x00007ff99d2a0000 - 0x00007ff99d413000 	C:\WINDOWS\System32\MSCTF.dll
0x00007ff99a270000 - 0x00007ff99a299000 	C:\WINDOWS\system32\dwmapi.dll
0x00007ff988990000 - 0x00007ff988a26000 	C:\WINDOWS\System32\TextInputFramework.dll
0x00007ff98aca0000 - 0x00007ff98afbe000 	C:\WINDOWS\System32\CoreUIComponents.dll
0x00007ff9999a0000 - 0x00007ff999a7a000 	C:\WINDOWS\System32\CoreMessaging.dll
0x00007ff99abd0000 - 0x00007ff99ac01000 	C:\WINDOWS\SYSTEM32\ntmarta.dll
0x0000000050140000 - 0x00000000527c3000 	C:\WINDOWS\System32\DriverStore\FileRepository\nv_dispi.inf_amd64_e59b844303b9907e\nvoglv64.dll
0x00007ff99d960000 - 0x00007ff99ddab000 	C:\WINDOWS\System32\SETUPAPI.dll
0x00007ff998490000 - 0x00007ff9984a3000 	C:\WINDOWS\SYSTEM32\WTSAPI32.dll
0x00007ff99cc00000 - 0x00007ff99cc57000 	C:\WINDOWS\System32\WINTRUST.dll
0x00007ff99bb80000 - 0x00007ff99bb92000 	C:\WINDOWS\System32\MSASN1.dll
0x00007ff99c350000 - 0x00007ff99c532000 	C:\WINDOWS\System32\CRYPT32.dll
0x00007ff95e760000 - 0x00007ff95ea26000 	C:\WINDOWS\system32\nvspcap64.dll
0x00007ff995c40000 - 0x00007ff995ce8000 	C:\WINDOWS\SYSTEM32\mscms.dll
0x00007ff998710000 - 0x00007ff998720000 	C:\WINDOWS\SYSTEM32\ColorAdapterClient.dll
0x00007ff98a380000 - 0x00007ff98a3c3000 	C:\WINDOWS\SYSTEM32\icm32.dll
0x00007ff99ac70000 - 0x00007ff99acc6000 	C:\WINDOWS\SYSTEM32\WINSTA.dll
0x0000000066bc0000 - 0x0000000066c7b000 	C:\Users\RichardH\AppData\Local\Temp\libgdxRichardH\54593449\gdx-box2d64.dll
0x00007ff997710000 - 0x00007ff9978d9000 	C:\WINDOWS\SYSTEM32\dbghelp.dll

VM Arguments:
jvm_args: -Dfile.encoding=UTF-8 
java_command: com.bpa.desktop.DesktopLauncher
java_class_path (initial): C:\Users\RichardH\git\DUN-GUN\libGDX Workspace\desktop\bin\main;\DUN-GUN-core\bin\default;C:\Users\RichardH\git\DUN-GUN\libGDX Workspace\core\bin\main;C:\Users\RichardH\.gradle\caches\modules-2\files-2.1\com.badlogicgames.gdx\gdx-tools\1.9.8\5c32820fccee957cc77990d353297ceed1a63159\gdx-tools-1.9.8.jar;C:\Users\RichardH\.gradle\caches\modules-2\files-2.1\com.badlogicgames.gdx\gdx-backend-lwjgl\1.9.8\b7c138f14ed67ad830ae7597da3d86ae02b20eee\gdx-backend-lwjgl-1.9.8.jar;C:\Users\RichardH\.gradle\caches\modules-2\files-2.1\com.badlogicgames.gdx\gdx-platform\1.9.8\604a2ef2c7c92a5900114757cbd3fb4dcbb8270c\gdx-platform-1.9.8-natives-desktop.jar;C:\Users\RichardH\.gradle\caches\modules-2\files-2.1\com.badlogicgames.gdx\gdx-box2d-platform\1.9.8\3195b56f82751d7cd7de85edb6824d17bf479781\gdx-box2d-platform-1.9.8-natives-desktop.jar;C:\Users\RichardH\.gradle\caches\modules-2\files-2.1\com.badlogicgames.gdx\gdx-ai\1.8.0\ec30677d8ab1a8b8aa4b853c5f4e4b1361f50bf5\gdx-ai-1.8.0.jar;C:\Users\RichardH\.gradle\caches\modules-2\files-2.1\com.badlogicgames.ashley\ashley\1.7.0\a7c4083c0a42027a3c03ba7ccecef6cbe1c5f0a4\ashley-1.7.0.jar;C:\Users\RichardH\.gradle\caches\modules-2\files-2.1\com.badlogicgames.gdx\gdx-backend-headless\1.9.8\c90fcd61d78d3b3d3ee7e493030b06df984df53b\gdx-backend-headless-1.9.8.jar;C:\Users\RichardH\.gradle\caches\modules-2\files-2.1\com.badlogicgames.gdx\gdx-freetype\1.9.8\d92b5b8beab10e3b3c0dd836d4fc186f95e7ea4b\gdx-freetype-1.9.8.jar;C:\Users\RichardH\.gradle\caches\modules-2\files-2.1\com.badlogicgames.box2dlights\box2dlights\1.4\3d77ad5b4164fb32fc67e2446e35911bb0aaf0bd\box2dlights-1.4.jar;C:\Users\RichardH\.gradle\caches\modules-2\files-2.1\com.badlogicgames.gdx\gdx-box2d\1.9.8\6f0497b7958216464101adfb7bdc3a0f7b88d6d3\gdx-box2d-1.9.8.jar;C:\Users\RichardH\.gradle\caches\modules-2\files-2.1\com.badlogicgames.gdx\gdx\1.9.8\a35a0076fbce873f9c2d5a1a1c8066244231bb3c\gdx-1.9.8.jar;C:\Users\RichardH\.gradle\caches\modules-2\files-2.1\org.lwjg
Launcher Type: SUN_STANDARD

Environment Variables:
PATH=C:/Program Files/Java/jre1.8.0_181/bin/server;C:/Program Files/Java/jre1.8.0_181/bin;C:/Program Files/Java/jre1.8.0_181/lib/amd64;C:\Program Files (x86)\Common Files\Oracle\Java\javapath;C:\ProgramData\Oracle\Java\javapath;C:\WINDOWS\system32;C:\WINDOWS;C:\WINDOWS\System32\Wbem;C:\WINDOWS\System32\WindowsPowerShell\v1.0\;C:\Program Files (x86)\NVIDIA Corporation\PhysX\Common;C:\WINDOWS\system32;C:\WINDOWS;C:\WINDOWS\System32\Wbem;C:\WINDOWS\System32\WindowsPowerShell\v1.0\;C:\WINDOWS\System32\OpenSSH\;C:\Program Files\NVIDIA Corporation\NVIDIA NvDLISR;C:\Users\RichardH\AppData\Local\Programs\Python\Python36-32\Scripts\;C:\Users\RichardH\AppData\Local\Programs\Python\Python36-32\;C:\Users\RichardH\AppData\Local\Microsoft\WindowsApps;C:\Users\RichardH\AppData\Local\GitHubDesktop\bin;C:\Users\RichardH\AppData\Local\Microsoft\WindowsApps;C:\WINDOWS\System32;
USERNAME=RichardH
OS=Windows_NT
PROCESSOR_IDENTIFIER=Intel64 Family 6 Model 158 Stepping 9, GenuineIntel



---------------  S Y S T E M  ---------------

OS: Windows 10.0 , 64 bit Build 17134 (10.0.17134.1)

CPU:total 8 (initial active 8) (4 cores per cpu, 2 threads per core) family 6 model 158 stepping 9, cmov, cx8, fxsr, mmx, sse, sse2, sse3, ssse3, sse4.1, sse4.2, popcnt, avx, avx2, aes, clmul, erms, rtm, 3dnowpref, lzcnt, ht, tsc, tscinvbit, bmi1, bmi2, adx

Memory: 4k page, physical 16729960k(12920648k free), swap 17778536k(11487504k free)

vm_info: Java HotSpot(TM) 64-Bit Server VM (25.181-b13) for windows-amd64 JRE (1.8.0_181-b13), built on Jul  7 2018 04:01:33 by "java_re" with MS VC++ 10.0 (VS2010)

time: Sat Dec 15 12:31:14 2018
elapsed time: 13 seconds (0d 0h 0m 13s)

