#
# A fatal error has been detected by the Java Runtime Environment:
#
#  EXCEPTION_ACCESS_VIOLATION (0xc0000005) at pc=0x0000000066bcbd0d, pid=10260, tid=0x0000000000002b50
#
# JRE version: Java(TM) SE Runtime Environment (8.0_181-b13) (build 1.8.0_181-b13)
# Java VM: Java HotSpot(TM) 64-Bit Server VM (25.181-b13 mixed mode windows-amd64 compressed oops)
# Problematic frame:
# C  [gdx-box2d64.dll+0xbd0d]
#
# Failed to write core dump. Minidumps are not enabled by default on client versions of Windows
#
# If you would like to submit a bug report, please visit:
#   http://bugreport.java.com/bugreport/crash.jsp
# The crash happened outside the Java Virtual Machine in native code.
# See problematic frame for where to report the bug.
#

---------------  T H R E A D  ---------------

Current thread (0x000000001f9b5000):  JavaThread "LWJGL Application" [_thread_in_native, id=11088, stack(0x0000000020840000,0x0000000020940000)]

siginfo: ExceptionCode=0xc0000005, reading address 0x0000002600000002

Registers:
RAX=0x0000002600000002, RBX=0x000000002d767300, RCX=0x000000002d7672d0, RDX=0x00000000000000b8
RSP=0x000000002093e6d0, RBP=0x0000000000000006, RSI=0x000000002d7672d0, RDI=0x000000002093e790
R8 =0x000000002d7672d0, R9 =0x0000000000000002, R10=0x0000000000000000, R11=0x0000000000000001
R12=0x0000000000000000, R13=0x000000001c78f328, R14=0x000000002093e980, R15=0x000000001f9b5000
RIP=0x0000000066bcbd0d, EFLAGS=0x0000000000010202

Top of Stack: (sp=0x000000002093e6d0)
0x000000002093e6d0:   000000001c78f328 000000001f9b5000
0x000000002093e6e0:   00000000633cee28 000000001fdf8150
0x000000002093e6f0:   0000000000000012 000000002d7672d0
0x000000002093e700:   000000001bfb0468 000000002093e790
0x000000002093e710:   000000002093e8d8 0000000000000000
0x000000002093e720:   000000001c78f328 0000000066be2483
0x000000002093e730:   000000002093e7d0 000000002093e7d0
0x000000002093e740:   0000000000000003 000000001c78f328
0x000000002093e750:   0000000000000001 000000001bfb0468
0x000000002093e760:   000000000006c338 0000000066be8616
0x000000002093e770:   0000000000000000 000000000006c338
0x000000002093e780:   000000002093e8d8 0000000002ee5798
0x000000002093e790:   3fb444a900000002 00000000403ce80d
0x000000002093e7a0:   0000000000000000 0000000000000000
0x000000002093e7b0:   0000010100000000 000000002093e901
0x000000002093e7c0:   0000000000000000 000000003f800000 

Instructions: (pc=0x0000000066bcbd0d)
0x0000000066bcbced:   48 8d 05 6c a3 05 00 0f b6 1c 18 80 fb 0d 0f b6
0x0000000066bcbcfd:   eb 77 21 48 8d 1c de 48 8b 43 10 48 85 c0 74 3a
0x0000000066bcbd0d:   48 8b 10 48 89 53 10 48 83 c4 28 5b 5e 5f 5d 41
0x0000000066bcbd1d:   5c 41 5d c3 48 8d 15 18 9e 04 00 48 8d 0d 99 9e 


Register to memory mapping:

RAX=0x0000002600000002 is an unknown value
RBX=0x000000002d767300 is an unknown value
RCX=0x000000002d7672d0 is an unknown value
RDX=0x00000000000000b8 is an unknown value
RSP=0x000000002093e6d0 is pointing into the stack for thread: 0x000000001f9b5000
RBP=0x0000000000000006 is an unknown value
RSI=0x000000002d7672d0 is an unknown value
RDI=0x000000002093e790 is pointing into the stack for thread: 0x000000001f9b5000
R8 =0x000000002d7672d0 is an unknown value
R9 =0x0000000000000002 is an unknown value
R10=0x0000000000000000 is an unknown value
R11=0x0000000000000001 is an unknown value
R12=0x0000000000000000 is an unknown value
R13={method} {0x000000001c78f330} 'jniCreateBody' '(JIFFFFFFFFZZZZZF)J' in 'com/badlogic/gdx/physics/box2d/World'
R14=0x000000002093e980 is pointing into the stack for thread: 0x000000001f9b5000
R15=0x000000001f9b5000 is a thread


Stack: [0x0000000020840000,0x0000000020940000],  sp=0x000000002093e6d0,  free space=1017k
Native frames: (J=compiled Java code, j=interpreted, Vv=VM code, C=native code)
C  [gdx-box2d64.dll+0xbd0d]
C  [gdx-box2d64.dll+0x22483]
C  [gdx-box2d64.dll+0x28616]
C  0x0000000002ef8c67

Java frames: (J=compiled Java code, j=interpreted, Vv=VM code)
j  com.badlogic.gdx.physics.box2d.World.jniCreateBody(JIFFFFFFFFZZZZZF)J+0
j  com.badlogic.gdx.physics.box2d.World.createBody(Lcom/badlogic/gdx/physics/box2d/BodyDef;)Lcom/badlogic/gdx/physics/box2d/Body;+80
j  com.bpa.CreateBullet.defineBullet()V+36
j  com.bpa.CreateBullet.<init>(Lcom/badlogic/gdx/physics/box2d/World;)V+38
J 1380 C1 com.bpa.Level1.shootGun()V (392 bytes) @ 0x000000000346a234 [0x0000000003469f20+0x314]
J 1330 C1 com.bpa.Level1.render(F)V (884 bytes) @ 0x00000000034352c4 [0x0000000003431d80+0x3544]
J 1398 C1 com.bpa.DunGun.render()V (5 bytes) @ 0x00000000034782fc [0x00000000034780e0+0x21c]
j  com.badlogic.gdx.backends.lwjgl.LwjglApplication.mainLoop()V+698
j  com.badlogic.gdx.backends.lwjgl.LwjglApplication$1.run()V+27
v  ~StubRoutines::call_stub

---------------  P R O C E S S  ---------------

Java Threads: ( => current thread )
  0x000000002fd2d800 JavaThread "LWJGL Timer" daemon [_thread_blocked, id=10556, stack(0x0000000030f20000,0x0000000031020000)]
  0x000000001fdaa000 JavaThread "AsynchExecutor-Thread" daemon [_thread_blocked, id=11456, stack(0x000000002d650000,0x000000002d750000)]
  0x0000000002d03800 JavaThread "DestroyJavaVM" [_thread_blocked, id=11352, stack(0x0000000002b90000,0x0000000002c90000)]
=>0x000000001f9b5000 JavaThread "LWJGL Application" [_thread_in_native, id=11088, stack(0x0000000020840000,0x0000000020940000)]
  0x000000001e92a800 JavaThread "Service Thread" daemon [_thread_blocked, id=1088, stack(0x000000001f450000,0x000000001f550000)]
  0x000000001e8a0000 JavaThread "C1 CompilerThread3" daemon [_thread_blocked, id=1208, stack(0x000000001f350000,0x000000001f450000)]
  0x000000001e898000 JavaThread "C2 CompilerThread2" daemon [_thread_blocked, id=7396, stack(0x000000001f250000,0x000000001f350000)]
  0x000000001e892000 JavaThread "C2 CompilerThread1" daemon [_thread_blocked, id=10068, stack(0x000000001f150000,0x000000001f250000)]
  0x000000001e88b800 JavaThread "C2 CompilerThread0" daemon [_thread_blocked, id=12572, stack(0x000000001f050000,0x000000001f150000)]
  0x000000001e88a000 JavaThread "Attach Listener" daemon [_thread_blocked, id=11112, stack(0x000000001ef50000,0x000000001f050000)]
  0x000000001e889000 JavaThread "Signal Dispatcher" daemon [_thread_blocked, id=4676, stack(0x000000001ee50000,0x000000001ef50000)]
  0x000000001e880800 JavaThread "Finalizer" daemon [_thread_blocked, id=11072, stack(0x000000001ec60000,0x000000001ed60000)]
  0x0000000002dfa000 JavaThread "Reference Handler" daemon [_thread_blocked, id=7056, stack(0x000000001e760000,0x000000001e860000)]

Other Threads:
  0x000000001c999800 VMThread [stack: 0x000000001e660000,0x000000001e760000] [id=8540]
  0x000000001e945000 WatcherThread [stack: 0x000000001f550000,0x000000001f650000] [id=12916]

VM state:not at safepoint (normal execution)

VM Mutex/Monitor currently owned by a thread: None

Heap:
 PSYoungGen      total 76288K, used 52675K [0x000000076ae00000, 0x0000000770300000, 0x00000007c0000000)
  eden space 65536K, 80% used [0x000000076ae00000,0x000000076e170cc0,0x000000076ee00000)
  from space 10752K, 0% used [0x000000076f880000,0x000000076f880000,0x0000000770300000)
  to   space 10752K, 0% used [0x000000076ee00000,0x000000076ee00000,0x000000076f880000)
 ParOldGen       total 175104K, used 0K [0x00000006c0a00000, 0x00000006cb500000, 0x000000076ae00000)
  object space 175104K, 0% used [0x00000006c0a00000,0x00000006c0a00000,0x00000006cb500000)
 Metaspace       used 9435K, capacity 9545K, committed 9728K, reserved 1058816K
  class space    used 897K, capacity 955K, committed 1024K, reserved 1048576K

Card table byte_map: [0x00000000122a0000,0x0000000012aa0000] byte_map_base: 0x000000000ec9b000

Marking Bits: (ParMarkBitMap*) 0x00000000635b2d00
 Begin Bits: [0x0000000013800000, 0x00000000177d8000)
 End Bits:   [0x00000000177d8000, 0x000000001b7b0000)

Polling page: 0x0000000000e70000

CodeCache: size=245760Kb used=5758Kb max_used=5768Kb free=240001Kb
 bounds [0x0000000002ee0000, 0x0000000003490000, 0x0000000011ee0000]
 total_blobs=1941 nmethods=1426 adapters=428
 compilation: enabled

Compilation events (10 events):
Event: 14.837 Thread 0x000000001e8a0000 1422       3       java.nio.Bits::getLongB (60 bytes)
Event: 14.838 Thread 0x000000001e8a0000 nmethod 1422 0x00000000034821d0 code [0x00000000034823c0, 0x0000000003482ba8]
Event: 14.838 Thread 0x000000001e8a0000 1423       3       java.nio.Bits::makeLong (77 bytes)
Event: 14.839 Thread 0x000000001e8a0000 nmethod 1423 0x000000000347e250 code [0x000000000347e3a0, 0x000000000347e570]
Event: 14.969 Thread 0x000000001e8a0000 1424       3       com.badlogic.gdx.utils.IntMap::containsKeyStash (41 bytes)
Event: 14.969 Thread 0x000000001e8a0000 nmethod 1424 0x0000000003481c90 code [0x0000000003481e00, 0x0000000003482070]
Event: 15.086 Thread 0x000000001e898000 1425   !   4       org.lwjgl.input.Keyboard::isKeyDown (45 bytes)
Event: 15.090 Thread 0x000000001e898000 nmethod 1425 0x0000000003481750 code [0x00000000034818a0, 0x0000000003481b38]
Event: 15.786 Thread 0x000000001e8a0000 1426       3       com.badlogic.gdx.utils.IntMap::containsKey (66 bytes)
Event: 15.787 Thread 0x000000001e8a0000 nmethod 1426 0x0000000003485510 code [0x00000000034856a0, 0x0000000003485a88]

GC Heap History (0 events):
No events

Deoptimization events (10 events):
Event: 0.961 Thread 0x000000001f9b5000 Uncommon trap: reason=class_check action=maybe_recompile pc=0x0000000003143a7c method=com.badlogic.gdx.assets.AssetLoadingTask.handleAsyncLoader()V @ 137
Event: 0.968 Thread 0x000000001f9b5000 Uncommon trap: reason=class_check action=maybe_recompile pc=0x000000000313b610 method=com.badlogic.gdx.assets.AssetLoadingTask.handleAsyncLoader()V @ 137
Event: 1.121 Thread 0x000000001f9b5000 Uncommon trap: reason=bimorphic action=maybe_recompile pc=0x0000000003284c0c method=com.badlogic.gdx.assets.AssetLoadingTask.handleAsyncLoader()V @ 137
Event: 1.185 Thread 0x000000001f9b5000 Uncommon trap: reason=bimorphic action=maybe_recompile pc=0x0000000003284c0c method=com.badlogic.gdx.assets.AssetLoadingTask.handleAsyncLoader()V @ 137
Event: 1.213 Thread 0x000000001f9b5000 Uncommon trap: reason=unstable_if action=reinterpret pc=0x0000000003284844 method=com.badlogic.gdx.assets.AssetLoadingTask.handleAsyncLoader()V @ 12
Event: 1.213 Thread 0x000000001f9b5000 Uncommon trap: reason=unstable_if action=reinterpret pc=0x00000000032835d0 method=com.badlogic.gdx.assets.AssetLoadingTask.handleAsyncLoader()V @ 12
Event: 1.220 Thread 0x000000001f9b5000 Uncommon trap: reason=unstable_if action=reinterpret pc=0x0000000003128720 method=com.badlogic.gdx.assets.AssetLoadingTask.handleAsyncLoader()V @ 12
Event: 1.249 Thread 0x000000001f9b5000 Uncommon trap: reason=unstable_if action=reinterpret pc=0x000000000318e944 method=com.badlogic.gdx.assets.AssetManager.finishLoading()V @ 13
Event: 1.650 Thread 0x000000001f9b5000 Uncommon trap: reason=unstable_if action=reinterpret pc=0x000000000323f5bc method=javazoom.jl.decoder.LayerIIIDecoder.huffman_decode(II)V @ 684
Event: 4.287 Thread 0x000000001f9b5000 Uncommon trap: reason=unstable_if action=reinterpret pc=0x00000000032b3154 method=java.util.StringTokenizer.skipDelimiters(I)I @ 29

Classes redefined (0 events):
No events

Internal exceptions (10 events):
Event: 0.108 Thread 0x0000000002d03800 Exception <a 'java/security/PrivilegedActionException'> (0x000000076b1831c8) thrown at [C:\re\workspace\8-2-build-windows-amd64-cygwin\jdk8u181\11358\hotspot\src\share\vm\prims\jvm.cpp, line 1435]
Event: 0.108 Thread 0x0000000002d03800 Exception <a 'java/security/PrivilegedActionException'> (0x000000076b1833d8) thrown at [C:\re\workspace\8-2-build-windows-amd64-cygwin\jdk8u181\11358\hotspot\src\share\vm\prims\jvm.cpp, line 1435]
Event: 0.190 Thread 0x0000000002d03800 Exception <a 'java/security/PrivilegedActionException'> (0x000000076b2ad268) thrown at [C:\re\workspace\8-2-build-windows-amd64-cygwin\jdk8u181\11358\hotspot\src\share\vm\prims\jvm.cpp, line 1435]
Event: 0.191 Thread 0x0000000002d03800 Exception <a 'java/security/PrivilegedActionException'> (0x000000076b2aef40) thrown at [C:\re\workspace\8-2-build-windows-amd64-cygwin\jdk8u181\11358\hotspot\src\share\vm\prims\jvm.cpp, line 1435]
Event: 0.191 Thread 0x0000000002d03800 Exception <a 'java/security/PrivilegedActionException'> (0x000000076b2b00b0) thrown at [C:\re\workspace\8-2-build-windows-amd64-cygwin\jdk8u181\11358\hotspot\src\share\vm\prims\jvm.cpp, line 1435]
Event: 0.191 Thread 0x0000000002d03800 Exception <a 'java/security/PrivilegedActionException'> (0x000000076b2b5218) thrown at [C:\re\workspace\8-2-build-windows-amd64-cygwin\jdk8u181\11358\hotspot\src\share\vm\prims\jvm.cpp, line 1435]
Event: 0.191 Thread 0x0000000002d03800 Exception <a 'java/security/PrivilegedActionException'> (0x000000076b2b5e70) thrown at [C:\re\workspace\8-2-build-windows-amd64-cygwin\jdk8u181\11358\hotspot\src\share\vm\prims\jvm.cpp, line 1435]
Event: 0.191 Thread 0x0000000002d03800 Exception <a 'java/security/PrivilegedActionException'> (0x000000076b2b6a98) thrown at [C:\re\workspace\8-2-build-windows-amd64-cygwin\jdk8u181\11358\hotspot\src\share\vm\prims\jvm.cpp, line 1435]
Event: 0.750 Thread 0x000000001fdaa000 Exception <a 'java/lang/NoSuchFieldError': method resolution failed> (0x000000076bf22538) thrown at [C:\re\workspace\8-2-build-windows-amd64-cygwin\jdk8u181\11358\hotspot\src\share\vm\prims\methodHandles.cpp, line 1167]
Event: 0.751 Thread 0x000000001fdaa000 Exception <a 'java/lang/NoSuchFieldError': method resolution failed> (0x000000076bf2fbf8) thrown at [C:\re\workspace\8-2-build-windows-amd64-cygwin\jdk8u181\11358\hotspot\src\share\vm\prims\methodHandles.cpp, line 1167]

Events (10 events):
Event: 4.351 loading class com/badlogic/gdx/physics/box2d/Shape$Type
Event: 4.351 loading class com/badlogic/gdx/physics/box2d/Shape$Type done
Event: 4.843 Thread 0x000000001f9b5000 DEOPT PACKING pc=0x000000000330fe7f sp=0x000000002093ec00
Event: 4.843 Thread 0x000000001f9b5000 DEOPT UNPACKING pc=0x0000000002f27890 sp=0x000000002093ea10 mode 0
Event: 5.477 Thread 0x000000001f9b5000 DEOPT PACKING pc=0x00000000033c2f12 sp=0x000000002093eae0
Event: 5.477 Thread 0x000000001f9b5000 DEOPT UNPACKING pc=0x0000000002f27890 sp=0x000000002093e780 mode 0
Event: 12.182 loading class com/bpa/CreateBullet
Event: 12.182 loading class com/bpa/CreateBullet done
Event: 12.186 loading class com/badlogic/gdx/graphics/g2d/Animation$1
Event: 12.186 loading class com/badlogic/gdx/graphics/g2d/Animation$1 done


Dynamic libraries:
0x00007ff789820000 - 0x00007ff789857000 	C:\Program Files\Java\jre1.8.0_181\bin\javaw.exe
0x00007ffae5640000 - 0x00007ffae5821000 	C:\WINDOWS\SYSTEM32\ntdll.dll
0x00007ffae2ae0000 - 0x00007ffae2b92000 	C:\WINDOWS\System32\KERNEL32.DLL
0x00007ffae2020000 - 0x00007ffae2293000 	C:\WINDOWS\System32\KERNELBASE.dll
0x00007ffae4d80000 - 0x00007ffae4e21000 	C:\WINDOWS\System32\ADVAPI32.dll
0x00007ffae3070000 - 0x00007ffae310e000 	C:\WINDOWS\System32\msvcrt.dll
0x00007ffae2db0000 - 0x00007ffae2e0b000 	C:\WINDOWS\System32\sechost.dll
0x00007ffae2ee0000 - 0x00007ffae3004000 	C:\WINDOWS\System32\RPCRT4.dll
0x00007ffae4b40000 - 0x00007ffae4cd0000 	C:\WINDOWS\System32\USER32.dll
0x00007ffae22a0000 - 0x00007ffae22c0000 	C:\WINDOWS\System32\win32u.dll
0x00007ffae4b10000 - 0x00007ffae4b38000 	C:\WINDOWS\System32\GDI32.dll
0x00007ffae1a10000 - 0x00007ffae1ba2000 	C:\WINDOWS\System32\gdi32full.dll
0x00007ffae1c10000 - 0x00007ffae1caf000 	C:\WINDOWS\System32\msvcp_win.dll
0x00007ffae1ea0000 - 0x00007ffae1f9a000 	C:\WINDOWS\System32\ucrtbase.dll
0x00007ffad9c40000 - 0x00007ffad9ea9000 	C:\WINDOWS\WinSxS\amd64_microsoft.windows.common-controls_6595b64144ccf1df_6.0.17134.407_none_fb449d63306391e9\COMCTL32.dll
0x00007ffae45f0000 - 0x00007ffae4912000 	C:\WINDOWS\System32\combase.dll
0x00007ffae1fa0000 - 0x00007ffae201a000 	C:\WINDOWS\System32\bcryptPrimitives.dll
0x00007ffae52e0000 - 0x00007ffae530d000 	C:\WINDOWS\System32\IMM32.DLL
0x0000000061ec0000 - 0x0000000061f92000 	C:\Program Files\Java\jre1.8.0_181\bin\msvcr100.dll
0x0000000062d90000 - 0x0000000063632000 	C:\Program Files\Java\jre1.8.0_181\bin\server\jvm.dll
0x00007ffae5400000 - 0x00007ffae5408000 	C:\WINDOWS\System32\PSAPI.DLL
0x00007ffacf680000 - 0x00007ffacf689000 	C:\WINDOWS\SYSTEM32\WSOCK32.dll
0x00007ffadf6d0000 - 0x00007ffadf6f3000 	C:\WINDOWS\SYSTEM32\WINMM.dll
0x00007ffae2d40000 - 0x00007ffae2dac000 	C:\WINDOWS\System32\WS2_32.dll
0x00007ffadd380000 - 0x00007ffadd38a000 	C:\WINDOWS\SYSTEM32\VERSION.dll
0x00007ffadf680000 - 0x00007ffadf6aa000 	C:\WINDOWS\SYSTEM32\WINMMBASE.dll
0x00007ffae22c0000 - 0x00007ffae2309000 	C:\WINDOWS\System32\cfgmgr32.dll
0x0000000062d80000 - 0x0000000062d8f000 	C:\Program Files\Java\jre1.8.0_181\bin\verify.dll
0x0000000062d50000 - 0x0000000062d79000 	C:\Program Files\Java\jre1.8.0_181\bin\java.dll
0x0000000062d30000 - 0x0000000062d46000 	C:\Program Files\Java\jre1.8.0_181\bin\zip.dll
0x00007ffae3190000 - 0x00007ffae45cf000 	C:\WINDOWS\System32\SHELL32.dll
0x00007ffae4cd0000 - 0x00007ffae4d79000 	C:\WINDOWS\System32\shcore.dll
0x00007ffae23c0000 - 0x00007ffae2acd000 	C:\WINDOWS\System32\windows.storage.dll
0x00007ffae3010000 - 0x00007ffae3061000 	C:\WINDOWS\System32\shlwapi.dll
0x00007ffae19f0000 - 0x00007ffae1a01000 	C:\WINDOWS\System32\kernel.appcore.dll
0x00007ffae1950000 - 0x00007ffae196f000 	C:\WINDOWS\System32\profapi.dll
0x00007ffae1980000 - 0x00007ffae19cc000 	C:\WINDOWS\System32\powrprof.dll
0x00007ffae1970000 - 0x00007ffae197a000 	C:\WINDOWS\System32\FLTLIB.DLL
0x0000000065580000 - 0x0000000065616000 	C:\Users\RichardH\AppData\Local\Temp\libgdxRichardH\12dfaa03\gdx64.dll
0x00007ffae1380000 - 0x00007ffae1397000 	C:\WINDOWS\SYSTEM32\CRYPTSP.dll
0x00007ffae0db0000 - 0x00007ffae0de3000 	C:\WINDOWS\system32\rsaenh.dll
0x00007ffae14b0000 - 0x00007ffae14d5000 	C:\WINDOWS\SYSTEM32\bcrypt.dll
0x00007ffae1880000 - 0x00007ffae18a8000 	C:\WINDOWS\SYSTEM32\USERENV.dll
0x00007ffae13a0000 - 0x00007ffae13ab000 	C:\WINDOWS\SYSTEM32\CRYPTBASE.dll
0x0000000062d10000 - 0x0000000062d2a000 	C:\Program Files\Java\jre1.8.0_181\bin\net.dll
0x00007ffae11d0000 - 0x00007ffae1236000 	C:\WINDOWS\system32\mswsock.dll
0x00007ffae0f50000 - 0x00007ffae0f88000 	C:\WINDOWS\SYSTEM32\IPHLPAPI.DLL
0x00007ffae2ad0000 - 0x00007ffae2ad8000 	C:\WINDOWS\System32\NSI.dll
0x00007ffadcde0000 - 0x00007ffadcdf6000 	C:\WINDOWS\SYSTEM32\dhcpcsvc6.DLL
0x00007ffadd0e0000 - 0x00007ffadd0fa000 	C:\WINDOWS\SYSTEM32\dhcpcsvc.DLL
0x0000000062cf0000 - 0x0000000062d01000 	C:\Program Files\Java\jre1.8.0_181\bin\nio.dll
0x0000000180000000 - 0x0000000180053000 	C:\Users\RichardH\AppData\Local\Temp\libgdxRichardH\dc0f0009\lwjgl64.dll
0x00007ffabec20000 - 0x00007ffabed40000 	C:\WINDOWS\SYSTEM32\OPENGL32.dll
0x00007ffacf600000 - 0x00007ffacf62c000 	C:\WINDOWS\SYSTEM32\GLU32.dll
0x0000000002e40000 - 0x0000000002ea4000 	C:\Users\RichardH\AppData\Local\Temp\libgdxRichardH\dc0f0009\OpenAL64.dll
0x00007ffae54b0000 - 0x00007ffae5601000 	C:\WINDOWS\System32\ole32.dll
0x00007ffae0010000 - 0x00007ffae00a8000 	C:\WINDOWS\system32\uxtheme.dll
0x00007ffae5410000 - 0x00007ffae54b0000 	C:\WINDOWS\System32\clbcatq.dll
0x00007ffade420000 - 0x00007ffade5d4000 	C:\WINDOWS\System32\PROPSYS.dll
0x00007ffae2e10000 - 0x00007ffae2ed2000 	C:\WINDOWS\System32\OLEAUT32.dll
0x00007ffab7a10000 - 0x00007ffab7a9f000 	C:\WINDOWS\SYSTEM32\dsound.dll
0x00007ffadc7c0000 - 0x00007ffadc836000 	C:\WINDOWS\System32\MMDevApi.dll
0x00007ffae1760000 - 0x00007ffae1787000 	C:\WINDOWS\System32\DEVOBJ.dll
0x00007ffab98e0000 - 0x00007ffab9a0c000 	C:\WINDOWS\SYSTEM32\AUDIOSES.DLL
0x00007ffadda90000 - 0x00007ffaddbdd000 	C:\WINDOWS\SYSTEM32\wintypes.dll
0x00007ffadcd50000 - 0x00007ffadcd5a000 	C:\WINDOWS\SYSTEM32\AVRT.dll
0x00007ffae4920000 - 0x00007ffae4a93000 	C:\WINDOWS\System32\MSCTF.dll
0x00007ffae00e0000 - 0x00007ffae0109000 	C:\WINDOWS\system32\dwmapi.dll
0x00007ffad2520000 - 0x00007ffad25b6000 	C:\WINDOWS\System32\TextInputFramework.dll
0x00007ffadbc10000 - 0x00007ffadbf2e000 	C:\WINDOWS\System32\CoreUIComponents.dll
0x00007ffadfa40000 - 0x00007ffadfb1a000 	C:\WINDOWS\System32\CoreMessaging.dll
0x00007ffae0a40000 - 0x00007ffae0a71000 	C:\WINDOWS\SYSTEM32\ntmarta.dll
0x000000005f830000 - 0x0000000061eb3000 	C:\WINDOWS\System32\DriverStore\FileRepository\nv_dispi.inf_amd64_e59b844303b9907e\nvoglv64.dll
0x00007ffae4e90000 - 0x00007ffae52db000 	C:\WINDOWS\System32\SETUPAPI.dll
0x00007ffade640000 - 0x00007ffade653000 	C:\WINDOWS\SYSTEM32\WTSAPI32.dll
0x00007ffae1bb0000 - 0x00007ffae1c07000 	C:\WINDOWS\System32\WINTRUST.dll
0x00007ffae19d0000 - 0x00007ffae19e2000 	C:\WINDOWS\System32\MSASN1.dll
0x00007ffae1cb0000 - 0x00007ffae1e92000 	C:\WINDOWS\System32\CRYPT32.dll
0x00007ffaabb60000 - 0x00007ffaabe26000 	C:\WINDOWS\system32\nvspcap64.dll
0x00007ffada7b0000 - 0x00007ffada858000 	C:\WINDOWS\SYSTEM32\mscms.dll
0x00007ffadfc40000 - 0x00007ffadfc50000 	C:\WINDOWS\SYSTEM32\ColorAdapterClient.dll
0x00007ffac7860000 - 0x00007ffac78a3000 	C:\WINDOWS\SYSTEM32\icm32.dll
0x00007ffae0ae0000 - 0x00007ffae0b36000 	C:\WINDOWS\SYSTEM32\WINSTA.dll
0x0000000066bc0000 - 0x0000000066c7b000 	C:\Users\RichardH\AppData\Local\Temp\libgdxRichardH\54593449\gdx-box2d64.dll
0x00007ffacf230000 - 0x00007ffacf3f9000 	C:\WINDOWS\SYSTEM32\dbghelp.dll

VM Arguments:
jvm_args: -Dfile.encoding=UTF-8 
java_command: com.bpa.desktop.DesktopLauncher
java_class_path (initial): C:\Users\RichardH\git\DUN-GUN\libGDX Workspace\desktop\bin\main;\DUN-GUN-core\bin\default;C:\Users\RichardH\git\DUN-GUN\libGDX Workspace\core\bin\main;C:\Users\RichardH\.gradle\caches\modules-2\files-2.1\com.badlogicgames.gdx\gdx-tools\1.9.8\5c32820fccee957cc77990d353297ceed1a63159\gdx-tools-1.9.8.jar;C:\Users\RichardH\.gradle\caches\modules-2\files-2.1\com.badlogicgames.gdx\gdx-backend-lwjgl\1.9.8\b7c138f14ed67ad830ae7597da3d86ae02b20eee\gdx-backend-lwjgl-1.9.8.jar;C:\Users\RichardH\.gradle\caches\modules-2\files-2.1\com.badlogicgames.gdx\gdx-platform\1.9.8\604a2ef2c7c92a5900114757cbd3fb4dcbb8270c\gdx-platform-1.9.8-natives-desktop.jar;C:\Users\RichardH\.gradle\caches\modules-2\files-2.1\com.badlogicgames.gdx\gdx-box2d-platform\1.9.8\3195b56f82751d7cd7de85edb6824d17bf479781\gdx-box2d-platform-1.9.8-natives-desktop.jar;C:\Users\RichardH\.gradle\caches\modules-2\files-2.1\com.badlogicgames.gdx\gdx-ai\1.8.0\ec30677d8ab1a8b8aa4b853c5f4e4b1361f50bf5\gdx-ai-1.8.0.jar;C:\Users\RichardH\.gradle\caches\modules-2\files-2.1\com.badlogicgames.ashley\ashley\1.7.0\a7c4083c0a42027a3c03ba7ccecef6cbe1c5f0a4\ashley-1.7.0.jar;C:\Users\RichardH\.gradle\caches\modules-2\files-2.1\com.badlogicgames.gdx\gdx-backend-headless\1.9.8\c90fcd61d78d3b3d3ee7e493030b06df984df53b\gdx-backend-headless-1.9.8.jar;C:\Users\RichardH\.gradle\caches\modules-2\files-2.1\com.badlogicgames.gdx\gdx-freetype\1.9.8\d92b5b8beab10e3b3c0dd836d4fc186f95e7ea4b\gdx-freetype-1.9.8.jar;C:\Users\RichardH\.gradle\caches\modules-2\files-2.1\com.badlogicgames.box2dlights\box2dlights\1.4\3d77ad5b4164fb32fc67e2446e35911bb0aaf0bd\box2dlights-1.4.jar;C:\Users\RichardH\.gradle\caches\modules-2\files-2.1\com.badlogicgames.gdx\gdx-box2d\1.9.8\6f0497b7958216464101adfb7bdc3a0f7b88d6d3\gdx-box2d-1.9.8.jar;C:\Users\RichardH\.gradle\caches\modules-2\files-2.1\com.badlogicgames.gdx\gdx\1.9.8\a35a0076fbce873f9c2d5a1a1c8066244231bb3c\gdx-1.9.8.jar;C:\Users\RichardH\.gradle\caches\modules-2\files-2.1\org.lwjg
Launcher Type: SUN_STANDARD

Environment Variables:
PATH=C:/Program Files/Java/jre1.8.0_181/bin/server;C:/Program Files/Java/jre1.8.0_181/bin;C:/Program Files/Java/jre1.8.0_181/lib/amd64;C:\Program Files (x86)\Common Files\Oracle\Java\javapath;C:\ProgramData\Oracle\Java\javapath;C:\WINDOWS\system32;C:\WINDOWS;C:\WINDOWS\System32\Wbem;C:\WINDOWS\System32\WindowsPowerShell\v1.0\;C:\Program Files (x86)\NVIDIA Corporation\PhysX\Common;C:\WINDOWS\system32;C:\WINDOWS;C:\WINDOWS\System32\Wbem;C:\WINDOWS\System32\WindowsPowerShell\v1.0\;C:\WINDOWS\System32\OpenSSH\;C:\Program Files\NVIDIA Corporation\NVIDIA NvDLISR;C:\Users\RichardH\AppData\Local\Programs\Python\Python36-32\Scripts\;C:\Users\RichardH\AppData\Local\Programs\Python\Python36-32\;C:\Users\RichardH\AppData\Local\Microsoft\WindowsApps;C:\Users\RichardH\AppData\Local\GitHubDesktop\bin;C:\Users\RichardH\AppData\Local\Microsoft\WindowsApps;C:\WINDOWS\System32;
USERNAME=RichardH
OS=Windows_NT
PROCESSOR_IDENTIFIER=Intel64 Family 6 Model 158 Stepping 9, GenuineIntel



---------------  S Y S T E M  ---------------

OS: Windows 10.0 , 64 bit Build 17134 (10.0.17134.1)

CPU:total 8 (initial active 8) (4 cores per cpu, 2 threads per core) family 6 model 158 stepping 9, cmov, cx8, fxsr, mmx, sse, sse2, sse3, ssse3, sse4.1, sse4.2, popcnt, avx, avx2, aes, clmul, erms, rtm, 3dnowpref, lzcnt, ht, tsc, tscinvbit, bmi1, bmi2, adx

Memory: 4k page, physical 16729960k(11816576k free), swap 17778536k(10450504k free)

vm_info: Java HotSpot(TM) 64-Bit Server VM (25.181-b13) for windows-amd64 JRE (1.8.0_181-b13), built on Jul  7 2018 04:01:33 by "java_re" with MS VC++ 10.0 (VS2010)

time: Tue Dec 11 17:03:53 2018
elapsed time: 15 seconds (0d 0h 0m 15s)

