#
# A fatal error has been detected by the Java Runtime Environment:
#
#  EXCEPTION_ACCESS_VIOLATION (0xc0000005) at pc=0x0000000066bcbd0d, pid=11904, tid=0x0000000000000c44
#
# JRE version: Java(TM) SE Runtime Environment (8.0_181-b13) (build 1.8.0_181-b13)
# Java VM: Java HotSpot(TM) 64-Bit Server VM (25.181-b13 mixed mode windows-amd64 compressed oops)
# Problematic frame:
# C  [gdx-box2d64.dll+0xbd0d]
#
# Failed to write core dump. Minidumps are not enabled by default on client versions of Windows
#
# If you would like to submit a bug report, please visit:
#   http://bugreport.java.com/bugreport/crash.jsp
# The crash happened outside the Java Virtual Machine in native code.
# See problematic frame for where to report the bug.
#

---------------  T H R E A D  ---------------

Current thread (0x000000001f27f800):  JavaThread "LWJGL Application" [_thread_in_native, id=3140, stack(0x000000001ff00000,0x0000000020000000)]

siginfo: ExceptionCode=0xc0000005, reading address 0x0000002600000002

Registers:
RAX=0x0000002600000002, RBX=0x000000001fab5cc0, RCX=0x000000001fab5c90, RDX=0x00000000000000b8
RSP=0x000000001fffefc0, RBP=0x0000000000000006, RSI=0x000000001fab5c90, RDI=0x000000001ffff080
R8 =0x000000001fab5c90, R9 =0x0000000000000002, R10=0x0000000000000000, R11=0x0000000000000001
R12=0x0000000000000000, R13=0x000000001be6a858, R14=0x000000001ffff270, R15=0x000000001f27f800
RIP=0x0000000066bcbd0d, EFLAGS=0x0000000000010202

Top of Stack: (sp=0x000000001fffefc0)
0x000000001fffefc0:   000000001be6a858 000000001f27f800
0x000000001fffefd0:   00000000633cee28 000000001f0dfeb0
0x000000001fffefe0:   0000000000000012 000000001fab5c90
0x000000001fffeff0:   0000000000000068 000000001ffff080
0x000000001ffff000:   000000001ffff1c8 0000000000000000
0x000000001ffff010:   000000001be6a858 0000000066be2483
0x000000001ffff020:   000000001ffff0c0 000000001ffff0c0
0x000000001ffff030:   bff65f8b00000003 000000001be6a858
0x000000001ffff040:   0000000000000001 0000000000000068
0x000000001ffff050:   0000000000000918 0000000066be8616
0x000000001ffff060:   0000000000000000 0000000000000918
0x000000001ffff070:   000000001ffff1c8 00000000025c5798
0x000000001ffff080:   4087bbdf00000002 00000000409b332a
0x000000001ffff090:   0000000000000000 0000000000000000
0x000000001ffff0a0:   0000010100000000 000000001ffff201
0x000000001ffff0b0:   0000000000000000 000000003f800000 

Instructions: (pc=0x0000000066bcbd0d)
0x0000000066bcbced:   48 8d 05 6c a3 05 00 0f b6 1c 18 80 fb 0d 0f b6
0x0000000066bcbcfd:   eb 77 21 48 8d 1c de 48 8b 43 10 48 85 c0 74 3a
0x0000000066bcbd0d:   48 8b 10 48 89 53 10 48 83 c4 28 5b 5e 5f 5d 41
0x0000000066bcbd1d:   5c 41 5d c3 48 8d 15 18 9e 04 00 48 8d 0d 99 9e 


Register to memory mapping:

RAX=0x0000002600000002 is an unknown value
RBX=0x000000001fab5cc0 is an unknown value
RCX=0x000000001fab5c90 is an unknown value
RDX=0x00000000000000b8 is an unknown value
RSP=0x000000001fffefc0 is pointing into the stack for thread: 0x000000001f27f800
RBP=0x0000000000000006 is an unknown value
RSI=0x000000001fab5c90 is an unknown value
RDI=0x000000001ffff080 is pointing into the stack for thread: 0x000000001f27f800
R8 =0x000000001fab5c90 is an unknown value
R9 =0x0000000000000002 is an unknown value
R10=0x0000000000000000 is an unknown value
R11=0x0000000000000001 is an unknown value
R12=0x0000000000000000 is an unknown value
R13={method} {0x000000001be6a860} 'jniCreateBody' '(JIFFFFFFFFZZZZZF)J' in 'com/badlogic/gdx/physics/box2d/World'
R14=0x000000001ffff270 is pointing into the stack for thread: 0x000000001f27f800
R15=0x000000001f27f800 is a thread


Stack: [0x000000001ff00000,0x0000000020000000],  sp=0x000000001fffefc0,  free space=1019k
Native frames: (J=compiled Java code, j=interpreted, Vv=VM code, C=native code)
C  [gdx-box2d64.dll+0xbd0d]
C  [gdx-box2d64.dll+0x22483]
C  [gdx-box2d64.dll+0x28616]
C  0x00000000025d8c67

Java frames: (J=compiled Java code, j=interpreted, Vv=VM code)
j  com.badlogic.gdx.physics.box2d.World.jniCreateBody(JIFFFFFFFFZZZZZF)J+0
j  com.badlogic.gdx.physics.box2d.World.createBody(Lcom/badlogic/gdx/physics/box2d/BodyDef;)Lcom/badlogic/gdx/physics/box2d/Body;+80
j  com.bpa.CreateBullet.defineBullet()V+36
j  com.bpa.CreateBullet.<init>(Lcom/badlogic/gdx/physics/box2d/World;)V+38
J 1260 C1 com.bpa.Level1.shootGun()V (392 bytes) @ 0x0000000002ab8bc4 [0x0000000002ab8880+0x344]
J 1458 C1 com.bpa.Level1.render(F)V (866 bytes) @ 0x0000000002b6389c [0x0000000002b60920+0x2f7c]
J 1285 C1 com.bpa.DunGun.render()V (5 bytes) @ 0x0000000002ad14bc [0x0000000002ad12a0+0x21c]
j  com.badlogic.gdx.backends.lwjgl.LwjglApplication.mainLoop()V+698
j  com.badlogic.gdx.backends.lwjgl.LwjglApplication$1.run()V+27
v  ~StubRoutines::call_stub

---------------  P R O C E S S  ---------------

Java Threads: ( => current thread )
  0x000000001f4af000 JavaThread "LWJGL Timer" daemon [_thread_blocked, id=8340, stack(0x00000000305e0000,0x00000000306e0000)]
  0x000000001f3e8800 JavaThread "AsynchExecutor-Thread" daemon [_thread_blocked, id=10900, stack(0x000000002cd10000,0x000000002ce10000)]
  0x00000000023c3800 JavaThread "DestroyJavaVM" [_thread_blocked, id=6692, stack(0x0000000002280000,0x0000000002380000)]
=>0x000000001f27f800 JavaThread "LWJGL Application" [_thread_in_native, id=3140, stack(0x000000001ff00000,0x0000000020000000)]
  0x000000001e031000 JavaThread "Service Thread" daemon [_thread_blocked, id=8596, stack(0x000000001eb50000,0x000000001ec50000)]
  0x000000001dfa7800 JavaThread "C1 CompilerThread3" daemon [_thread_blocked, id=11452, stack(0x000000001ea50000,0x000000001eb50000)]
  0x000000001df95000 JavaThread "C2 CompilerThread2" daemon [_thread_blocked, id=11612, stack(0x000000001e950000,0x000000001ea50000)]
  0x000000001df8e800 JavaThread "C2 CompilerThread1" daemon [_thread_blocked, id=8384, stack(0x000000001e850000,0x000000001e950000)]
  0x000000001df8b800 JavaThread "C2 CompilerThread0" daemon [_thread_blocked, id=12944, stack(0x000000001e750000,0x000000001e850000)]
  0x000000001df8a000 JavaThread "Attach Listener" daemon [_thread_blocked, id=5524, stack(0x000000001e650000,0x000000001e750000)]
  0x000000001c08e000 JavaThread "Signal Dispatcher" daemon [_thread_blocked, id=10304, stack(0x000000001e550000,0x000000001e650000)]
  0x000000001df80800 JavaThread "Finalizer" daemon [_thread_blocked, id=7304, stack(0x000000001e360000,0x000000001e460000)]
  0x00000000024ba000 JavaThread "Reference Handler" daemon [_thread_blocked, id=13104, stack(0x000000001de60000,0x000000001df60000)]

Other Threads:
  0x000000001c079800 VMThread [stack: 0x000000001dd60000,0x000000001de60000] [id=13212]
  0x000000001e054000 WatcherThread [stack: 0x000000001ec50000,0x000000001ed50000] [id=4840]

VM state:not at safepoint (normal execution)

VM Mutex/Monitor currently owned by a thread: None

Heap:
 PSYoungGen      total 76288K, used 56055K [0x000000076ae00000, 0x0000000770300000, 0x00000007c0000000)
  eden space 65536K, 85% used [0x000000076ae00000,0x000000076e4bde30,0x000000076ee00000)
  from space 10752K, 0% used [0x000000076f880000,0x000000076f880000,0x0000000770300000)
  to   space 10752K, 0% used [0x000000076ee00000,0x000000076ee00000,0x000000076f880000)
 ParOldGen       total 175104K, used 0K [0x00000006c0a00000, 0x00000006cb500000, 0x000000076ae00000)
  object space 175104K, 0% used [0x00000006c0a00000,0x00000006c0a00000,0x00000006cb500000)
 Metaspace       used 9435K, capacity 9609K, committed 9728K, reserved 1058816K
  class space    used 894K, capacity 955K, committed 1024K, reserved 1048576K

Card table byte_map: [0x0000000011980000,0x0000000012180000] byte_map_base: 0x000000000e37b000

Marking Bits: (ParMarkBitMap*) 0x00000000635b2d00
 Begin Bits: [0x0000000012ee0000, 0x0000000016eb8000)
 End Bits:   [0x0000000016eb8000, 0x000000001ae90000)

Polling page: 0x0000000000490000

CodeCache: size=245760Kb used=5802Kb max_used=5819Kb free=239957Kb
 bounds [0x00000000025c0000, 0x0000000002b80000, 0x00000000115c0000]
 total_blobs=1989 nmethods=1474 adapters=428
 compilation: enabled

Compilation events (10 events):
Event: 89.227 Thread 0x000000001df8b800 1470       4       com.badlogic.gdx.math.Vector2::<init> (5 bytes)
Event: 89.228 Thread 0x000000001df8b800 nmethod 1470 0x0000000002b41e50 code [0x0000000002b41f80, 0x0000000002b41fd8]
Event: 89.933 Thread 0x000000001df8e800 1471       4       org.lwjgl.opengl.WindowsDisplay::getGlobalClientRect (60 bytes)
Event: 89.940 Thread 0x000000001df8e800 nmethod 1471 0x0000000002b69f50 code [0x0000000002b6a0c0, 0x0000000002b6a2d8]
Event: 90.382 Thread 0x000000001df95000 1472       4       java.nio.Bits::copyFromArray (70 bytes)
Event: 90.384 Thread 0x000000001df95000 nmethod 1472 0x0000000002b56610 code [0x0000000002b56740, 0x0000000002b567d8]
Event: 90.482 Thread 0x000000001df8b800 1474       4       com.badlogic.gdx.backends.lwjgl.LwjglInput::updateKeyboard (421 bytes)
Event: 90.482 Thread 0x000000001df8e800 1473       4       java.nio.DirectByteBuffer::put (126 bytes)
Event: 90.485 Thread 0x000000001df8e800 nmethod 1473 0x0000000002b69910 code [0x0000000002b69a60, 0x0000000002b69cb8]
Event: 90.514 Thread 0x000000001df8b800 nmethod 1474 0x0000000002b71c50 code [0x0000000002b71f60, 0x0000000002b73608]

GC Heap History (0 events):
No events

Deoptimization events (10 events):
Event: 1.265 Thread 0x000000001f27f800 Uncommon trap: reason=unstable_if action=reinterpret pc=0x000000000292817c method=javazoom.jl.decoder.LayerIIIDecoder.huffman_decode(II)V @ 684
Event: 3.468 Thread 0x000000001f27f800 Uncommon trap: reason=unstable_if action=reinterpret pc=0x0000000002957e54 method=java.util.StringTokenizer.skipDelimiters(I)I @ 29
Event: 41.419 Thread 0x000000001f27f800 Uncommon trap: reason=unstable_if action=reinterpret pc=0x0000000002aea9b0 method=com.badlogic.gdx.backends.lwjgl.audio.OpenALAudio.stopSourcesWithBuffer(I)V @ 54
Event: 80.520 Thread 0x000000001f27f800 Uncommon trap: reason=unstable_if action=reinterpret pc=0x0000000002b17e70 method=com.bpa.Level1.render(F)V @ 34
Event: 80.539 Thread 0x000000001f27f800 Uncommon trap: reason=unstable_if action=reinterpret pc=0x0000000002b25728 method=org.lwjgl.opengl.WindowsMouse.poll(Ljava/nio/IntBuffer;Ljava/nio/ByteBuffer;)V @ 101
Event: 80.553 Thread 0x000000001f27f800 Uncommon trap: reason=unstable_if action=reinterpret pc=0x0000000002ae9f60 method=org.lwjgl.opengl.WindowsMouse.poll(Ljava/nio/IntBuffer;Ljava/nio/ByteBuffer;)V @ 101
Event: 80.637 Thread 0x000000001f27f800 Uncommon trap: reason=unstable_if action=reinterpret pc=0x0000000002b36a84 method=org.lwjgl.input.Mouse.next()Z @ 60
Event: 81.186 Thread 0x000000001f27f800 Uncommon trap: reason=unstable_if action=reinterpret pc=0x0000000002b07a20 method=com.badlogic.gdx.graphics.g2d.SpriteBatch.setProjectionMatrix(Lcom/badlogic/gdx/math/Matrix4;)V @ 4
Event: 82.599 Thread 0x000000001f27f800 Uncommon trap: reason=unstable_if action=reinterpret pc=0x0000000002af9bd8 method=com.badlogic.gdx.maps.MapLayer.getRenderOffsetX()F @ 4
Event: 82.600 Thread 0x000000001f27f800 Uncommon trap: reason=unstable_if action=reinterpret pc=0x0000000002afd000 method=com.badlogic.gdx.utils.Array.iterator()Ljava/util/Iterator; @ 4

Classes redefined (0 events):
No events

Internal exceptions (10 events):
Event: 0.098 Thread 0x00000000023c3800 Exception <a 'java/security/PrivilegedActionException'> (0x000000076b182810) thrown at [C:\re\workspace\8-2-build-windows-amd64-cygwin\jdk8u181\11358\hotspot\src\share\vm\prims\jvm.cpp, line 1435]
Event: 0.179 Thread 0x00000000023c3800 Exception <a 'java/security/PrivilegedActionException'> (0x000000076b2ad4a0) thrown at [C:\re\workspace\8-2-build-windows-amd64-cygwin\jdk8u181\11358\hotspot\src\share\vm\prims\jvm.cpp, line 1435]
Event: 0.179 Thread 0x00000000023c3800 Exception <a 'java/security/PrivilegedActionException'> (0x000000076b2af178) thrown at [C:\re\workspace\8-2-build-windows-amd64-cygwin\jdk8u181\11358\hotspot\src\share\vm\prims\jvm.cpp, line 1435]
Event: 0.179 Thread 0x00000000023c3800 Exception <a 'java/security/PrivilegedActionException'> (0x000000076b2b02e8) thrown at [C:\re\workspace\8-2-build-windows-amd64-cygwin\jdk8u181\11358\hotspot\src\share\vm\prims\jvm.cpp, line 1435]
Event: 0.179 Thread 0x00000000023c3800 Exception <a 'java/security/PrivilegedActionException'> (0x000000076b2b5450) thrown at [C:\re\workspace\8-2-build-windows-amd64-cygwin\jdk8u181\11358\hotspot\src\share\vm\prims\jvm.cpp, line 1435]
Event: 0.179 Thread 0x00000000023c3800 Exception <a 'java/security/PrivilegedActionException'> (0x000000076b2b60a8) thrown at [C:\re\workspace\8-2-build-windows-amd64-cygwin\jdk8u181\11358\hotspot\src\share\vm\prims\jvm.cpp, line 1435]
Event: 0.179 Thread 0x00000000023c3800 Exception <a 'java/security/PrivilegedActionException'> (0x000000076b2b6cd0) thrown at [C:\re\workspace\8-2-build-windows-amd64-cygwin\jdk8u181\11358\hotspot\src\share\vm\prims\jvm.cpp, line 1435]
Event: 0.736 Thread 0x000000001f3e8800 Exception <a 'java/lang/NoSuchFieldError': method resolution failed> (0x000000076c06bc60) thrown at [C:\re\workspace\8-2-build-windows-amd64-cygwin\jdk8u181\11358\hotspot\src\share\vm\prims\methodHandles.cpp, line 1167]
Event: 0.737 Thread 0x000000001f3e8800 Exception <a 'java/lang/NoSuchFieldError': method resolution failed> (0x000000076c079320) thrown at [C:\re\workspace\8-2-build-windows-amd64-cygwin\jdk8u181\11358\hotspot\src\share\vm\prims\methodHandles.cpp, line 1167]
Event: 82.599 Thread 0x000000001f27f800 Implicit null exception at 0x0000000002afccc8 to 0x0000000002afcfe9

Events (10 events):
Event: 80.637 Thread 0x000000001f27f800 DEOPT UNPACKING pc=0x000000000260583b sp=0x000000001ffff4a8 mode 2
Event: 81.186 Thread 0x000000001f27f800 Uncommon trap: trap_request=0xffffff65 fr.pc=0x0000000002b07a20
Event: 81.186 Thread 0x000000001f27f800 DEOPT PACKING pc=0x0000000002b07a20 sp=0x000000001ffff530
Event: 81.186 Thread 0x000000001f27f800 DEOPT UNPACKING pc=0x000000000260583b sp=0x000000001ffff4f8 mode 2
Event: 82.599 Thread 0x000000001f27f800 Uncommon trap: trap_request=0xffffff65 fr.pc=0x0000000002af9bd8
Event: 82.599 Thread 0x000000001f27f800 DEOPT PACKING pc=0x0000000002af9bd8 sp=0x000000001ffff390
Event: 82.599 Thread 0x000000001f27f800 DEOPT UNPACKING pc=0x000000000260583b sp=0x000000001ffff330 mode 2
Event: 82.600 Thread 0x000000001f27f800 Uncommon trap: trap_request=0xffffff65 fr.pc=0x0000000002afd000
Event: 82.600 Thread 0x000000001f27f800 DEOPT PACKING pc=0x0000000002afd000 sp=0x000000001ffff4a0
Event: 82.600 Thread 0x000000001f27f800 DEOPT UNPACKING pc=0x000000000260583b sp=0x000000001ffff310 mode 2


Dynamic libraries:
0x00007ff789820000 - 0x00007ff789857000 	C:\Program Files\Java\jre1.8.0_181\bin\javaw.exe
0x00007ffae5640000 - 0x00007ffae5821000 	C:\WINDOWS\SYSTEM32\ntdll.dll
0x00007ffae2ae0000 - 0x00007ffae2b92000 	C:\WINDOWS\System32\KERNEL32.DLL
0x00007ffae2020000 - 0x00007ffae2293000 	C:\WINDOWS\System32\KERNELBASE.dll
0x00007ffae4d80000 - 0x00007ffae4e21000 	C:\WINDOWS\System32\ADVAPI32.dll
0x00007ffae3070000 - 0x00007ffae310e000 	C:\WINDOWS\System32\msvcrt.dll
0x00007ffae2db0000 - 0x00007ffae2e0b000 	C:\WINDOWS\System32\sechost.dll
0x00007ffae2ee0000 - 0x00007ffae3004000 	C:\WINDOWS\System32\RPCRT4.dll
0x00007ffae4b40000 - 0x00007ffae4cd0000 	C:\WINDOWS\System32\USER32.dll
0x00007ffae22a0000 - 0x00007ffae22c0000 	C:\WINDOWS\System32\win32u.dll
0x00007ffae4b10000 - 0x00007ffae4b38000 	C:\WINDOWS\System32\GDI32.dll
0x00007ffae1a10000 - 0x00007ffae1ba2000 	C:\WINDOWS\System32\gdi32full.dll
0x00007ffae1c10000 - 0x00007ffae1caf000 	C:\WINDOWS\System32\msvcp_win.dll
0x00007ffae1ea0000 - 0x00007ffae1f9a000 	C:\WINDOWS\System32\ucrtbase.dll
0x00007ffad9c40000 - 0x00007ffad9ea9000 	C:\WINDOWS\WinSxS\amd64_microsoft.windows.common-controls_6595b64144ccf1df_6.0.17134.407_none_fb449d63306391e9\COMCTL32.dll
0x00007ffae45f0000 - 0x00007ffae4912000 	C:\WINDOWS\System32\combase.dll
0x00007ffae1fa0000 - 0x00007ffae201a000 	C:\WINDOWS\System32\bcryptPrimitives.dll
0x00007ffae52e0000 - 0x00007ffae530d000 	C:\WINDOWS\System32\IMM32.DLL
0x0000000061ec0000 - 0x0000000061f92000 	C:\Program Files\Java\jre1.8.0_181\bin\msvcr100.dll
0x0000000062d90000 - 0x0000000063632000 	C:\Program Files\Java\jre1.8.0_181\bin\server\jvm.dll
0x00007ffae5400000 - 0x00007ffae5408000 	C:\WINDOWS\System32\PSAPI.DLL
0x00007ffacf680000 - 0x00007ffacf689000 	C:\WINDOWS\SYSTEM32\WSOCK32.dll
0x00007ffadf6d0000 - 0x00007ffadf6f3000 	C:\WINDOWS\SYSTEM32\WINMM.dll
0x00007ffae2d40000 - 0x00007ffae2dac000 	C:\WINDOWS\System32\WS2_32.dll
0x00007ffadd380000 - 0x00007ffadd38a000 	C:\WINDOWS\SYSTEM32\VERSION.dll
0x00007ffadf680000 - 0x00007ffadf6aa000 	C:\WINDOWS\SYSTEM32\winmmbase.dll
0x00007ffae22c0000 - 0x00007ffae2309000 	C:\WINDOWS\System32\cfgmgr32.dll
0x0000000062d80000 - 0x0000000062d8f000 	C:\Program Files\Java\jre1.8.0_181\bin\verify.dll
0x0000000062d50000 - 0x0000000062d79000 	C:\Program Files\Java\jre1.8.0_181\bin\java.dll
0x0000000062d30000 - 0x0000000062d46000 	C:\Program Files\Java\jre1.8.0_181\bin\zip.dll
0x00007ffae3190000 - 0x00007ffae45cf000 	C:\WINDOWS\System32\SHELL32.dll
0x00007ffae4cd0000 - 0x00007ffae4d79000 	C:\WINDOWS\System32\shcore.dll
0x00007ffae23c0000 - 0x00007ffae2acd000 	C:\WINDOWS\System32\windows.storage.dll
0x00007ffae3010000 - 0x00007ffae3061000 	C:\WINDOWS\System32\shlwapi.dll
0x00007ffae19f0000 - 0x00007ffae1a01000 	C:\WINDOWS\System32\kernel.appcore.dll
0x00007ffae1950000 - 0x00007ffae196f000 	C:\WINDOWS\System32\profapi.dll
0x00007ffae1980000 - 0x00007ffae19cc000 	C:\WINDOWS\System32\powrprof.dll
0x00007ffae1970000 - 0x00007ffae197a000 	C:\WINDOWS\System32\FLTLIB.DLL
0x0000000065580000 - 0x0000000065616000 	C:\Users\RichardH\AppData\Local\Temp\libgdxRichardH\12dfaa03\gdx64.dll
0x00007ffae1380000 - 0x00007ffae1397000 	C:\WINDOWS\SYSTEM32\CRYPTSP.dll
0x00007ffae0db0000 - 0x00007ffae0de3000 	C:\WINDOWS\system32\rsaenh.dll
0x00007ffae14b0000 - 0x00007ffae14d5000 	C:\WINDOWS\SYSTEM32\bcrypt.dll
0x00007ffae1880000 - 0x00007ffae18a8000 	C:\WINDOWS\SYSTEM32\USERENV.dll
0x00007ffae13a0000 - 0x00007ffae13ab000 	C:\WINDOWS\SYSTEM32\CRYPTBASE.dll
0x0000000062d10000 - 0x0000000062d2a000 	C:\Program Files\Java\jre1.8.0_181\bin\net.dll
0x00007ffae11d0000 - 0x00007ffae1236000 	C:\WINDOWS\system32\mswsock.dll
0x00007ffae0f50000 - 0x00007ffae0f88000 	C:\WINDOWS\SYSTEM32\IPHLPAPI.DLL
0x00007ffae2ad0000 - 0x00007ffae2ad8000 	C:\WINDOWS\System32\NSI.dll
0x00007ffadcde0000 - 0x00007ffadcdf6000 	C:\WINDOWS\SYSTEM32\dhcpcsvc6.DLL
0x00007ffadd0e0000 - 0x00007ffadd0fa000 	C:\WINDOWS\SYSTEM32\dhcpcsvc.DLL
0x0000000062cf0000 - 0x0000000062d01000 	C:\Program Files\Java\jre1.8.0_181\bin\nio.dll
0x0000000180000000 - 0x0000000180053000 	C:\Users\RichardH\AppData\Local\Temp\libgdxRichardH\dc0f0009\lwjgl64.dll
0x00007ffab6740000 - 0x00007ffab6860000 	C:\WINDOWS\SYSTEM32\OPENGL32.dll
0x00007ffac7860000 - 0x00007ffac788c000 	C:\WINDOWS\SYSTEM32\GLU32.dll
0x000000001f890000 - 0x000000001f8f4000 	C:\Users\RichardH\AppData\Local\Temp\libgdxRichardH\dc0f0009\OpenAL64.dll
0x00007ffae54b0000 - 0x00007ffae5601000 	C:\WINDOWS\System32\ole32.dll
0x00007ffae0010000 - 0x00007ffae00a8000 	C:\WINDOWS\system32\uxtheme.dll
0x00007ffae5410000 - 0x00007ffae54b0000 	C:\WINDOWS\System32\clbcatq.dll
0x00007ffade420000 - 0x00007ffade5d4000 	C:\WINDOWS\System32\PROPSYS.dll
0x00007ffae2e10000 - 0x00007ffae2ed2000 	C:\WINDOWS\System32\OLEAUT32.dll
0x00007ffab7a10000 - 0x00007ffab7a9f000 	C:\WINDOWS\SYSTEM32\dsound.dll
0x00007ffadc7c0000 - 0x00007ffadc836000 	C:\WINDOWS\System32\MMDevApi.dll
0x00007ffae1760000 - 0x00007ffae1787000 	C:\WINDOWS\System32\DEVOBJ.dll
0x00007ffab98e0000 - 0x00007ffab9a0c000 	C:\WINDOWS\SYSTEM32\AUDIOSES.DLL
0x00007ffadda90000 - 0x00007ffaddbdd000 	C:\WINDOWS\SYSTEM32\wintypes.dll
0x00007ffadcd50000 - 0x00007ffadcd5a000 	C:\WINDOWS\SYSTEM32\AVRT.dll
0x00007ffae4920000 - 0x00007ffae4a93000 	C:\WINDOWS\System32\MSCTF.dll
0x00007ffae00e0000 - 0x00007ffae0109000 	C:\WINDOWS\system32\dwmapi.dll
0x00007ffad2520000 - 0x00007ffad25b6000 	C:\WINDOWS\System32\TextInputFramework.dll
0x00007ffadbc10000 - 0x00007ffadbf2e000 	C:\WINDOWS\System32\CoreUIComponents.dll
0x00007ffadfa40000 - 0x00007ffadfb1a000 	C:\WINDOWS\System32\CoreMessaging.dll
0x00007ffae0a40000 - 0x00007ffae0a71000 	C:\WINDOWS\SYSTEM32\ntmarta.dll
0x000000005f830000 - 0x0000000061eb3000 	C:\WINDOWS\System32\DriverStore\FileRepository\nv_dispi.inf_amd64_e59b844303b9907e\nvoglv64.dll
0x00007ffae4e90000 - 0x00007ffae52db000 	C:\WINDOWS\System32\SETUPAPI.dll
0x00007ffade640000 - 0x00007ffade653000 	C:\WINDOWS\SYSTEM32\WTSAPI32.dll
0x00007ffae1bb0000 - 0x00007ffae1c07000 	C:\WINDOWS\System32\WINTRUST.dll
0x00007ffae19d0000 - 0x00007ffae19e2000 	C:\WINDOWS\System32\MSASN1.dll
0x00007ffae1cb0000 - 0x00007ffae1e92000 	C:\WINDOWS\System32\CRYPT32.dll
0x00007ffaabb60000 - 0x00007ffaabe26000 	C:\WINDOWS\system32\nvspcap64.dll
0x00007ffada7b0000 - 0x00007ffada858000 	C:\WINDOWS\SYSTEM32\mscms.dll
0x00007ffadfc40000 - 0x00007ffadfc50000 	C:\WINDOWS\SYSTEM32\ColorAdapterClient.dll
0x00007ffab6f80000 - 0x00007ffab6fc3000 	C:\WINDOWS\SYSTEM32\icm32.dll
0x00007ffae0ae0000 - 0x00007ffae0b36000 	C:\WINDOWS\SYSTEM32\WINSTA.dll
0x0000000066bc0000 - 0x0000000066c7b000 	C:\Users\RichardH\AppData\Local\Temp\libgdxRichardH\54593449\gdx-box2d64.dll
0x00007ffacf230000 - 0x00007ffacf3f9000 	C:\WINDOWS\SYSTEM32\dbghelp.dll

VM Arguments:
jvm_args: -Dfile.encoding=UTF-8 
java_command: com.bpa.desktop.DesktopLauncher
java_class_path (initial): C:\Users\RichardH\git\DUN-GUN\libGDX Workspace\desktop\bin\main;\DUN-GUN-core\bin\default;C:\Users\RichardH\git\DUN-GUN\libGDX Workspace\core\bin\main;C:\Users\RichardH\.gradle\caches\modules-2\files-2.1\com.badlogicgames.gdx\gdx-tools\1.9.8\5c32820fccee957cc77990d353297ceed1a63159\gdx-tools-1.9.8.jar;C:\Users\RichardH\.gradle\caches\modules-2\files-2.1\com.badlogicgames.gdx\gdx-backend-lwjgl\1.9.8\b7c138f14ed67ad830ae7597da3d86ae02b20eee\gdx-backend-lwjgl-1.9.8.jar;C:\Users\RichardH\.gradle\caches\modules-2\files-2.1\com.badlogicgames.gdx\gdx-platform\1.9.8\604a2ef2c7c92a5900114757cbd3fb4dcbb8270c\gdx-platform-1.9.8-natives-desktop.jar;C:\Users\RichardH\.gradle\caches\modules-2\files-2.1\com.badlogicgames.gdx\gdx-box2d-platform\1.9.8\3195b56f82751d7cd7de85edb6824d17bf479781\gdx-box2d-platform-1.9.8-natives-desktop.jar;C:\Users\RichardH\.gradle\caches\modules-2\files-2.1\com.badlogicgames.gdx\gdx-ai\1.8.0\ec30677d8ab1a8b8aa4b853c5f4e4b1361f50bf5\gdx-ai-1.8.0.jar;C:\Users\RichardH\.gradle\caches\modules-2\files-2.1\com.badlogicgames.ashley\ashley\1.7.0\a7c4083c0a42027a3c03ba7ccecef6cbe1c5f0a4\ashley-1.7.0.jar;C:\Users\RichardH\.gradle\caches\modules-2\files-2.1\com.badlogicgames.gdx\gdx-backend-headless\1.9.8\c90fcd61d78d3b3d3ee7e493030b06df984df53b\gdx-backend-headless-1.9.8.jar;C:\Users\RichardH\.gradle\caches\modules-2\files-2.1\com.badlogicgames.gdx\gdx-freetype\1.9.8\d92b5b8beab10e3b3c0dd836d4fc186f95e7ea4b\gdx-freetype-1.9.8.jar;C:\Users\RichardH\.gradle\caches\modules-2\files-2.1\com.badlogicgames.box2dlights\box2dlights\1.4\3d77ad5b4164fb32fc67e2446e35911bb0aaf0bd\box2dlights-1.4.jar;C:\Users\RichardH\.gradle\caches\modules-2\files-2.1\com.badlogicgames.gdx\gdx-box2d\1.9.8\6f0497b7958216464101adfb7bdc3a0f7b88d6d3\gdx-box2d-1.9.8.jar;C:\Users\RichardH\.gradle\caches\modules-2\files-2.1\com.badlogicgames.gdx\gdx\1.9.8\a35a0076fbce873f9c2d5a1a1c8066244231bb3c\gdx-1.9.8.jar;C:\Users\RichardH\.gradle\caches\modules-2\files-2.1\org.lwjg
Launcher Type: SUN_STANDARD

Environment Variables:
PATH=C:/Program Files/Java/jre1.8.0_181/bin/server;C:/Program Files/Java/jre1.8.0_181/bin;C:/Program Files/Java/jre1.8.0_181/lib/amd64;C:\Program Files (x86)\Common Files\Oracle\Java\javapath;C:\ProgramData\Oracle\Java\javapath;C:\WINDOWS\system32;C:\WINDOWS;C:\WINDOWS\System32\Wbem;C:\WINDOWS\System32\WindowsPowerShell\v1.0\;C:\Program Files (x86)\NVIDIA Corporation\PhysX\Common;C:\WINDOWS\system32;C:\WINDOWS;C:\WINDOWS\System32\Wbem;C:\WINDOWS\System32\WindowsPowerShell\v1.0\;C:\WINDOWS\System32\OpenSSH\;C:\Program Files\NVIDIA Corporation\NVIDIA NvDLISR;C:\Users\RichardH\AppData\Local\Programs\Python\Python36-32\Scripts\;C:\Users\RichardH\AppData\Local\Programs\Python\Python36-32\;C:\Users\RichardH\AppData\Local\Microsoft\WindowsApps;C:\Users\RichardH\AppData\Local\GitHubDesktop\bin;C:\Users\RichardH\AppData\Local\Microsoft\WindowsApps;C:\WINDOWS\System32;
USERNAME=RichardH
OS=Windows_NT
PROCESSOR_IDENTIFIER=Intel64 Family 6 Model 158 Stepping 9, GenuineIntel



---------------  S Y S T E M  ---------------

OS: Windows 10.0 , 64 bit Build 17134 (10.0.17134.1)

CPU:total 8 (initial active 8) (4 cores per cpu, 2 threads per core) family 6 model 158 stepping 9, cmov, cx8, fxsr, mmx, sse, sse2, sse3, ssse3, sse4.1, sse4.2, popcnt, avx, avx2, aes, clmul, erms, rtm, 3dnowpref, lzcnt, ht, tsc, tscinvbit, bmi1, bmi2, adx

Memory: 4k page, physical 16729960k(11907976k free), swap 17778536k(10545764k free)

vm_info: Java HotSpot(TM) 64-Bit Server VM (25.181-b13) for windows-amd64 JRE (1.8.0_181-b13), built on Jul  7 2018 04:01:33 by "java_re" with MS VC++ 10.0 (VS2010)

time: Tue Dec 11 16:36:43 2018
elapsed time: 90 seconds (0d 0h 1m 30s)

