#
# A fatal error has been detected by the Java Runtime Environment:
#
#  EXCEPTION_ACCESS_VIOLATION (0xc0000005) at pc=0x0000000066bcbd0d, pid=8948, tid=0x0000000000004a68
#
# JRE version: Java(TM) SE Runtime Environment (8.0_191-b12) (build 1.8.0_191-b12)
# Java VM: Java HotSpot(TM) 64-Bit Server VM (25.191-b12 mixed mode windows-amd64 compressed oops)
# Problematic frame:
# C  [gdx-box2d64.dll+0xbd0d]
#
# Failed to write core dump. Minidumps are not enabled by default on client versions of Windows
#
# If you would like to submit a bug report, please visit:
#   http://bugreport.java.com/bugreport/crash.jsp
# The crash happened outside the Java Virtual Machine in native code.
# See problematic frame for where to report the bug.
#

---------------  T H R E A D  ---------------

Current thread (0x000000001c49e000):  JavaThread "LWJGL Application" [_thread_in_native, id=19048, stack(0x000000001eed0000,0x000000001efd0000)]

siginfo: ExceptionCode=0xc0000005, reading address 0x0000002600000002

Registers:
RAX=0x0000002600000002, RBX=0x00000000301c8b40, RCX=0x00000000301c8b10, RDX=0x00000000000000b8
RSP=0x000000001efcef20, RBP=0x0000000000000006, RSI=0x00000000301c8b10, RDI=0x000000001efcefe0
R8 =0x00000000301c8b10, R9 =0x0000000000000002, R10=0x0000000000000000, R11=0x0000000000000001
R12=0x0000000000000000, R13=0x000000001a80b2d0, R14=0x000000001efcf1d0, R15=0x000000001c49e000
RIP=0x0000000066bcbd0d, EFLAGS=0x0000000000010202

Top of Stack: (sp=0x000000001efcef20)
0x000000001efcef20:   000000001a80b2d0 000000001c49e000
0x000000001efcef30:   0000000052ceff08 000000001e8c4210
0x000000001efcef40:   0000000000000012 00000000301c8b10
0x000000001efcef50:   000000001a040468 000000001efcefe0
0x000000001efcef60:   000000001efcf128 0000000000000000
0x000000001efcef70:   000000001a80b2d0 0000000066be2483
0x000000001efcef80:   000000001efcf020 000000001efcf020
0x000000001efcef90:   0000000000000003 000000001a80b2d0
0x000000001efcefa0:   0000000000000001 000000001a040468
0x000000001efcefb0:   000000000006d198 0000000066be8616
0x000000001efcefc0:   0000000000000000 000000000006d198
0x000000001efcefd0:   000000001efcf128 00000000033d5798
0x000000001efcefe0:   40e51ebc00000002 00000000406fae11
0x000000001efceff0:   0000000000000000 0000000000000000
0x000000001efcf000:   0000010100000000 000000001efcf101
0x000000001efcf010:   0000000000000000 000000003f800000 

Instructions: (pc=0x0000000066bcbd0d)
0x0000000066bcbced:   48 8d 05 6c a3 05 00 0f b6 1c 18 80 fb 0d 0f b6
0x0000000066bcbcfd:   eb 77 21 48 8d 1c de 48 8b 43 10 48 85 c0 74 3a
0x0000000066bcbd0d:   48 8b 10 48 89 53 10 48 83 c4 28 5b 5e 5f 5d 41
0x0000000066bcbd1d:   5c 41 5d c3 48 8d 15 18 9e 04 00 48 8d 0d 99 9e 


Register to memory mapping:

RAX=0x0000002600000002 is an unknown value
RBX=0x00000000301c8b40 is an unknown value
RCX=0x00000000301c8b10 is an unknown value
RDX=0x00000000000000b8 is an unknown value
RSP=0x000000001efcef20 is pointing into the stack for thread: 0x000000001c49e000
RBP=0x0000000000000006 is an unknown value
RSI=0x00000000301c8b10 is an unknown value
RDI=0x000000001efcefe0 is pointing into the stack for thread: 0x000000001c49e000
R8 =0x00000000301c8b10 is an unknown value
R9 =0x0000000000000002 is an unknown value
R10=0x0000000000000000 is an unknown value
R11=0x0000000000000001 is an unknown value
R12=0x0000000000000000 is an unknown value
R13={method} {0x000000001a80b2d8} 'jniCreateBody' '(JIFFFFFFFFZZZZZF)J' in 'com/badlogic/gdx/physics/box2d/World'
R14=0x000000001efcf1d0 is pointing into the stack for thread: 0x000000001c49e000
R15=0x000000001c49e000 is a thread


Stack: [0x000000001eed0000,0x000000001efd0000],  sp=0x000000001efcef20,  free space=1019k
Native frames: (J=compiled Java code, j=interpreted, Vv=VM code, C=native code)
C  [gdx-box2d64.dll+0xbd0d]
C  [gdx-box2d64.dll+0x22483]
C  [gdx-box2d64.dll+0x28616]
C  0x00000000033e8c67

Java frames: (J=compiled Java code, j=interpreted, Vv=VM code)
j  com.badlogic.gdx.physics.box2d.World.jniCreateBody(JIFFFFFFFFZZZZZF)J+0
j  com.badlogic.gdx.physics.box2d.World.createBody(Lcom/badlogic/gdx/physics/box2d/BodyDef;)Lcom/badlogic/gdx/physics/box2d/Body;+80
j  com.bpa.CreateBullet.defineBullet()V+36
j  com.bpa.CreateBullet.<init>(Lcom/badlogic/gdx/physics/box2d/World;)V+38
J 1417 C1 com.bpa.Level1.shootGun()V (392 bytes) @ 0x0000000003943d84 [0x0000000003943a40+0x344]
J 1380 C1 com.bpa.Level1.cameraUpdate(F)V (317 bytes) @ 0x0000000003921c7c [0x0000000003921ae0+0x19c]
J 1309 C1 com.bpa.Level1.render(F)V (880 bytes) @ 0x00000000038f3844 [0x00000000038f14a0+0x23a4]
J 1439 C1 com.bpa.DunGun.render()V (5 bytes) @ 0x000000000395b0bc [0x000000000395aea0+0x21c]
j  com.badlogic.gdx.backends.lwjgl.LwjglApplication.mainLoop()V+698
j  com.badlogic.gdx.backends.lwjgl.LwjglApplication$1.run()V+27
v  ~StubRoutines::call_stub

---------------  P R O C E S S  ---------------

Java Threads: ( => current thread )
  0x000000001e9b4000 JavaThread "LWJGL Timer" daemon [_thread_blocked, id=9028, stack(0x0000000030db0000,0x0000000030eb0000)]
  0x000000001e959800 JavaThread "AsynchExecutor-Thread" daemon [_thread_blocked, id=18352, stack(0x00000000300b0000,0x00000000301b0000)]
  0x000000000315e800 JavaThread "DestroyJavaVM" [_thread_blocked, id=13028, stack(0x00000000031d0000,0x00000000032d0000)]
=>0x000000001c49e000 JavaThread "LWJGL Application" [_thread_in_native, id=19048, stack(0x000000001eed0000,0x000000001efd0000)]
  0x000000001c1ab800 JavaThread "Service Thread" daemon [_thread_blocked, id=5136, stack(0x000000001db60000,0x000000001dc60000)]
  0x000000001c123800 JavaThread "C1 CompilerThread3" daemon [_thread_blocked, id=9876, stack(0x000000001da60000,0x000000001db60000)]
  0x000000001c11f800 JavaThread "C2 CompilerThread2" daemon [_thread_blocked, id=13608, stack(0x000000001d960000,0x000000001da60000)]
  0x000000001c11a800 JavaThread "C2 CompilerThread1" daemon [_thread_blocked, id=19448, stack(0x000000001d860000,0x000000001d960000)]
  0x000000001c115000 JavaThread "C2 CompilerThread0" daemon [_thread_blocked, id=6088, stack(0x000000001d760000,0x000000001d860000)]
  0x000000001c10e000 JavaThread "Attach Listener" daemon [_thread_blocked, id=18140, stack(0x000000001d660000,0x000000001d760000)]
  0x000000001c10d000 JavaThread "Signal Dispatcher" daemon [_thread_blocked, id=17848, stack(0x000000001d560000,0x000000001d660000)]
  0x000000001c103000 JavaThread "Finalizer" daemon [_thread_blocked, id=10348, stack(0x000000001d370000,0x000000001d470000)]
  0x00000000033cb000 JavaThread "Reference Handler" daemon [_thread_blocked, id=11760, stack(0x000000001d270000,0x000000001d370000)]

Other Threads:
  0x000000001aa26800 VMThread [stack: 0x000000001d170000,0x000000001d270000] [id=13552]
  0x000000001c1c7000 WatcherThread [stack: 0x000000001dc60000,0x000000001dd60000] [id=18060]

VM state:not at safepoint (normal execution)

VM Mutex/Monitor currently owned by a thread: None

Heap:
 PSYoungGen      total 56832K, used 8360K [0x0000000780d00000, 0x0000000784c00000, 0x00000007c0000000)
  eden space 49152K, 3% used [0x0000000780d00000,0x0000000780ea1f80,0x0000000783d00000)
  from space 7680K, 87% used [0x0000000783d00000,0x0000000784388248,0x0000000784480000)
  to   space 7680K, 0% used [0x0000000784480000,0x0000000784480000,0x0000000784c00000)
 ParOldGen       total 130048K, used 48K [0x0000000702600000, 0x000000070a500000, 0x0000000780d00000)
  object space 130048K, 0% used [0x0000000702600000,0x000000070260c010,0x000000070a500000)
 Metaspace       used 9395K, capacity 9605K, committed 9728K, reserved 1058816K
  class space    used 888K, capacity 955K, committed 1024K, reserved 1048576K

Card table byte_map: [0x0000000012790000,0x0000000012d80000] byte_map_base: 0x000000000ef7d000

Marking Bits: (ParMarkBitMap*) 0x0000000052ed3e30
 Begin Bits: [0x0000000013b80000, 0x0000000016ae8000)
 End Bits:   [0x0000000016ae8000, 0x0000000019a50000)

Polling page: 0x0000000000ff0000

CodeCache: size=245760Kb used=5860Kb max_used=5877Kb free=239899Kb
 bounds [0x00000000033d0000, 0x00000000039a0000, 0x00000000123d0000]
 total_blobs=1983 nmethods=1469 adapters=427
 compilation: enabled

Compilation events (10 events):
Event: 18.916 Thread 0x000000001c123800 1465       3       org.lwjgl.opengl.Sync$RunningAvg::add (38 bytes)
Event: 18.916 Thread 0x000000001c123800 nmethod 1465 0x0000000003969c50 code [0x0000000003969da0, 0x0000000003969f70]
Event: 19.067 Thread 0x000000001c123800 1466       3       org.lwjgl.opengl.WindowsDisplay$Rect::copyToBuffer (35 bytes)
Event: 19.067 Thread 0x000000001c123800 nmethod 1466 0x0000000003960b90 code [0x0000000003960d20, 0x00000000039611b8]
Event: 19.183 Thread 0x000000001c123800 1467       3       org.lwjgl.opengl.WindowsDisplay::centerCursor (110 bytes)
Event: 19.183 Thread 0x000000001c123800 nmethod 1467 0x000000000398a550 code [0x000000000398a720, 0x000000000398adc8]
Event: 19.716 Thread 0x000000001c11f800 1468       4       org.lwjgl.opengl.Sync$RunningAvg::add (38 bytes)
Event: 19.717 Thread 0x000000001c11f800 nmethod 1468 0x000000000395ff10 code [0x0000000003960040, 0x0000000003960138]
Event: 19.816 Thread 0x000000001c123800 1469       3       java.nio.Bits::makeLong (77 bytes)
Event: 19.817 Thread 0x000000001c123800 nmethod 1469 0x000000000398a190 code [0x000000000398a2e0, 0x000000000398a4b0]

GC Heap History (2 events):
Event: 3.390 GC heap before
{Heap before GC invocations=1 (full 0):
 PSYoungGen      total 56832K, used 48857K [0x0000000780d00000, 0x0000000784c00000, 0x00000007c0000000)
  eden space 49152K, 99% used [0x0000000780d00000,0x0000000783cb6450,0x0000000783d00000)
  from space 7680K, 0% used [0x0000000784480000,0x0000000784480000,0x0000000784c00000)
  to   space 7680K, 0% used [0x0000000783d00000,0x0000000783d00000,0x0000000784480000)
 ParOldGen       total 130048K, used 0K [0x0000000702600000, 0x000000070a500000, 0x0000000780d00000)
  object space 130048K, 0% used [0x0000000702600000,0x0000000702600000,0x000000070a500000)
 Metaspace       used 9098K, capacity 9221K, committed 9472K, reserved 1058816K
  class space    used 880K, capacity 955K, committed 1024K, reserved 1048576K
Event: 3.394 GC heap after
Heap after GC invocations=1 (full 0):
 PSYoungGen      total 56832K, used 6688K [0x0000000780d00000, 0x0000000784c00000, 0x00000007c0000000)
  eden space 49152K, 0% used [0x0000000780d00000,0x0000000780d00000,0x0000000783d00000)
  from space 7680K, 87% used [0x0000000783d00000,0x0000000784388248,0x0000000784480000)
  to   space 7680K, 0% used [0x0000000784480000,0x0000000784480000,0x0000000784c00000)
 ParOldGen       total 130048K, used 48K [0x0000000702600000, 0x000000070a500000, 0x0000000780d00000)
  object space 130048K, 0% used [0x0000000702600000,0x000000070260c010,0x000000070a500000)
 Metaspace       used 9098K, capacity 9221K, committed 9472K, reserved 1058816K
  class space    used 880K, capacity 955K, committed 1024K, reserved 1048576K
}

Deoptimization events (10 events):
Event: 1.435 Thread 0x000000001c49e000 Uncommon trap: reason=bimorphic action=maybe_recompile pc=0x000000000374d788 method=com.badlogic.gdx.assets.AssetLoadingTask.handleAsyncLoader()V @ 137
Event: 1.465 Thread 0x000000001c49e000 Uncommon trap: reason=unstable_if action=reinterpret pc=0x000000000374d3c4 method=com.badlogic.gdx.assets.AssetLoadingTask.handleAsyncLoader()V @ 12
Event: 1.465 Thread 0x000000001c49e000 Uncommon trap: reason=unstable_if action=reinterpret pc=0x0000000003750950 method=com.badlogic.gdx.assets.AssetLoadingTask.handleAsyncLoader()V @ 12
Event: 1.471 Thread 0x000000001c49e000 Uncommon trap: reason=unstable_if action=reinterpret pc=0x0000000003612420 method=com.badlogic.gdx.assets.AssetLoadingTask.handleAsyncLoader()V @ 12
Event: 1.496 Thread 0x000000001c49e000 Uncommon trap: reason=unstable_if action=reinterpret pc=0x0000000003687f44 method=com.badlogic.gdx.assets.AssetManager.finishLoading()V @ 13
Event: 1.879 Thread 0x000000001c49e000 Uncommon trap: reason=unstable_if action=reinterpret pc=0x00000000037337fc method=javazoom.jl.decoder.LayerIIIDecoder.huffman_decode(II)V @ 684
Event: 3.335 Thread 0x000000001c49e000 Uncommon trap: reason=unstable_if action=reinterpret pc=0x0000000003778ad8 method=java.util.StringTokenizer.skipDelimiters(I)I @ 29
Event: 5.119 Thread 0x000000001c49e000 Uncommon trap: reason=unstable_if action=reinterpret pc=0x00000000038ab398 method=com.badlogic.gdx.utils.Array.iterator()Ljava/util/Iterator; @ 4
Event: 5.119 Thread 0x000000001c49e000 Uncommon trap: reason=unstable_if action=reinterpret pc=0x00000000038aa068 method=com.badlogic.gdx.utils.Array$ArrayIterable.iterator()Ljava/util/Iterator; @ 4
Event: 5.119 Thread 0x000000001c49e000 Uncommon trap: reason=unstable_if action=reinterpret pc=0x000000000389be64 method=com.badlogic.gdx.physics.box2d.Fixture.getShape()Lcom/badlogic/gdx/physics/box2d/Shape; @ 4

Classes redefined (0 events):
No events

Internal exceptions (10 events):
Event: 0.244 Thread 0x000000000315e800 Exception <a 'java/security/PrivilegedActionException'> (0x0000000781142090) thrown at [C:\re\workspace\8-2-build-windows-amd64-cygwin\jdk8u191\11896\hotspot\src\share\vm\prims\jvm.cpp, line 1435]
Event: 0.245 Thread 0x000000000315e800 Exception <a 'java/security/PrivilegedActionException'> (0x0000000781143200) thrown at [C:\re\workspace\8-2-build-windows-amd64-cygwin\jdk8u191\11896\hotspot\src\share\vm\prims\jvm.cpp, line 1435]
Event: 0.245 Thread 0x000000000315e800 Exception <a 'java/security/PrivilegedActionException'> (0x0000000781148368) thrown at [C:\re\workspace\8-2-build-windows-amd64-cygwin\jdk8u191\11896\hotspot\src\share\vm\prims\jvm.cpp, line 1435]
Event: 0.245 Thread 0x000000000315e800 Exception <a 'java/security/PrivilegedActionException'> (0x0000000781148fc0) thrown at [C:\re\workspace\8-2-build-windows-amd64-cygwin\jdk8u191\11896\hotspot\src\share\vm\prims\jvm.cpp, line 1435]
Event: 0.245 Thread 0x000000000315e800 Exception <a 'java/security/PrivilegedActionException'> (0x0000000781149be8) thrown at [C:\re\workspace\8-2-build-windows-amd64-cygwin\jdk8u191\11896\hotspot\src\share\vm\prims\jvm.cpp, line 1435]
Event: 1.021 Thread 0x000000001e959800 Exception <a 'java/lang/NoSuchFieldError': method resolution failed> (0x0000000781de1d78) thrown at [C:\re\workspace\8-2-build-windows-amd64-cygwin\jdk8u191\11896\hotspot\src\share\vm\prims\methodHandles.cpp, line 1167]
Event: 1.022 Thread 0x000000001e959800 Exception <a 'java/lang/NoSuchFieldError': method resolution failed> (0x0000000781def438) thrown at [C:\re\workspace\8-2-build-windows-amd64-cygwin\jdk8u191\11896\hotspot\src\share\vm\prims\methodHandles.cpp, line 1167]
Event: 5.119 Thread 0x000000001c49e000 Implicit null exception at 0x00000000038aaec5 to 0x00000000038ab371
Event: 5.119 Thread 0x000000001c49e000 Implicit null exception at 0x00000000038a9ff0 to 0x00000000038aa055
Event: 5.119 Thread 0x000000001c49e000 Implicit null exception at 0x0000000003899ea0 to 0x000000000389be39

Events (10 events):
Event: 5.119 Thread 0x000000001c49e000 DEOPT UNPACKING pc=0x000000000341583b sp=0x000000001efcf348 mode 2
Event: 5.119 Thread 0x000000001c49e000 Uncommon trap: trap_request=0xffffff65 fr.pc=0x000000000389be64
Event: 5.119 Thread 0x000000001c49e000 DEOPT PACKING pc=0x000000000389be64 sp=0x000000001efcf380
Event: 5.119 Thread 0x000000001c49e000 DEOPT UNPACKING pc=0x000000000341583b sp=0x000000001efcf300 mode 2
Event: 17.416 Thread 0x000000001c49e000 DEOPT PACKING pc=0x00000000038b9051 sp=0x000000001efcf2f0
Event: 17.416 Thread 0x000000001c49e000 DEOPT UNPACKING pc=0x0000000003417890 sp=0x000000001efcf058 mode 0
Event: 17.449 Thread 0x000000001c49e000 DEOPT PACKING pc=0x00000000038be044 sp=0x000000001efcf380
Event: 17.449 Thread 0x000000001c49e000 DEOPT UNPACKING pc=0x0000000003417890 sp=0x000000001efcf140 mode 0
Event: 17.650 Thread 0x000000001c49e000 DEOPT PACKING pc=0x00000000038b8201 sp=0x000000001efcf290
Event: 17.650 Thread 0x000000001c49e000 DEOPT UNPACKING pc=0x0000000003417890 sp=0x000000001efcf020 mode 0


Dynamic libraries:
0x00007ff663060000 - 0x00007ff663097000 	C:\Program Files\Java\jre1.8.0_191\bin\javaw.exe
0x00007fff94d30000 - 0x00007fff94f11000 	C:\WINDOWS\SYSTEM32\ntdll.dll
0x00007fff93af0000 - 0x00007fff93ba2000 	C:\WINDOWS\System32\KERNEL32.DLL
0x00007fff91a30000 - 0x00007fff91ca3000 	C:\WINDOWS\System32\KERNELBASE.dll
0x00007fff921c0000 - 0x00007fff92261000 	C:\WINDOWS\System32\ADVAPI32.dll
0x00007fff94a80000 - 0x00007fff94b1e000 	C:\WINDOWS\System32\msvcrt.dll
0x00007fff94c20000 - 0x00007fff94c7b000 	C:\WINDOWS\System32\sechost.dll
0x00007fff937d0000 - 0x00007fff938f4000 	C:\WINDOWS\System32\RPCRT4.dll
0x00007fff93e60000 - 0x00007fff93ff0000 	C:\WINDOWS\System32\USER32.dll
0x00007fff91100000 - 0x00007fff91120000 	C:\WINDOWS\System32\win32u.dll
0x00007fff92270000 - 0x00007fff92298000 	C:\WINDOWS\System32\GDI32.dll
0x00007fff91fd0000 - 0x00007fff92162000 	C:\WINDOWS\System32\gdi32full.dll
0x00007fff91990000 - 0x00007fff91a2f000 	C:\WINDOWS\System32\msvcp_win.dll
0x00007fff91890000 - 0x00007fff9198a000 	C:\WINDOWS\System32\ucrtbase.dll
0x00007fff7f2e0000 - 0x00007fff7f549000 	C:\WINDOWS\WinSxS\amd64_microsoft.windows.common-controls_6595b64144ccf1df_6.0.17134.407_none_fb449d63306391e9\COMCTL32.dll
0x00007fff942f0000 - 0x00007fff94612000 	C:\WINDOWS\System32\combase.dll
0x00007fff91cb0000 - 0x00007fff91d2a000 	C:\WINDOWS\System32\bcryptPrimitives.dll
0x00007fff939f0000 - 0x00007fff93a1d000 	C:\WINDOWS\System32\IMM32.DLL
0x0000000052400000 - 0x00000000524d2000 	C:\Program Files\Java\jre1.8.0_191\bin\msvcr100.dll
0x00000000526b0000 - 0x0000000052f54000 	C:\Program Files\Java\jre1.8.0_191\bin\server\jvm.dll
0x00007fff922a0000 - 0x00007fff922a8000 	C:\WINDOWS\System32\PSAPI.DLL
0x00007fff8d4a0000 - 0x00007fff8d4c3000 	C:\WINDOWS\SYSTEM32\WINMM.dll
0x00007fff8d2b0000 - 0x00007fff8d2b9000 	C:\WINDOWS\SYSTEM32\WSOCK32.dll
0x00007fff8a140000 - 0x00007fff8a14a000 	C:\WINDOWS\SYSTEM32\VERSION.dll
0x00007fff93a80000 - 0x00007fff93aec000 	C:\WINDOWS\System32\WS2_32.dll
0x00007fff8d470000 - 0x00007fff8d49a000 	C:\WINDOWS\SYSTEM32\WINMMBASE.dll
0x00007fff92170000 - 0x00007fff921b9000 	C:\WINDOWS\System32\cfgmgr32.dll
0x00000000525c0000 - 0x00000000525cf000 	C:\Program Files\Java\jre1.8.0_191\bin\verify.dll
0x0000000052590000 - 0x00000000525b9000 	C:\Program Files\Java\jre1.8.0_191\bin\java.dll
0x0000000052570000 - 0x0000000052586000 	C:\Program Files\Java\jre1.8.0_191\bin\zip.dll
0x00007fff92390000 - 0x00007fff937cf000 	C:\WINDOWS\System32\SHELL32.dll
0x00007fff93bb0000 - 0x00007fff93c59000 	C:\WINDOWS\System32\shcore.dll
0x00007fff91120000 - 0x00007fff9182d000 	C:\WINDOWS\System32\windows.storage.dll
0x00007fff93a20000 - 0x00007fff93a71000 	C:\WINDOWS\System32\shlwapi.dll
0x00007fff910c0000 - 0x00007fff910d1000 	C:\WINDOWS\System32\kernel.appcore.dll
0x00007fff910e0000 - 0x00007fff910ff000 	C:\WINDOWS\System32\profapi.dll
0x00007fff91050000 - 0x00007fff9109c000 	C:\WINDOWS\System32\powrprof.dll
0x00007fff91040000 - 0x00007fff9104a000 	C:\WINDOWS\System32\FLTLIB.DLL
0x0000000065580000 - 0x0000000065616000 	C:\Users\Richa\AppData\Local\Temp\libgdxRicha\12dfaa03\gdx64.dll
0x00007fff90a70000 - 0x00007fff90a87000 	C:\WINDOWS\SYSTEM32\CRYPTSP.dll
0x00007fff904a0000 - 0x00007fff904d3000 	C:\WINDOWS\system32\rsaenh.dll
0x00007fff90ba0000 - 0x00007fff90bc5000 	C:\WINDOWS\SYSTEM32\bcrypt.dll
0x00007fff90f40000 - 0x00007fff90f68000 	C:\WINDOWS\SYSTEM32\USERENV.dll
0x00007fff90a90000 - 0x00007fff90a9b000 	C:\WINDOWS\SYSTEM32\CRYPTBASE.dll
0x0000000052550000 - 0x000000005256a000 	C:\Program Files\Java\jre1.8.0_191\bin\net.dll
0x00007fff908c0000 - 0x00007fff90926000 	C:\WINDOWS\system32\mswsock.dll
0x00007fff90640000 - 0x00007fff90678000 	C:\WINDOWS\SYSTEM32\IPHLPAPI.DLL
0x00007fff94620000 - 0x00007fff94628000 	C:\WINDOWS\System32\NSI.dll
0x00007fff8a2c0000 - 0x00007fff8a2d6000 	C:\WINDOWS\SYSTEM32\dhcpcsvc6.DLL
0x00007fff8a3f0000 - 0x00007fff8a40a000 	C:\WINDOWS\SYSTEM32\dhcpcsvc.DLL
0x0000000052530000 - 0x0000000052541000 	C:\Program Files\Java\jre1.8.0_191\bin\nio.dll
0x0000000180000000 - 0x0000000180053000 	C:\Users\Richa\AppData\Local\Temp\libgdxRicha\dc0f0009\lwjgl64.dll
0x00007fff805a0000 - 0x00007fff806c0000 	C:\WINDOWS\SYSTEM32\OPENGL32.dll
0x00007fff83ef0000 - 0x00007fff83f1c000 	C:\WINDOWS\SYSTEM32\GLU32.dll
0x000000001e150000 - 0x000000001e1b4000 	C:\Users\Richa\AppData\Local\Temp\libgdxRicha\dc0f0009\OpenAL64.dll
0x00007fff93ff0000 - 0x00007fff94141000 	C:\WINDOWS\System32\ole32.dll
0x00007fff8eab0000 - 0x00007fff8eb48000 	C:\WINDOWS\system32\uxtheme.dll
0x00007fff94b20000 - 0x00007fff94bc0000 	C:\WINDOWS\System32\clbcatq.dll
0x00007fff8f010000 - 0x00007fff8f1c4000 	C:\WINDOWS\System32\PROPSYS.dll
0x00007fff922c0000 - 0x00007fff92382000 	C:\WINDOWS\System32\OLEAUT32.dll
0x00007fff5a940000 - 0x00007fff5a9cf000 	C:\WINDOWS\SYSTEM32\dsound.dll
0x00007fff89550000 - 0x00007fff895c6000 	C:\WINDOWS\System32\MMDevApi.dll
0x00007fff90e50000 - 0x00007fff90e77000 	C:\WINDOWS\System32\DEVOBJ.dll
0x00007fff80420000 - 0x00007fff8054c000 	C:\WINDOWS\SYSTEM32\AUDIOSES.DLL
0x00007fff8ca60000 - 0x00007fff8cbad000 	C:\WINDOWS\SYSTEM32\wintypes.dll
0x00007fff8c0b0000 - 0x00007fff8c0ba000 	C:\WINDOWS\SYSTEM32\AVRT.dll
0x00007fff93c60000 - 0x00007fff93dd3000 	C:\WINDOWS\System32\MSCTF.dll
0x00007fff8f460000 - 0x00007fff8f489000 	C:\WINDOWS\system32\dwmapi.dll
0x00007fff83f20000 - 0x00007fff83fb6000 	C:\WINDOWS\System32\TextInputFramework.dll
0x00007fff8b7d0000 - 0x00007fff8baee000 	C:\WINDOWS\System32\CoreUIComponents.dll
0x00007fff8e780000 - 0x00007fff8e85a000 	C:\WINDOWS\System32\CoreMessaging.dll
0x00007fff90130000 - 0x00007fff90161000 	C:\WINDOWS\SYSTEM32\ntmarta.dll
0x0000000074dd0000 - 0x00000000773ad000 	C:\WINDOWS\System32\DriverStore\FileRepository\nvhmi.inf_amd64_c25052e7fbf27187\nvoglv64.dll
0x00007fff94630000 - 0x00007fff94a7b000 	C:\WINDOWS\System32\SETUPAPI.dll
0x00007fff8cbb0000 - 0x00007fff8cbc3000 	C:\WINDOWS\SYSTEM32\WTSAPI32.dll
0x00007fff91830000 - 0x00007fff91887000 	C:\WINDOWS\System32\WINTRUST.dll
0x00007fff910a0000 - 0x00007fff910b2000 	C:\WINDOWS\System32\MSASN1.dll
0x00007fff91de0000 - 0x00007fff91fc2000 	C:\WINDOWS\System32\CRYPT32.dll
0x00007fff6e9a0000 - 0x00007fff6ec28000 	C:\WINDOWS\system32\nvspcap64.dll
0x00007fff89340000 - 0x00007fff893e8000 	C:\WINDOWS\SYSTEM32\mscms.dll
0x00007fff8e3b0000 - 0x00007fff8e3c0000 	C:\WINDOWS\SYSTEM32\ColorAdapterClient.dll
0x00007fff86df0000 - 0x00007fff86e33000 	C:\WINDOWS\SYSTEM32\icm32.dll
0x00007fff901d0000 - 0x00007fff90226000 	C:\WINDOWS\SYSTEM32\WINSTA.dll
0x00007fff8fe00000 - 0x00007fff8febb000 	C:\WINDOWS\system32\dxgi.dll
0x00007fff8d900000 - 0x00007fff8dc0b000 	C:\WINDOWS\system32\d3d11.dll
0x00007fff65020000 - 0x00007fff6510c000 	C:\WINDOWS\System32\DriverStore\FileRepository\nvhmi.inf_amd64_c25052e7fbf27187\nvldumdx.dll
0x00007fff94ce0000 - 0x00007fff94cfd000 	C:\WINDOWS\System32\imagehlp.dll
0x00007fff1e1a0000 - 0x00007fff2064e000 	C:\WINDOWS\System32\DriverStore\FileRepository\nvhmi.inf_amd64_c25052e7fbf27187\nvwgf2umx.dll
0x00007fff83190000 - 0x00007fff83675000 	C:\WINDOWS\system32\nvapi64.dll
0x00007fff6b6d0000 - 0x00007fff6cb98000 	C:\WINDOWS\System32\DriverStore\FileRepository\iigd_dc_base.inf_amd64_04dfefe2ba7fe997\igd10iumd64.dll
0x00007fff90b70000 - 0x00007fff90b96000 	C:\WINDOWS\SYSTEM32\ncrypt.dll
0x00007fff90b30000 - 0x00007fff90b66000 	C:\WINDOWS\SYSTEM32\NTASN1.dll
0x00007fff69790000 - 0x00007fff6b6c9000 	C:\WINDOWS\System32\DriverStore\FileRepository\iigd_dc_base.inf_amd64_04dfefe2ba7fe997\igc64.dll
0x0000000066bc0000 - 0x0000000066c7b000 	C:\Users\Richa\AppData\Local\Temp\libgdxRicha\54593449\gdx-box2d64.dll
0x00007fff8fab0000 - 0x00007fff8fc79000 	C:\WINDOWS\SYSTEM32\dbghelp.dll

VM Arguments:
jvm_args: -Dfile.encoding=Cp1252 
java_command: com.bpa.desktop.DesktopLauncher
java_class_path (initial): C:\Users\Richa\git\DUN-GUN\libGDX Workspace\desktop\bin\main;\DUN-GUN-core\bin\default;C:\Users\Richa\git\DUN-GUN\libGDX Workspace\core\bin\main;C:\Users\Richa\.gradle\caches\modules-2\files-2.1\com.badlogicgames.gdx\gdx-tools\1.9.8\5c32820fccee957cc77990d353297ceed1a63159\gdx-tools-1.9.8.jar;C:\Users\Richa\.gradle\caches\modules-2\files-2.1\com.badlogicgames.gdx\gdx-backend-lwjgl\1.9.8\b7c138f14ed67ad830ae7597da3d86ae02b20eee\gdx-backend-lwjgl-1.9.8.jar;C:\Users\Richa\.gradle\caches\modules-2\files-2.1\com.badlogicgames.gdx\gdx-platform\1.9.8\604a2ef2c7c92a5900114757cbd3fb4dcbb8270c\gdx-platform-1.9.8-natives-desktop.jar;C:\Users\Richa\.gradle\caches\modules-2\files-2.1\com.badlogicgames.gdx\gdx-box2d-platform\1.9.8\3195b56f82751d7cd7de85edb6824d17bf479781\gdx-box2d-platform-1.9.8-natives-desktop.jar;C:\Users\Richa\.gradle\caches\modules-2\files-2.1\com.badlogicgames.gdx\gdx-ai\1.8.0\ec30677d8ab1a8b8aa4b853c5f4e4b1361f50bf5\gdx-ai-1.8.0.jar;C:\Users\Richa\.gradle\caches\modules-2\files-2.1\com.badlogicgames.ashley\ashley\1.7.0\a7c4083c0a42027a3c03ba7ccecef6cbe1c5f0a4\ashley-1.7.0.jar;C:\Users\Richa\.gradle\caches\modules-2\files-2.1\com.badlogicgames.gdx\gdx-backend-headless\1.9.8\c90fcd61d78d3b3d3ee7e493030b06df984df53b\gdx-backend-headless-1.9.8.jar;C:\Users\Richa\.gradle\caches\modules-2\files-2.1\com.badlogicgames.gdx\gdx-freetype\1.9.8\d92b5b8beab10e3b3c0dd836d4fc186f95e7ea4b\gdx-freetype-1.9.8.jar;C:\Users\Richa\.gradle\caches\modules-2\files-2.1\com.badlogicgames.box2dlights\box2dlights\1.4\3d77ad5b4164fb32fc67e2446e35911bb0aaf0bd\box2dlights-1.4.jar;C:\Users\Richa\.gradle\caches\modules-2\files-2.1\com.badlogicgames.gdx\gdx-box2d\1.9.8\6f0497b7958216464101adfb7bdc3a0f7b88d6d3\gdx-box2d-1.9.8.jar;C:\Users\Richa\.gradle\caches\modules-2\files-2.1\com.badlogicgames.gdx\gdx\1.9.8\a35a0076fbce873f9c2d5a1a1c8066244231bb3c\gdx-1.9.8.jar;C:\Users\Richa\.gradle\caches\modules-2\files-2.1\org.lwjgl.lwjgl\lwjgl_util\2.9.2\4b9e37300a8779985
Launcher Type: SUN_STANDARD

Environment Variables:
PATH=C:/Program Files/Java/jre1.8.0_191/bin/server;C:/Program Files/Java/jre1.8.0_191/bin;C:/Program Files/Java/jre1.8.0_191/lib/amd64;C:\Program Files (x86)\Common Files\Oracle\Java\javapath;C:\windows\system32;C:\windows;C:\windows\System32\Wbem;C:\windows\System32\WindowsPowerShell\v1.0\;C:\Program Files (x86)\NVIDIA Corporation\PhysX\Common;C:\WINDOWS\system32;C:\WINDOWS;C:\WINDOWS\System32\Wbem;C:\WINDOWS\System32\WindowsPowerShell\v1.0\;C:\WINDOWS\System32\OpenSSH\;C:\Users\Richa\AppData\Local\Microsoft\WindowsApps;;C:\WINDOWS\System32;
USERNAME=Richa
OS=Windows_NT
PROCESSOR_IDENTIFIER=Intel64 Family 6 Model 158 Stepping 10, GenuineIntel



---------------  S Y S T E M  ---------------

OS: Windows 10.0 , 64 bit Build 17134 (10.0.17134.1)

CPU:total 12 (initial active 12) (6 cores per cpu, 2 threads per core) family 6 model 158 stepping 10, cmov, cx8, fxsr, mmx, sse, sse2, sse3, ssse3, sse4.1, sse4.2, popcnt, avx, avx2, aes, clmul, erms, 3dnowpref, lzcnt, ht, tsc, tscinvbit, bmi1, bmi2, adx

Memory: 4k page, physical 12426168k(7711064k free), swap 14326712k(7548832k free)

vm_info: Java HotSpot(TM) 64-Bit Server VM (25.191-b12) for windows-amd64 JRE (1.8.0_191-b12), built on Oct  6 2018 09:29:03 by "java_re" with MS VC++ 10.0 (VS2010)

time: Wed Dec 12 14:28:00 2018
elapsed time: 20 seconds (0d 0h 0m 20s)

