#
# A fatal error has been detected by the Java Runtime Environment:
#
#  EXCEPTION_ACCESS_VIOLATION (0xc0000005) at pc=0x0000000066bcbd0d, pid=7024, tid=0x0000000000000370
#
# JRE version: Java(TM) SE Runtime Environment (8.0_181-b13) (build 1.8.0_181-b13)
# Java VM: Java HotSpot(TM) 64-Bit Server VM (25.181-b13 mixed mode windows-amd64 compressed oops)
# Problematic frame:
# C  [gdx-box2d64.dll+0xbd0d]
#
# Failed to write core dump. Minidumps are not enabled by default on client versions of Windows
#
# If you would like to submit a bug report, please visit:
#   http://bugreport.java.com/bugreport/crash.jsp
# The crash happened outside the Java Virtual Machine in native code.
# See problematic frame for where to report the bug.
#

---------------  T H R E A D  ---------------

Current thread (0x000000001fb02800):  JavaThread "LWJGL Application" [_thread_in_native, id=880, stack(0x0000000020900000,0x0000000020a00000)]

siginfo: ExceptionCode=0xc0000005, reading address 0x0000002600000002

Registers:
RAX=0x0000002600000002, RBX=0x000000002e167300, RCX=0x000000002e1672d0, RDX=0x00000000000000b8
RSP=0x00000000209fec70, RBP=0x0000000000000006, RSI=0x000000002e1672d0, RDI=0x00000000209fed30
R8 =0x000000002e1672d0, R9 =0x0000000000000002, R10=0x0000000000000000, R11=0x0000000000000001
R12=0x0000000000000000, R13=0x000000001c801ab8, R14=0x00000000209fef20, R15=0x000000001fb02800
RIP=0x0000000066bcbd0d, EFLAGS=0x0000000000010202

Top of Stack: (sp=0x00000000209fec70)
0x00000000209fec70:   000000001c801ab8 000000001fb02800
0x00000000209fec80:   0000000052fdee28 000000001ff86050
0x00000000209fec90:   0000000000000012 000000002e1672d0
0x00000000209feca0:   000000001c030468 00000000209fed30
0x00000000209fecb0:   00000000209fee78 0000000000000000
0x00000000209fecc0:   000000001c801ab8 0000000066be2483
0x00000000209fecd0:   00000000209fed70 00000000209fed70
0x00000000209fece0:   c003c9c800000003 000000001c801ab8
0x00000000209fecf0:   0000000000000001 000000001c030468
0x00000000209fed00:   000000000006a230 0000000066be8616
0x00000000209fed10:   0000000000000000 000000000006a230
0x00000000209fed20:   00000000209fee78 0000000002f15798
0x00000000209fed30:   40f2990400000002 0000000040a4a313
0x00000000209fed40:   0000000000000000 0000000000000000
0x00000000209fed50:   0000010100000000 00000000209fef01
0x00000000209fed60:   0000000000000000 000000003f800000 

Instructions: (pc=0x0000000066bcbd0d)
0x0000000066bcbced:   48 8d 05 6c a3 05 00 0f b6 1c 18 80 fb 0d 0f b6
0x0000000066bcbcfd:   eb 77 21 48 8d 1c de 48 8b 43 10 48 85 c0 74 3a
0x0000000066bcbd0d:   48 8b 10 48 89 53 10 48 83 c4 28 5b 5e 5f 5d 41
0x0000000066bcbd1d:   5c 41 5d c3 48 8d 15 18 9e 04 00 48 8d 0d 99 9e 


Register to memory mapping:

RAX=0x0000002600000002 is an unknown value
RBX=0x000000002e167300 is an unknown value
RCX=0x000000002e1672d0 is an unknown value
RDX=0x00000000000000b8 is an unknown value
RSP=0x00000000209fec70 is pointing into the stack for thread: 0x000000001fb02800
RBP=0x0000000000000006 is an unknown value
RSI=0x000000002e1672d0 is an unknown value
RDI=0x00000000209fed30 is pointing into the stack for thread: 0x000000001fb02800
R8 =0x000000002e1672d0 is an unknown value
R9 =0x0000000000000002 is an unknown value
R10=0x0000000000000000 is an unknown value
R11=0x0000000000000001 is an unknown value
R12=0x0000000000000000 is an unknown value
R13={method} {0x000000001c801ac0} 'jniCreateBody' '(JIFFFFFFFFZZZZZF)J' in 'com/badlogic/gdx/physics/box2d/World'
R14=0x00000000209fef20 is pointing into the stack for thread: 0x000000001fb02800
R15=0x000000001fb02800 is a thread


Stack: [0x0000000020900000,0x0000000020a00000],  sp=0x00000000209fec70,  free space=1019k
Native frames: (J=compiled Java code, j=interpreted, Vv=VM code, C=native code)
C  [gdx-box2d64.dll+0xbd0d]
C  [gdx-box2d64.dll+0x22483]
C  [gdx-box2d64.dll+0x28616]
C  0x0000000002f28c67

Java frames: (J=compiled Java code, j=interpreted, Vv=VM code)
j  com.badlogic.gdx.physics.box2d.World.jniCreateBody(JIFFFFFFFFZZZZZF)J+0
j  com.badlogic.gdx.physics.box2d.World.createBody(Lcom/badlogic/gdx/physics/box2d/BodyDef;)Lcom/badlogic/gdx/physics/box2d/Body;+80
j  com.bpa.CreateBullet.defineBullet()V+36
j  com.bpa.CreateBullet.<init>(Lcom/badlogic/gdx/physics/box2d/World;)V+38
j  com.bpa.Level1.shootGun()V+220
j  com.bpa.Level1.cameraUpdate(F)V+238
j  com.bpa.Level1.render(F)V+499
j  com.badlogic.gdx.Game.render()V+19
j  com.bpa.DunGun.render()V+1
j  com.badlogic.gdx.backends.lwjgl.LwjglApplication.mainLoop()V+698
j  com.badlogic.gdx.backends.lwjgl.LwjglApplication$1.run()V+27
v  ~StubRoutines::call_stub

---------------  P R O C E S S  ---------------

Java Threads: ( => current thread )
  0x00000000200fd800 JavaThread "LWJGL Timer" daemon [_thread_blocked, id=7828, stack(0x0000000031920000,0x0000000031a20000)]
  0x000000001ff1c000 JavaThread "AsynchExecutor-Thread" daemon [_thread_blocked, id=8564, stack(0x000000002e050000,0x000000002e150000)]
  0x0000000002e13800 JavaThread "DestroyJavaVM" [_thread_blocked, id=12232, stack(0x0000000002d10000,0x0000000002e10000)]
=>0x000000001fb02800 JavaThread "LWJGL Application" [_thread_in_native, id=880, stack(0x0000000020900000,0x0000000020a00000)]
  0x000000001e9bb000 JavaThread "Service Thread" daemon [_thread_blocked, id=6220, stack(0x000000001f4e0000,0x000000001f5e0000)]
  0x000000001e934800 JavaThread "C1 CompilerThread3" daemon [_thread_blocked, id=6424, stack(0x000000001f3e0000,0x000000001f4e0000)]
  0x000000001e928000 JavaThread "C2 CompilerThread2" daemon [_thread_blocked, id=2540, stack(0x000000001f2e0000,0x000000001f3e0000)]
  0x000000001e922800 JavaThread "C2 CompilerThread1" daemon [_thread_blocked, id=1516, stack(0x000000001f1e0000,0x000000001f2e0000)]
  0x000000001e91b800 JavaThread "C2 CompilerThread0" daemon [_thread_blocked, id=12452, stack(0x000000001f0e0000,0x000000001f1e0000)]
  0x000000001e91a000 JavaThread "Attach Listener" daemon [_thread_blocked, id=6816, stack(0x000000001efe0000,0x000000001f0e0000)]
  0x000000001e919000 JavaThread "Signal Dispatcher" daemon [_thread_blocked, id=6988, stack(0x000000001eee0000,0x000000001efe0000)]
  0x000000001e910800 JavaThread "Finalizer" daemon [_thread_blocked, id=872, stack(0x000000001ecf0000,0x000000001edf0000)]
  0x0000000002f0a000 JavaThread "Reference Handler" daemon [_thread_blocked, id=10084, stack(0x000000001e7f0000,0x000000001e8f0000)]

Other Threads:
  0x000000001ca19800 VMThread [stack: 0x000000001e6f0000,0x000000001e7f0000] [id=10816]
  0x000000001e9de800 WatcherThread [stack: 0x000000001f5e0000,0x000000001f6e0000] [id=3984]

VM state:not at safepoint (normal execution)

VM Mutex/Monitor currently owned by a thread: None

Heap:
 PSYoungGen      total 76288K, used 52635K [0x000000076ae00000, 0x0000000770300000, 0x00000007c0000000)
  eden space 65536K, 80% used [0x000000076ae00000,0x000000076e166fa0,0x000000076ee00000)
  from space 10752K, 0% used [0x000000076f880000,0x000000076f880000,0x0000000770300000)
  to   space 10752K, 0% used [0x000000076ee00000,0x000000076ee00000,0x000000076f880000)
 ParOldGen       total 175104K, used 0K [0x00000006c0a00000, 0x00000006cb500000, 0x000000076ae00000)
  object space 175104K, 0% used [0x00000006c0a00000,0x00000006c0a00000,0x00000006cb500000)
 Metaspace       used 9357K, capacity 9481K, committed 9728K, reserved 1058816K
  class space    used 898K, capacity 955K, committed 1024K, reserved 1048576K

Card table byte_map: [0x00000000122d0000,0x0000000012ad0000] byte_map_base: 0x000000000eccb000

Marking Bits: (ParMarkBitMap*) 0x00000000531c2d00
 Begin Bits: [0x0000000013830000, 0x0000000017808000)
 End Bits:   [0x0000000017808000, 0x000000001b7e0000)

Polling page: 0x00000000013d0000

CodeCache: size=245760Kb used=5182Kb max_used=5191Kb free=240577Kb
 bounds [0x0000000002f10000, 0x0000000003430000, 0x0000000011f10000]
 total_blobs=1799 nmethods=1284 adapters=428
 compilation: enabled

Compilation events (10 events):
Event: 5.746 Thread 0x000000001e934800 1279       3       com.badlogic.gdx.backends.lwjgl.LwjglInput::toLwjglButton (48 bytes)
Event: 5.747 Thread 0x000000001e934800 nmethod 1279 0x000000000341fd10 code [0x000000000341fe80, 0x0000000003420070]
Event: 5.812 Thread 0x000000001e934800 1280       3       com.badlogic.gdx.backends.lwjgl.audio.OpenALAudio::stopSourcesWithBuffer (96 bytes)
Event: 5.814 Thread 0x000000001e934800 nmethod 1280 0x0000000003420110 code [0x0000000003420300, 0x0000000003420a38]
Event: 5.879 Thread 0x000000001e934800 1281       3       com.badlogic.gdx.maps.tiled.renderers.BatchTiledMapRenderer::render (47 bytes)
Event: 5.881 Thread 0x000000001e934800 nmethod 1281 0x0000000003420e50 code [0x0000000003421080, 0x0000000003421d98]
Event: 5.946 Thread 0x000000001e922800 1282       4       java.nio.Buffer::clear (20 bytes)
Event: 5.947 Thread 0x000000001e922800 nmethod 1282 0x00000000033f5190 code [0x00000000033f52c0, 0x00000000033f5338]
Event: 6.046 Thread 0x000000001e934800 1283       3       com.badlogic.gdx.physics.box2d.Fixture::getFilterData (56 bytes)
Event: 6.047 Thread 0x000000001e934800 nmethod 1283 0x00000000034247d0 code [0x0000000003424940, 0x0000000003424b68]

GC Heap History (0 events):
No events

Deoptimization events (10 events):
Event: 1.137 Thread 0x000000001fb02800 Uncommon trap: reason=bimorphic action=maybe_recompile pc=0x000000000329c3c8 method=com.badlogic.gdx.assets.AssetLoadingTask.handleAsyncLoader()V @ 137
Event: 1.164 Thread 0x000000001fb02800 Uncommon trap: reason=unstable_if action=reinterpret pc=0x000000000329bfc0 method=com.badlogic.gdx.assets.AssetLoadingTask.handleAsyncLoader()V @ 12
Event: 1.164 Thread 0x000000001fb02800 Uncommon trap: reason=unstable_if action=reinterpret pc=0x0000000003299090 method=com.badlogic.gdx.assets.AssetLoadingTask.handleAsyncLoader()V @ 12
Event: 1.164 Thread 0x000000001fb02800 Uncommon trap: reason=unstable_if action=reinterpret pc=0x0000000003160fe0 method=com.badlogic.gdx.assets.AssetLoadingTask.handleAsyncLoader()V @ 12
Event: 1.204 Thread 0x000000001fb02800 Uncommon trap: reason=unstable_if action=reinterpret pc=0x00000000031cb7c4 method=com.badlogic.gdx.assets.AssetManager.finishLoading()V @ 13
Event: 1.220 Thread 0x000000001fb02800 Uncommon trap: reason=unstable_if action=reinterpret pc=0x00000000032785bc method=javazoom.jl.decoder.LayerIIIDecoder.huffman_decode(II)V @ 684
Event: 2.391 Thread 0x000000001fb02800 Uncommon trap: reason=unstable_if action=reinterpret pc=0x00000000032cb714 method=java.util.StringTokenizer.skipDelimiters(I)I @ 29
Event: 5.386 Thread 0x000000001fb02800 Uncommon trap: reason=unstable_if action=reinterpret pc=0x00000000033fb65c method=com.badlogic.gdx.utils.Array.iterator()Ljava/util/Iterator; @ 4
Event: 5.386 Thread 0x000000001fb02800 Uncommon trap: reason=unstable_if action=reinterpret pc=0x00000000033e32a8 method=com.badlogic.gdx.utils.Array$ArrayIterable.iterator()Ljava/util/Iterator; @ 4
Event: 5.386 Thread 0x000000001fb02800 Uncommon trap: reason=unstable_if action=reinterpret pc=0x00000000033e90e8 method=com.badlogic.gdx.physics.box2d.Fixture.getShape()Lcom/badlogic/gdx/physics/box2d/Shape; @ 4

Classes redefined (0 events):
No events

Internal exceptions (10 events):
Event: 0.180 Thread 0x0000000002e13800 Exception <a 'java/security/PrivilegedActionException'> (0x000000076b2acfb0) thrown at [C:\re\workspace\8-2-build-windows-amd64-cygwin\jdk8u181\11358\hotspot\src\share\vm\prims\jvm.cpp, line 1435]
Event: 0.180 Thread 0x0000000002e13800 Exception <a 'java/security/PrivilegedActionException'> (0x000000076b2ae120) thrown at [C:\re\workspace\8-2-build-windows-amd64-cygwin\jdk8u181\11358\hotspot\src\share\vm\prims\jvm.cpp, line 1435]
Event: 0.181 Thread 0x0000000002e13800 Exception <a 'java/security/PrivilegedActionException'> (0x000000076b2b3288) thrown at [C:\re\workspace\8-2-build-windows-amd64-cygwin\jdk8u181\11358\hotspot\src\share\vm\prims\jvm.cpp, line 1435]
Event: 0.181 Thread 0x0000000002e13800 Exception <a 'java/security/PrivilegedActionException'> (0x000000076b2b3ee0) thrown at [C:\re\workspace\8-2-build-windows-amd64-cygwin\jdk8u181\11358\hotspot\src\share\vm\prims\jvm.cpp, line 1435]
Event: 0.181 Thread 0x0000000002e13800 Exception <a 'java/security/PrivilegedActionException'> (0x000000076b2b4b08) thrown at [C:\re\workspace\8-2-build-windows-amd64-cygwin\jdk8u181\11358\hotspot\src\share\vm\prims\jvm.cpp, line 1435]
Event: 0.733 Thread 0x000000001ff1c000 Exception <a 'java/lang/NoSuchFieldError': method resolution failed> (0x000000076c06b008) thrown at [C:\re\workspace\8-2-build-windows-amd64-cygwin\jdk8u181\11358\hotspot\src\share\vm\prims\methodHandles.cpp, line 1167]
Event: 0.734 Thread 0x000000001ff1c000 Exception <a 'java/lang/NoSuchFieldError': method resolution failed> (0x000000076c0786c8) thrown at [C:\re\workspace\8-2-build-windows-amd64-cygwin\jdk8u181\11358\hotspot\src\share\vm\prims\methodHandles.cpp, line 1167]
Event: 5.386 Thread 0x000000001fb02800 Implicit null exception at 0x00000000033fb185 to 0x00000000033fb635
Event: 5.386 Thread 0x000000001fb02800 Implicit null exception at 0x00000000033e3230 to 0x00000000033e3295
Event: 5.386 Thread 0x000000001fb02800 Implicit null exception at 0x00000000033e6940 to 0x00000000033e90dd

Events (10 events):
Event: 5.381 loading class java/lang/Math$RandomNumberGeneratorHolder done
Event: 5.386 Thread 0x000000001fb02800 Uncommon trap: trap_request=0xffffff65 fr.pc=0x00000000033fb65c
Event: 5.386 Thread 0x000000001fb02800 DEOPT PACKING pc=0x00000000033fb65c sp=0x00000000209feff0
Event: 5.386 Thread 0x000000001fb02800 DEOPT UNPACKING pc=0x0000000002f5583b sp=0x00000000209fef50 mode 2
Event: 5.386 Thread 0x000000001fb02800 Uncommon trap: trap_request=0xffffff65 fr.pc=0x00000000033e32a8
Event: 5.386 Thread 0x000000001fb02800 DEOPT PACKING pc=0x00000000033e32a8 sp=0x00000000209fef40
Event: 5.386 Thread 0x000000001fb02800 DEOPT UNPACKING pc=0x0000000002f5583b sp=0x00000000209feee8 mode 2
Event: 5.386 Thread 0x000000001fb02800 Uncommon trap: trap_request=0xffffff65 fr.pc=0x00000000033e90e8
Event: 5.386 Thread 0x000000001fb02800 DEOPT PACKING pc=0x00000000033e90e8 sp=0x00000000209fef00
Event: 5.386 Thread 0x000000001fb02800 DEOPT UNPACKING pc=0x0000000002f5583b sp=0x00000000209feea0 mode 2


Dynamic libraries:
0x00007ff63f200000 - 0x00007ff63f237000 	C:\Program Files\Java\jre1.8.0_181\bin\javaw.exe
0x00007ff99f7d0000 - 0x00007ff99f9b1000 	C:\WINDOWS\SYSTEM32\ntdll.dll
0x00007ff99d0c0000 - 0x00007ff99d172000 	C:\WINDOWS\System32\KERNEL32.DLL
0x00007ff99c900000 - 0x00007ff99cb73000 	C:\WINDOWS\System32\KERNELBASE.dll
0x00007ff99cdf0000 - 0x00007ff99ce91000 	C:\WINDOWS\System32\ADVAPI32.dll
0x00007ff99d420000 - 0x00007ff99d4be000 	C:\WINDOWS\System32\msvcrt.dll
0x00007ff99d7b0000 - 0x00007ff99d80b000 	C:\WINDOWS\System32\sechost.dll
0x00007ff99d620000 - 0x00007ff99d744000 	C:\WINDOWS\System32\RPCRT4.dll
0x00007ff99cc60000 - 0x00007ff99cdf0000 	C:\WINDOWS\System32\USER32.dll
0x00007ff99c830000 - 0x00007ff99c850000 	C:\WINDOWS\System32\win32u.dll
0x00007ff99d260000 - 0x00007ff99d288000 	C:\WINDOWS\System32\GDI32.dll
0x00007ff99c590000 - 0x00007ff99c722000 	C:\WINDOWS\System32\gdi32full.dll
0x00007ff99c2b0000 - 0x00007ff99c34f000 	C:\WINDOWS\System32\msvcp_win.dll
0x00007ff99c730000 - 0x00007ff99c82a000 	C:\WINDOWS\System32\ucrtbase.dll
0x00007ff9859e0000 - 0x00007ff985c49000 	C:\WINDOWS\WinSxS\amd64_microsoft.windows.common-controls_6595b64144ccf1df_6.0.17134.471_none_fb3e9aab3068fc16\COMCTL32.dll
0x00007ff99ddb0000 - 0x00007ff99e0d2000 	C:\WINDOWS\System32\combase.dll
0x00007ff99cb80000 - 0x00007ff99cbfa000 	C:\WINDOWS\System32\bcryptPrimitives.dll
0x00007ff99f770000 - 0x00007ff99f79d000 	C:\WINDOWS\System32\IMM32.DLL
0x00000000527d0000 - 0x00000000528a2000 	C:\Program Files\Java\jre1.8.0_181\bin\msvcr100.dll
0x00000000529a0000 - 0x0000000053242000 	C:\Program Files\Java\jre1.8.0_181\bin\server\jvm.dll
0x00007ff99d250000 - 0x00007ff99d258000 	C:\WINDOWS\System32\PSAPI.DLL
0x00007ff98f8c0000 - 0x00007ff98f8c9000 	C:\WINDOWS\SYSTEM32\WSOCK32.dll
0x00007ff991630000 - 0x00007ff991653000 	C:\WINDOWS\SYSTEM32\WINMM.dll
0x00007ff9981f0000 - 0x00007ff9981fa000 	C:\WINDOWS\SYSTEM32\VERSION.dll
0x00007ff99d1e0000 - 0x00007ff99d24c000 	C:\WINDOWS\System32\WS2_32.dll
0x00007ff990e00000 - 0x00007ff990e2a000 	C:\WINDOWS\SYSTEM32\winmmbase.dll
0x00007ff99c540000 - 0x00007ff99c589000 	C:\WINDOWS\System32\cfgmgr32.dll
0x0000000052990000 - 0x000000005299f000 	C:\Program Files\Java\jre1.8.0_181\bin\verify.dll
0x0000000052960000 - 0x0000000052989000 	C:\Program Files\Java\jre1.8.0_181\bin\java.dll
0x0000000052940000 - 0x0000000052956000 	C:\Program Files\Java\jre1.8.0_181\bin\zip.dll
0x00007ff99e330000 - 0x00007ff99f770000 	C:\WINDOWS\System32\SHELL32.dll
0x00007ff99e190000 - 0x00007ff99e239000 	C:\WINDOWS\System32\shcore.dll
0x00007ff99bba0000 - 0x00007ff99c2ad000 	C:\WINDOWS\System32\windows.storage.dll
0x00007ff99d750000 - 0x00007ff99d7a1000 	C:\WINDOWS\System32\shlwapi.dll
0x00007ff99bb40000 - 0x00007ff99bb51000 	C:\WINDOWS\System32\kernel.appcore.dll
0x00007ff99bb60000 - 0x00007ff99bb7f000 	C:\WINDOWS\System32\profapi.dll
0x00007ff99baf0000 - 0x00007ff99bb3c000 	C:\WINDOWS\System32\powrprof.dll
0x00007ff99bae0000 - 0x00007ff99baea000 	C:\WINDOWS\System32\FLTLIB.DLL
0x0000000065580000 - 0x0000000065616000 	C:\Users\RichardH\AppData\Local\Temp\libgdxRichardH\12dfaa03\gdx64.dll
0x00007ff99b510000 - 0x00007ff99b527000 	C:\WINDOWS\SYSTEM32\CRYPTSP.dll
0x00007ff99af40000 - 0x00007ff99af73000 	C:\WINDOWS\system32\rsaenh.dll
0x00007ff99b640000 - 0x00007ff99b665000 	C:\WINDOWS\SYSTEM32\bcrypt.dll
0x00007ff99ba10000 - 0x00007ff99ba38000 	C:\WINDOWS\SYSTEM32\USERENV.dll
0x00007ff99b530000 - 0x00007ff99b53b000 	C:\WINDOWS\SYSTEM32\CRYPTBASE.dll
0x0000000052920000 - 0x000000005293a000 	C:\Program Files\Java\jre1.8.0_181\bin\net.dll
0x00007ff99b360000 - 0x00007ff99b3c6000 	C:\WINDOWS\system32\mswsock.dll
0x00007ff99b0e0000 - 0x00007ff99b118000 	C:\WINDOWS\SYSTEM32\IPHLPAPI.DLL
0x00007ff99d290000 - 0x00007ff99d298000 	C:\WINDOWS\System32\NSI.dll
0x00007ff997330000 - 0x00007ff997346000 	C:\WINDOWS\SYSTEM32\dhcpcsvc6.DLL
0x00007ff997960000 - 0x00007ff99797a000 	C:\WINDOWS\SYSTEM32\dhcpcsvc.DLL
0x0000000052900000 - 0x0000000052911000 	C:\Program Files\Java\jre1.8.0_181\bin\nio.dll
0x0000000180000000 - 0x0000000180053000 	C:\Users\RichardH\AppData\Local\Temp\libgdxRichardH\dc0f0009\lwjgl64.dll
0x00007ff983e00000 - 0x00007ff983f20000 	C:\WINDOWS\SYSTEM32\OPENGL32.dll
0x00007ff98a3d0000 - 0x00007ff98a3fc000 	C:\WINDOWS\SYSTEM32\GLU32.dll
0x0000000020260000 - 0x00000000202c4000 	C:\Users\RichardH\AppData\Local\Temp\libgdxRichardH\dc0f0009\OpenAL64.dll
0x00007ff99d4c0000 - 0x00007ff99d611000 	C:\WINDOWS\System32\ole32.dll
0x00007ff99a1a0000 - 0x00007ff99a238000 	C:\WINDOWS\system32\uxtheme.dll
0x00007ff99e0f0000 - 0x00007ff99e190000 	C:\WINDOWS\System32\clbcatq.dll
0x00007ff996b50000 - 0x00007ff996d04000 	C:\WINDOWS\System32\PROPSYS.dll
0x00007ff99e260000 - 0x00007ff99e322000 	C:\WINDOWS\System32\OLEAUT32.dll
0x00007ff9849e0000 - 0x00007ff984a6f000 	C:\WINDOWS\SYSTEM32\dsound.dll
0x00007ff996f10000 - 0x00007ff996f86000 	C:\WINDOWS\System32\MMDevApi.dll
0x00007ff99b8f0000 - 0x00007ff99b917000 	C:\WINDOWS\System32\DEVOBJ.dll
0x00007ff973700000 - 0x00007ff97382c000 	C:\WINDOWS\SYSTEM32\AUDIOSES.DLL
0x00007ff995760000 - 0x00007ff9958ad000 	C:\WINDOWS\SYSTEM32\wintypes.dll
0x00007ff98afc0000 - 0x00007ff98afca000 	C:\WINDOWS\SYSTEM32\AVRT.dll
0x00007ff99d2a0000 - 0x00007ff99d413000 	C:\WINDOWS\System32\MSCTF.dll
0x00007ff99a270000 - 0x00007ff99a299000 	C:\WINDOWS\system32\dwmapi.dll
0x00007ff988990000 - 0x00007ff988a26000 	C:\WINDOWS\System32\TextInputFramework.dll
0x00007ff98aca0000 - 0x00007ff98afbe000 	C:\WINDOWS\System32\CoreUIComponents.dll
0x00007ff9999a0000 - 0x00007ff999a7a000 	C:\WINDOWS\System32\CoreMessaging.dll
0x00007ff99abd0000 - 0x00007ff99ac01000 	C:\WINDOWS\SYSTEM32\ntmarta.dll
0x0000000050140000 - 0x00000000527c3000 	C:\WINDOWS\System32\DriverStore\FileRepository\nv_dispi.inf_amd64_e59b844303b9907e\nvoglv64.dll
0x00007ff99d960000 - 0x00007ff99ddab000 	C:\WINDOWS\System32\SETUPAPI.dll
0x00007ff998490000 - 0x00007ff9984a3000 	C:\WINDOWS\SYSTEM32\WTSAPI32.dll
0x00007ff99cc00000 - 0x00007ff99cc57000 	C:\WINDOWS\System32\WINTRUST.dll
0x00007ff99bb80000 - 0x00007ff99bb92000 	C:\WINDOWS\System32\MSASN1.dll
0x00007ff99c350000 - 0x00007ff99c532000 	C:\WINDOWS\System32\CRYPT32.dll
0x00007ff95e760000 - 0x00007ff95ea26000 	C:\WINDOWS\system32\nvspcap64.dll
0x00007ff995c40000 - 0x00007ff995ce8000 	C:\WINDOWS\SYSTEM32\mscms.dll
0x00007ff998710000 - 0x00007ff998720000 	C:\WINDOWS\SYSTEM32\ColorAdapterClient.dll
0x00007ff98a380000 - 0x00007ff98a3c3000 	C:\WINDOWS\SYSTEM32\icm32.dll
0x00007ff99ac70000 - 0x00007ff99acc6000 	C:\WINDOWS\SYSTEM32\WINSTA.dll
0x0000000066bc0000 - 0x0000000066c7b000 	C:\Users\RichardH\AppData\Local\Temp\libgdxRichardH\54593449\gdx-box2d64.dll
0x00007ff997710000 - 0x00007ff9978d9000 	C:\WINDOWS\SYSTEM32\dbghelp.dll

VM Arguments:
jvm_args: -Dfile.encoding=UTF-8 
java_command: com.bpa.desktop.DesktopLauncher
java_class_path (initial): C:\Users\RichardH\git\DUN-GUN\libGDX Workspace\desktop\bin\main;\DUN-GUN-core\bin\default;C:\Users\RichardH\git\DUN-GUN\libGDX Workspace\core\bin\main;C:\Users\RichardH\.gradle\caches\modules-2\files-2.1\com.badlogicgames.gdx\gdx-tools\1.9.8\5c32820fccee957cc77990d353297ceed1a63159\gdx-tools-1.9.8.jar;C:\Users\RichardH\.gradle\caches\modules-2\files-2.1\com.badlogicgames.gdx\gdx-backend-lwjgl\1.9.8\b7c138f14ed67ad830ae7597da3d86ae02b20eee\gdx-backend-lwjgl-1.9.8.jar;C:\Users\RichardH\.gradle\caches\modules-2\files-2.1\com.badlogicgames.gdx\gdx-platform\1.9.8\604a2ef2c7c92a5900114757cbd3fb4dcbb8270c\gdx-platform-1.9.8-natives-desktop.jar;C:\Users\RichardH\.gradle\caches\modules-2\files-2.1\com.badlogicgames.gdx\gdx-box2d-platform\1.9.8\3195b56f82751d7cd7de85edb6824d17bf479781\gdx-box2d-platform-1.9.8-natives-desktop.jar;C:\Users\RichardH\.gradle\caches\modules-2\files-2.1\com.badlogicgames.gdx\gdx-ai\1.8.0\ec30677d8ab1a8b8aa4b853c5f4e4b1361f50bf5\gdx-ai-1.8.0.jar;C:\Users\RichardH\.gradle\caches\modules-2\files-2.1\com.badlogicgames.ashley\ashley\1.7.0\a7c4083c0a42027a3c03ba7ccecef6cbe1c5f0a4\ashley-1.7.0.jar;C:\Users\RichardH\.gradle\caches\modules-2\files-2.1\com.badlogicgames.gdx\gdx-backend-headless\1.9.8\c90fcd61d78d3b3d3ee7e493030b06df984df53b\gdx-backend-headless-1.9.8.jar;C:\Users\RichardH\.gradle\caches\modules-2\files-2.1\com.badlogicgames.gdx\gdx-freetype\1.9.8\d92b5b8beab10e3b3c0dd836d4fc186f95e7ea4b\gdx-freetype-1.9.8.jar;C:\Users\RichardH\.gradle\caches\modules-2\files-2.1\com.badlogicgames.box2dlights\box2dlights\1.4\3d77ad5b4164fb32fc67e2446e35911bb0aaf0bd\box2dlights-1.4.jar;C:\Users\RichardH\.gradle\caches\modules-2\files-2.1\com.badlogicgames.gdx\gdx-box2d\1.9.8\6f0497b7958216464101adfb7bdc3a0f7b88d6d3\gdx-box2d-1.9.8.jar;C:\Users\RichardH\.gradle\caches\modules-2\files-2.1\com.badlogicgames.gdx\gdx\1.9.8\a35a0076fbce873f9c2d5a1a1c8066244231bb3c\gdx-1.9.8.jar;C:\Users\RichardH\.gradle\caches\modules-2\files-2.1\org.lwjg
Launcher Type: SUN_STANDARD

Environment Variables:
PATH=C:/Program Files/Java/jre1.8.0_181/bin/server;C:/Program Files/Java/jre1.8.0_181/bin;C:/Program Files/Java/jre1.8.0_181/lib/amd64;C:\Program Files (x86)\Common Files\Oracle\Java\javapath;C:\ProgramData\Oracle\Java\javapath;C:\WINDOWS\system32;C:\WINDOWS;C:\WINDOWS\System32\Wbem;C:\WINDOWS\System32\WindowsPowerShell\v1.0\;C:\Program Files (x86)\NVIDIA Corporation\PhysX\Common;C:\WINDOWS\system32;C:\WINDOWS;C:\WINDOWS\System32\Wbem;C:\WINDOWS\System32\WindowsPowerShell\v1.0\;C:\WINDOWS\System32\OpenSSH\;C:\Program Files\NVIDIA Corporation\NVIDIA NvDLISR;C:\Users\RichardH\AppData\Local\Programs\Python\Python36-32\Scripts\;C:\Users\RichardH\AppData\Local\Programs\Python\Python36-32\;C:\Users\RichardH\AppData\Local\Microsoft\WindowsApps;C:\Users\RichardH\AppData\Local\GitHubDesktop\bin;C:\Users\RichardH\AppData\Local\Microsoft\WindowsApps;C:\WINDOWS\System32;
USERNAME=RichardH
OS=Windows_NT
PROCESSOR_IDENTIFIER=Intel64 Family 6 Model 158 Stepping 9, GenuineIntel



---------------  S Y S T E M  ---------------

OS: Windows 10.0 , 64 bit Build 17134 (10.0.17134.1)

CPU:total 8 (initial active 8) (4 cores per cpu, 2 threads per core) family 6 model 158 stepping 9, cmov, cx8, fxsr, mmx, sse, sse2, sse3, ssse3, sse4.1, sse4.2, popcnt, avx, avx2, aes, clmul, erms, rtm, 3dnowpref, lzcnt, ht, tsc, tscinvbit, bmi1, bmi2, adx

Memory: 4k page, physical 16729960k(12833184k free), swap 17778536k(11383632k free)

vm_info: Java HotSpot(TM) 64-Bit Server VM (25.181-b13) for windows-amd64 JRE (1.8.0_181-b13), built on Jul  7 2018 04:01:33 by "java_re" with MS VC++ 10.0 (VS2010)

time: Sat Dec 15 13:07:51 2018
elapsed time: 6 seconds (0d 0h 0m 6s)

