#
# A fatal error has been detected by the Java Runtime Environment:
#
#  EXCEPTION_ACCESS_VIOLATION (0xc0000005) at pc=0x0000000066bcbd0d, pid=4432, tid=0x0000000000003ebc
#
# JRE version: Java(TM) SE Runtime Environment (8.0_191-b12) (build 1.8.0_191-b12)
# Java VM: Java HotSpot(TM) 64-Bit Server VM (25.191-b12 mixed mode windows-amd64 compressed oops)
# Problematic frame:
# C  [gdx-box2d64.dll+0xbd0d]
#
# Failed to write core dump. Minidumps are not enabled by default on client versions of Windows
#
# If you would like to submit a bug report, please visit:
#   http://bugreport.java.com/bugreport/crash.jsp
# The crash happened outside the Java Virtual Machine in native code.
# See problematic frame for where to report the bug.
#

---------------  T H R E A D  ---------------

Current thread (0x000000001d5d7000):  JavaThread "LWJGL Application" [_thread_in_native, id=16060, stack(0x000000001e2e0000,0x000000001e3e0000)]

siginfo: ExceptionCode=0xc0000005, reading address 0x0000002600000002

Registers:
RAX=0x0000002600000002, RBX=0x000000001e008990, RCX=0x000000001e008960, RDX=0x00000000000000b8
RSP=0x000000001e3decd0, RBP=0x0000000000000006, RSI=0x000000001e008960, RDI=0x000000001e3ded90
R8 =0x000000001e008960, R9 =0x0000000000000002, R10=0x0000000000000000, R11=0x0000000000000001
R12=0x0000000000000000, R13=0x0000000019be1998, R14=0x000000001e3def80, R15=0x000000001d5d7000
RIP=0x0000000066bcbd0d, EFLAGS=0x0000000000010202

Top of Stack: (sp=0x000000001e3decd0)
0x000000001e3decd0:   0000000019be1998 000000001d5d7000
0x000000001e3dece0:   0000000052ceff08 000000001d753b80
0x000000001e3decf0:   0000000000000012 000000001e008960
0x000000001e3ded00:   0000000019420468 000000001e3ded90
0x000000001e3ded10:   000000001e3deed8 0000000000000000
0x000000001e3ded20:   0000000019be1998 0000000066be2483
0x000000001e3ded30:   000000001e3dedd0 000000001e3dedd0
0x000000001e3ded40:   0000000000000003 0000000019be1998
0x000000001e3ded50:   0000000000000001 0000000019420468
0x000000001e3ded60:   0000000000073250 0000000066be8616
0x000000001e3ded70:   0000000000000000 0000000000073250
0x000000001e3ded80:   000000001e3deed8 00000000027b5798
0x000000001e3ded90:   410028f300000002 000000003f4c5f3a
0x000000001e3deda0:   0000000000000000 0000000000000000
0x000000001e3dedb0:   0000010100000000 000000001e3def01
0x000000001e3dedc0:   0000000000000000 000000003f800000 

Instructions: (pc=0x0000000066bcbd0d)
0x0000000066bcbced:   48 8d 05 6c a3 05 00 0f b6 1c 18 80 fb 0d 0f b6
0x0000000066bcbcfd:   eb 77 21 48 8d 1c de 48 8b 43 10 48 85 c0 74 3a
0x0000000066bcbd0d:   48 8b 10 48 89 53 10 48 83 c4 28 5b 5e 5f 5d 41
0x0000000066bcbd1d:   5c 41 5d c3 48 8d 15 18 9e 04 00 48 8d 0d 99 9e 


Register to memory mapping:

RAX=0x0000002600000002 is an unknown value
RBX=0x000000001e008990 is an unknown value
RCX=0x000000001e008960 is an unknown value
RDX=0x00000000000000b8 is an unknown value
RSP=0x000000001e3decd0 is pointing into the stack for thread: 0x000000001d5d7000
RBP=0x0000000000000006 is an unknown value
RSI=0x000000001e008960 is an unknown value
RDI=0x000000001e3ded90 is pointing into the stack for thread: 0x000000001d5d7000
R8 =0x000000001e008960 is an unknown value
R9 =0x0000000000000002 is an unknown value
R10=0x0000000000000000 is an unknown value
R11=0x0000000000000001 is an unknown value
R12=0x0000000000000000 is an unknown value
R13={method} {0x0000000019be19a0} 'jniCreateBody' '(JIFFFFFFFFZZZZZF)J' in 'com/badlogic/gdx/physics/box2d/World'
R14=0x000000001e3def80 is pointing into the stack for thread: 0x000000001d5d7000
R15=0x000000001d5d7000 is a thread


Stack: [0x000000001e2e0000,0x000000001e3e0000],  sp=0x000000001e3decd0,  free space=1019k
Native frames: (J=compiled Java code, j=interpreted, Vv=VM code, C=native code)
C  [gdx-box2d64.dll+0xbd0d]
C  [gdx-box2d64.dll+0x22483]
C  [gdx-box2d64.dll+0x28616]
C  0x00000000027c8c67

Java frames: (J=compiled Java code, j=interpreted, Vv=VM code)
j  com.badlogic.gdx.physics.box2d.World.jniCreateBody(JIFFFFFFFFZZZZZF)J+0
j  com.badlogic.gdx.physics.box2d.World.createBody(Lcom/badlogic/gdx/physics/box2d/BodyDef;)Lcom/badlogic/gdx/physics/box2d/Body;+80
j  com.bpa.CreateBullet.defineBullet()V+36
j  com.bpa.CreateBullet.<init>(Lcom/badlogic/gdx/physics/box2d/World;)V+38
J 1400 C1 com.bpa.Level1.shootGun()V (397 bytes) @ 0x0000000002d30d8c [0x0000000002d30a40+0x34c]
J 1420 C1 com.bpa.Level1.cameraUpdate(F)V (317 bytes) @ 0x0000000002d3e17c [0x0000000002d3dfe0+0x19c]
J 1300 C1 com.bpa.Level1.render(F)V (880 bytes) @ 0x0000000002cc0cb4 [0x0000000002cbe920+0x2394]
J 1365 C1 com.bpa.DunGun.render()V (5 bytes) @ 0x0000000002cf930c [0x0000000002cf90e0+0x22c]
j  com.badlogic.gdx.backends.lwjgl.LwjglApplication.mainLoop()V+698
j  com.badlogic.gdx.backends.lwjgl.LwjglApplication$1.run()V+27
v  ~StubRoutines::call_stub

---------------  P R O C E S S  ---------------

Java Threads: ( => current thread )
  0x000000002e5b4800 JavaThread "LWJGL Timer" daemon [_thread_blocked, id=8624, stack(0x00000000301a0000,0x00000000302a0000)]
  0x000000001d7b9000 JavaThread "AsynchExecutor-Thread" daemon [_thread_blocked, id=11176, stack(0x000000002f4a0000,0x000000002f5a0000)]
  0x00000000026ae800 JavaThread "DestroyJavaVM" [_thread_blocked, id=17792, stack(0x0000000002590000,0x0000000002690000)]
=>0x000000001d5d7000 JavaThread "LWJGL Application" [_thread_in_native, id=16060, stack(0x000000001e2e0000,0x000000001e3e0000)]
  0x000000001b585000 JavaThread "Service Thread" daemon [_thread_blocked, id=1016, stack(0x000000001cf30000,0x000000001d030000)]
  0x000000001b502800 JavaThread "C1 CompilerThread3" daemon [_thread_blocked, id=17548, stack(0x000000001ce30000,0x000000001cf30000)]
  0x000000001b4fe800 JavaThread "C2 CompilerThread2" daemon [_thread_blocked, id=14856, stack(0x000000001cd30000,0x000000001ce30000)]
  0x000000001b4f9800 JavaThread "C2 CompilerThread1" daemon [_thread_blocked, id=5560, stack(0x000000001cc30000,0x000000001cd30000)]
  0x000000001b4f3800 JavaThread "C2 CompilerThread0" daemon [_thread_blocked, id=15884, stack(0x000000001cb30000,0x000000001cc30000)]
  0x000000001b4f1000 JavaThread "Attach Listener" daemon [_thread_blocked, id=2232, stack(0x000000001ca30000,0x000000001cb30000)]
  0x000000001b4ec000 JavaThread "Signal Dispatcher" daemon [_thread_blocked, id=2572, stack(0x000000001c930000,0x000000001ca30000)]
  0x000000001b4e3000 JavaThread "Finalizer" daemon [_thread_blocked, id=7140, stack(0x000000001c740000,0x000000001c840000)]
  0x00000000027ab000 JavaThread "Reference Handler" daemon [_thread_blocked, id=15040, stack(0x000000001c640000,0x000000001c740000)]

Other Threads:
  0x0000000019e06800 VMThread [stack: 0x000000001c540000,0x000000001c640000] [id=15676]
  0x000000001b5a1000 WatcherThread [stack: 0x000000001d030000,0x000000001d130000] [id=14268]

VM state:not at safepoint (normal execution)

VM Mutex/Monitor currently owned by a thread: None

Heap:
 PSYoungGen      total 56832K, used 13564K [0x0000000780d00000, 0x0000000784c00000, 0x00000007c0000000)
  eden space 49152K, 14% used [0x0000000780d00000,0x00000007813b9310,0x0000000783d00000)
  from space 7680K, 86% used [0x0000000783d00000,0x0000000784385d80,0x0000000784480000)
  to   space 7680K, 0% used [0x0000000784480000,0x0000000784480000,0x0000000784c00000)
 ParOldGen       total 130048K, used 48K [0x0000000702600000, 0x000000070a500000, 0x0000000780d00000)
  object space 130048K, 0% used [0x0000000702600000,0x000000070260c010,0x000000070a500000)
 Metaspace       used 9433K, capacity 9605K, committed 9728K, reserved 1058816K
  class space    used 888K, capacity 955K, committed 1024K, reserved 1048576K

Card table byte_map: [0x0000000011b70000,0x0000000012160000] byte_map_base: 0x000000000e35d000

Marking Bits: (ParMarkBitMap*) 0x0000000052ed3e30
 Begin Bits: [0x0000000012f60000, 0x0000000015ec8000)
 End Bits:   [0x0000000015ec8000, 0x0000000018e30000)

Polling page: 0x00000000006c0000

CodeCache: size=245760Kb used=6061Kb max_used=6068Kb free=239698Kb
 bounds [0x00000000027b0000, 0x0000000002db0000, 0x00000000117b0000]
 total_blobs=2012 nmethods=1498 adapters=427
 compilation: enabled

Compilation events (10 events):
Event: 22.835 Thread 0x000000001b502800 nmethod 1492 0x0000000002d8cd50 code [0x0000000002d8cea0, 0x0000000002d8cfb0]
Event: 23.118 Thread 0x000000001b4f3800 1493       4       com.badlogic.gdx.graphics.glutils.VertexArray::bind (347 bytes)
Event: 23.132 Thread 0x000000001b4f3800 nmethod 1493 0x0000000002d9e7d0 code [0x0000000002d9ea00, 0x0000000002da0088]
Event: 23.418 Thread 0x000000001b4fe800 1494       4       com.badlogic.gdx.physics.box2d.CircleShape::getPosition (43 bytes)
Event: 23.419 Thread 0x000000001b4fe800 nmethod 1494 0x0000000002d8a910 code [0x0000000002d8aa60, 0x0000000002d8ab68]
Event: 23.568 Thread 0x000000001b4f9800 1495       4       com.badlogic.gdx.graphics.glutils.ShapeRenderer::line (22 bytes)
Event: 23.571 Thread 0x000000001b4f9800 nmethod 1495 0x0000000002d8b7d0 code [0x0000000002d8b960, 0x0000000002d8be98]
Event: 23.768 Thread 0x000000001b4f3800 1496       4       com.badlogic.gdx.graphics.g2d.SpriteBatch::draw (619 bytes)
Event: 23.771 Thread 0x000000001b4f3800 nmethod 1496 0x0000000002d89990 code [0x0000000002d89b60, 0x0000000002d8a1c8]
Event: 23.919 Thread 0x000000001b502800 1497       3       java.io.BufferedWriter::ensureOpen (18 bytes)

GC Heap History (2 events):
Event: 2.898 GC heap before
{Heap before GC invocations=1 (full 0):
 PSYoungGen      total 56832K, used 48850K [0x0000000780d00000, 0x0000000784c00000, 0x00000007c0000000)
  eden space 49152K, 99% used [0x0000000780d00000,0x0000000783cb4b00,0x0000000783d00000)
  from space 7680K, 0% used [0x0000000784480000,0x0000000784480000,0x0000000784c00000)
  to   space 7680K, 0% used [0x0000000783d00000,0x0000000783d00000,0x0000000784480000)
 ParOldGen       total 130048K, used 0K [0x0000000702600000, 0x000000070a500000, 0x0000000780d00000)
  object space 130048K, 0% used [0x0000000702600000,0x0000000702600000,0x000000070a500000)
 Metaspace       used 9044K, capacity 9221K, committed 9472K, reserved 1058816K
  class space    used 880K, capacity 955K, committed 1024K, reserved 1048576K
Event: 2.901 GC heap after
Heap after GC invocations=1 (full 0):
 PSYoungGen      total 56832K, used 6679K [0x0000000780d00000, 0x0000000784c00000, 0x00000007c0000000)
  eden space 49152K, 0% used [0x0000000780d00000,0x0000000780d00000,0x0000000783d00000)
  from space 7680K, 86% used [0x0000000783d00000,0x0000000784385d80,0x0000000784480000)
  to   space 7680K, 0% used [0x0000000784480000,0x0000000784480000,0x0000000784c00000)
 ParOldGen       total 130048K, used 48K [0x0000000702600000, 0x000000070a500000, 0x0000000780d00000)
  object space 130048K, 0% used [0x0000000702600000,0x000000070260c010,0x000000070a500000)
 Metaspace       used 9044K, capacity 9221K, committed 9472K, reserved 1058816K
  class space    used 880K, capacity 955K, committed 1024K, reserved 1048576K
}

Deoptimization events (10 events):
Event: 1.154 Thread 0x000000001d7b9000 Uncommon trap: reason=unstable_if action=reinterpret pc=0x0000000002b043e8 method=javazoom.jl.decoder.LayerIIIDecoder.stereo(I)V @ 144
Event: 1.158 Thread 0x000000001d5d7000 Uncommon trap: reason=class_check action=maybe_recompile pc=0x0000000002a04838 method=com.badlogic.gdx.assets.AssetLoadingTask.handleAsyncLoader()V @ 137
Event: 1.169 Thread 0x000000001d5d7000 Uncommon trap: reason=class_check action=maybe_recompile pc=0x00000000029f4450 method=com.badlogic.gdx.assets.AssetLoadingTask.handleAsyncLoader()V @ 137
Event: 1.351 Thread 0x000000001d5d7000 Uncommon trap: reason=bimorphic action=maybe_recompile pc=0x0000000002b2668c method=com.badlogic.gdx.assets.AssetLoadingTask.handleAsyncLoader()V @ 137
Event: 1.418 Thread 0x000000001d5d7000 Uncommon trap: reason=bimorphic action=maybe_recompile pc=0x0000000002b2668c method=com.badlogic.gdx.assets.AssetLoadingTask.handleAsyncLoader()V @ 137
Event: 1.448 Thread 0x000000001d5d7000 Uncommon trap: reason=unstable_if action=reinterpret pc=0x0000000002b26284 method=com.badlogic.gdx.assets.AssetLoadingTask.handleAsyncLoader()V @ 12
Event: 1.448 Thread 0x000000001d5d7000 Uncommon trap: reason=unstable_if action=reinterpret pc=0x00000000029fd920 method=com.badlogic.gdx.assets.AssetLoadingTask.handleAsyncLoader()V @ 12
Event: 1.480 Thread 0x000000001d5d7000 Uncommon trap: reason=unstable_if action=reinterpret pc=0x0000000002a52104 method=com.badlogic.gdx.assets.AssetManager.finishLoading()V @ 13
Event: 1.750 Thread 0x000000001d5d7000 Uncommon trap: reason=unstable_if action=reinterpret pc=0x0000000002b0e920 method=javazoom.jl.decoder.LayerIIIDecoder.huffman_decode(II)V @ 684
Event: 2.839 Thread 0x000000001d5d7000 Uncommon trap: reason=unstable_if action=reinterpret pc=0x0000000002b46ad8 method=java.util.StringTokenizer.skipDelimiters(I)I @ 29

Classes redefined (0 events):
No events

Internal exceptions (10 events):
Event: 0.108 Thread 0x00000000026ae800 Exception <a 'java/security/PrivilegedActionException'> (0x000000078101a848) thrown at [C:\re\workspace\8-2-build-windows-amd64-cygwin\jdk8u191\11896\hotspot\src\share\vm\prims\jvm.cpp, line 1435]
Event: 0.108 Thread 0x00000000026ae800 Exception <a 'java/security/PrivilegedActionException'> (0x000000078101aa58) thrown at [C:\re\workspace\8-2-build-windows-amd64-cygwin\jdk8u191\11896\hotspot\src\share\vm\prims\jvm.cpp, line 1435]
Event: 0.244 Thread 0x00000000026ae800 Exception <a 'java/security/PrivilegedActionException'> (0x00000007811406f8) thrown at [C:\re\workspace\8-2-build-windows-amd64-cygwin\jdk8u191\11896\hotspot\src\share\vm\prims\jvm.cpp, line 1435]
Event: 0.244 Thread 0x00000000026ae800 Exception <a 'java/security/PrivilegedActionException'> (0x00000007811423d0) thrown at [C:\re\workspace\8-2-build-windows-amd64-cygwin\jdk8u191\11896\hotspot\src\share\vm\prims\jvm.cpp, line 1435]
Event: 0.244 Thread 0x00000000026ae800 Exception <a 'java/security/PrivilegedActionException'> (0x0000000781143540) thrown at [C:\re\workspace\8-2-build-windows-amd64-cygwin\jdk8u191\11896\hotspot\src\share\vm\prims\jvm.cpp, line 1435]
Event: 0.245 Thread 0x00000000026ae800 Exception <a 'java/security/PrivilegedActionException'> (0x00000007811486a8) thrown at [C:\re\workspace\8-2-build-windows-amd64-cygwin\jdk8u191\11896\hotspot\src\share\vm\prims\jvm.cpp, line 1435]
Event: 0.245 Thread 0x00000000026ae800 Exception <a 'java/security/PrivilegedActionException'> (0x0000000781149300) thrown at [C:\re\workspace\8-2-build-windows-amd64-cygwin\jdk8u191\11896\hotspot\src\share\vm\prims\jvm.cpp, line 1435]
Event: 0.245 Thread 0x00000000026ae800 Exception <a 'java/security/PrivilegedActionException'> (0x0000000781149f28) thrown at [C:\re\workspace\8-2-build-windows-amd64-cygwin\jdk8u191\11896\hotspot\src\share\vm\prims\jvm.cpp, line 1435]
Event: 1.018 Thread 0x000000001d7b9000 Exception <a 'java/lang/NoSuchFieldError': method resolution failed> (0x0000000781de1d20) thrown at [C:\re\workspace\8-2-build-windows-amd64-cygwin\jdk8u191\11896\hotspot\src\share\vm\prims\methodHandles.cpp, line 1167]
Event: 1.018 Thread 0x000000001d7b9000 Exception <a 'java/lang/NoSuchFieldError': method resolution failed> (0x0000000781def3e0) thrown at [C:\re\workspace\8-2-build-windows-amd64-cygwin\jdk8u191\11896\hotspot\src\share\vm\prims\methodHandles.cpp, line 1167]

Events (10 events):
Event: 4.108 Executing VM operation: EnableBiasedLocking
Event: 4.108 Executing VM operation: EnableBiasedLocking done
Event: 6.555 loading class org/lwjgl/input/Cursor
Event: 6.555 loading class org/lwjgl/input/Cursor done
Event: 21.185 Thread 0x000000001d5d7000 DEOPT PACKING pc=0x0000000002c83ec4 sp=0x000000001e3df130
Event: 21.185 Thread 0x000000001d5d7000 DEOPT UNPACKING pc=0x00000000027f7890 sp=0x000000001e3deef0 mode 0
Event: 21.268 Thread 0x000000001d5d7000 DEOPT PACKING pc=0x0000000002c8df61 sp=0x000000001e3df0a0
Event: 21.268 Thread 0x000000001d5d7000 DEOPT UNPACKING pc=0x00000000027f7890 sp=0x000000001e3dee08 mode 0
Event: 21.335 Thread 0x000000001d5d7000 DEOPT PACKING pc=0x0000000002c88481 sp=0x000000001e3df040
Event: 21.335 Thread 0x000000001d5d7000 DEOPT UNPACKING pc=0x00000000027f7890 sp=0x000000001e3dedd0 mode 0


Dynamic libraries:
0x00007ff663060000 - 0x00007ff663097000 	C:\Program Files\Java\jre1.8.0_191\bin\javaw.exe
0x00007fff94d30000 - 0x00007fff94f11000 	C:\WINDOWS\SYSTEM32\ntdll.dll
0x00007fff93af0000 - 0x00007fff93ba2000 	C:\WINDOWS\System32\KERNEL32.DLL
0x00007fff91a30000 - 0x00007fff91ca3000 	C:\WINDOWS\System32\KERNELBASE.dll
0x00007fff921c0000 - 0x00007fff92261000 	C:\WINDOWS\System32\ADVAPI32.dll
0x00007fff94a80000 - 0x00007fff94b1e000 	C:\WINDOWS\System32\msvcrt.dll
0x00007fff94c20000 - 0x00007fff94c7b000 	C:\WINDOWS\System32\sechost.dll
0x00007fff937d0000 - 0x00007fff938f4000 	C:\WINDOWS\System32\RPCRT4.dll
0x00007fff93e60000 - 0x00007fff93ff0000 	C:\WINDOWS\System32\USER32.dll
0x00007fff91100000 - 0x00007fff91120000 	C:\WINDOWS\System32\win32u.dll
0x00007fff92270000 - 0x00007fff92298000 	C:\WINDOWS\System32\GDI32.dll
0x00007fff91fd0000 - 0x00007fff92162000 	C:\WINDOWS\System32\gdi32full.dll
0x00007fff91990000 - 0x00007fff91a2f000 	C:\WINDOWS\System32\msvcp_win.dll
0x00007fff91890000 - 0x00007fff9198a000 	C:\WINDOWS\System32\ucrtbase.dll
0x00007fff7f2e0000 - 0x00007fff7f549000 	C:\WINDOWS\WinSxS\amd64_microsoft.windows.common-controls_6595b64144ccf1df_6.0.17134.407_none_fb449d63306391e9\COMCTL32.dll
0x00007fff942f0000 - 0x00007fff94612000 	C:\WINDOWS\System32\combase.dll
0x00007fff91cb0000 - 0x00007fff91d2a000 	C:\WINDOWS\System32\bcryptPrimitives.dll
0x00007fff939f0000 - 0x00007fff93a1d000 	C:\WINDOWS\System32\IMM32.DLL
0x0000000052400000 - 0x00000000524d2000 	C:\Program Files\Java\jre1.8.0_191\bin\msvcr100.dll
0x00000000526b0000 - 0x0000000052f54000 	C:\Program Files\Java\jre1.8.0_191\bin\server\jvm.dll
0x00007fff922a0000 - 0x00007fff922a8000 	C:\WINDOWS\System32\PSAPI.DLL
0x00007fff8d2b0000 - 0x00007fff8d2b9000 	C:\WINDOWS\SYSTEM32\WSOCK32.dll
0x00007fff8d4a0000 - 0x00007fff8d4c3000 	C:\WINDOWS\SYSTEM32\WINMM.dll
0x00007fff8a140000 - 0x00007fff8a14a000 	C:\WINDOWS\SYSTEM32\VERSION.dll
0x00007fff93a80000 - 0x00007fff93aec000 	C:\WINDOWS\System32\WS2_32.dll
0x00007fff8d470000 - 0x00007fff8d49a000 	C:\WINDOWS\SYSTEM32\winmmbase.dll
0x00007fff92170000 - 0x00007fff921b9000 	C:\WINDOWS\System32\cfgmgr32.dll
0x00000000525c0000 - 0x00000000525cf000 	C:\Program Files\Java\jre1.8.0_191\bin\verify.dll
0x0000000052590000 - 0x00000000525b9000 	C:\Program Files\Java\jre1.8.0_191\bin\java.dll
0x0000000052570000 - 0x0000000052586000 	C:\Program Files\Java\jre1.8.0_191\bin\zip.dll
0x00007fff92390000 - 0x00007fff937cf000 	C:\WINDOWS\System32\SHELL32.dll
0x00007fff93bb0000 - 0x00007fff93c59000 	C:\WINDOWS\System32\shcore.dll
0x00007fff91120000 - 0x00007fff9182d000 	C:\WINDOWS\System32\windows.storage.dll
0x00007fff93a20000 - 0x00007fff93a71000 	C:\WINDOWS\System32\shlwapi.dll
0x00007fff910c0000 - 0x00007fff910d1000 	C:\WINDOWS\System32\kernel.appcore.dll
0x00007fff910e0000 - 0x00007fff910ff000 	C:\WINDOWS\System32\profapi.dll
0x00007fff91050000 - 0x00007fff9109c000 	C:\WINDOWS\System32\powrprof.dll
0x00007fff91040000 - 0x00007fff9104a000 	C:\WINDOWS\System32\FLTLIB.DLL
0x0000000065580000 - 0x0000000065616000 	C:\Users\Richa\AppData\Local\Temp\libgdxRicha\12dfaa03\gdx64.dll
0x00007fff90a70000 - 0x00007fff90a87000 	C:\WINDOWS\SYSTEM32\CRYPTSP.dll
0x00007fff904a0000 - 0x00007fff904d3000 	C:\WINDOWS\system32\rsaenh.dll
0x00007fff90ba0000 - 0x00007fff90bc5000 	C:\WINDOWS\SYSTEM32\bcrypt.dll
0x00007fff90f40000 - 0x00007fff90f68000 	C:\WINDOWS\SYSTEM32\USERENV.dll
0x00007fff90a90000 - 0x00007fff90a9b000 	C:\WINDOWS\SYSTEM32\CRYPTBASE.dll
0x0000000052550000 - 0x000000005256a000 	C:\Program Files\Java\jre1.8.0_191\bin\net.dll
0x00007fff908c0000 - 0x00007fff90926000 	C:\WINDOWS\system32\mswsock.dll
0x00007fff90640000 - 0x00007fff90678000 	C:\WINDOWS\SYSTEM32\IPHLPAPI.DLL
0x00007fff94620000 - 0x00007fff94628000 	C:\WINDOWS\System32\NSI.dll
0x00007fff8a2c0000 - 0x00007fff8a2d6000 	C:\WINDOWS\SYSTEM32\dhcpcsvc6.DLL
0x00007fff8a3f0000 - 0x00007fff8a40a000 	C:\WINDOWS\SYSTEM32\dhcpcsvc.DLL
0x0000000052530000 - 0x0000000052541000 	C:\Program Files\Java\jre1.8.0_191\bin\nio.dll
0x0000000180000000 - 0x0000000180053000 	C:\Users\Richa\AppData\Local\Temp\libgdxRicha\dc0f0009\lwjgl64.dll
0x00007fff805a0000 - 0x00007fff806c0000 	C:\WINDOWS\SYSTEM32\OPENGL32.dll
0x00007fff83ef0000 - 0x00007fff83f1c000 	C:\WINDOWS\SYSTEM32\GLU32.dll
0x000000001dd40000 - 0x000000001dda4000 	C:\Users\Richa\AppData\Local\Temp\libgdxRicha\dc0f0009\OpenAL64.dll
0x00007fff93ff0000 - 0x00007fff94141000 	C:\WINDOWS\System32\ole32.dll
0x00007fff8eab0000 - 0x00007fff8eb48000 	C:\WINDOWS\system32\uxtheme.dll
0x00007fff94b20000 - 0x00007fff94bc0000 	C:\WINDOWS\System32\clbcatq.dll
0x00007fff8f010000 - 0x00007fff8f1c4000 	C:\WINDOWS\System32\PROPSYS.dll
0x00007fff922c0000 - 0x00007fff92382000 	C:\WINDOWS\System32\OLEAUT32.dll
0x00007fff5a940000 - 0x00007fff5a9cf000 	C:\WINDOWS\SYSTEM32\dsound.dll
0x00007fff89550000 - 0x00007fff895c6000 	C:\WINDOWS\System32\MMDevApi.dll
0x00007fff90e50000 - 0x00007fff90e77000 	C:\WINDOWS\System32\DEVOBJ.dll
0x00007fff80420000 - 0x00007fff8054c000 	C:\WINDOWS\SYSTEM32\AUDIOSES.DLL
0x00007fff8ca60000 - 0x00007fff8cbad000 	C:\WINDOWS\SYSTEM32\wintypes.dll
0x00007fff8c0b0000 - 0x00007fff8c0ba000 	C:\WINDOWS\SYSTEM32\AVRT.dll
0x00007fff93c60000 - 0x00007fff93dd3000 	C:\WINDOWS\System32\MSCTF.dll
0x00007fff8f460000 - 0x00007fff8f489000 	C:\WINDOWS\system32\dwmapi.dll
0x00007fff83f20000 - 0x00007fff83fb6000 	C:\WINDOWS\System32\TextInputFramework.dll
0x00007fff8b7d0000 - 0x00007fff8baee000 	C:\WINDOWS\System32\CoreUIComponents.dll
0x00007fff8e780000 - 0x00007fff8e85a000 	C:\WINDOWS\System32\CoreMessaging.dll
0x00007fff90130000 - 0x00007fff90161000 	C:\WINDOWS\SYSTEM32\ntmarta.dll
0x0000000074dd0000 - 0x00000000773ad000 	C:\WINDOWS\System32\DriverStore\FileRepository\nvhmi.inf_amd64_c25052e7fbf27187\nvoglv64.dll
0x00007fff94630000 - 0x00007fff94a7b000 	C:\WINDOWS\System32\SETUPAPI.dll
0x00007fff8cbb0000 - 0x00007fff8cbc3000 	C:\WINDOWS\SYSTEM32\WTSAPI32.dll
0x00007fff91830000 - 0x00007fff91887000 	C:\WINDOWS\System32\WINTRUST.dll
0x00007fff910a0000 - 0x00007fff910b2000 	C:\WINDOWS\System32\MSASN1.dll
0x00007fff91de0000 - 0x00007fff91fc2000 	C:\WINDOWS\System32\CRYPT32.dll
0x00007fff6e9a0000 - 0x00007fff6ec28000 	C:\WINDOWS\system32\nvspcap64.dll
0x00007fff89340000 - 0x00007fff893e8000 	C:\WINDOWS\SYSTEM32\mscms.dll
0x00007fff8e3b0000 - 0x00007fff8e3c0000 	C:\WINDOWS\SYSTEM32\ColorAdapterClient.dll
0x00007fff86df0000 - 0x00007fff86e33000 	C:\WINDOWS\SYSTEM32\icm32.dll
0x00007fff901d0000 - 0x00007fff90226000 	C:\WINDOWS\SYSTEM32\WINSTA.dll
0x00007fff8fe00000 - 0x00007fff8febb000 	C:\WINDOWS\system32\dxgi.dll
0x00007fff8d900000 - 0x00007fff8dc0b000 	C:\WINDOWS\system32\d3d11.dll
0x00007fff65020000 - 0x00007fff6510c000 	C:\WINDOWS\System32\DriverStore\FileRepository\nvhmi.inf_amd64_c25052e7fbf27187\nvldumdx.dll
0x00007fff94ce0000 - 0x00007fff94cfd000 	C:\WINDOWS\System32\imagehlp.dll
0x00007fff1e1a0000 - 0x00007fff2064e000 	C:\WINDOWS\System32\DriverStore\FileRepository\nvhmi.inf_amd64_c25052e7fbf27187\nvwgf2umx.dll
0x00007fff83190000 - 0x00007fff83675000 	C:\WINDOWS\system32\nvapi64.dll
0x00007fff6b6d0000 - 0x00007fff6cb98000 	C:\WINDOWS\System32\DriverStore\FileRepository\iigd_dc_base.inf_amd64_04dfefe2ba7fe997\igd10iumd64.dll
0x00007fff90b70000 - 0x00007fff90b96000 	C:\WINDOWS\SYSTEM32\ncrypt.dll
0x00007fff90b30000 - 0x00007fff90b66000 	C:\WINDOWS\SYSTEM32\NTASN1.dll
0x00007fff69790000 - 0x00007fff6b6c9000 	C:\WINDOWS\System32\DriverStore\FileRepository\iigd_dc_base.inf_amd64_04dfefe2ba7fe997\igc64.dll
0x0000000066bc0000 - 0x0000000066c7b000 	C:\Users\Richa\AppData\Local\Temp\libgdxRicha\54593449\gdx-box2d64.dll
0x00007fff8fab0000 - 0x00007fff8fc79000 	C:\WINDOWS\SYSTEM32\dbghelp.dll

VM Arguments:
jvm_args: -Dfile.encoding=Cp1252 
java_command: com.bpa.desktop.DesktopLauncher
java_class_path (initial): C:\Users\Richa\git\DUN-GUN\libGDX Workspace\desktop\bin\main;\DUN-GUN-core\bin\default;C:\Users\Richa\git\DUN-GUN\libGDX Workspace\core\bin\main;C:\Users\Richa\.gradle\caches\modules-2\files-2.1\com.badlogicgames.gdx\gdx-tools\1.9.8\5c32820fccee957cc77990d353297ceed1a63159\gdx-tools-1.9.8.jar;C:\Users\Richa\.gradle\caches\modules-2\files-2.1\com.badlogicgames.gdx\gdx-backend-lwjgl\1.9.8\b7c138f14ed67ad830ae7597da3d86ae02b20eee\gdx-backend-lwjgl-1.9.8.jar;C:\Users\Richa\.gradle\caches\modules-2\files-2.1\com.badlogicgames.gdx\gdx-platform\1.9.8\604a2ef2c7c92a5900114757cbd3fb4dcbb8270c\gdx-platform-1.9.8-natives-desktop.jar;C:\Users\Richa\.gradle\caches\modules-2\files-2.1\com.badlogicgames.gdx\gdx-box2d-platform\1.9.8\3195b56f82751d7cd7de85edb6824d17bf479781\gdx-box2d-platform-1.9.8-natives-desktop.jar;C:\Users\Richa\.gradle\caches\modules-2\files-2.1\com.badlogicgames.gdx\gdx-ai\1.8.0\ec30677d8ab1a8b8aa4b853c5f4e4b1361f50bf5\gdx-ai-1.8.0.jar;C:\Users\Richa\.gradle\caches\modules-2\files-2.1\com.badlogicgames.ashley\ashley\1.7.0\a7c4083c0a42027a3c03ba7ccecef6cbe1c5f0a4\ashley-1.7.0.jar;C:\Users\Richa\.gradle\caches\modules-2\files-2.1\com.badlogicgames.gdx\gdx-backend-headless\1.9.8\c90fcd61d78d3b3d3ee7e493030b06df984df53b\gdx-backend-headless-1.9.8.jar;C:\Users\Richa\.gradle\caches\modules-2\files-2.1\com.badlogicgames.gdx\gdx-freetype\1.9.8\d92b5b8beab10e3b3c0dd836d4fc186f95e7ea4b\gdx-freetype-1.9.8.jar;C:\Users\Richa\.gradle\caches\modules-2\files-2.1\com.badlogicgames.box2dlights\box2dlights\1.4\3d77ad5b4164fb32fc67e2446e35911bb0aaf0bd\box2dlights-1.4.jar;C:\Users\Richa\.gradle\caches\modules-2\files-2.1\com.badlogicgames.gdx\gdx-box2d\1.9.8\6f0497b7958216464101adfb7bdc3a0f7b88d6d3\gdx-box2d-1.9.8.jar;C:\Users\Richa\.gradle\caches\modules-2\files-2.1\com.badlogicgames.gdx\gdx\1.9.8\a35a0076fbce873f9c2d5a1a1c8066244231bb3c\gdx-1.9.8.jar;C:\Users\Richa\.gradle\caches\modules-2\files-2.1\org.lwjgl.lwjgl\lwjgl_util\2.9.2\4b9e37300a8779985
Launcher Type: SUN_STANDARD

Environment Variables:
PATH=C:/Program Files/Java/jre1.8.0_191/bin/server;C:/Program Files/Java/jre1.8.0_191/bin;C:/Program Files/Java/jre1.8.0_191/lib/amd64;C:\Program Files (x86)\Common Files\Oracle\Java\javapath;C:\windows\system32;C:\windows;C:\windows\System32\Wbem;C:\windows\System32\WindowsPowerShell\v1.0\;C:\Program Files (x86)\NVIDIA Corporation\PhysX\Common;C:\WINDOWS\system32;C:\WINDOWS;C:\WINDOWS\System32\Wbem;C:\WINDOWS\System32\WindowsPowerShell\v1.0\;C:\WINDOWS\System32\OpenSSH\;C:\Users\Richa\AppData\Local\Microsoft\WindowsApps;;C:\WINDOWS\System32;
USERNAME=Richa
OS=Windows_NT
PROCESSOR_IDENTIFIER=Intel64 Family 6 Model 158 Stepping 10, GenuineIntel



---------------  S Y S T E M  ---------------

OS: Windows 10.0 , 64 bit Build 17134 (10.0.17134.1)

CPU:total 12 (initial active 12) (6 cores per cpu, 2 threads per core) family 6 model 158 stepping 10, cmov, cx8, fxsr, mmx, sse, sse2, sse3, ssse3, sse4.1, sse4.2, popcnt, avx, avx2, aes, clmul, erms, 3dnowpref, lzcnt, ht, tsc, tscinvbit, bmi1, bmi2, adx

Memory: 4k page, physical 12426168k(7683188k free), swap 14326712k(7521788k free)

vm_info: Java HotSpot(TM) 64-Bit Server VM (25.191-b12) for windows-amd64 JRE (1.8.0_191-b12), built on Oct  6 2018 09:29:03 by "java_re" with MS VC++ 10.0 (VS2010)

time: Wed Dec 12 14:50:08 2018
elapsed time: 23 seconds (0d 0h 0m 23s)

