#
# A fatal error has been detected by the Java Runtime Environment:
#
#  EXCEPTION_ACCESS_VIOLATION (0xc0000005) at pc=0x000000001fcd25c0, pid=7108, tid=0x00000000000037f4
#
# JRE version: Java(TM) SE Runtime Environment (8.0_181-b13) (build 1.8.0_181-b13)
# Java VM: Java HotSpot(TM) 64-Bit Server VM (25.181-b13 mixed mode windows-amd64 compressed oops)
# Problematic frame:
# C  0x000000001fcd25c0
#
# Failed to write core dump. Minidumps are not enabled by default on client versions of Windows
#
# If you would like to submit a bug report, please visit:
#   http://bugreport.java.com/bugreport/crash.jsp
# The crash happened outside the Java Virtual Machine in native code.
# See problematic frame for where to report the bug.
#

---------------  T H R E A D  ---------------

Current thread (0x000000001f3df000):  JavaThread "LWJGL Application" [_thread_in_native, id=14324, stack(0x00000000200b0000,0x00000000201b0000)]

siginfo: ExceptionCode=0xc0000005, ExceptionInformation=0x0000000000000008 0x000000001fcd25c0

Registers:
RAX=0x000000001fcda670, RBX=0x000000001fccefb0, RCX=0x000000001fcb69f0, RDX=0x000000001fc9cdc0
RSP=0x00000000201aee38, RBP=0x000000001fc9cdc0, RSI=0x00000000201aef00, RDI=0x000000001fc9cdc0
R8 =0x000000001fccb9c0, R9 =0x00000000201aef00, R10=0x00000000026e8c3b, R11=0x000000007478c6a0
R12=0x0000000000000000, R13=0x0000000030aa64e0, R14=0x00000000201af078, R15=0x000000001f3df000
RIP=0x000000001fcd25c0, EFLAGS=0x0000000000010202

Top of Stack: (sp=0x00000000201aee38)
0x00000000201aee38:   0000000066be047c 0000000000000018
0x00000000201aee48:   00000000000000b6 0000000074b48f18
0x00000000201aee58:   000000001fccb9c0 0000000020200021
0x00000000201aee68:   000000001fccb9c0 000000001fccefb0
0x00000000201aee78:   000000001fc9cdc0 00000000201aef00
0x00000000201aee88:   0000000066bdf2d9 000000000000002c
0x00000000201aee98:   0000000000000000 000000001f3df000
0x00000000201aeea8:   0000000000000000 00000000000000b6
0x00000000201aeeb8:   0000000030aa64e0 0000000020200021
0x00000000201aeec8:   00000000026d835d 00000000201af000
0x00000000201aeed8:   0000000066be64bd 0000000000000018
0x00000000201aeee8:   0000000030ad6490 0000000000000000
0x00000000201aeef8:   0000000000000000 000000001fcb69f0
0x00000000201aef08:   0000000000000000 000000003e4ccccd
0x00000000201aef18:   0002000000000000 000000000000000c
0x00000000201aef28:   00000000201af020 0000000030ad4dd0 

Instructions: (pc=0x000000001fcd25c0)
0x000000001fcd25a0:   70 c3 c1 66 00 00 00 00 00 00 00 00 8f c2 f5 3d
0x000000001fcd25b0:   00 00 00 00 00 00 00 00 00 00 00 00 00 00 00 00
0x000000001fcd25c0:   f6 28 ec 40 ec 51 78 40 0a d7 f3 40 0a d7 83 40
0x000000001fcd25d0:   90 e5 cc 1f 00 00 00 00 00 00 00 00 00 00 00 00 


Register to memory mapping:

RAX=0x000000001fcda670 is an unknown value
RBX=0x000000001fccefb0 is an unknown value
RCX=0x000000001fcb69f0 is an unknown value
RDX=0x000000001fc9cdc0 is an unknown value
RSP=0x00000000201aee38 is pointing into the stack for thread: 0x000000001f3df000
RBP=0x000000001fc9cdc0 is an unknown value
RSI=0x00000000201aef00 is pointing into the stack for thread: 0x000000001f3df000
RDI=0x000000001fc9cdc0 is an unknown value
R8 =0x000000001fccb9c0 is an unknown value
R9 =0x00000000201aef00 is pointing into the stack for thread: 0x000000001f3df000
R10=0x00000000026e8c3b is at code_begin+891 in an Interpreter codelet
method entry point (kind = native)  [0x00000000026e88c0, 0x00000000026e9280]  2496 bytes
R11=0x000000007478c6a0 is an unknown value
R12=0x0000000000000000 is an unknown value
R13={method} {0x0000000030aa64e8} 'jniCreateFixture' '(JJFFFZSSS)J' in 'com/badlogic/gdx/physics/box2d/Body'
R14=0x00000000201af078 is pointing into the stack for thread: 0x000000001f3df000
R15=0x000000001f3df000 is a thread


Stack: [0x00000000200b0000,0x00000000201b0000],  sp=0x00000000201aee38,  free space=1019k
Native frames: (J=compiled Java code, j=interpreted, Vv=VM code, C=native code)
C  0x000000001fcd25c0

Java frames: (J=compiled Java code, j=interpreted, Vv=VM code)
j  com.badlogic.gdx.physics.box2d.Body.jniCreateFixture(JJFFFZSSS)J+0
j  com.badlogic.gdx.physics.box2d.Body.createFixture(Lcom/badlogic/gdx/physics/box2d/FixtureDef;)Lcom/badlogic/gdx/physics/box2d/Fixture;+49
j  com.bpa.CreateBullet.defineBullet()V+220
j  com.bpa.CreateBullet.<init>(Lcom/badlogic/gdx/physics/box2d/World;)V+33
j  com.bpa.Level1.shootGun()V+23
j  com.bpa.Level1.render(F)V+570
j  com.badlogic.gdx.Game.render()V+19
j  com.bpa.DunGun.render()V+1
j  com.badlogic.gdx.backends.lwjgl.LwjglApplication.mainLoop()V+698
j  com.badlogic.gdx.backends.lwjgl.LwjglApplication$1.run()V+27
v  ~StubRoutines::call_stub

---------------  P R O C E S S  ---------------

Java Threads: ( => current thread )
  0x000000001f6fc000 JavaThread "LWJGL Timer" daemon [_thread_blocked, id=9800, stack(0x0000000030990000,0x0000000030a90000)]
  0x000000001f72d000 JavaThread "AsynchExecutor-Thread" daemon [_thread_blocked, id=8196, stack(0x000000002cec0000,0x000000002cfc0000)]
  0x00000000025c3800 JavaThread "DestroyJavaVM" [_thread_blocked, id=8164, stack(0x00000000024c0000,0x00000000025c0000)]
=>0x000000001f3df000 JavaThread "LWJGL Application" [_thread_in_native, id=14324, stack(0x00000000200b0000,0x00000000201b0000)]
  0x000000001e16a800 JavaThread "Service Thread" daemon [_thread_blocked, id=10176, stack(0x000000001eca0000,0x000000001eda0000)]
  0x000000001e0dd000 JavaThread "C1 CompilerThread3" daemon [_thread_blocked, id=14188, stack(0x000000001eba0000,0x000000001eca0000)]
  0x000000001e0d9000 JavaThread "C2 CompilerThread2" daemon [_thread_blocked, id=8148, stack(0x000000001eaa0000,0x000000001eba0000)]
  0x000000001e0d1000 JavaThread "C2 CompilerThread1" daemon [_thread_blocked, id=9352, stack(0x000000001e9a0000,0x000000001eaa0000)]
  0x000000001e0ce000 JavaThread "C2 CompilerThread0" daemon [_thread_blocked, id=8456, stack(0x000000001e8a0000,0x000000001e9a0000)]
  0x000000001e0cc000 JavaThread "Attach Listener" daemon [_thread_blocked, id=388, stack(0x000000001e7a0000,0x000000001e8a0000)]
  0x000000001c1ee800 JavaThread "Signal Dispatcher" daemon [_thread_blocked, id=7792, stack(0x000000001e6a0000,0x000000001e7a0000)]
  0x00000000026be000 JavaThread "Finalizer" daemon [_thread_blocked, id=15200, stack(0x000000001e4a0000,0x000000001e5a0000)]
  0x00000000026bc000 JavaThread "Reference Handler" daemon [_thread_blocked, id=4528, stack(0x000000001dfa0000,0x000000001e0a0000)]

Other Threads:
  0x000000001c1d9000 VMThread [stack: 0x000000001dea0000,0x000000001dfa0000] [id=13916]
  0x000000001e189000 WatcherThread [stack: 0x000000001eda0000,0x000000001eea0000] [id=11544]

VM state:not at safepoint (normal execution)

VM Mutex/Monitor currently owned by a thread: None

Heap:
 PSYoungGen      total 76288K, used 43316K [0x000000076ae00000, 0x0000000770300000, 0x00000007c0000000)
  eden space 65536K, 66% used [0x000000076ae00000,0x000000076d84d2b8,0x000000076ee00000)
  from space 10752K, 0% used [0x000000076f880000,0x000000076f880000,0x0000000770300000)
  to   space 10752K, 0% used [0x000000076ee00000,0x000000076ee00000,0x000000076f880000)
 ParOldGen       total 175104K, used 0K [0x00000006c0a00000, 0x00000006cb500000, 0x000000076ae00000)
  object space 175104K, 0% used [0x00000006c0a00000,0x00000006c0a00000,0x00000006cb500000)
 Metaspace       used 9254K, capacity 9417K, committed 9728K, reserved 1058816K
  class space    used 896K, capacity 955K, committed 1024K, reserved 1048576K

Card table byte_map: [0x0000000011a90000,0x0000000012290000] byte_map_base: 0x000000000e48b000

Marking Bits: (ParMarkBitMap*) 0x0000000074d82d00
 Begin Bits: [0x0000000012ff0000, 0x0000000016fc8000)
 End Bits:   [0x0000000016fc8000, 0x000000001afa0000)

Polling page: 0x0000000002490000

CodeCache: size=245760Kb used=4854Kb max_used=4858Kb free=240905Kb
 bounds [0x00000000026d0000, 0x0000000002ba0000, 0x00000000116d0000]
 total_blobs=1643 nmethods=1128 adapters=428
 compilation: enabled

Compilation events (10 events):
Event: 3.558 Thread 0x000000001e0dd000 1124       1       com.badlogic.gdx.graphics.glutils.ShapeRenderer$ShapeType::getGlType (5 bytes)
Event: 3.559 Thread 0x000000001e0dd000 nmethod 1124 0x0000000002b8dc90 code [0x0000000002b8dde0, 0x0000000002b8def0]
Event: 3.559 Thread 0x000000001e0dd000 1125       3       com.badlogic.gdx.math.MathUtils::atan2 (101 bytes)
Event: 3.559 Thread 0x000000001e0dd000 nmethod 1125 0x0000000002b8df50 code [0x0000000002b8e140, 0x0000000002b8e6b0]
Event: 3.576 Thread 0x000000001e0dd000 1126       3       com.badlogic.gdx.backends.lwjgl.LwjglGL20::glDisable (5 bytes)
Event: 3.577 Thread 0x000000001e0dd000 nmethod 1126 0x0000000002b8e750 code [0x0000000002b8e940, 0x0000000002b8f0f8]
Event: 3.592 Thread 0x000000001e0d1000 1127       4       com.badlogic.gdx.utils.Array$ArrayIterator::next (66 bytes)
Event: 3.595 Thread 0x000000001e0d1000 nmethod 1127 0x0000000002b92310 code [0x0000000002b92460, 0x0000000002b92558]
Event: 3.608 Thread 0x000000001e0dd000 1128       3       com.badlogic.gdx.physics.box2d.Box2DDebugRenderer::drawSolidCircle (247 bytes)
Event: 3.611 Thread 0x000000001e0dd000 nmethod 1128 0x0000000002b906d0 code [0x0000000002b90920, 0x0000000002b91ad8]

GC Heap History (0 events):
No events

Deoptimization events (10 events):
Event: 0.904 Thread 0x000000001f3df000 Uncommon trap: reason=bimorphic action=maybe_recompile pc=0x0000000002a60898 method=com.badlogic.gdx.assets.AssetLoadingTask.handleAsyncLoader()V @ 137
Event: 0.931 Thread 0x000000001f3df000 Uncommon trap: reason=unstable_if action=reinterpret pc=0x0000000002a6047c method=com.badlogic.gdx.assets.AssetLoadingTask.handleAsyncLoader()V @ 12
Event: 0.931 Thread 0x000000001f3df000 Uncommon trap: reason=unstable_if action=reinterpret pc=0x0000000002a61f50 method=com.badlogic.gdx.assets.AssetLoadingTask.handleAsyncLoader()V @ 12
Event: 0.936 Thread 0x000000001f3df000 Uncommon trap: reason=unstable_if action=reinterpret pc=0x0000000002908aa0 method=com.badlogic.gdx.assets.AssetLoadingTask.handleAsyncLoader()V @ 12
Event: 0.957 Thread 0x000000001f3df000 Uncommon trap: reason=unstable_if action=reinterpret pc=0x0000000002958384 method=com.badlogic.gdx.assets.AssetManager.finishLoading()V @ 13
Event: 1.448 Thread 0x000000001f3df000 Uncommon trap: reason=unstable_if action=reinterpret pc=0x0000000002a6a980 method=javazoom.jl.decoder.LayerIIIDecoder.stereo(I)V @ 137
Event: 1.448 Thread 0x000000001f3df000 Uncommon trap: reason=predicate action=maybe_recompile pc=0x0000000002a4c168 method=javazoom.jl.decoder.LayerIIIDecoder.stereo(I)V @ 1892
Event: 1.449 Thread 0x000000001f3df000 Uncommon trap: reason=unstable_if action=reinterpret pc=0x0000000002a3073c method=javazoom.jl.decoder.LayerIIIDecoder.huffman_decode(II)V @ 684
Event: 1.449 Thread 0x000000001f3df000 Uncommon trap: reason=unstable_if action=reinterpret pc=0x0000000002a14d30 method=javazoom.jl.decoder.LayerIIIDecoder.huffman_decode(II)V @ 684
Event: 2.453 Thread 0x000000001f3df000 Uncommon trap: reason=unstable_if action=reinterpret pc=0x0000000002a85794 method=java.util.StringTokenizer.skipDelimiters(I)I @ 29

Classes redefined (0 events):
No events

Internal exceptions (10 events):
Event: 0.116 Thread 0x00000000025c3800 Exception <a 'java/security/PrivilegedActionException'> (0x000000076b181760) thrown at [C:\re\workspace\8-2-build-windows-amd64-cygwin\jdk8u181\11358\hotspot\src\share\vm\prims\jvm.cpp, line 1435]
Event: 0.116 Thread 0x00000000025c3800 Exception <a 'java/security/PrivilegedActionException'> (0x000000076b181970) thrown at [C:\re\workspace\8-2-build-windows-amd64-cygwin\jdk8u181\11358\hotspot\src\share\vm\prims\jvm.cpp, line 1435]
Event: 0.188 Thread 0x00000000025c3800 Exception <a 'java/security/PrivilegedActionException'> (0x000000076b2a9f10) thrown at [C:\re\workspace\8-2-build-windows-amd64-cygwin\jdk8u181\11358\hotspot\src\share\vm\prims\jvm.cpp, line 1435]
Event: 0.188 Thread 0x00000000025c3800 Exception <a 'java/security/PrivilegedActionException'> (0x000000076b2abbe8) thrown at [C:\re\workspace\8-2-build-windows-amd64-cygwin\jdk8u181\11358\hotspot\src\share\vm\prims\jvm.cpp, line 1435]
Event: 0.188 Thread 0x00000000025c3800 Exception <a 'java/security/PrivilegedActionException'> (0x000000076b2acd58) thrown at [C:\re\workspace\8-2-build-windows-amd64-cygwin\jdk8u181\11358\hotspot\src\share\vm\prims\jvm.cpp, line 1435]
Event: 0.188 Thread 0x00000000025c3800 Exception <a 'java/security/PrivilegedActionException'> (0x000000076b2b1ec0) thrown at [C:\re\workspace\8-2-build-windows-amd64-cygwin\jdk8u181\11358\hotspot\src\share\vm\prims\jvm.cpp, line 1435]
Event: 0.188 Thread 0x00000000025c3800 Exception <a 'java/security/PrivilegedActionException'> (0x000000076b2b2b18) thrown at [C:\re\workspace\8-2-build-windows-amd64-cygwin\jdk8u181\11358\hotspot\src\share\vm\prims\jvm.cpp, line 1435]
Event: 0.188 Thread 0x00000000025c3800 Exception <a 'java/security/PrivilegedActionException'> (0x000000076b2b3740) thrown at [C:\re\workspace\8-2-build-windows-amd64-cygwin\jdk8u181\11358\hotspot\src\share\vm\prims\jvm.cpp, line 1435]
Event: 0.646 Thread 0x000000001f72d000 Exception <a 'java/lang/NoSuchFieldError': method resolution failed> (0x000000076c05c1a0) thrown at [C:\re\workspace\8-2-build-windows-amd64-cygwin\jdk8u181\11358\hotspot\src\share\vm\prims\methodHandles.cpp, line 1167]
Event: 0.647 Thread 0x000000001f72d000 Exception <a 'java/lang/NoSuchFieldError': method resolution failed> (0x000000076c069860) thrown at [C:\re\workspace\8-2-build-windows-amd64-cygwin\jdk8u181\11358\hotspot\src\share\vm\prims\methodHandles.cpp, line 1167]

Events (10 events):
Event: 2.501 loading class com/badlogic/gdx/graphics/glutils/ShapeRenderer$ShapeType
Event: 2.501 loading class com/badlogic/gdx/graphics/glutils/ShapeRenderer$ShapeType done
Event: 2.502 loading class com/badlogic/gdx/utils/LongMap$Values
Event: 2.502 loading class com/badlogic/gdx/utils/LongMap$Values done
Event: 2.502 loading class com/badlogic/gdx/utils/LongMap$MapIterator
Event: 2.502 loading class com/badlogic/gdx/utils/LongMap$MapIterator done
Event: 2.502 loading class com/badlogic/gdx/physics/box2d/Shape$Type
Event: 2.502 loading class com/badlogic/gdx/physics/box2d/Shape$Type done
Event: 3.625 loading class com/bpa/CreateBullet
Event: 3.625 loading class com/bpa/CreateBullet done


Dynamic libraries:
0x00007ff73e540000 - 0x00007ff73e577000 	C:\Program Files\Java\jre1.8.0_181\bin\javaw.exe
0x00007ffa4eed0000 - 0x00007ffa4f0b1000 	C:\WINDOWS\SYSTEM32\ntdll.dll
0x00007ffa4ce90000 - 0x00007ffa4cf42000 	C:\WINDOWS\System32\KERNEL32.DLL
0x00007ffa4bf90000 - 0x00007ffa4c203000 	C:\WINDOWS\System32\KERNELBASE.dll
0x00007ffa4eb00000 - 0x00007ffa4eba1000 	C:\WINDOWS\System32\ADVAPI32.dll
0x00007ffa4cff0000 - 0x00007ffa4d08e000 	C:\WINDOWS\System32\msvcrt.dll
0x00007ffa4d4e0000 - 0x00007ffa4d53b000 	C:\WINDOWS\System32\sechost.dll
0x00007ffa4c5b0000 - 0x00007ffa4c6d4000 	C:\WINDOWS\System32\RPCRT4.dll
0x00007ffa4ed10000 - 0x00007ffa4eea0000 	C:\WINDOWS\System32\USER32.dll
0x00007ffa4bf10000 - 0x00007ffa4bf30000 	C:\WINDOWS\System32\win32u.dll
0x00007ffa4cf60000 - 0x00007ffa4cf88000 	C:\WINDOWS\System32\GDI32.dll
0x00007ffa4b470000 - 0x00007ffa4b602000 	C:\WINDOWS\System32\gdi32full.dll
0x00007ffa4c2c0000 - 0x00007ffa4c35f000 	C:\WINDOWS\System32\msvcp_win.dll
0x00007ffa4b320000 - 0x00007ffa4b41a000 	C:\WINDOWS\System32\ucrtbase.dll
0x00007ffa42fb0000 - 0x00007ffa43219000 	C:\WINDOWS\WinSxS\amd64_microsoft.windows.common-controls_6595b64144ccf1df_6.0.17134.407_none_fb449d63306391e9\COMCTL32.dll
0x00007ffa4cb50000 - 0x00007ffa4ce72000 	C:\WINDOWS\System32\combase.dll
0x00007ffa4b2a0000 - 0x00007ffa4b31a000 	C:\WINDOWS\System32\bcryptPrimitives.dll
0x00007ffa4c570000 - 0x00007ffa4c59d000 	C:\WINDOWS\System32\IMM32.DLL
0x0000000074380000 - 0x0000000074452000 	C:\Program Files\Java\jre1.8.0_181\bin\msvcr100.dll
0x0000000074560000 - 0x0000000074e02000 	C:\Program Files\Java\jre1.8.0_181\bin\server\jvm.dll
0x00007ffa4cf50000 - 0x00007ffa4cf58000 	C:\WINDOWS\System32\PSAPI.DLL
0x00007ffa47190000 - 0x00007ffa4719a000 	C:\WINDOWS\SYSTEM32\VERSION.dll
0x00007ffa49360000 - 0x00007ffa49383000 	C:\WINDOWS\SYSTEM32\WINMM.dll
0x00007ffa399d0000 - 0x00007ffa399d9000 	C:\WINDOWS\SYSTEM32\WSOCK32.dll
0x00007ffa4d090000 - 0x00007ffa4d0fc000 	C:\WINDOWS\System32\WS2_32.dll
0x00007ffa48f00000 - 0x00007ffa48f2a000 	C:\WINDOWS\SYSTEM32\winmmbase.dll
0x00007ffa4b420000 - 0x00007ffa4b469000 	C:\WINDOWS\System32\cfgmgr32.dll
0x00000000751e0000 - 0x00000000751ef000 	C:\Program Files\Java\jre1.8.0_181\bin\verify.dll
0x00000000751b0000 - 0x00000000751d9000 	C:\Program Files\Java\jre1.8.0_181\bin\java.dll
0x0000000074540000 - 0x0000000074556000 	C:\Program Files\Java\jre1.8.0_181\bin\zip.dll
0x00007ffa4d540000 - 0x00007ffa4e97f000 	C:\WINDOWS\System32\SHELL32.dll
0x00007ffa4e980000 - 0x00007ffa4ea29000 	C:\WINDOWS\System32\shcore.dll
0x00007ffa4b610000 - 0x00007ffa4bd1d000 	C:\WINDOWS\System32\windows.storage.dll
0x00007ffa4cf90000 - 0x00007ffa4cfe1000 	C:\WINDOWS\System32\shlwapi.dll
0x00007ffa4b1f0000 - 0x00007ffa4b201000 	C:\WINDOWS\System32\kernel.appcore.dll
0x00007ffa4b230000 - 0x00007ffa4b24f000 	C:\WINDOWS\System32\profapi.dll
0x00007ffa4b250000 - 0x00007ffa4b29c000 	C:\WINDOWS\System32\powrprof.dll
0x00007ffa4b1e0000 - 0x00007ffa4b1ea000 	C:\WINDOWS\System32\FLTLIB.DLL
0x0000000065580000 - 0x0000000065616000 	C:\Users\RichardH\AppData\Local\Temp\libgdxRichardH\12dfaa03\gdx64.dll
0x00007ffa4ac10000 - 0x00007ffa4ac27000 	C:\WINDOWS\SYSTEM32\CRYPTSP.dll
0x00007ffa4a640000 - 0x00007ffa4a673000 	C:\WINDOWS\system32\rsaenh.dll
0x00007ffa4ad40000 - 0x00007ffa4ad65000 	C:\WINDOWS\SYSTEM32\bcrypt.dll
0x00007ffa4b0e0000 - 0x00007ffa4b108000 	C:\WINDOWS\SYSTEM32\USERENV.dll
0x00007ffa4ac30000 - 0x00007ffa4ac3b000 	C:\WINDOWS\SYSTEM32\CRYPTBASE.dll
0x0000000074520000 - 0x000000007453a000 	C:\Program Files\Java\jre1.8.0_181\bin\net.dll
0x00007ffa4aa60000 - 0x00007ffa4aac6000 	C:\WINDOWS\system32\mswsock.dll
0x00007ffa4a7e0000 - 0x00007ffa4a818000 	C:\WINDOWS\SYSTEM32\IPHLPAPI.DLL
0x00007ffa4ce80000 - 0x00007ffa4ce88000 	C:\WINDOWS\System32\NSI.dll
0x00007ffa46400000 - 0x00007ffa46416000 	C:\WINDOWS\SYSTEM32\dhcpcsvc6.DLL
0x00007ffa466f0000 - 0x00007ffa4670a000 	C:\WINDOWS\SYSTEM32\dhcpcsvc.DLL
0x0000000074500000 - 0x0000000074511000 	C:\Program Files\Java\jre1.8.0_181\bin\nio.dll
0x0000000180000000 - 0x0000000180053000 	C:\Users\RichardH\AppData\Local\Temp\libgdxRichardH\dc0f0009\lwjgl64.dll
0x00007ffa244c0000 - 0x00007ffa245e0000 	C:\WINDOWS\SYSTEM32\OPENGL32.dll
0x00007ffa41a30000 - 0x00007ffa41a5c000 	C:\WINDOWS\SYSTEM32\GLU32.dll
0x000000001fa50000 - 0x000000001fab4000 	C:\Users\RichardH\AppData\Local\Temp\libgdxRichardH\dc0f0009\OpenAL64.dll
0x00007ffa4ebb0000 - 0x00007ffa4ed01000 	C:\WINDOWS\System32\ole32.dll
0x00007ffa497f0000 - 0x00007ffa49888000 	C:\WINDOWS\system32\uxtheme.dll
0x00007ffa4c3e0000 - 0x00007ffa4c480000 	C:\WINDOWS\System32\clbcatq.dll
0x00007ffa47b50000 - 0x00007ffa47d04000 	C:\WINDOWS\System32\PROPSYS.dll
0x00007ffa4ea30000 - 0x00007ffa4eaf2000 	C:\WINDOWS\System32\OLEAUT32.dll
0x00007ffa3dd70000 - 0x00007ffa3ddff000 	C:\WINDOWS\SYSTEM32\dsound.dll
0x00007ffa46190000 - 0x00007ffa46206000 	C:\WINDOWS\System32\MMDevApi.dll
0x00007ffa4aff0000 - 0x00007ffa4b017000 	C:\WINDOWS\System32\DEVOBJ.dll
0x00007ffa23530000 - 0x00007ffa2365c000 	C:\WINDOWS\SYSTEM32\AUDIOSES.DLL
0x00007ffa46de0000 - 0x00007ffa46f2d000 	C:\WINDOWS\SYSTEM32\wintypes.dll
0x00007ffa45b40000 - 0x00007ffa45b4a000 	C:\WINDOWS\SYSTEM32\AVRT.dll
0x00007ffa4d100000 - 0x00007ffa4d273000 	C:\WINDOWS\System32\MSCTF.dll
0x00007ffa49970000 - 0x00007ffa49999000 	C:\WINDOWS\system32\dwmapi.dll
0x00007ffa41800000 - 0x00007ffa41896000 	C:\WINDOWS\System32\TextInputFramework.dll
0x00007ffa45660000 - 0x00007ffa4597e000 	C:\WINDOWS\System32\CoreUIComponents.dll
0x00007ffa49280000 - 0x00007ffa4935a000 	C:\WINDOWS\System32\CoreMessaging.dll
0x00007ffa4a3e0000 - 0x00007ffa4a411000 	C:\WINDOWS\SYSTEM32\ntmarta.dll
0x0000000071cf0000 - 0x0000000074373000 	C:\WINDOWS\System32\DriverStore\FileRepository\nv_dispi.inf_amd64_e59b844303b9907e\nvoglv64.dll
0x00007ffa4c700000 - 0x00007ffa4cb4b000 	C:\WINDOWS\System32\SETUPAPI.dll
0x00007ffa47ed0000 - 0x00007ffa47ee3000 	C:\WINDOWS\SYSTEM32\WTSAPI32.dll
0x00007ffa4bf30000 - 0x00007ffa4bf87000 	C:\WINDOWS\System32\WINTRUST.dll
0x00007ffa4b210000 - 0x00007ffa4b222000 	C:\WINDOWS\System32\MSASN1.dll
0x00007ffa4bd20000 - 0x00007ffa4bf02000 	C:\WINDOWS\System32\CRYPT32.dll
0x00007ffa1bb30000 - 0x00007ffa1bdf6000 	C:\WINDOWS\system32\nvspcap64.dll
0x00007ffa43e10000 - 0x00007ffa43eb8000 	C:\WINDOWS\SYSTEM32\mscms.dll
0x00007ffa49550000 - 0x00007ffa49560000 	C:\WINDOWS\SYSTEM32\ColorAdapterClient.dll
0x00007ffa3eca0000 - 0x00007ffa3ece3000 	C:\WINDOWS\SYSTEM32\icm32.dll
0x00007ffa4a380000 - 0x00007ffa4a3d6000 	C:\WINDOWS\SYSTEM32\WINSTA.dll
0x0000000066bc0000 - 0x0000000066c7b000 	C:\Users\RichardH\AppData\Local\Temp\libgdxRichardH\54593449\gdx-box2d64.dll
0x00007ffa38cd0000 - 0x00007ffa38e99000 	C:\WINDOWS\SYSTEM32\dbghelp.dll

VM Arguments:
jvm_args: -Dfile.encoding=UTF-8 
java_command: com.bpa.desktop.DesktopLauncher
java_class_path (initial): C:\Users\RichardH\git\DUN-GUN\libGDX Workspace\desktop\bin\main;\DUN-GUN-core\bin\default;C:\Users\RichardH\git\DUN-GUN\libGDX Workspace\core\bin\main;C:\Users\RichardH\.gradle\caches\modules-2\files-2.1\com.badlogicgames.gdx\gdx-tools\1.9.8\5c32820fccee957cc77990d353297ceed1a63159\gdx-tools-1.9.8.jar;C:\Users\RichardH\.gradle\caches\modules-2\files-2.1\com.badlogicgames.gdx\gdx-backend-lwjgl\1.9.8\b7c138f14ed67ad830ae7597da3d86ae02b20eee\gdx-backend-lwjgl-1.9.8.jar;C:\Users\RichardH\.gradle\caches\modules-2\files-2.1\com.badlogicgames.gdx\gdx-platform\1.9.8\604a2ef2c7c92a5900114757cbd3fb4dcbb8270c\gdx-platform-1.9.8-natives-desktop.jar;C:\Users\RichardH\.gradle\caches\modules-2\files-2.1\com.badlogicgames.gdx\gdx-box2d-platform\1.9.8\3195b56f82751d7cd7de85edb6824d17bf479781\gdx-box2d-platform-1.9.8-natives-desktop.jar;C:\Users\RichardH\.gradle\caches\modules-2\files-2.1\com.badlogicgames.gdx\gdx-ai\1.8.0\ec30677d8ab1a8b8aa4b853c5f4e4b1361f50bf5\gdx-ai-1.8.0.jar;C:\Users\RichardH\.gradle\caches\modules-2\files-2.1\com.badlogicgames.ashley\ashley\1.7.0\a7c4083c0a42027a3c03ba7ccecef6cbe1c5f0a4\ashley-1.7.0.jar;C:\Users\RichardH\.gradle\caches\modules-2\files-2.1\com.badlogicgames.gdx\gdx-backend-headless\1.9.8\c90fcd61d78d3b3d3ee7e493030b06df984df53b\gdx-backend-headless-1.9.8.jar;C:\Users\RichardH\.gradle\caches\modules-2\files-2.1\com.badlogicgames.gdx\gdx-freetype\1.9.8\d92b5b8beab10e3b3c0dd836d4fc186f95e7ea4b\gdx-freetype-1.9.8.jar;C:\Users\RichardH\.gradle\caches\modules-2\files-2.1\com.badlogicgames.box2dlights\box2dlights\1.4\3d77ad5b4164fb32fc67e2446e35911bb0aaf0bd\box2dlights-1.4.jar;C:\Users\RichardH\.gradle\caches\modules-2\files-2.1\com.badlogicgames.gdx\gdx-box2d\1.9.8\6f0497b7958216464101adfb7bdc3a0f7b88d6d3\gdx-box2d-1.9.8.jar;C:\Users\RichardH\.gradle\caches\modules-2\files-2.1\com.badlogicgames.gdx\gdx\1.9.8\a35a0076fbce873f9c2d5a1a1c8066244231bb3c\gdx-1.9.8.jar;C:\Users\RichardH\.gradle\caches\modules-2\files-2.1\org.lwjg
Launcher Type: SUN_STANDARD

Environment Variables:
PATH=C:/Program Files/Java/jre1.8.0_181/bin/server;C:/Program Files/Java/jre1.8.0_181/bin;C:/Program Files/Java/jre1.8.0_181/lib/amd64;C:\Program Files (x86)\Common Files\Oracle\Java\javapath;C:\ProgramData\Oracle\Java\javapath;C:\WINDOWS\system32;C:\WINDOWS;C:\WINDOWS\System32\Wbem;C:\WINDOWS\System32\WindowsPowerShell\v1.0\;C:\Program Files (x86)\NVIDIA Corporation\PhysX\Common;C:\WINDOWS\system32;C:\WINDOWS;C:\WINDOWS\System32\Wbem;C:\WINDOWS\System32\WindowsPowerShell\v1.0\;C:\WINDOWS\System32\OpenSSH\;C:\Program Files\NVIDIA Corporation\NVIDIA NvDLISR;C:\Users\RichardH\AppData\Local\Programs\Python\Python36-32\Scripts\;C:\Users\RichardH\AppData\Local\Programs\Python\Python36-32\;C:\Users\RichardH\AppData\Local\Microsoft\WindowsApps;C:\Users\RichardH\AppData\Local\GitHubDesktop\bin;C:\Users\RichardH\AppData\Local\Microsoft\WindowsApps;C:\WINDOWS\System32;
USERNAME=RichardH
OS=Windows_NT
PROCESSOR_IDENTIFIER=Intel64 Family 6 Model 158 Stepping 9, GenuineIntel



---------------  S Y S T E M  ---------------

OS: Windows 10.0 , 64 bit Build 17134 (10.0.17134.1)

CPU:total 8 (initial active 8) (4 cores per cpu, 2 threads per core) family 6 model 158 stepping 9, cmov, cx8, fxsr, mmx, sse, sse2, sse3, ssse3, sse4.1, sse4.2, popcnt, avx, avx2, aes, clmul, erms, rtm, 3dnowpref, lzcnt, ht, tsc, tscinvbit, bmi1, bmi2, adx

Memory: 4k page, physical 16729960k(12218628k free), swap 17778536k(10660460k free)

vm_info: Java HotSpot(TM) 64-Bit Server VM (25.181-b13) for windows-amd64 JRE (1.8.0_181-b13), built on Jul  7 2018 04:01:33 by "java_re" with MS VC++ 10.0 (VS2010)

time: Sun Dec 02 20:25:16 2018
elapsed time: 3 seconds (0d 0h 0m 3s)

