#
# A fatal error has been detected by the Java Runtime Environment:
#
#  EXCEPTION_ACCESS_VIOLATION (0xc0000005) at pc=0x0000000066bcbd0d, pid=7512, tid=0x00000000000019b4
#
# JRE version: Java(TM) SE Runtime Environment (8.0_181-b13) (build 1.8.0_181-b13)
# Java VM: Java HotSpot(TM) 64-Bit Server VM (25.181-b13 mixed mode windows-amd64 compressed oops)
# Problematic frame:
# C  [gdx-box2d64.dll+0xbd0d]
#
# Failed to write core dump. Minidumps are not enabled by default on client versions of Windows
#
# If you would like to submit a bug report, please visit:
#   http://bugreport.java.com/bugreport/crash.jsp
# The crash happened outside the Java Virtual Machine in native code.
# See problematic frame for where to report the bug.
#

---------------  T H R E A D  ---------------

Current thread (0x000000001f08d000):  JavaThread "LWJGL Application" [_thread_in_native, id=6580, stack(0x000000001fe50000,0x000000001ff50000)]

siginfo: ExceptionCode=0xc0000005, reading address 0x0000002600000002

Registers:
RAX=0x0000002600000002, RBX=0x000000002f6b7300, RCX=0x000000002f6b72d0, RDX=0x00000000000000b8
RSP=0x000000001ff4e9c0, RBP=0x0000000000000006, RSI=0x000000002f6b72d0, RDI=0x000000001ff4ea80
R8 =0x000000002f6b72d0, R9 =0x0000000000000002, R10=0x0000000000000000, R11=0x0000000000000001
R12=0x0000000000000000, R13=0x000000001bda0ca0, R14=0x000000001ff4ec68, R15=0x000000001f08d000
RIP=0x0000000066bcbd0d, EFLAGS=0x0000000000010202

Top of Stack: (sp=0x000000001ff4e9c0)
0x000000001ff4e9c0:   000000001bda0ca0 000000001f08d000
0x000000001ff4e9d0:   0000000052fdee28 000000002fb134c0
0x000000001ff4e9e0:   0000000000000012 000000002f6b72d0
0x000000001ff4e9f0:   000000076bc659e0 000000001ff4ea80
0x000000001ff4ea00:   000000001ff4ebc0 0000000000000000
0x000000001ff4ea10:   000000001bda0ca0 0000000066be2483
0x000000001ff4ea20:   000000001ff4eac0 000000001ff4eac0
0x000000001ff4ea30:   0000000000000003 000000001bda0ca0
0x000000001ff4ea40:   0000000000000001 000000076bc659e0
0x000000001ff4ea50:   00000007c00016d0 0000000066be8616
0x000000001ff4ea60:   0000000000000000 00000007c00016d0
0x000000001ff4ea70:   000000001ff4ebc0 00000000024a5798
0x000000001ff4ea80:   40b3333300000002 0000000040028f5c
0x000000001ff4ea90:   0000000000000000 0000000000000000
0x000000001ff4eaa0:   0000010100000000 000000001ff4ec01
0x000000001ff4eab0:   0000000000000000 000000003f800000 

Instructions: (pc=0x0000000066bcbd0d)
0x0000000066bcbced:   48 8d 05 6c a3 05 00 0f b6 1c 18 80 fb 0d 0f b6
0x0000000066bcbcfd:   eb 77 21 48 8d 1c de 48 8b 43 10 48 85 c0 74 3a
0x0000000066bcbd0d:   48 8b 10 48 89 53 10 48 83 c4 28 5b 5e 5f 5d 41
0x0000000066bcbd1d:   5c 41 5d c3 48 8d 15 18 9e 04 00 48 8d 0d 99 9e 


Register to memory mapping:

RAX=0x0000002600000002 is an unknown value
RBX=0x000000002f6b7300 is an unknown value
RCX=0x000000002f6b72d0 is an unknown value
RDX=0x00000000000000b8 is an unknown value
RSP=0x000000001ff4e9c0 is pointing into the stack for thread: 0x000000001f08d000
RBP=0x0000000000000006 is an unknown value
RSI=0x000000002f6b72d0 is an unknown value
RDI=0x000000001ff4ea80 is pointing into the stack for thread: 0x000000001f08d000
R8 =0x000000002f6b72d0 is an unknown value
R9 =0x0000000000000002 is an unknown value
R10=0x0000000000000000 is an unknown value
R11=0x0000000000000001 is an unknown value
R12=0x0000000000000000 is an unknown value
R13={method} {0x000000001bda0ca8} 'jniCreateBody' '(JIFFFFFFFFZZZZZF)J' in 'com/badlogic/gdx/physics/box2d/World'
R14=0x000000001ff4ec68 is pointing into the stack for thread: 0x000000001f08d000
R15=0x000000001f08d000 is a thread


Stack: [0x000000001fe50000,0x000000001ff50000],  sp=0x000000001ff4e9c0,  free space=1018k
Native frames: (J=compiled Java code, j=interpreted, Vv=VM code, C=native code)
C  [gdx-box2d64.dll+0xbd0d]
C  [gdx-box2d64.dll+0x22483]
C  [gdx-box2d64.dll+0x28616]
C  0x00000000024b8c67

Java frames: (J=compiled Java code, j=interpreted, Vv=VM code)
j  com.badlogic.gdx.physics.box2d.World.jniCreateBody(JIFFFFFFFFZZZZZF)J+0
j  com.badlogic.gdx.physics.box2d.World.createBody(Lcom/badlogic/gdx/physics/box2d/BodyDef;)Lcom/badlogic/gdx/physics/box2d/Body;+80
j  com.bpa.Grunt.defineGrunt()V+33
j  com.bpa.Grunt.<init>(Lcom/badlogic/gdx/physics/box2d/World;)V+155
j  com.bpa.Level1.spawningLocations()V+404
j  com.bpa.Level1.render(F)V+705
j  com.badlogic.gdx.Game.render()V+19
j  com.bpa.DunGun.render()V+1
j  com.badlogic.gdx.backends.lwjgl.LwjglApplication.mainLoop()V+698
j  com.badlogic.gdx.backends.lwjgl.LwjglApplication$1.run()V+27
v  ~StubRoutines::call_stub

---------------  P R O C E S S  ---------------

Java Threads: ( => current thread )
  0x000000003052d000 JavaThread "LWJGL Timer" daemon [_thread_blocked, id=13368, stack(0x0000000030e70000,0x0000000030f70000)]
  0x000000001f43d800 JavaThread "AsynchExecutor-Thread" daemon [_thread_blocked, id=13536, stack(0x000000002d5a0000,0x000000002d6a0000)]
  0x00000000023a3800 JavaThread "DestroyJavaVM" [_thread_blocked, id=12004, stack(0x0000000002290000,0x0000000002390000)]
=>0x000000001f08d000 JavaThread "LWJGL Application" [_thread_in_native, id=6580, stack(0x000000001fe50000,0x000000001ff50000)]
  0x000000001df44800 JavaThread "Service Thread" daemon [_thread_blocked, id=3456, stack(0x000000001ea70000,0x000000001eb70000)]
  0x000000001deb9800 JavaThread "C1 CompilerThread3" daemon [_thread_blocked, id=7616, stack(0x000000001e970000,0x000000001ea70000)]
  0x000000001deb1800 JavaThread "C2 CompilerThread2" daemon [_thread_blocked, id=9956, stack(0x000000001e870000,0x000000001e970000)]
  0x000000001de9e800 JavaThread "C2 CompilerThread1" daemon [_thread_blocked, id=7828, stack(0x000000001e770000,0x000000001e870000)]
  0x000000001de9b800 JavaThread "C2 CompilerThread0" daemon [_thread_blocked, id=7492, stack(0x000000001e670000,0x000000001e770000)]
  0x000000001de9a000 JavaThread "Attach Listener" daemon [_thread_blocked, id=9072, stack(0x000000001e570000,0x000000001e670000)]
  0x000000001de99000 JavaThread "Signal Dispatcher" daemon [_thread_blocked, id=10520, stack(0x000000001e470000,0x000000001e570000)]
  0x000000001de90800 JavaThread "Finalizer" daemon [_thread_blocked, id=7896, stack(0x000000001e270000,0x000000001e370000)]
  0x000000000249a000 JavaThread "Reference Handler" daemon [_thread_blocked, id=11692, stack(0x000000001dd70000,0x000000001de70000)]

Other Threads:
  0x000000001bfa9800 VMThread [stack: 0x000000001dc70000,0x000000001dd70000] [id=9700]
  0x000000001df60000 WatcherThread [stack: 0x000000001eb70000,0x000000001ec70000] [id=10516]

VM state:not at safepoint (normal execution)

VM Mutex/Monitor currently owned by a thread: None

Heap:
 PSYoungGen      total 76288K, used 51920K [0x000000076ae00000, 0x0000000770300000, 0x00000007c0000000)
  eden space 65536K, 79% used [0x000000076ae00000,0x000000076e0b42f8,0x000000076ee00000)
  from space 10752K, 0% used [0x000000076f880000,0x000000076f880000,0x0000000770300000)
  to   space 10752K, 0% used [0x000000076ee00000,0x000000076ee00000,0x000000076f880000)
 ParOldGen       total 175104K, used 0K [0x00000006c0a00000, 0x00000006cb500000, 0x000000076ae00000)
  object space 175104K, 0% used [0x00000006c0a00000,0x00000006c0a00000,0x00000006cb500000)
 Metaspace       used 9381K, capacity 9481K, committed 9728K, reserved 1058816K
  class space    used 897K, capacity 955K, committed 1024K, reserved 1048576K

Card table byte_map: [0x0000000011860000,0x0000000012060000] byte_map_base: 0x000000000e25b000

Marking Bits: (ParMarkBitMap*) 0x00000000531c2d00
 Begin Bits: [0x0000000012dc0000, 0x0000000016d98000)
 End Bits:   [0x0000000016d98000, 0x000000001ad70000)

Polling page: 0x00000000009b0000

CodeCache: size=245760Kb used=5289Kb max_used=5289Kb free=240470Kb
 bounds [0x00000000024a0000, 0x00000000029d0000, 0x00000000114a0000]
 total_blobs=1812 nmethods=1297 adapters=428
 compilation: enabled

Compilation events (10 events):
Event: 6.523 Thread 0x000000001deb9800 1293       3       com.badlogic.gdx.backends.lwjgl.LwjglInput::isButtonPressed (9 bytes)
Event: 6.523 Thread 0x000000001deb9800 nmethod 1293 0x00000000029cba90 code [0x00000000029cbc00, 0x00000000029cbdb8]
Event: 6.523 Thread 0x000000001deb9800 1294       3       com.badlogic.gdx.backends.lwjgl.LwjglInput::toLwjglButton (48 bytes)
Event: 6.523 Thread 0x000000001deb9800 nmethod 1294 0x00000000029cb690 code [0x00000000029cb800, 0x00000000029cb9f0]
Event: 6.623 Thread 0x000000001deb9800 1295       3       com.badlogic.gdx.utils.LongMap::values (97 bytes)
Event: 6.624 Thread 0x000000001deb9800 nmethod 1295 0x00000000029ca790 code [0x00000000029ca980, 0x00000000029cb1b8]
Event: 6.673 Thread 0x000000001deb9800 1296       1       com.badlogic.gdx.graphics.glutils.IndexArray::bind (1 bytes)
Event: 6.673 Thread 0x000000001deb9800 nmethod 1296 0x00000000029cd0d0 code [0x00000000029cd220, 0x00000000029cd330]
Event: 6.823 Thread 0x000000001deb9800 1297       3       com.badlogic.gdx.physics.box2d.Box2DDebugRenderer::drawContact (55 bytes)
Event: 6.823 Thread 0x000000001deb9800 nmethod 1297 0x00000000029cd390 code [0x00000000029cd580, 0x00000000029cdb38]

GC Heap History (0 events):
No events

Deoptimization events (10 events):
Event: 0.962 Thread 0x000000001f08d000 Uncommon trap: reason=class_check action=maybe_recompile pc=0x00000000026e364c method=com.badlogic.gdx.assets.AssetLoadingTask.handleAsyncLoader()V @ 137
Event: 0.969 Thread 0x000000001f08d000 Uncommon trap: reason=class_check action=maybe_recompile pc=0x00000000026f9e64 method=com.badlogic.gdx.assets.AssetLoadingTask.handleAsyncLoader()V @ 137
Event: 1.104 Thread 0x000000001f08d000 Uncommon trap: reason=bimorphic action=maybe_recompile pc=0x000000000283a24c method=com.badlogic.gdx.assets.AssetLoadingTask.handleAsyncLoader()V @ 137
Event: 1.164 Thread 0x000000001f08d000 Uncommon trap: reason=bimorphic action=maybe_recompile pc=0x000000000283a24c method=com.badlogic.gdx.assets.AssetLoadingTask.handleAsyncLoader()V @ 137
Event: 1.191 Thread 0x000000001f08d000 Uncommon trap: reason=unstable_if action=reinterpret pc=0x0000000002839e84 method=com.badlogic.gdx.assets.AssetLoadingTask.handleAsyncLoader()V @ 12
Event: 1.191 Thread 0x000000001f08d000 Uncommon trap: reason=unstable_if action=reinterpret pc=0x0000000002829790 method=com.badlogic.gdx.assets.AssetLoadingTask.handleAsyncLoader()V @ 12
Event: 1.234 Thread 0x000000001f08d000 Uncommon trap: reason=unstable_if action=reinterpret pc=0x0000000002760484 method=com.badlogic.gdx.assets.AssetManager.finishLoading()V @ 13
Event: 1.620 Thread 0x000000001f08d000 Uncommon trap: reason=unstable_if action=reinterpret pc=0x0000000002813868 method=javazoom.jl.decoder.LayerIIIDecoder.huffman_decode(II)V @ 684
Event: 3.397 Thread 0x000000001f08d000 Uncommon trap: reason=unstable_if action=reinterpret pc=0x000000000285e094 method=java.util.StringTokenizer.skipDelimiters(I)I @ 29
Event: 4.556 Thread 0x000000001f08d000 Uncommon trap: reason=unstable_if action=reinterpret pc=0x000000000297cf04 method=com.badlogic.gdx.physics.box2d.Fixture.getShape()Lcom/badlogic/gdx/physics/box2d/Shape; @ 4

Classes redefined (0 events):
No events

Internal exceptions (10 events):
Event: 0.146 Thread 0x00000000023a3800 Exception <a 'java/security/PrivilegedActionException'> (0x000000076b182878) thrown at [C:\re\workspace\8-2-build-windows-amd64-cygwin\jdk8u181\11358\hotspot\src\share\vm\prims\jvm.cpp, line 1435]
Event: 0.228 Thread 0x00000000023a3800 Exception <a 'java/security/PrivilegedActionException'> (0x000000076b2acd70) thrown at [C:\re\workspace\8-2-build-windows-amd64-cygwin\jdk8u181\11358\hotspot\src\share\vm\prims\jvm.cpp, line 1435]
Event: 0.228 Thread 0x00000000023a3800 Exception <a 'java/security/PrivilegedActionException'> (0x000000076b2aea48) thrown at [C:\re\workspace\8-2-build-windows-amd64-cygwin\jdk8u181\11358\hotspot\src\share\vm\prims\jvm.cpp, line 1435]
Event: 0.228 Thread 0x00000000023a3800 Exception <a 'java/security/PrivilegedActionException'> (0x000000076b2afbb8) thrown at [C:\re\workspace\8-2-build-windows-amd64-cygwin\jdk8u181\11358\hotspot\src\share\vm\prims\jvm.cpp, line 1435]
Event: 0.229 Thread 0x00000000023a3800 Exception <a 'java/security/PrivilegedActionException'> (0x000000076b2b4d20) thrown at [C:\re\workspace\8-2-build-windows-amd64-cygwin\jdk8u181\11358\hotspot\src\share\vm\prims\jvm.cpp, line 1435]
Event: 0.229 Thread 0x00000000023a3800 Exception <a 'java/security/PrivilegedActionException'> (0x000000076b2b5978) thrown at [C:\re\workspace\8-2-build-windows-amd64-cygwin\jdk8u181\11358\hotspot\src\share\vm\prims\jvm.cpp, line 1435]
Event: 0.229 Thread 0x00000000023a3800 Exception <a 'java/security/PrivilegedActionException'> (0x000000076b2b65a0) thrown at [C:\re\workspace\8-2-build-windows-amd64-cygwin\jdk8u181\11358\hotspot\src\share\vm\prims\jvm.cpp, line 1435]
Event: 0.779 Thread 0x000000001f43d800 Exception <a 'java/lang/NoSuchFieldError': method resolution failed> (0x000000076bf24a18) thrown at [C:\re\workspace\8-2-build-windows-amd64-cygwin\jdk8u181\11358\hotspot\src\share\vm\prims\methodHandles.cpp, line 1167]
Event: 0.780 Thread 0x000000001f43d800 Exception <a 'java/lang/NoSuchFieldError': method resolution failed> (0x000000076bf320d8) thrown at [C:\re\workspace\8-2-build-windows-amd64-cygwin\jdk8u181\11358\hotspot\src\share\vm\prims\methodHandles.cpp, line 1167]
Event: 4.556 Thread 0x000000001f08d000 Implicit null exception at 0x000000000297ba5e to 0x000000000297cee5

Events (10 events):
Event: 4.540 loading class com/badlogic/gdx/graphics/g2d/Animation$1 done
Event: 4.545 loading class com/bpa/CreateBullet
Event: 4.545 loading class com/bpa/CreateBullet done
Event: 4.556 Thread 0x000000001f08d000 Uncommon trap: trap_request=0xffffff65 fr.pc=0x000000000297cf04
Event: 4.556 Thread 0x000000001f08d000 DEOPT PACKING pc=0x000000000297cf04 sp=0x000000001ff4ebe0
Event: 4.556 Thread 0x000000001f08d000 DEOPT UNPACKING pc=0x00000000024e583b sp=0x000000001ff4eb10 mode 2
Event: 4.562 loading class com/bpa/Grunt
Event: 4.562 loading class com/bpa/Grunt done
Event: 4.940 Thread 0x000000001f08d000 DEOPT PACKING pc=0x000000000296bdd2 sp=0x000000001ff4ec80
Event: 4.940 Thread 0x000000001f08d000 DEOPT UNPACKING pc=0x00000000024e7890 sp=0x000000001ff4e920 mode 0


Dynamic libraries:
0x00007ff794920000 - 0x00007ff794957000 	C:\Program Files\Java\jre1.8.0_181\bin\javaw.exe
0x00007ff99f7d0000 - 0x00007ff99f9b1000 	C:\WINDOWS\SYSTEM32\ntdll.dll
0x00007ff99d0c0000 - 0x00007ff99d172000 	C:\WINDOWS\System32\KERNEL32.DLL
0x00007ff99c900000 - 0x00007ff99cb73000 	C:\WINDOWS\System32\KERNELBASE.dll
0x00007ff99cdf0000 - 0x00007ff99ce91000 	C:\WINDOWS\System32\ADVAPI32.dll
0x00007ff99d420000 - 0x00007ff99d4be000 	C:\WINDOWS\System32\msvcrt.dll
0x00007ff99d7b0000 - 0x00007ff99d80b000 	C:\WINDOWS\System32\sechost.dll
0x00007ff99d620000 - 0x00007ff99d744000 	C:\WINDOWS\System32\RPCRT4.dll
0x00007ff99cc60000 - 0x00007ff99cdf0000 	C:\WINDOWS\System32\USER32.dll
0x00007ff99c830000 - 0x00007ff99c850000 	C:\WINDOWS\System32\win32u.dll
0x00007ff99d260000 - 0x00007ff99d288000 	C:\WINDOWS\System32\GDI32.dll
0x00007ff99c590000 - 0x00007ff99c722000 	C:\WINDOWS\System32\gdi32full.dll
0x00007ff99c2b0000 - 0x00007ff99c34f000 	C:\WINDOWS\System32\msvcp_win.dll
0x00007ff99c730000 - 0x00007ff99c82a000 	C:\WINDOWS\System32\ucrtbase.dll
0x00007ff9859e0000 - 0x00007ff985c49000 	C:\WINDOWS\WinSxS\amd64_microsoft.windows.common-controls_6595b64144ccf1df_6.0.17134.471_none_fb3e9aab3068fc16\COMCTL32.dll
0x00007ff99ddb0000 - 0x00007ff99e0d2000 	C:\WINDOWS\System32\combase.dll
0x00007ff99cb80000 - 0x00007ff99cbfa000 	C:\WINDOWS\System32\bcryptPrimitives.dll
0x00007ff99f770000 - 0x00007ff99f79d000 	C:\WINDOWS\System32\IMM32.DLL
0x00000000527d0000 - 0x00000000528a2000 	C:\Program Files\Java\jre1.8.0_181\bin\msvcr100.dll
0x00000000529a0000 - 0x0000000053242000 	C:\Program Files\Java\jre1.8.0_181\bin\server\jvm.dll
0x00007ff99d250000 - 0x00007ff99d258000 	C:\WINDOWS\System32\PSAPI.DLL
0x00007ff98f8c0000 - 0x00007ff98f8c9000 	C:\WINDOWS\SYSTEM32\WSOCK32.dll
0x00007ff9981f0000 - 0x00007ff9981fa000 	C:\WINDOWS\SYSTEM32\VERSION.dll
0x00007ff991630000 - 0x00007ff991653000 	C:\WINDOWS\SYSTEM32\WINMM.dll
0x00007ff99d1e0000 - 0x00007ff99d24c000 	C:\WINDOWS\System32\WS2_32.dll
0x00007ff990e00000 - 0x00007ff990e2a000 	C:\WINDOWS\SYSTEM32\winmmbase.dll
0x00007ff99c540000 - 0x00007ff99c589000 	C:\WINDOWS\System32\cfgmgr32.dll
0x0000000052990000 - 0x000000005299f000 	C:\Program Files\Java\jre1.8.0_181\bin\verify.dll
0x0000000052960000 - 0x0000000052989000 	C:\Program Files\Java\jre1.8.0_181\bin\java.dll
0x0000000052940000 - 0x0000000052956000 	C:\Program Files\Java\jre1.8.0_181\bin\zip.dll
0x00007ff99e330000 - 0x00007ff99f770000 	C:\WINDOWS\System32\SHELL32.dll
0x00007ff99e190000 - 0x00007ff99e239000 	C:\WINDOWS\System32\shcore.dll
0x00007ff99bba0000 - 0x00007ff99c2ad000 	C:\WINDOWS\System32\windows.storage.dll
0x00007ff99d750000 - 0x00007ff99d7a1000 	C:\WINDOWS\System32\shlwapi.dll
0x00007ff99bb40000 - 0x00007ff99bb51000 	C:\WINDOWS\System32\kernel.appcore.dll
0x00007ff99bb60000 - 0x00007ff99bb7f000 	C:\WINDOWS\System32\profapi.dll
0x00007ff99baf0000 - 0x00007ff99bb3c000 	C:\WINDOWS\System32\powrprof.dll
0x00007ff99bae0000 - 0x00007ff99baea000 	C:\WINDOWS\System32\FLTLIB.DLL
0x0000000065580000 - 0x0000000065616000 	C:\Users\RichardH\AppData\Local\Temp\libgdxRichardH\12dfaa03\gdx64.dll
0x00007ff99b510000 - 0x00007ff99b527000 	C:\WINDOWS\SYSTEM32\CRYPTSP.dll
0x00007ff99af40000 - 0x00007ff99af73000 	C:\WINDOWS\system32\rsaenh.dll
0x00007ff99b640000 - 0x00007ff99b665000 	C:\WINDOWS\SYSTEM32\bcrypt.dll
0x00007ff99ba10000 - 0x00007ff99ba38000 	C:\WINDOWS\SYSTEM32\USERENV.dll
0x00007ff99b530000 - 0x00007ff99b53b000 	C:\WINDOWS\SYSTEM32\CRYPTBASE.dll
0x0000000052920000 - 0x000000005293a000 	C:\Program Files\Java\jre1.8.0_181\bin\net.dll
0x00007ff99b360000 - 0x00007ff99b3c6000 	C:\WINDOWS\system32\mswsock.dll
0x00007ff99b0e0000 - 0x00007ff99b118000 	C:\WINDOWS\SYSTEM32\IPHLPAPI.DLL
0x00007ff99d290000 - 0x00007ff99d298000 	C:\WINDOWS\System32\NSI.dll
0x00007ff997330000 - 0x00007ff997346000 	C:\WINDOWS\SYSTEM32\dhcpcsvc6.DLL
0x00007ff997960000 - 0x00007ff99797a000 	C:\WINDOWS\SYSTEM32\dhcpcsvc.DLL
0x0000000052900000 - 0x0000000052911000 	C:\Program Files\Java\jre1.8.0_181\bin\nio.dll
0x0000000180000000 - 0x0000000180053000 	C:\Users\RichardH\AppData\Local\Temp\libgdxRichardH\dc0f0009\lwjgl64.dll
0x00007ff975420000 - 0x00007ff975540000 	C:\WINDOWS\SYSTEM32\OPENGL32.dll
0x00007ff984d90000 - 0x00007ff984dbc000 	C:\WINDOWS\SYSTEM32\GLU32.dll
0x000000001f840000 - 0x000000001f8a4000 	C:\Users\RichardH\AppData\Local\Temp\libgdxRichardH\dc0f0009\OpenAL64.dll
0x00007ff99d4c0000 - 0x00007ff99d611000 	C:\WINDOWS\System32\ole32.dll
0x00007ff99a1a0000 - 0x00007ff99a238000 	C:\WINDOWS\system32\uxtheme.dll
0x00007ff99e0f0000 - 0x00007ff99e190000 	C:\WINDOWS\System32\clbcatq.dll
0x00007ff996b50000 - 0x00007ff996d04000 	C:\WINDOWS\System32\PROPSYS.dll
0x00007ff99e260000 - 0x00007ff99e322000 	C:\WINDOWS\System32\OLEAUT32.dll
0x00007ff97da60000 - 0x00007ff97daef000 	C:\WINDOWS\SYSTEM32\dsound.dll
0x00007ff996f10000 - 0x00007ff996f86000 	C:\WINDOWS\System32\MMDevApi.dll
0x00007ff99b8f0000 - 0x00007ff99b917000 	C:\WINDOWS\System32\DEVOBJ.dll
0x00007ff973700000 - 0x00007ff97382c000 	C:\WINDOWS\SYSTEM32\AUDIOSES.DLL
0x00007ff995760000 - 0x00007ff9958ad000 	C:\WINDOWS\SYSTEM32\wintypes.dll
0x00007ff98afc0000 - 0x00007ff98afca000 	C:\WINDOWS\SYSTEM32\AVRT.dll
0x00007ff99d2a0000 - 0x00007ff99d413000 	C:\WINDOWS\System32\MSCTF.dll
0x00007ff99a270000 - 0x00007ff99a299000 	C:\WINDOWS\system32\dwmapi.dll
0x00007ff989e00000 - 0x00007ff989e96000 	C:\WINDOWS\System32\TextInputFramework.dll
0x00007ff98aca0000 - 0x00007ff98afbe000 	C:\WINDOWS\System32\CoreUIComponents.dll
0x00007ff9999a0000 - 0x00007ff999a7a000 	C:\WINDOWS\System32\CoreMessaging.dll
0x00007ff99abd0000 - 0x00007ff99ac01000 	C:\WINDOWS\SYSTEM32\ntmarta.dll
0x0000000050140000 - 0x00000000527c3000 	C:\WINDOWS\System32\DriverStore\FileRepository\nv_dispi.inf_amd64_e59b844303b9907e\nvoglv64.dll
0x00007ff99d960000 - 0x00007ff99ddab000 	C:\WINDOWS\System32\SETUPAPI.dll
0x00007ff998490000 - 0x00007ff9984a3000 	C:\WINDOWS\SYSTEM32\WTSAPI32.dll
0x00007ff99cc00000 - 0x00007ff99cc57000 	C:\WINDOWS\System32\WINTRUST.dll
0x00007ff99bb80000 - 0x00007ff99bb92000 	C:\WINDOWS\System32\MSASN1.dll
0x00007ff99c350000 - 0x00007ff99c532000 	C:\WINDOWS\System32\CRYPT32.dll
0x00007ff972130000 - 0x00007ff9723f6000 	C:\WINDOWS\system32\nvspcap64.dll
0x00007ff995e30000 - 0x00007ff995ed8000 	C:\WINDOWS\SYSTEM32\mscms.dll
0x00007ff998710000 - 0x00007ff998720000 	C:\WINDOWS\SYSTEM32\ColorAdapterClient.dll
0x00007ff9838f0000 - 0x00007ff983933000 	C:\WINDOWS\SYSTEM32\icm32.dll
0x00007ff99ac70000 - 0x00007ff99acc6000 	C:\WINDOWS\SYSTEM32\WINSTA.dll
0x0000000066bc0000 - 0x0000000066c7b000 	C:\Users\RichardH\AppData\Local\Temp\libgdxRichardH\54593449\gdx-box2d64.dll
0x00007ff997710000 - 0x00007ff9978d9000 	C:\WINDOWS\SYSTEM32\dbghelp.dll

VM Arguments:
jvm_args: -Dfile.encoding=UTF-8 
java_command: com.bpa.desktop.DesktopLauncher
java_class_path (initial): C:\Users\RichardH\git\DUN-GUN\libGDX Workspace\desktop\bin\main;\DUN-GUN-core\bin\default;C:\Users\RichardH\git\DUN-GUN\libGDX Workspace\core\bin\main;C:\Users\RichardH\.gradle\caches\modules-2\files-2.1\com.badlogicgames.gdx\gdx-tools\1.9.8\5c32820fccee957cc77990d353297ceed1a63159\gdx-tools-1.9.8.jar;C:\Users\RichardH\.gradle\caches\modules-2\files-2.1\com.badlogicgames.gdx\gdx-backend-lwjgl\1.9.8\b7c138f14ed67ad830ae7597da3d86ae02b20eee\gdx-backend-lwjgl-1.9.8.jar;C:\Users\RichardH\.gradle\caches\modules-2\files-2.1\com.badlogicgames.gdx\gdx-platform\1.9.8\604a2ef2c7c92a5900114757cbd3fb4dcbb8270c\gdx-platform-1.9.8-natives-desktop.jar;C:\Users\RichardH\.gradle\caches\modules-2\files-2.1\com.badlogicgames.gdx\gdx-box2d-platform\1.9.8\3195b56f82751d7cd7de85edb6824d17bf479781\gdx-box2d-platform-1.9.8-natives-desktop.jar;C:\Users\RichardH\.gradle\caches\modules-2\files-2.1\com.badlogicgames.gdx\gdx-ai\1.8.0\ec30677d8ab1a8b8aa4b853c5f4e4b1361f50bf5\gdx-ai-1.8.0.jar;C:\Users\RichardH\.gradle\caches\modules-2\files-2.1\com.badlogicgames.ashley\ashley\1.7.0\a7c4083c0a42027a3c03ba7ccecef6cbe1c5f0a4\ashley-1.7.0.jar;C:\Users\RichardH\.gradle\caches\modules-2\files-2.1\com.badlogicgames.gdx\gdx-backend-headless\1.9.8\c90fcd61d78d3b3d3ee7e493030b06df984df53b\gdx-backend-headless-1.9.8.jar;C:\Users\RichardH\.gradle\caches\modules-2\files-2.1\com.badlogicgames.gdx\gdx-freetype\1.9.8\d92b5b8beab10e3b3c0dd836d4fc186f95e7ea4b\gdx-freetype-1.9.8.jar;C:\Users\RichardH\.gradle\caches\modules-2\files-2.1\com.badlogicgames.box2dlights\box2dlights\1.4\3d77ad5b4164fb32fc67e2446e35911bb0aaf0bd\box2dlights-1.4.jar;C:\Users\RichardH\.gradle\caches\modules-2\files-2.1\com.badlogicgames.gdx\gdx-box2d\1.9.8\6f0497b7958216464101adfb7bdc3a0f7b88d6d3\gdx-box2d-1.9.8.jar;C:\Users\RichardH\.gradle\caches\modules-2\files-2.1\com.badlogicgames.gdx\gdx\1.9.8\a35a0076fbce873f9c2d5a1a1c8066244231bb3c\gdx-1.9.8.jar;C:\Users\RichardH\.gradle\caches\modules-2\files-2.1\org.lwjg
Launcher Type: SUN_STANDARD

Environment Variables:
PATH=C:/Program Files/Java/jre1.8.0_181/bin/server;C:/Program Files/Java/jre1.8.0_181/bin;C:/Program Files/Java/jre1.8.0_181/lib/amd64;C:\Program Files (x86)\Common Files\Oracle\Java\javapath;C:\ProgramData\Oracle\Java\javapath;C:\WINDOWS\system32;C:\WINDOWS;C:\WINDOWS\System32\Wbem;C:\WINDOWS\System32\WindowsPowerShell\v1.0\;C:\Program Files (x86)\NVIDIA Corporation\PhysX\Common;C:\WINDOWS\system32;C:\WINDOWS;C:\WINDOWS\System32\Wbem;C:\WINDOWS\System32\WindowsPowerShell\v1.0\;C:\WINDOWS\System32\OpenSSH\;C:\Program Files\NVIDIA Corporation\NVIDIA NvDLISR;C:\Users\RichardH\AppData\Local\Programs\Python\Python36-32\Scripts\;C:\Users\RichardH\AppData\Local\Programs\Python\Python36-32\;C:\Users\RichardH\AppData\Local\Microsoft\WindowsApps;C:\Users\RichardH\AppData\Local\GitHubDesktop\bin;C:\Users\RichardH\AppData\Local\Microsoft\WindowsApps;C:\WINDOWS\System32;
USERNAME=RichardH
OS=Windows_NT
PROCESSOR_IDENTIFIER=Intel64 Family 6 Model 158 Stepping 9, GenuineIntel



---------------  S Y S T E M  ---------------

OS: Windows 10.0 , 64 bit Build 17134 (10.0.17134.1)

CPU:total 8 (initial active 8) (4 cores per cpu, 2 threads per core) family 6 model 158 stepping 9, cmov, cx8, fxsr, mmx, sse, sse2, sse3, ssse3, sse4.1, sse4.2, popcnt, avx, avx2, aes, clmul, erms, rtm, 3dnowpref, lzcnt, ht, tsc, tscinvbit, bmi1, bmi2, adx

Memory: 4k page, physical 16729960k(13391980k free), swap 17778536k(12190728k free)

vm_info: Java HotSpot(TM) 64-Bit Server VM (25.181-b13) for windows-amd64 JRE (1.8.0_181-b13), built on Jul  7 2018 04:01:33 by "java_re" with MS VC++ 10.0 (VS2010)

time: Mon Dec 17 14:56:00 2018
elapsed time: 6 seconds (0d 0h 0m 6s)

