#
# A fatal error has been detected by the Java Runtime Environment:
#
#  EXCEPTION_ACCESS_VIOLATION (0xc0000005) at pc=0x0000000066bcbd0d, pid=1312, tid=0x00000000000027dc
#
# JRE version: Java(TM) SE Runtime Environment (8.0_181-b13) (build 1.8.0_181-b13)
# Java VM: Java HotSpot(TM) 64-Bit Server VM (25.181-b13 mixed mode windows-amd64 compressed oops)
# Problematic frame:
# C  [gdx-box2d64.dll+0xbd0d]
#
# Failed to write core dump. Minidumps are not enabled by default on client versions of Windows
#
# If you would like to submit a bug report, please visit:
#   http://bugreport.java.com/bugreport/crash.jsp
# The crash happened outside the Java Virtual Machine in native code.
# See problematic frame for where to report the bug.
#

---------------  T H R E A D  ---------------

Current thread (0x000000001f55e000):  JavaThread "LWJGL Application" [_thread_in_native, id=10204, stack(0x0000000020210000,0x0000000020310000)]

siginfo: ExceptionCode=0xc0000005, reading address 0x0000002600000002

Registers:
RAX=0x0000002600000002, RBX=0x000000001fde5cc0, RCX=0x000000001fde5c90, RDX=0x00000000000000b8
RSP=0x000000002030f050, RBP=0x0000000000000006, RSI=0x000000001fde5c90, RDI=0x000000002030f110
R8 =0x000000001fde5c90, R9 =0x0000000000000002, R10=0x0000000000000000, R11=0x0000000000000001
R12=0x0000000000000000, R13=0x000000001c218b80, R14=0x000000002030f300, R15=0x000000001f55e000
RIP=0x0000000066bcbd0d, EFLAGS=0x0000000000010202

Top of Stack: (sp=0x000000002030f050)
0x000000002030f050:   000000001c218b80 000000001f55e000
0x000000002030f060:   00000000633cee28 000000001f8bf750
0x000000002030f070:   0000000000000012 000000001fde5c90
0x000000002030f080:   000000001ba40468 000000002030f110
0x000000002030f090:   000000002030f258 0000000000000000
0x000000002030f0a0:   000000001c218b80 0000000066be2483
0x000000002030f0b0:   000000002030f150 000000002030f150
0x000000002030f0c0:   0000000000000003 000000001c218b80
0x000000002030f0d0:   0000000000000001 000000001ba40468
0x000000002030f0e0:   0000000000073b70 0000000066be8616
0x000000002030f0f0:   0000000000000000 0000000000073b70
0x000000002030f100:   000000002030f258 0000000002975798
0x000000002030f110:   404a8f9c00000002 000000004052aaa0
0x000000002030f120:   0000000000000000 0000000000000000
0x000000002030f130:   0000010100000000 000000002030f301
0x000000002030f140:   0000000000000000 000000003f800000 

Instructions: (pc=0x0000000066bcbd0d)
0x0000000066bcbced:   48 8d 05 6c a3 05 00 0f b6 1c 18 80 fb 0d 0f b6
0x0000000066bcbcfd:   eb 77 21 48 8d 1c de 48 8b 43 10 48 85 c0 74 3a
0x0000000066bcbd0d:   48 8b 10 48 89 53 10 48 83 c4 28 5b 5e 5f 5d 41
0x0000000066bcbd1d:   5c 41 5d c3 48 8d 15 18 9e 04 00 48 8d 0d 99 9e 


Register to memory mapping:

RAX=0x0000002600000002 is an unknown value
RBX=0x000000001fde5cc0 is an unknown value
RCX=0x000000001fde5c90 is an unknown value
RDX=0x00000000000000b8 is an unknown value
RSP=0x000000002030f050 is pointing into the stack for thread: 0x000000001f55e000
RBP=0x0000000000000006 is an unknown value
RSI=0x000000001fde5c90 is an unknown value
RDI=0x000000002030f110 is pointing into the stack for thread: 0x000000001f55e000
R8 =0x000000001fde5c90 is an unknown value
R9 =0x0000000000000002 is an unknown value
R10=0x0000000000000000 is an unknown value
R11=0x0000000000000001 is an unknown value
R12=0x0000000000000000 is an unknown value
R13={method} {0x000000001c218b88} 'jniCreateBody' '(JIFFFFFFFFZZZZZF)J' in 'com/badlogic/gdx/physics/box2d/World'
R14=0x000000002030f300 is pointing into the stack for thread: 0x000000001f55e000
R15=0x000000001f55e000 is a thread


Stack: [0x0000000020210000,0x0000000020310000],  sp=0x000000002030f050,  free space=1020k
Native frames: (J=compiled Java code, j=interpreted, Vv=VM code, C=native code)
C  [gdx-box2d64.dll+0xbd0d]
C  [gdx-box2d64.dll+0x22483]
C  [gdx-box2d64.dll+0x28616]
C  0x0000000002988c67

Java frames: (J=compiled Java code, j=interpreted, Vv=VM code)
j  com.badlogic.gdx.physics.box2d.World.jniCreateBody(JIFFFFFFFFZZZZZF)J+0
j  com.badlogic.gdx.physics.box2d.World.createBody(Lcom/badlogic/gdx/physics/box2d/BodyDef;)Lcom/badlogic/gdx/physics/box2d/Body;+80
j  com.bpa.CreateBullet.defineBullet()V+36
j  com.bpa.CreateBullet.<init>(Lcom/badlogic/gdx/physics/box2d/World;)V+38
J 1265 C1 com.bpa.Level1.shootGun()V (392 bytes) @ 0x0000000002e99104 [0x0000000002e98dc0+0x344]
J 1418 C2 com.bpa.Level1.render(F)V (866 bytes) @ 0x0000000002f39084 [0x0000000002f38220+0xe64]
J 1299 C1 com.bpa.DunGun.render()V (5 bytes) @ 0x0000000002eaba7c [0x0000000002eab860+0x21c]
j  com.badlogic.gdx.backends.lwjgl.LwjglApplication.mainLoop()V+698
j  com.badlogic.gdx.backends.lwjgl.LwjglApplication$1.run()V+27
v  ~StubRoutines::call_stub

---------------  P R O C E S S  ---------------

Java Threads: ( => current thread )
  0x000000002f3d1000 JavaThread "LWJGL Timer" daemon [_thread_blocked, id=9700, stack(0x00000000308f0000,0x00000000309f0000)]
  0x000000001f7be000 JavaThread "AsynchExecutor-Thread" daemon [_thread_blocked, id=11044, stack(0x000000002d020000,0x000000002d120000)]
  0x0000000002873800 JavaThread "DestroyJavaVM" [_thread_blocked, id=8216, stack(0x0000000002770000,0x0000000002870000)]
=>0x000000001f55e000 JavaThread "LWJGL Application" [_thread_in_native, id=10204, stack(0x0000000020210000,0x0000000020310000)]
  0x000000001e3c1000 JavaThread "Service Thread" daemon [_thread_blocked, id=7460, stack(0x000000001eee0000,0x000000001efe0000)]
  0x000000001e326800 JavaThread "C1 CompilerThread3" daemon [_thread_blocked, id=12736, stack(0x000000001ede0000,0x000000001eee0000)]
  0x000000001e325000 JavaThread "C2 CompilerThread2" daemon [_thread_blocked, id=11800, stack(0x000000001ece0000,0x000000001ede0000)]
  0x000000001e326000 JavaThread "C2 CompilerThread1" daemon [_thread_blocked, id=484, stack(0x000000001ebe0000,0x000000001ece0000)]
  0x000000001e31b800 JavaThread "C2 CompilerThread0" daemon [_thread_blocked, id=7832, stack(0x000000001eae0000,0x000000001ebe0000)]
  0x000000001e319800 JavaThread "Attach Listener" daemon [_thread_blocked, id=11824, stack(0x000000001e9e0000,0x000000001eae0000)]
  0x000000001e318800 JavaThread "Signal Dispatcher" daemon [_thread_blocked, id=5652, stack(0x000000001e8e0000,0x000000001e9e0000)]
  0x000000001e310800 JavaThread "Finalizer" daemon [_thread_blocked, id=3164, stack(0x000000001e6f0000,0x000000001e7f0000)]
  0x0000000002969000 JavaThread "Reference Handler" daemon [_thread_blocked, id=4976, stack(0x000000001e1f0000,0x000000001e2f0000)]

Other Threads:
  0x000000001c429000 VMThread [stack: 0x000000001e0f0000,0x000000001e1f0000] [id=10684]
  0x000000001e3e3800 WatcherThread [stack: 0x000000001efe0000,0x000000001f0e0000] [id=7276]

VM state:not at safepoint (normal execution)

VM Mutex/Monitor currently owned by a thread: None

Heap:
 PSYoungGen      total 76288K, used 57786K [0x000000076ae00000, 0x0000000770300000, 0x00000007c0000000)
  eden space 65536K, 88% used [0x000000076ae00000,0x000000076e66ebe8,0x000000076ee00000)
  from space 10752K, 0% used [0x000000076f880000,0x000000076f880000,0x0000000770300000)
  to   space 10752K, 0% used [0x000000076ee00000,0x000000076ee00000,0x000000076f880000)
 ParOldGen       total 175104K, used 0K [0x00000006c0a00000, 0x00000006cb500000, 0x000000076ae00000)
  object space 175104K, 0% used [0x00000006c0a00000,0x00000006c0a00000,0x00000006cb500000)
 Metaspace       used 9430K, capacity 9609K, committed 9728K, reserved 1058816K
  class space    used 894K, capacity 955K, committed 1024K, reserved 1048576K

Card table byte_map: [0x0000000011d30000,0x0000000012530000] byte_map_base: 0x000000000e72b000

Marking Bits: (ParMarkBitMap*) 0x00000000635b2d00
 Begin Bits: [0x0000000013290000, 0x0000000017268000)
 End Bits:   [0x0000000017268000, 0x000000001b240000)

Polling page: 0x00000000005f0000

CodeCache: size=245760Kb used=5959Kb max_used=5970Kb free=239800Kb
 bounds [0x0000000002970000, 0x0000000002f50000, 0x0000000011970000]
 total_blobs=1944 nmethods=1429 adapters=428
 compilation: enabled

Compilation events (10 events):
Event: 46.028 Thread 0x000000001e325000 1425       4       com.badlogic.gdx.math.Vector3::crs (62 bytes)
Event: 46.030 Thread 0x000000001e325000 nmethod 1425 0x0000000002f28f90 code [0x0000000002f290c0, 0x0000000002f29178]
Event: 46.031 Thread 0x000000001e31b800 nmethod 1424 0x0000000002f28d10 code [0x0000000002f28e40, 0x0000000002f28ef8]
Event: 47.744 Thread 0x000000001e326000 1426       4       com.badlogic.gdx.graphics.g2d.SpriteBatch::setupMatrices (76 bytes)
Event: 47.791 Thread 0x000000001e326000 nmethod 1426 0x0000000002f49590 code [0x0000000002f49780, 0x0000000002f4a3f0]
Event: 48.195 Thread 0x000000001e325000 1427       4       com.badlogic.gdx.graphics.g2d.SpriteBatch::begin (65 bytes)
Event: 48.206 Thread 0x000000001e325000 nmethod 1427 0x0000000002f2d9d0 code [0x0000000002f2db60, 0x0000000002f2de88]
Event: 50.062 Thread 0x000000001e31b800 1428       4       com.badlogic.gdx.backends.lwjgl.audio.OpenALAudio::stopSourcesWithBuffer (96 bytes)
Event: 50.076 Thread 0x000000001e31b800 nmethod 1428 0x0000000002f32f10 code [0x0000000002f330a0, 0x0000000002f334e0]
Event: 52.616 Thread 0x000000001e326800 1429       3       com.badlogic.gdx.physics.box2d.Filter::<init> (20 bytes)

GC Heap History (0 events):
No events

Deoptimization events (10 events):
Event: 1.164 Thread 0x000000001f55e000 Uncommon trap: reason=bimorphic action=maybe_recompile pc=0x0000000002d2bd08 method=com.badlogic.gdx.assets.AssetLoadingTask.handleAsyncLoader()V @ 137
Event: 1.191 Thread 0x000000001f55e000 Uncommon trap: reason=unstable_if action=reinterpret pc=0x0000000002d2b904 method=com.badlogic.gdx.assets.AssetLoadingTask.handleAsyncLoader()V @ 12
Event: 1.191 Thread 0x000000001f55e000 Uncommon trap: reason=unstable_if action=reinterpret pc=0x0000000002bbe954 method=com.badlogic.gdx.assets.AssetLoadingTask.handleAsyncLoader()V @ 12
Event: 1.198 Thread 0x000000001f55e000 Uncommon trap: reason=unstable_if action=reinterpret pc=0x0000000002bdb960 method=com.badlogic.gdx.assets.AssetLoadingTask.handleAsyncLoader()V @ 12
Event: 1.223 Thread 0x000000001f55e000 Uncommon trap: reason=unstable_if action=reinterpret pc=0x0000000002c2eb04 method=com.badlogic.gdx.assets.AssetManager.finishLoading()V @ 13
Event: 1.427 Thread 0x000000001f55e000 Uncommon trap: reason=unstable_if action=reinterpret pc=0x0000000002cbd4a8 method=javazoom.jl.decoder.LayerIIIDecoder.huffman_decode(II)V @ 684
Event: 3.401 Thread 0x000000001f55e000 Uncommon trap: reason=unstable_if action=reinterpret pc=0x0000000002d480d4 method=java.util.StringTokenizer.skipDelimiters(I)I @ 29
Event: 24.486 Thread 0x000000001f55e000 Uncommon trap: reason=unstable_if action=reinterpret pc=0x0000000002ed2520 method=org.lwjgl.opengl.WindowsMouse.poll(Ljava/nio/IntBuffer;Ljava/nio/ByteBuffer;)V @ 101
Event: 26.379 Thread 0x000000001f55e000 Uncommon trap: reason=unstable_if action=reinterpret pc=0x0000000002ecf75c method=com.badlogic.gdx.utils.Array.iterator()Ljava/util/Iterator; @ 4
Event: 26.379 Thread 0x000000001f55e000 Uncommon trap: reason=unstable_if action=reinterpret pc=0x0000000002ed5a5c method=com.badlogic.gdx.graphics.g2d.SpriteBatch.flush()V @ 41

Classes redefined (0 events):
No events

Internal exceptions (10 events):
Event: 0.104 Thread 0x0000000002873800 Exception <a 'java/security/PrivilegedActionException'> (0x000000076b1833d8) thrown at [C:\re\workspace\8-2-build-windows-amd64-cygwin\jdk8u181\11358\hotspot\src\share\vm\prims\jvm.cpp, line 1435]
Event: 0.186 Thread 0x0000000002873800 Exception <a 'java/security/PrivilegedActionException'> (0x000000076b2ac608) thrown at [C:\re\workspace\8-2-build-windows-amd64-cygwin\jdk8u181\11358\hotspot\src\share\vm\prims\jvm.cpp, line 1435]
Event: 0.186 Thread 0x0000000002873800 Exception <a 'java/security/PrivilegedActionException'> (0x000000076b2ae2e0) thrown at [C:\re\workspace\8-2-build-windows-amd64-cygwin\jdk8u181\11358\hotspot\src\share\vm\prims\jvm.cpp, line 1435]
Event: 0.186 Thread 0x0000000002873800 Exception <a 'java/security/PrivilegedActionException'> (0x000000076b2af450) thrown at [C:\re\workspace\8-2-build-windows-amd64-cygwin\jdk8u181\11358\hotspot\src\share\vm\prims\jvm.cpp, line 1435]
Event: 0.187 Thread 0x0000000002873800 Exception <a 'java/security/PrivilegedActionException'> (0x000000076b2b45b8) thrown at [C:\re\workspace\8-2-build-windows-amd64-cygwin\jdk8u181\11358\hotspot\src\share\vm\prims\jvm.cpp, line 1435]
Event: 0.187 Thread 0x0000000002873800 Exception <a 'java/security/PrivilegedActionException'> (0x000000076b2b5210) thrown at [C:\re\workspace\8-2-build-windows-amd64-cygwin\jdk8u181\11358\hotspot\src\share\vm\prims\jvm.cpp, line 1435]
Event: 0.187 Thread 0x0000000002873800 Exception <a 'java/security/PrivilegedActionException'> (0x000000076b2b5e38) thrown at [C:\re\workspace\8-2-build-windows-amd64-cygwin\jdk8u181\11358\hotspot\src\share\vm\prims\jvm.cpp, line 1435]
Event: 0.751 Thread 0x000000001f7be000 Exception <a 'java/lang/NoSuchFieldError': method resolution failed> (0x000000076c069b28) thrown at [C:\re\workspace\8-2-build-windows-amd64-cygwin\jdk8u181\11358\hotspot\src\share\vm\prims\methodHandles.cpp, line 1167]
Event: 0.752 Thread 0x000000001f7be000 Exception <a 'java/lang/NoSuchFieldError': method resolution failed> (0x000000076c0771e8) thrown at [C:\re\workspace\8-2-build-windows-amd64-cygwin\jdk8u181\11358\hotspot\src\share\vm\prims\methodHandles.cpp, line 1167]
Event: 26.379 Thread 0x000000001f55e000 Implicit null exception at 0x0000000002ecf47d to 0x0000000002ecf745

Events (10 events):
Event: 24.483 loading class org/lwjgl/input/Cursor done
Event: 24.486 Thread 0x000000001f55e000 Uncommon trap: trap_request=0xffffff65 fr.pc=0x0000000002ed2520
Event: 24.486 Thread 0x000000001f55e000 DEOPT PACKING pc=0x0000000002ed2520 sp=0x000000002030f210
Event: 24.486 Thread 0x000000001f55e000 DEOPT UNPACKING pc=0x00000000029b583b sp=0x000000002030f1c0 mode 2
Event: 26.379 Thread 0x000000001f55e000 Uncommon trap: trap_request=0xffffff65 fr.pc=0x0000000002ecf75c
Event: 26.379 Thread 0x000000001f55e000 DEOPT PACKING pc=0x0000000002ecf75c sp=0x000000002030f290
Event: 26.379 Thread 0x000000001f55e000 DEOPT UNPACKING pc=0x00000000029b583b sp=0x000000002030f178 mode 2
Event: 26.379 Thread 0x000000001f55e000 Uncommon trap: trap_request=0xffffff65 fr.pc=0x0000000002ed5a5c
Event: 26.379 Thread 0x000000001f55e000 DEOPT PACKING pc=0x0000000002ed5a5c sp=0x000000002030f190
Event: 26.379 Thread 0x000000001f55e000 DEOPT UNPACKING pc=0x00000000029b583b sp=0x000000002030f150 mode 2


Dynamic libraries:
0x00007ff789820000 - 0x00007ff789857000 	C:\Program Files\Java\jre1.8.0_181\bin\javaw.exe
0x00007ffae5640000 - 0x00007ffae5821000 	C:\WINDOWS\SYSTEM32\ntdll.dll
0x00007ffae2ae0000 - 0x00007ffae2b92000 	C:\WINDOWS\System32\KERNEL32.DLL
0x00007ffae2020000 - 0x00007ffae2293000 	C:\WINDOWS\System32\KERNELBASE.dll
0x00007ffae4d80000 - 0x00007ffae4e21000 	C:\WINDOWS\System32\ADVAPI32.dll
0x00007ffae3070000 - 0x00007ffae310e000 	C:\WINDOWS\System32\msvcrt.dll
0x00007ffae2db0000 - 0x00007ffae2e0b000 	C:\WINDOWS\System32\sechost.dll
0x00007ffae2ee0000 - 0x00007ffae3004000 	C:\WINDOWS\System32\RPCRT4.dll
0x00007ffae4b40000 - 0x00007ffae4cd0000 	C:\WINDOWS\System32\USER32.dll
0x00007ffae22a0000 - 0x00007ffae22c0000 	C:\WINDOWS\System32\win32u.dll
0x00007ffae4b10000 - 0x00007ffae4b38000 	C:\WINDOWS\System32\GDI32.dll
0x00007ffae1a10000 - 0x00007ffae1ba2000 	C:\WINDOWS\System32\gdi32full.dll
0x00007ffae1c10000 - 0x00007ffae1caf000 	C:\WINDOWS\System32\msvcp_win.dll
0x00007ffae1ea0000 - 0x00007ffae1f9a000 	C:\WINDOWS\System32\ucrtbase.dll
0x00007ffad9c40000 - 0x00007ffad9ea9000 	C:\WINDOWS\WinSxS\amd64_microsoft.windows.common-controls_6595b64144ccf1df_6.0.17134.407_none_fb449d63306391e9\COMCTL32.dll
0x00007ffae45f0000 - 0x00007ffae4912000 	C:\WINDOWS\System32\combase.dll
0x00007ffae1fa0000 - 0x00007ffae201a000 	C:\WINDOWS\System32\bcryptPrimitives.dll
0x00007ffae52e0000 - 0x00007ffae530d000 	C:\WINDOWS\System32\IMM32.DLL
0x0000000061ec0000 - 0x0000000061f92000 	C:\Program Files\Java\jre1.8.0_181\bin\msvcr100.dll
0x0000000062d90000 - 0x0000000063632000 	C:\Program Files\Java\jre1.8.0_181\bin\server\jvm.dll
0x00007ffae5400000 - 0x00007ffae5408000 	C:\WINDOWS\System32\PSAPI.DLL
0x00007ffacf680000 - 0x00007ffacf689000 	C:\WINDOWS\SYSTEM32\WSOCK32.dll
0x00007ffadf6d0000 - 0x00007ffadf6f3000 	C:\WINDOWS\SYSTEM32\WINMM.dll
0x00007ffadd380000 - 0x00007ffadd38a000 	C:\WINDOWS\SYSTEM32\VERSION.dll
0x00007ffae2d40000 - 0x00007ffae2dac000 	C:\WINDOWS\System32\WS2_32.dll
0x00007ffadf680000 - 0x00007ffadf6aa000 	C:\WINDOWS\SYSTEM32\winmmbase.dll
0x00007ffae22c0000 - 0x00007ffae2309000 	C:\WINDOWS\System32\cfgmgr32.dll
0x0000000062d80000 - 0x0000000062d8f000 	C:\Program Files\Java\jre1.8.0_181\bin\verify.dll
0x0000000062d50000 - 0x0000000062d79000 	C:\Program Files\Java\jre1.8.0_181\bin\java.dll
0x0000000062d30000 - 0x0000000062d46000 	C:\Program Files\Java\jre1.8.0_181\bin\zip.dll
0x00007ffae3190000 - 0x00007ffae45cf000 	C:\WINDOWS\System32\SHELL32.dll
0x00007ffae4cd0000 - 0x00007ffae4d79000 	C:\WINDOWS\System32\shcore.dll
0x00007ffae23c0000 - 0x00007ffae2acd000 	C:\WINDOWS\System32\windows.storage.dll
0x00007ffae3010000 - 0x00007ffae3061000 	C:\WINDOWS\System32\shlwapi.dll
0x00007ffae19f0000 - 0x00007ffae1a01000 	C:\WINDOWS\System32\kernel.appcore.dll
0x00007ffae1950000 - 0x00007ffae196f000 	C:\WINDOWS\System32\profapi.dll
0x00007ffae1980000 - 0x00007ffae19cc000 	C:\WINDOWS\System32\powrprof.dll
0x00007ffae1970000 - 0x00007ffae197a000 	C:\WINDOWS\System32\FLTLIB.DLL
0x0000000065580000 - 0x0000000065616000 	C:\Users\RichardH\AppData\Local\Temp\libgdxRichardH\12dfaa03\gdx64.dll
0x00007ffae1380000 - 0x00007ffae1397000 	C:\WINDOWS\SYSTEM32\CRYPTSP.dll
0x00007ffae0db0000 - 0x00007ffae0de3000 	C:\WINDOWS\system32\rsaenh.dll
0x00007ffae14b0000 - 0x00007ffae14d5000 	C:\WINDOWS\SYSTEM32\bcrypt.dll
0x00007ffae1880000 - 0x00007ffae18a8000 	C:\WINDOWS\SYSTEM32\USERENV.dll
0x00007ffae13a0000 - 0x00007ffae13ab000 	C:\WINDOWS\SYSTEM32\CRYPTBASE.dll
0x0000000062d10000 - 0x0000000062d2a000 	C:\Program Files\Java\jre1.8.0_181\bin\net.dll
0x00007ffae11d0000 - 0x00007ffae1236000 	C:\WINDOWS\system32\mswsock.dll
0x00007ffae0f50000 - 0x00007ffae0f88000 	C:\WINDOWS\SYSTEM32\IPHLPAPI.DLL
0x00007ffae2ad0000 - 0x00007ffae2ad8000 	C:\WINDOWS\System32\NSI.dll
0x00007ffadcde0000 - 0x00007ffadcdf6000 	C:\WINDOWS\SYSTEM32\dhcpcsvc6.DLL
0x00007ffadd0e0000 - 0x00007ffadd0fa000 	C:\WINDOWS\SYSTEM32\dhcpcsvc.DLL
0x0000000062cf0000 - 0x0000000062d01000 	C:\Program Files\Java\jre1.8.0_181\bin\nio.dll
0x0000000180000000 - 0x0000000180053000 	C:\Users\RichardH\AppData\Local\Temp\libgdxRichardH\dc0f0009\lwjgl64.dll
0x00007ffab6740000 - 0x00007ffab6860000 	C:\WINDOWS\SYSTEM32\OPENGL32.dll
0x00007ffac7880000 - 0x00007ffac78ac000 	C:\WINDOWS\SYSTEM32\GLU32.dll
0x00000000026f0000 - 0x0000000002754000 	C:\Users\RichardH\AppData\Local\Temp\libgdxRichardH\dc0f0009\OpenAL64.dll
0x00007ffae54b0000 - 0x00007ffae5601000 	C:\WINDOWS\System32\ole32.dll
0x00007ffae0010000 - 0x00007ffae00a8000 	C:\WINDOWS\system32\uxtheme.dll
0x00007ffae5410000 - 0x00007ffae54b0000 	C:\WINDOWS\System32\clbcatq.dll
0x00007ffade420000 - 0x00007ffade5d4000 	C:\WINDOWS\System32\PROPSYS.dll
0x00007ffae2e10000 - 0x00007ffae2ed2000 	C:\WINDOWS\System32\OLEAUT32.dll
0x00007ffab7a10000 - 0x00007ffab7a9f000 	C:\WINDOWS\SYSTEM32\dsound.dll
0x00007ffadc7c0000 - 0x00007ffadc836000 	C:\WINDOWS\System32\MMDevApi.dll
0x00007ffae1760000 - 0x00007ffae1787000 	C:\WINDOWS\System32\DEVOBJ.dll
0x00007ffab98e0000 - 0x00007ffab9a0c000 	C:\WINDOWS\SYSTEM32\AUDIOSES.DLL
0x00007ffadda90000 - 0x00007ffaddbdd000 	C:\WINDOWS\SYSTEM32\wintypes.dll
0x00007ffadcd50000 - 0x00007ffadcd5a000 	C:\WINDOWS\SYSTEM32\AVRT.dll
0x00007ffae4920000 - 0x00007ffae4a93000 	C:\WINDOWS\System32\MSCTF.dll
0x00007ffae00e0000 - 0x00007ffae0109000 	C:\WINDOWS\system32\dwmapi.dll
0x00007ffad2520000 - 0x00007ffad25b6000 	C:\WINDOWS\System32\TextInputFramework.dll
0x00007ffadbc10000 - 0x00007ffadbf2e000 	C:\WINDOWS\System32\CoreUIComponents.dll
0x00007ffadfa40000 - 0x00007ffadfb1a000 	C:\WINDOWS\System32\CoreMessaging.dll
0x00007ffae0a40000 - 0x00007ffae0a71000 	C:\WINDOWS\SYSTEM32\ntmarta.dll
0x000000005f830000 - 0x0000000061eb3000 	C:\WINDOWS\System32\DriverStore\FileRepository\nv_dispi.inf_amd64_e59b844303b9907e\nvoglv64.dll
0x00007ffae4e90000 - 0x00007ffae52db000 	C:\WINDOWS\System32\SETUPAPI.dll
0x00007ffade640000 - 0x00007ffade653000 	C:\WINDOWS\SYSTEM32\WTSAPI32.dll
0x00007ffae1bb0000 - 0x00007ffae1c07000 	C:\WINDOWS\System32\WINTRUST.dll
0x00007ffae19d0000 - 0x00007ffae19e2000 	C:\WINDOWS\System32\MSASN1.dll
0x00007ffae1cb0000 - 0x00007ffae1e92000 	C:\WINDOWS\System32\CRYPT32.dll
0x00007ffaabb60000 - 0x00007ffaabe26000 	C:\WINDOWS\system32\nvspcap64.dll
0x00007ffada7b0000 - 0x00007ffada858000 	C:\WINDOWS\SYSTEM32\mscms.dll
0x00007ffadfc40000 - 0x00007ffadfc50000 	C:\WINDOWS\SYSTEM32\ColorAdapterClient.dll
0x00007ffab9c60000 - 0x00007ffab9ca3000 	C:\WINDOWS\SYSTEM32\icm32.dll
0x00007ffae0ae0000 - 0x00007ffae0b36000 	C:\WINDOWS\SYSTEM32\WINSTA.dll
0x0000000066bc0000 - 0x0000000066c7b000 	C:\Users\RichardH\AppData\Local\Temp\libgdxRichardH\54593449\gdx-box2d64.dll
0x00007ffacf230000 - 0x00007ffacf3f9000 	C:\WINDOWS\SYSTEM32\dbghelp.dll

VM Arguments:
jvm_args: -Dfile.encoding=UTF-8 
java_command: com.bpa.desktop.DesktopLauncher
java_class_path (initial): C:\Users\RichardH\git\DUN-GUN\libGDX Workspace\desktop\bin\main;\DUN-GUN-core\bin\default;C:\Users\RichardH\git\DUN-GUN\libGDX Workspace\core\bin\main;C:\Users\RichardH\.gradle\caches\modules-2\files-2.1\com.badlogicgames.gdx\gdx-tools\1.9.8\5c32820fccee957cc77990d353297ceed1a63159\gdx-tools-1.9.8.jar;C:\Users\RichardH\.gradle\caches\modules-2\files-2.1\com.badlogicgames.gdx\gdx-backend-lwjgl\1.9.8\b7c138f14ed67ad830ae7597da3d86ae02b20eee\gdx-backend-lwjgl-1.9.8.jar;C:\Users\RichardH\.gradle\caches\modules-2\files-2.1\com.badlogicgames.gdx\gdx-platform\1.9.8\604a2ef2c7c92a5900114757cbd3fb4dcbb8270c\gdx-platform-1.9.8-natives-desktop.jar;C:\Users\RichardH\.gradle\caches\modules-2\files-2.1\com.badlogicgames.gdx\gdx-box2d-platform\1.9.8\3195b56f82751d7cd7de85edb6824d17bf479781\gdx-box2d-platform-1.9.8-natives-desktop.jar;C:\Users\RichardH\.gradle\caches\modules-2\files-2.1\com.badlogicgames.gdx\gdx-ai\1.8.0\ec30677d8ab1a8b8aa4b853c5f4e4b1361f50bf5\gdx-ai-1.8.0.jar;C:\Users\RichardH\.gradle\caches\modules-2\files-2.1\com.badlogicgames.ashley\ashley\1.7.0\a7c4083c0a42027a3c03ba7ccecef6cbe1c5f0a4\ashley-1.7.0.jar;C:\Users\RichardH\.gradle\caches\modules-2\files-2.1\com.badlogicgames.gdx\gdx-backend-headless\1.9.8\c90fcd61d78d3b3d3ee7e493030b06df984df53b\gdx-backend-headless-1.9.8.jar;C:\Users\RichardH\.gradle\caches\modules-2\files-2.1\com.badlogicgames.gdx\gdx-freetype\1.9.8\d92b5b8beab10e3b3c0dd836d4fc186f95e7ea4b\gdx-freetype-1.9.8.jar;C:\Users\RichardH\.gradle\caches\modules-2\files-2.1\com.badlogicgames.box2dlights\box2dlights\1.4\3d77ad5b4164fb32fc67e2446e35911bb0aaf0bd\box2dlights-1.4.jar;C:\Users\RichardH\.gradle\caches\modules-2\files-2.1\com.badlogicgames.gdx\gdx-box2d\1.9.8\6f0497b7958216464101adfb7bdc3a0f7b88d6d3\gdx-box2d-1.9.8.jar;C:\Users\RichardH\.gradle\caches\modules-2\files-2.1\com.badlogicgames.gdx\gdx\1.9.8\a35a0076fbce873f9c2d5a1a1c8066244231bb3c\gdx-1.9.8.jar;C:\Users\RichardH\.gradle\caches\modules-2\files-2.1\org.lwjg
Launcher Type: SUN_STANDARD

Environment Variables:
PATH=C:/Program Files/Java/jre1.8.0_181/bin/server;C:/Program Files/Java/jre1.8.0_181/bin;C:/Program Files/Java/jre1.8.0_181/lib/amd64;C:\Program Files (x86)\Common Files\Oracle\Java\javapath;C:\ProgramData\Oracle\Java\javapath;C:\WINDOWS\system32;C:\WINDOWS;C:\WINDOWS\System32\Wbem;C:\WINDOWS\System32\WindowsPowerShell\v1.0\;C:\Program Files (x86)\NVIDIA Corporation\PhysX\Common;C:\WINDOWS\system32;C:\WINDOWS;C:\WINDOWS\System32\Wbem;C:\WINDOWS\System32\WindowsPowerShell\v1.0\;C:\WINDOWS\System32\OpenSSH\;C:\Program Files\NVIDIA Corporation\NVIDIA NvDLISR;C:\Users\RichardH\AppData\Local\Programs\Python\Python36-32\Scripts\;C:\Users\RichardH\AppData\Local\Programs\Python\Python36-32\;C:\Users\RichardH\AppData\Local\Microsoft\WindowsApps;C:\Users\RichardH\AppData\Local\GitHubDesktop\bin;C:\Users\RichardH\AppData\Local\Microsoft\WindowsApps;C:\WINDOWS\System32;
USERNAME=RichardH
OS=Windows_NT
PROCESSOR_IDENTIFIER=Intel64 Family 6 Model 158 Stepping 9, GenuineIntel



---------------  S Y S T E M  ---------------

OS: Windows 10.0 , 64 bit Build 17134 (10.0.17134.1)

CPU:total 8 (initial active 8) (4 cores per cpu, 2 threads per core) family 6 model 158 stepping 9, cmov, cx8, fxsr, mmx, sse, sse2, sse3, ssse3, sse4.1, sse4.2, popcnt, avx, avx2, aes, clmul, erms, rtm, 3dnowpref, lzcnt, ht, tsc, tscinvbit, bmi1, bmi2, adx

Memory: 4k page, physical 16729960k(11905624k free), swap 17778536k(10551232k free)

vm_info: Java HotSpot(TM) 64-Bit Server VM (25.181-b13) for windows-amd64 JRE (1.8.0_181-b13), built on Jul  7 2018 04:01:33 by "java_re" with MS VC++ 10.0 (VS2010)

time: Tue Dec 11 16:38:05 2018
elapsed time: 52 seconds (0d 0h 0m 52s)

